2024-04-12 17:14:35 Number of qubits: 10
2024-04-12 17:14:35 Number of gates: 4432
2024-04-12 17:14:35 Number of params: 816
2024-04-12 17:14:35 Depth of circuit: 1474
2024-04-12 17:14:35 Simulator: mqvector, Method: BFGS
2024-04-12 17:14:35 num1, D3, Repeat: 1, Loss: 0.457679098036644, Fidelity: 0.542320901963356, 10, 0.46
2024-04-12 17:14:36 num1, D3, Repeat: 1, Loss: 0.071394400291005, Fidelity: 0.928605599708995, 20, 0.91
2024-04-12 17:14:36 num1, D3, Repeat: 1, Loss: 0.011694044092220, Fidelity: 0.988305955907780, 30, 1.47
2024-04-12 17:14:37 num1, D3, Repeat: 1, Loss: 0.007342774493262, Fidelity: 0.992657225506738, 40, 2.07
2024-04-12 17:14:38 num1, D3, Repeat: 1, Loss: 0.005952838724298, Fidelity: 0.994047161275702, 50, 2.64
2024-04-12 17:14:41 num1, D3, Repeat: 1, Loss: 0.002072831994916, Fidelity: 0.997927168005084, 100, 5.52
2024-04-12 17:14:43 num1, D3, Repeat: 1, Loss: 0.001062365807436, Fidelity: 0.998937634192564, 150, 8.49
2024-04-12 17:14:46 num1, D3, Repeat: 1, Loss: 0.000468730552727, Fidelity: 0.999531269447273, 200, 11.30
2024-04-12 17:14:49 num1, D3, Repeat: 1, Loss: 0.000238353295446, Fidelity: 0.999761646704554, 250, 14.10
2024-04-12 17:14:52 num1, D3, Repeat: 1, Loss: 0.000142866353084, Fidelity: 0.999857133646916, 300, 16.81
2024-04-12 17:14:55 num1, D3, Repeat: 1, Loss: 0.000095544652186, Fidelity: 0.999904455347814, 350, 19.59
2024-04-12 17:14:57 num1, D3, Repeat: 1, Loss: 0.000067467721716, Fidelity: 0.999932532278284, 400, 22.36
2024-04-12 17:15:00 num1, D3, Repeat: 1, Loss: 0.000046611851695, Fidelity: 0.999953388148305, 450, 25.04
2024-04-12 17:15:03 num1, D3, Repeat: 1, Loss: 0.000033261637716, Fidelity: 0.999966738362284, 500, 28.25
2024-04-12 17:15:04 Optimal: 3.134246062086454e-05, Fidelity: 0.99996865753937913546
2024-04-12 17:15:04 Maximum number of iterations has been exceeded.
{'num1': [507]}
{'num1': [28.73]}
{'num1': [0.9999686575393791]}
2024-04-12 17:15:04 num1, D3, Repeat: 2, Loss: 0.813285813863610, Fidelity: 0.186714186136390, 10, 0.31
2024-04-12 17:15:05 num1, D3, Repeat: 2, Loss: 0.115193395479238, Fidelity: 0.884806604520762, 20, 0.82
2024-04-12 17:15:05 num1, D3, Repeat: 2, Loss: 0.023862790700259, Fidelity: 0.976137209299741, 30, 1.35
2024-04-12 17:15:06 num1, D3, Repeat: 2, Loss: 0.008913416357263, Fidelity: 0.991086583642737, 40, 1.94
2024-04-12 17:15:06 num1, D3, Repeat: 2, Loss: 0.005918318295742, Fidelity: 0.994081681704258, 50, 2.48
2024-04-12 17:15:09 num1, D3, Repeat: 2, Loss: 0.001925281025659, Fidelity: 0.998074718974341, 100, 5.46
2024-04-12 17:15:12 num1, D3, Repeat: 2, Loss: 0.000401827171434, Fidelity: 0.999598172828566, 150, 8.38
2024-04-12 17:15:15 num1, D3, Repeat: 2, Loss: 0.000181917048773, Fidelity: 0.999818082951227, 200, 11.49
2024-04-12 17:15:18 num1, D3, Repeat: 2, Loss: 0.000107983303693, Fidelity: 0.999892016696307, 250, 14.30
2024-04-12 17:15:21 num1, D3, Repeat: 2, Loss: 0.000075989978245, Fidelity: 0.999924010021755, 300, 17.04
2024-04-12 17:15:23 num1, D3, Repeat: 2, Loss: 0.000048258264564, Fidelity: 0.999951741735436, 350, 19.73
2024-04-12 17:15:26 num1, D3, Repeat: 2, Loss: 0.000032650302390, Fidelity: 0.999967349697610, 400, 22.48
2024-04-12 17:15:29 num1, D3, Repeat: 2, Loss: 0.000020823579573, Fidelity: 0.999979176420427, 450, 25.38
2024-04-12 17:15:32 num1, D3, Repeat: 2, Loss: 0.000015314162204, Fidelity: 0.999984685837796, 500, 28.44
2024-04-12 17:15:33 Optimal: 1.470109042989165e-05, Fidelity: 0.99998529890957010835
2024-04-12 17:15:33 Maximum number of iterations has been exceeded.
{'num1': [507, 508]}
{'num1': [28.73, 28.95]}
{'num1': [0.9999686575393791, 0.9999852989095701]}
2024-04-12 17:15:33 num1, D3, Repeat: 3, Loss: 0.776619333157572, Fidelity: 0.223380666842428, 10, 0.26
2024-04-12 17:15:34 num1, D3, Repeat: 3, Loss: 0.196875817029926, Fidelity: 0.803124182970074, 20, 0.77
2024-04-12 17:15:34 num1, D3, Repeat: 3, Loss: 0.027842416889643, Fidelity: 0.972157583110357, 30, 1.31
2024-04-12 17:15:35 num1, D3, Repeat: 3, Loss: 0.008042294134360, Fidelity: 0.991957705865640, 40, 1.84
2024-04-12 17:15:35 num1, D3, Repeat: 3, Loss: 0.005622490462818, Fidelity: 0.994377509537182, 50, 2.47
2024-04-12 17:15:38 num1, D3, Repeat: 3, Loss: 0.001986264001777, Fidelity: 0.998013735998223, 100, 5.37
2024-04-12 17:15:41 num1, D3, Repeat: 3, Loss: 0.000623871439935, Fidelity: 0.999376128560065, 150, 8.18
2024-04-12 17:15:44 num1, D3, Repeat: 3, Loss: 0.000297832498317, Fidelity: 0.999702167501683, 200, 11.12
2024-04-12 17:15:47 num1, D3, Repeat: 3, Loss: 0.000156785482783, Fidelity: 0.999843214517217, 250, 14.05
2024-04-12 17:15:50 num1, D3, Repeat: 3, Loss: 0.000085363356459, Fidelity: 0.999914636643541, 300, 16.98
2024-04-12 17:15:53 num1, D3, Repeat: 3, Loss: 0.000054671922288, Fidelity: 0.999945328077712, 350, 19.93
2024-04-12 17:15:56 num1, D3, Repeat: 3, Loss: 0.000032307144605, Fidelity: 0.999967692855395, 400, 23.58
2024-04-12 17:16:00 num1, D3, Repeat: 3, Loss: 0.000018462052125, Fidelity: 0.999981537947875, 450, 27.58
2024-04-12 17:16:04 num1, D3, Repeat: 3, Loss: 0.000011894846689, Fidelity: 0.999988105153311, 500, 30.91
2024-04-12 17:16:05 Optimal: 1.1375557506521083e-05, Fidelity: 0.99998862444249347892
2024-04-12 17:16:05 Maximum number of iterations has been exceeded.
{'num1': [507, 508, 512]}
{'num1': [28.73, 28.95, 31.83]}
{'num1': [0.9999686575393791, 0.9999852989095701, 0.9999886244424935]}
2024-04-12 17:16:05 num1, D3, Repeat: 4, Loss: 0.568060596823965, Fidelity: 0.431939403176035, 10, 0.38
2024-04-12 17:16:06 num1, D3, Repeat: 4, Loss: 0.071415915894193, Fidelity: 0.928584084105807, 20, 0.93
2024-04-12 17:16:06 num1, D3, Repeat: 4, Loss: 0.015359123748219, Fidelity: 0.984640876251781, 30, 1.48
2024-04-12 17:16:07 num1, D3, Repeat: 4, Loss: 0.007897129433476, Fidelity: 0.992102870566524, 40, 2.15
2024-04-12 17:16:07 num1, D3, Repeat: 4, Loss: 0.006329514992710, Fidelity: 0.993670485007290, 50, 2.77
2024-04-12 17:16:11 num1, D3, Repeat: 4, Loss: 0.002718615063219, Fidelity: 0.997281384936781, 100, 6.11
2024-04-12 17:16:14 num1, D3, Repeat: 4, Loss: 0.001292253456340, Fidelity: 0.998707746543660, 150, 9.33
2024-04-12 17:16:17 num1, D3, Repeat: 4, Loss: 0.000773816698158, Fidelity: 0.999226183301842, 200, 12.35
2024-04-12 17:16:20 num1, D3, Repeat: 4, Loss: 0.000406766330659, Fidelity: 0.999593233669341, 250, 15.36
2024-04-12 17:16:23 num1, D3, Repeat: 4, Loss: 0.000180826933929, Fidelity: 0.999819173066071, 300, 18.32
2024-04-12 17:16:26 num1, D3, Repeat: 4, Loss: 0.000092694276762, Fidelity: 0.999907305723238, 350, 21.39
2024-04-12 17:16:29 num1, D3, Repeat: 4, Loss: 0.000056784541938, Fidelity: 0.999943215458062, 400, 24.51
2024-04-12 17:16:32 num1, D3, Repeat: 4, Loss: 0.000035437547929, Fidelity: 0.999964562452071, 450, 27.61
2024-04-12 17:16:35 num1, D3, Repeat: 4, Loss: 0.000024776672462, Fidelity: 0.999975223327538, 500, 30.55
2024-04-12 17:16:36 Optimal: 2.2847347863064194e-05, Fidelity: 0.99997715265213693581
2024-04-12 17:16:36 Maximum number of iterations has been exceeded.
{'num1': [507, 508, 512, 509]}
{'num1': [28.73, 28.95, 31.83, 31.09]}
{'num1': [0.9999686575393791, 0.9999852989095701, 0.9999886244424935, 0.9999771526521369]}
2024-04-12 17:16:36 num1, D3, Repeat: 5, Loss: 0.823323664858143, Fidelity: 0.176676335141857, 10, 0.28
2024-04-12 17:16:37 num1, D3, Repeat: 5, Loss: 0.140880484962033, Fidelity: 0.859119515037967, 20, 0.76
2024-04-12 17:16:37 num1, D3, Repeat: 5, Loss: 0.023193677454208, Fidelity: 0.976806322545792, 30, 1.34
2024-04-12 17:16:38 num1, D3, Repeat: 5, Loss: 0.009828066641630, Fidelity: 0.990171933358370, 40, 1.90
2024-04-12 17:16:38 num1, D3, Repeat: 5, Loss: 0.006163662188727, Fidelity: 0.993836337811273, 50, 2.49
2024-04-12 17:16:41 num1, D3, Repeat: 5, Loss: 0.001637787899300, Fidelity: 0.998362212100700, 100, 5.44
2024-04-12 17:16:44 num1, D3, Repeat: 5, Loss: 0.000509810668697, Fidelity: 0.999490189331303, 150, 8.26
2024-04-12 17:16:47 num1, D3, Repeat: 5, Loss: 0.000190046150542, Fidelity: 0.999809953849458, 200, 11.17
2024-04-12 17:16:50 num1, D3, Repeat: 5, Loss: 0.000095558057428, Fidelity: 0.999904441942572, 250, 14.27
2024-04-12 17:16:53 num1, D3, Repeat: 5, Loss: 0.000048945810667, Fidelity: 0.999951054189333, 300, 17.11
2024-04-12 17:16:56 num1, D3, Repeat: 5, Loss: 0.000029630040836, Fidelity: 0.999970369959164, 350, 20.04
2024-04-12 17:16:59 num1, D3, Repeat: 5, Loss: 0.000016826683923, Fidelity: 0.999983173316077, 400, 23.10
2024-04-12 17:17:02 num1, D3, Repeat: 5, Loss: 0.000012513582552, Fidelity: 0.999987486417448, 450, 26.02
2024-04-12 17:17:05 num1, D3, Repeat: 5, Loss: 0.000009278033401, Fidelity: 0.999990721966599, 500, 28.96
2024-04-12 17:17:06 Optimal: 8.892975343344212e-06, Fidelity: 0.99999110702465665579
2024-04-12 17:17:06 Maximum number of iterations has been exceeded.
{'num1': [507, 508, 512, 509, 512]}
{'num1': [28.73, 28.95, 31.83, 31.09, 29.76]}
{'num1': [0.9999686575393791, 0.9999852989095701, 0.9999886244424935, 0.9999771526521369, 0.9999911070246567]}
2024-04-12 17:17:06 num1, D3, Repeat: 6, Loss: 0.623519974977664, Fidelity: 0.376480025022336, 10, 0.38
2024-04-12 17:17:06 num1, D3, Repeat: 6, Loss: 0.056417425400706, Fidelity: 0.943582574599294, 20, 0.90
2024-04-12 17:17:07 num1, D3, Repeat: 6, Loss: 0.010616460675879, Fidelity: 0.989383539324121, 30, 1.42
2024-04-12 17:17:08 num1, D3, Repeat: 6, Loss: 0.006776818808002, Fidelity: 0.993223181191998, 40, 1.99
2024-04-12 17:17:08 num1, D3, Repeat: 6, Loss: 0.006023579444506, Fidelity: 0.993976420555494, 50, 2.54
2024-04-12 17:17:11 num1, D3, Repeat: 6, Loss: 0.002258316530961, Fidelity: 0.997741683469039, 100, 5.33
2024-04-12 17:17:14 num1, D3, Repeat: 6, Loss: 0.001025957562733, Fidelity: 0.998974042437267, 150, 8.22
2024-04-12 17:17:17 num1, D3, Repeat: 6, Loss: 0.000518614702725, Fidelity: 0.999481385297275, 200, 11.15
2024-04-12 17:17:20 num1, D3, Repeat: 6, Loss: 0.000277509373499, Fidelity: 0.999722490626501, 250, 14.21
2024-04-12 17:17:23 num1, D3, Repeat: 6, Loss: 0.000157067668653, Fidelity: 0.999842932331347, 300, 17.09
2024-04-12 17:17:25 num1, D3, Repeat: 6, Loss: 0.000105744121389, Fidelity: 0.999894255878611, 350, 19.93
2024-04-12 17:17:28 num1, D3, Repeat: 6, Loss: 0.000068090378676, Fidelity: 0.999931909621324, 400, 22.89
2024-04-12 17:17:31 num1, D3, Repeat: 6, Loss: 0.000045321915511, Fidelity: 0.999954678084489, 450, 25.84
2024-04-12 17:17:34 num1, D3, Repeat: 6, Loss: 0.000032437082116, Fidelity: 0.999967562917884, 500, 28.67
2024-04-12 17:17:35 Optimal: 3.1337462284675155e-05, Fidelity: 0.99996866253771532485
2024-04-12 17:17:35 Maximum number of iterations has been exceeded.
{'num1': [507, 508, 512, 509, 512, 510]}
{'num1': [28.73, 28.95, 31.83, 31.09, 29.76, 29.24]}
{'num1': [0.9999686575393791, 0.9999852989095701, 0.9999886244424935, 0.9999771526521369, 0.9999911070246567, 0.9999686625377153]}
2024-04-12 17:17:35 num1, D3, Repeat: 7, Loss: 0.855483800445850, Fidelity: 0.144516199554150, 10, 0.29
2024-04-12 17:17:35 num1, D3, Repeat: 7, Loss: 0.259163121055023, Fidelity: 0.740836878944977, 20, 0.69
2024-04-12 17:17:36 num1, D3, Repeat: 7, Loss: 0.035930769137034, Fidelity: 0.964069230862966, 30, 1.20
2024-04-12 17:17:37 num1, D3, Repeat: 7, Loss: 0.012314522472959, Fidelity: 0.987685477527041, 40, 1.71
2024-04-12 17:17:37 num1, D3, Repeat: 7, Loss: 0.006052651272844, Fidelity: 0.993947348727156, 50, 2.28
2024-04-12 17:17:40 num1, D3, Repeat: 7, Loss: 0.001399629006290, Fidelity: 0.998600370993710, 100, 5.28
2024-04-12 17:17:43 num1, D3, Repeat: 7, Loss: 0.000498036485577, Fidelity: 0.999501963514423, 150, 8.29
2024-04-12 17:17:46 num1, D3, Repeat: 7, Loss: 0.000212805591959, Fidelity: 0.999787194408041, 200, 11.19
2024-04-12 17:17:49 num1, D3, Repeat: 7, Loss: 0.000115955829832, Fidelity: 0.999884044170168, 250, 14.25
2024-04-12 17:17:52 num1, D3, Repeat: 7, Loss: 0.000077223231530, Fidelity: 0.999922776768470, 300, 17.19
2024-04-12 17:17:55 num1, D3, Repeat: 7, Loss: 0.000052588980192, Fidelity: 0.999947411019808, 350, 20.18
2024-04-12 17:17:58 num1, D3, Repeat: 7, Loss: 0.000042698442732, Fidelity: 0.999957301557268, 400, 23.04
2024-04-12 17:18:01 num1, D3, Repeat: 7, Loss: 0.000032283607733, Fidelity: 0.999967716392267, 450, 25.79
2024-04-12 17:18:04 num1, D3, Repeat: 7, Loss: 0.000025083974629, Fidelity: 0.999974916025371, 500, 28.75
2024-04-12 17:18:04 Optimal: 2.358529051438296e-05, Fidelity: 0.99997641470948561704
2024-04-12 17:18:04 Maximum number of iterations has been exceeded.
{'num1': [507, 508, 512, 509, 512, 510, 513]}
{'num1': [28.73, 28.95, 31.83, 31.09, 29.76, 29.24, 29.61]}
{'num1': [0.9999686575393791, 0.9999852989095701, 0.9999886244424935, 0.9999771526521369, 0.9999911070246567, 0.9999686625377153, 0.9999764147094856]}
2024-04-12 17:18:05 num1, D3, Repeat: 8, Loss: 0.908286748590582, Fidelity: 0.091713251409418, 10, 0.29
2024-04-12 17:18:05 num1, D3, Repeat: 8, Loss: 0.135933363690543, Fidelity: 0.864066636309457, 20, 0.82
2024-04-12 17:18:06 num1, D3, Repeat: 8, Loss: 0.026027434425783, Fidelity: 0.973972565574217, 30, 1.34
2024-04-12 17:18:06 num1, D3, Repeat: 8, Loss: 0.010102503082426, Fidelity: 0.989897496917574, 40, 1.83
2024-04-12 17:18:07 num1, D3, Repeat: 8, Loss: 0.006531900874962, Fidelity: 0.993468099125038, 50, 2.38
2024-04-12 17:18:10 num1, D3, Repeat: 8, Loss: 0.002550159166084, Fidelity: 0.997449840833916, 100, 5.33
2024-04-12 17:18:13 num1, D3, Repeat: 8, Loss: 0.000999266489320, Fidelity: 0.999000733510680, 150, 8.40
2024-04-12 17:18:16 num1, D3, Repeat: 8, Loss: 0.000416268320739, Fidelity: 0.999583731679261, 200, 11.38
2024-04-12 17:18:19 num1, D3, Repeat: 8, Loss: 0.000221841481111, Fidelity: 0.999778158518889, 250, 14.29
2024-04-12 17:18:22 num1, D3, Repeat: 8, Loss: 0.000138647341468, Fidelity: 0.999861352658532, 300, 17.10
2024-04-12 17:18:25 num1, D3, Repeat: 8, Loss: 0.000088703415315, Fidelity: 0.999911296584685, 350, 20.16
2024-04-12 17:18:28 num1, D3, Repeat: 8, Loss: 0.000064439256764, Fidelity: 0.999935560743236, 400, 23.14
2024-04-12 17:18:31 num1, D3, Repeat: 8, Loss: 0.000048283465150, Fidelity: 0.999951716534850, 450, 26.06
2024-04-12 17:18:33 num1, D3, Repeat: 8, Loss: 0.000035756376156, Fidelity: 0.999964243623844, 500, 28.93
2024-04-12 17:18:34 Optimal: 3.317383758205672e-05, Fidelity: 0.99996682616241794328
2024-04-12 17:18:34 Maximum number of iterations has been exceeded.
{'num1': [507, 508, 512, 509, 512, 510, 513, 513]}
{'num1': [28.73, 28.95, 31.83, 31.09, 29.76, 29.24, 29.61, 29.67]}
{'num1': [0.9999686575393791, 0.9999852989095701, 0.9999886244424935, 0.9999771526521369, 0.9999911070246567, 0.9999686625377153, 0.9999764147094856, 0.9999668261624179]}
2024-04-12 17:18:34 num1, D3, Repeat: 9, Loss: 0.858715721462301, Fidelity: 0.141284278537699, 10, 0.29
2024-04-12 17:18:35 num1, D3, Repeat: 9, Loss: 0.142970773793391, Fidelity: 0.857029226206609, 20, 0.69
2024-04-12 17:18:35 num1, D3, Repeat: 9, Loss: 0.028461048570618, Fidelity: 0.971538951429382, 30, 1.30
2024-04-12 17:18:36 num1, D3, Repeat: 9, Loss: 0.014337316800801, Fidelity: 0.985662683199199, 40, 1.95
2024-04-12 17:18:37 num1, D3, Repeat: 9, Loss: 0.007969135573414, Fidelity: 0.992030864426586, 50, 2.54
2024-04-12 17:18:40 num1, D3, Repeat: 9, Loss: 0.002285097947137, Fidelity: 0.997714902052863, 100, 5.50
2024-04-12 17:18:43 num1, D3, Repeat: 9, Loss: 0.001069505213454, Fidelity: 0.998930494786546, 150, 8.43
2024-04-12 17:18:45 num1, D3, Repeat: 9, Loss: 0.000528145878679, Fidelity: 0.999471854121321, 200, 11.28
2024-04-12 17:18:49 num1, D3, Repeat: 9, Loss: 0.000204221516331, Fidelity: 0.999795778483669, 250, 14.40
2024-04-12 17:18:51 num1, D3, Repeat: 9, Loss: 0.000111163029362, Fidelity: 0.999888836970638, 300, 17.29
2024-04-12 17:18:54 num1, D3, Repeat: 9, Loss: 0.000066822423173, Fidelity: 0.999933177576827, 350, 20.16
2024-04-12 17:18:57 num1, D3, Repeat: 9, Loss: 0.000040191429988, Fidelity: 0.999959808570012, 400, 23.13
2024-04-12 17:19:00 num1, D3, Repeat: 9, Loss: 0.000028914714621, Fidelity: 0.999971085285379, 450, 26.22
2024-04-12 17:19:03 num1, D3, Repeat: 9, Loss: 0.000020435997391, Fidelity: 0.999979564002609, 500, 29.23
2024-04-12 17:19:04 Optimal: 1.9039852464763918e-05, Fidelity: 0.99998096014753523608
2024-04-12 17:19:04 Maximum number of iterations has been exceeded.
{'num1': [507, 508, 512, 509, 512, 510, 513, 513, 513]}
{'num1': [28.73, 28.95, 31.83, 31.09, 29.76, 29.24, 29.61, 29.67, 30.01]}
{'num1': [0.9999686575393791, 0.9999852989095701, 0.9999886244424935, 0.9999771526521369, 0.9999911070246567, 0.9999686625377153, 0.9999764147094856, 0.9999668261624179, 0.9999809601475352]}
2024-04-12 17:19:04 num1, D3, Repeat: 10, Loss: 0.894132715269840, Fidelity: 0.105867284730160, 10, 0.27
2024-04-12 17:19:05 num1, D3, Repeat: 10, Loss: 0.268723917169947, Fidelity: 0.731276082830053, 20, 0.76
2024-04-12 17:19:05 num1, D3, Repeat: 10, Loss: 0.025924099271983, Fidelity: 0.974075900728017, 30, 1.26
2024-04-12 17:19:06 num1, D3, Repeat: 10, Loss: 0.008488155069606, Fidelity: 0.991511844930394, 40, 1.86
2024-04-12 17:19:07 num1, D3, Repeat: 10, Loss: 0.005815656524203, Fidelity: 0.994184343475797, 50, 2.38
2024-04-12 17:19:10 num1, D3, Repeat: 10, Loss: 0.001847981495437, Fidelity: 0.998152018504563, 100, 5.49
2024-04-12 17:19:13 num1, D3, Repeat: 10, Loss: 0.000976480728088, Fidelity: 0.999023519271912, 150, 8.31
2024-04-12 17:19:15 num1, D3, Repeat: 10, Loss: 0.000548119779228, Fidelity: 0.999451880220772, 200, 11.05
2024-04-12 17:19:18 num1, D3, Repeat: 10, Loss: 0.000317990125035, Fidelity: 0.999682009874965, 250, 14.08
2024-04-12 17:19:21 num1, D3, Repeat: 10, Loss: 0.000191959840842, Fidelity: 0.999808040159158, 300, 16.96
2024-04-12 17:19:24 num1, D3, Repeat: 10, Loss: 0.000129086737201, Fidelity: 0.999870913262799, 350, 19.84
2024-04-12 17:19:27 num1, D3, Repeat: 10, Loss: 0.000103351595210, Fidelity: 0.999896648404790, 400, 22.62
2024-04-12 17:19:30 num1, D3, Repeat: 10, Loss: 0.000089393346555, Fidelity: 0.999910606653445, 450, 25.36
2024-04-12 17:19:32 num1, D3, Repeat: 10, Loss: 0.000081262927914, Fidelity: 0.999918737072086, 500, 28.15
2024-04-12 17:19:33 Optimal: 7.864852585004467e-05, Fidelity: 0.99992135147414995533
2024-04-12 17:19:33 Maximum number of iterations has been exceeded.
{'num1': [507, 508, 512, 509, 512, 510, 513, 513, 513, 511]}
{'num1': [28.73, 28.95, 31.83, 31.09, 29.76, 29.24, 29.61, 29.67, 30.01, 28.78]}
{'num1': [0.9999686575393791, 0.9999852989095701, 0.9999886244424935, 0.9999771526521369, 0.9999911070246567, 0.9999686625377153, 0.9999764147094856, 0.9999668261624179, 0.9999809601475352, 0.99992135147415]}
2024-04-12 17:19:33 num1 D=3 L=2 finish
