2024-04-14 17:05:26 Number of qubits: 6
2024-04-14 17:05:26 Number of gates: 2216
2024-04-14 17:05:26 Number of params: 408
2024-04-14 17:05:26 Depth of circuit: 1474
2024-04-14 17:05:26 Simulator: mqvector, Method: BFGS
2024-04-14 17:05:26 num1, D1, Repeat: 1, Loss: 0.244661512406285, Fidelity: 0.755338487593715, 10, 0.19
2024-04-14 17:05:26 num1, D1, Repeat: 1, Loss: 0.023274469720407, Fidelity: 0.976725530279593, 20, 0.38
2024-04-14 17:05:27 num1, D1, Repeat: 1, Loss: 0.003068192711364, Fidelity: 0.996931807288636, 30, 0.56
2024-04-14 17:05:27 num1, D1, Repeat: 1, Loss: 0.000333887178893, Fidelity: 0.999666112821107, 40, 0.76
2024-04-14 17:05:27 num1, D1, Repeat: 1, Loss: 0.000056992354225, Fidelity: 0.999943007645775, 50, 0.95
2024-04-14 17:05:28 num1, D1, Repeat: 1, Loss: 0.000000000099753, Fidelity: 0.999999999900247, 100, 1.65
2024-04-14 17:05:28 num1, D1, Repeat: 1, Loss: 0.000000000000229, Fidelity: 0.999999999999771, 150, 1.94
2024-04-14 17:05:28 Optimal: 2.248201624865942e-13, Fidelity: 0.99999999999977517984
2024-04-14 17:05:28 Desired error not necessarily achieved due to precision loss.
{'num1': [151]}
{'num1': [1.94]}
{'num1': [0.9999999999997752]}
2024-04-14 17:05:28 num1, D1, Repeat: 2, Loss: 0.774934665520618, Fidelity: 0.225065334479382, 10, 0.08
2024-04-14 17:05:28 num1, D1, Repeat: 2, Loss: 0.042025363705275, Fidelity: 0.957974636294725, 20, 0.17
2024-04-14 17:05:28 num1, D1, Repeat: 2, Loss: 0.001739874598304, Fidelity: 0.998260125401696, 30, 0.27
2024-04-14 17:05:28 num1, D1, Repeat: 2, Loss: 0.000014341317015, Fidelity: 0.999985658682985, 40, 0.41
2024-04-14 17:05:29 num1, D1, Repeat: 2, Loss: 0.000000056557628, Fidelity: 0.999999943442372, 50, 0.52
2024-04-14 17:05:29 Optimal: 4.440892098500626e-16, Fidelity: 0.99999999999999955591
2024-04-14 17:05:29 `callback` raised `StopIteration`.
{'num1': [151, 71]}
{'num1': [1.94, 0.77]}
{'num1': [0.9999999999997752, 0.9999999999999996]}
2024-04-14 17:05:29 num1, D1, Repeat: 3, Loss: 0.745224280765253, Fidelity: 0.254775719234747, 10, 0.06
2024-04-14 17:05:29 num1, D1, Repeat: 3, Loss: 0.045745870684057, Fidelity: 0.954254129315943, 20, 0.15
2024-04-14 17:05:29 num1, D1, Repeat: 3, Loss: 0.004609483680136, Fidelity: 0.995390516319864, 30, 0.26
2024-04-14 17:05:29 num1, D1, Repeat: 3, Loss: 0.000712533441577, Fidelity: 0.999287466558423, 40, 0.37
2024-04-14 17:05:29 num1, D1, Repeat: 3, Loss: 0.000217370385046, Fidelity: 0.999782629614954, 50, 0.49
2024-04-14 17:05:30 num1, D1, Repeat: 3, Loss: 0.000001082941971, Fidelity: 0.999998917058029, 100, 1.11
2024-04-14 17:05:31 num1, D1, Repeat: 3, Loss: 0.000000156766987, Fidelity: 0.999999843233013, 150, 1.73
2024-04-14 17:05:31 num1, D1, Repeat: 3, Loss: 0.000000104183202, Fidelity: 0.999999895816798, 200, 2.29
2024-04-14 17:05:32 num1, D1, Repeat: 3, Loss: 0.000000027123078, Fidelity: 0.999999972876922, 250, 2.81
2024-04-14 17:05:32 num1, D1, Repeat: 3, Loss: 0.000000015703377, Fidelity: 0.999999984296623, 300, 3.55
2024-04-14 17:05:33 num1, D1, Repeat: 3, Loss: 0.000000014639179, Fidelity: 0.999999985360821, 350, 4.15
2024-04-14 17:05:34 num1, D1, Repeat: 3, Loss: 0.000000010345170, Fidelity: 0.999999989654830, 400, 4.75
2024-04-14 17:05:34 num1, D1, Repeat: 3, Loss: 0.000000009741238, Fidelity: 0.999999990258762, 450, 5.35
2024-04-14 17:05:35 num1, D1, Repeat: 3, Loss: 0.000000009570552, Fidelity: 0.999999990429448, 500, 5.97
2024-04-14 17:05:35 num1, D1, Repeat: 3, Loss: 0.000000007792032, Fidelity: 0.999999992207968, 550, 6.57
2024-04-14 17:05:35 Optimal: 7.658496392615177e-09, Fidelity: 0.99999999234150360738
2024-04-14 17:05:35 Maximum number of iterations has been exceeded.
{'num1': [151, 71, 554]}
{'num1': [1.94, 0.77, 6.64]}
{'num1': [0.9999999999997752, 0.9999999999999996, 0.9999999923415036]}
2024-04-14 17:05:36 num1, D1, Repeat: 4, Loss: 0.637641153643622, Fidelity: 0.362358846356378, 10, 0.08
2024-04-14 17:05:36 num1, D1, Repeat: 4, Loss: 0.033027930875680, Fidelity: 0.966972069124320, 20, 0.21
2024-04-14 17:05:36 num1, D1, Repeat: 4, Loss: 0.005496567454464, Fidelity: 0.994503432545536, 30, 0.32
2024-04-14 17:05:36 num1, D1, Repeat: 4, Loss: 0.001449146609831, Fidelity: 0.998550853390169, 40, 0.45
2024-04-14 17:05:36 num1, D1, Repeat: 4, Loss: 0.000587947927026, Fidelity: 0.999412052072974, 50, 0.58
2024-04-14 17:05:37 num1, D1, Repeat: 4, Loss: 0.000001867773996, Fidelity: 0.999998132226004, 100, 1.27
2024-04-14 17:05:37 num1, D1, Repeat: 4, Loss: 0.000000002364112, Fidelity: 0.999999997635888, 150, 2.02
2024-04-14 17:05:38 Optimal: 7.771561172376096e-16, Fidelity: 0.99999999999999922284
2024-04-14 17:05:38 `callback` raised `StopIteration`.
{'num1': [151, 71, 554, 164]}
{'num1': [1.94, 0.77, 6.64, 2.2]}
{'num1': [0.9999999999997752, 0.9999999999999996, 0.9999999923415036, 0.9999999999999992]}
2024-04-14 17:05:38 num1, D1, Repeat: 5, Loss: 0.054274555478355, Fidelity: 0.945725444521645, 10, 0.09
2024-04-14 17:05:38 num1, D1, Repeat: 5, Loss: 0.005206474384431, Fidelity: 0.994793525615569, 20, 0.18
2024-04-14 17:05:38 num1, D1, Repeat: 5, Loss: 0.001233039595916, Fidelity: 0.998766960404084, 30, 0.29
2024-04-14 17:05:38 num1, D1, Repeat: 5, Loss: 0.000231380940963, Fidelity: 0.999768619059037, 40, 0.44
2024-04-14 17:05:38 num1, D1, Repeat: 5, Loss: 0.000049201531266, Fidelity: 0.999950798468734, 50, 0.60
2024-04-14 17:05:39 num1, D1, Repeat: 5, Loss: 0.000000217225134, Fidelity: 0.999999782774866, 100, 1.23
2024-04-14 17:05:39 Optimal: 0.0, Fidelity: 1.00000000000000000000
2024-04-14 17:05:39 `callback` raised `StopIteration`.
{'num1': [151, 71, 554, 164, 133]}
{'num1': [1.94, 0.77, 6.64, 2.2, 1.69]}
{'num1': [0.9999999999997752, 0.9999999999999996, 0.9999999923415036, 0.9999999999999992, 1.0]}
2024-04-14 17:05:39 num1, D1, Repeat: 6, Loss: 0.888602410455312, Fidelity: 0.111397589544688, 10, 0.08
2024-04-14 17:05:40 num1, D1, Repeat: 6, Loss: 0.117206130028804, Fidelity: 0.882793869971196, 20, 0.18
2024-04-14 17:05:40 num1, D1, Repeat: 6, Loss: 0.008244430631516, Fidelity: 0.991755569368484, 30, 0.31
2024-04-14 17:05:40 num1, D1, Repeat: 6, Loss: 0.001499869866514, Fidelity: 0.998500130133486, 40, 0.43
2024-04-14 17:05:40 num1, D1, Repeat: 6, Loss: 0.000284636482006, Fidelity: 0.999715363517994, 50, 0.56
2024-04-14 17:05:41 num1, D1, Repeat: 6, Loss: 0.000010509721175, Fidelity: 0.999989490278825, 100, 1.36
2024-04-14 17:05:41 num1, D1, Repeat: 6, Loss: 0.000001947169052, Fidelity: 0.999998052830948, 150, 2.02
2024-04-14 17:05:42 num1, D1, Repeat: 6, Loss: 0.000000281606991, Fidelity: 0.999999718393009, 200, 2.60
2024-04-14 17:05:43 num1, D1, Repeat: 6, Loss: 0.000000024899442, Fidelity: 0.999999975100558, 250, 3.30
2024-04-14 17:05:43 num1, D1, Repeat: 6, Loss: 0.000000020678839, Fidelity: 0.999999979321161, 300, 3.94
2024-04-14 17:05:44 num1, D1, Repeat: 6, Loss: 0.000000012999145, Fidelity: 0.999999987000855, 350, 4.55
2024-04-14 17:05:45 num1, D1, Repeat: 6, Loss: 0.000000004732555, Fidelity: 0.999999995267445, 400, 5.18
2024-04-14 17:05:45 num1, D1, Repeat: 6, Loss: 0.000000002542466, Fidelity: 0.999999997457534, 450, 5.75
2024-04-14 17:05:46 num1, D1, Repeat: 6, Loss: 0.000000001104804, Fidelity: 0.999999998895196, 500, 6.37
2024-04-14 17:05:46 Optimal: 3.244642332589365e-10, Fidelity: 0.99999999967553576674
2024-04-14 17:05:46 Maximum number of iterations has been exceeded.
{'num1': [151, 71, 554, 164, 133, 539]}
{'num1': [1.94, 0.77, 6.64, 2.2, 1.69, 6.78]}
{'num1': [0.9999999999997752, 0.9999999999999996, 0.9999999923415036, 0.9999999999999992, 1.0, 0.9999999996755358]}
2024-04-14 17:05:46 num1, D1, Repeat: 7, Loss: 0.258631370844966, Fidelity: 0.741368629155034, 10, 0.08
2024-04-14 17:05:46 num1, D1, Repeat: 7, Loss: 0.016172922174868, Fidelity: 0.983827077825132, 20, 0.17
2024-04-14 17:05:47 num1, D1, Repeat: 7, Loss: 0.001591471864475, Fidelity: 0.998408528135525, 30, 0.39
2024-04-14 17:05:47 num1, D1, Repeat: 7, Loss: 0.000222044114981, Fidelity: 0.999777955885019, 40, 0.65
2024-04-14 17:05:47 num1, D1, Repeat: 7, Loss: 0.000098427968074, Fidelity: 0.999901572031926, 50, 0.77
2024-04-14 17:05:48 num1, D1, Repeat: 7, Loss: 0.000001799645253, Fidelity: 0.999998200354747, 100, 1.47
2024-04-14 17:05:48 Optimal: 5.551115123125783e-16, Fidelity: 0.99999999999999944489
2024-04-14 17:05:48 `callback` raised `StopIteration`.
{'num1': [151, 71, 554, 164, 133, 539, 130]}
{'num1': [1.94, 0.77, 6.64, 2.2, 1.69, 6.78, 1.94]}
{'num1': [0.9999999999997752, 0.9999999999999996, 0.9999999923415036, 0.9999999999999992, 1.0, 0.9999999996755358, 0.9999999999999994]}
2024-04-14 17:05:48 num1, D1, Repeat: 8, Loss: 0.466657885388647, Fidelity: 0.533342114611353, 10, 0.07
2024-04-14 17:05:48 num1, D1, Repeat: 8, Loss: 0.025252606155401, Fidelity: 0.974747393844599, 20, 0.18
2024-04-14 17:05:48 num1, D1, Repeat: 8, Loss: 0.002953561539782, Fidelity: 0.997046438460218, 30, 0.30
2024-04-14 17:05:49 num1, D1, Repeat: 8, Loss: 0.000495336476414, Fidelity: 0.999504663523586, 40, 0.46
2024-04-14 17:05:49 num1, D1, Repeat: 8, Loss: 0.000171014438984, Fidelity: 0.999828985561016, 50, 0.58
2024-04-14 17:05:49 num1, D1, Repeat: 8, Loss: 0.000005462233065, Fidelity: 0.999994537766935, 100, 1.26
2024-04-14 17:05:50 num1, D1, Repeat: 8, Loss: 0.000000004740024, Fidelity: 0.999999995259976, 150, 1.90
2024-04-14 17:05:51 num1, D1, Repeat: 8, Loss: 0.000000000277120, Fidelity: 0.999999999722880, 200, 2.53
2024-04-14 17:05:51 num1, D1, Repeat: 8, Loss: 0.000000000054304, Fidelity: 0.999999999945696, 250, 3.25
2024-04-14 17:05:51 Optimal: 5.430378369197797e-11, Fidelity: 0.99999999994569621631
2024-04-14 17:05:51 Desired error not necessarily achieved due to precision loss.
{'num1': [151, 71, 554, 164, 133, 539, 130, 258]}
{'num1': [1.94, 0.77, 6.64, 2.2, 1.69, 6.78, 1.94, 3.27]}
{'num1': [0.9999999999997752, 0.9999999999999996, 0.9999999923415036, 0.9999999999999992, 1.0, 0.9999999996755358, 0.9999999999999994, 0.9999999999456962]}
2024-04-14 17:05:51 num1, D1, Repeat: 9, Loss: 0.522409889597289, Fidelity: 0.477590110402711, 10, 0.08
2024-04-14 17:05:52 num1, D1, Repeat: 9, Loss: 0.041038152610683, Fidelity: 0.958961847389317, 20, 0.24
2024-04-14 17:05:52 num1, D1, Repeat: 9, Loss: 0.005032107094800, Fidelity: 0.994967892905200, 30, 0.36
2024-04-14 17:05:52 num1, D1, Repeat: 9, Loss: 0.000746194163010, Fidelity: 0.999253805836990, 40, 0.49
2024-04-14 17:05:52 num1, D1, Repeat: 9, Loss: 0.000135971751979, Fidelity: 0.999864028248021, 50, 0.62
2024-04-14 17:05:53 num1, D1, Repeat: 9, Loss: 0.000000035024755, Fidelity: 0.999999964975245, 100, 1.24
2024-04-14 17:05:53 Optimal: 3.3306690738754696e-16, Fidelity: 0.99999999999999966693
2024-04-14 17:05:53 `callback` raised `StopIteration`.
{'num1': [151, 71, 554, 164, 133, 539, 130, 258, 140]}
{'num1': [1.94, 0.77, 6.64, 2.2, 1.69, 6.78, 1.94, 3.27, 1.96]}
{'num1': [0.9999999999997752, 0.9999999999999996, 0.9999999923415036, 0.9999999999999992, 1.0, 0.9999999996755358, 0.9999999999999994, 0.9999999999456962, 0.9999999999999997]}
2024-04-14 17:05:53 num1, D1, Repeat: 10, Loss: 0.352086510319180, Fidelity: 0.647913489680820, 10, 0.11
2024-04-14 17:05:54 num1, D1, Repeat: 10, Loss: 0.030850575826967, Fidelity: 0.969149424173033, 20, 0.22
2024-04-14 17:05:54 num1, D1, Repeat: 10, Loss: 0.002833254842875, Fidelity: 0.997166745157125, 30, 0.34
2024-04-14 17:05:54 num1, D1, Repeat: 10, Loss: 0.000298885953642, Fidelity: 0.999701114046358, 40, 0.48
2024-04-14 17:05:54 num1, D1, Repeat: 10, Loss: 0.000066582261845, Fidelity: 0.999933417738155, 50, 0.60
2024-04-14 17:05:55 num1, D1, Repeat: 10, Loss: 0.000003909617584, Fidelity: 0.999996090382416, 100, 1.18
2024-04-14 17:05:55 num1, D1, Repeat: 10, Loss: 0.000000001912407, Fidelity: 0.999999998087593, 150, 1.83
2024-04-14 17:05:55 Optimal: -2.220446049250313e-16, Fidelity: 1.00000000000000022204
2024-04-14 17:05:55 `callback` raised `StopIteration`.
{'num1': [151, 71, 554, 164, 133, 539, 130, 258, 140, 163]}
{'num1': [1.94, 0.77, 6.64, 2.2, 1.69, 6.78, 1.94, 3.27, 1.96, 1.99]}
{'num1': [0.9999999999997752, 0.9999999999999996, 0.9999999923415036, 0.9999999999999992, 1.0, 0.9999999996755358, 0.9999999999999994, 0.9999999999456962, 0.9999999999999997, 1.0000000000000002]}
2024-04-14 17:05:55 num1, D1, Repeat: 11, Loss: 0.455787542640601, Fidelity: 0.544212457359399, 10, 0.06
2024-04-14 17:05:56 num1, D1, Repeat: 11, Loss: 0.030883798692104, Fidelity: 0.969116201307896, 20, 0.18
2024-04-14 17:05:56 num1, D1, Repeat: 11, Loss: 0.005520837002230, Fidelity: 0.994479162997770, 30, 0.28
2024-04-14 17:05:56 num1, D1, Repeat: 11, Loss: 0.000384142406352, Fidelity: 0.999615857593648, 40, 0.39
2024-04-14 17:05:56 num1, D1, Repeat: 11, Loss: 0.000030763986249, Fidelity: 0.999969236013751, 50, 0.51
2024-04-14 17:05:56 Optimal: 6.661338147750939e-16, Fidelity: 0.99999999999999933387
2024-04-14 17:05:56 `callback` raised `StopIteration`.
{'num1': [151, 71, 554, 164, 133, 539, 130, 258, 140, 163, 87]}
{'num1': [1.94, 0.77, 6.64, 2.2, 1.69, 6.78, 1.94, 3.27, 1.96, 1.99, 0.93]}
{'num1': [0.9999999999997752, 0.9999999999999996, 0.9999999923415036, 0.9999999999999992, 1.0, 0.9999999996755358, 0.9999999999999994, 0.9999999999456962, 0.9999999999999997, 1.0000000000000002, 0.9999999999999993]}
2024-04-14 17:05:56 num1, D1, Repeat: 12, Loss: 0.945492228972729, Fidelity: 0.054507771027271, 10, 0.07
2024-04-14 17:05:56 num1, D1, Repeat: 12, Loss: 0.142109972167665, Fidelity: 0.857890027832335, 20, 0.18
2024-04-14 17:05:57 num1, D1, Repeat: 12, Loss: 0.019584739685013, Fidelity: 0.980415260314987, 30, 0.28
2024-04-14 17:05:57 num1, D1, Repeat: 12, Loss: 0.003227147575985, Fidelity: 0.996772852424015, 40, 0.38
2024-04-14 17:05:57 num1, D1, Repeat: 12, Loss: 0.000439664304013, Fidelity: 0.999560335695987, 50, 0.51
2024-04-14 17:05:58 num1, D1, Repeat: 12, Loss: 0.000001555836396, Fidelity: 0.999998444163604, 100, 1.24
2024-04-14 17:05:58 Optimal: 9.992007221626409e-16, Fidelity: 0.99999999999999900080
2024-04-14 17:05:58 `callback` raised `StopIteration`.
{'num1': [151, 71, 554, 164, 133, 539, 130, 258, 140, 163, 87, 144]}
{'num1': [1.94, 0.77, 6.64, 2.2, 1.69, 6.78, 1.94, 3.27, 1.96, 1.99, 0.93, 1.76]}
{'num1': [0.9999999999997752, 0.9999999999999996, 0.9999999923415036, 0.9999999999999992, 1.0, 0.9999999996755358, 0.9999999999999994, 0.9999999999456962, 0.9999999999999997, 1.0000000000000002, 0.9999999999999993, 0.999999999999999]}
2024-04-14 17:05:58 num1, D1, Repeat: 13, Loss: 0.264188850622684, Fidelity: 0.735811149377316, 10, 0.08
2024-04-14 17:05:58 num1, D1, Repeat: 13, Loss: 0.006763009565972, Fidelity: 0.993236990434028, 20, 0.19
2024-04-14 17:05:58 num1, D1, Repeat: 13, Loss: 0.000348146486642, Fidelity: 0.999651853513358, 30, 0.30
2024-04-14 17:05:58 num1, D1, Repeat: 13, Loss: 0.000020237443768, Fidelity: 0.999979762556232, 40, 0.43
2024-04-14 17:05:59 num1, D1, Repeat: 13, Loss: 0.000005913396051, Fidelity: 0.999994086603949, 50, 0.56
2024-04-14 17:05:59 num1, D1, Repeat: 13, Loss: 0.000000551014236, Fidelity: 0.999999448985764, 100, 1.15
2024-04-14 17:06:00 num1, D1, Repeat: 13, Loss: 0.000000148790218, Fidelity: 0.999999851209782, 150, 1.78
2024-04-14 17:06:00 num1, D1, Repeat: 13, Loss: 0.000000089499775, Fidelity: 0.999999910500225, 200, 2.32
2024-04-14 17:06:01 num1, D1, Repeat: 13, Loss: 0.000000081556651, Fidelity: 0.999999918443349, 250, 2.91
2024-04-14 17:06:02 num1, D1, Repeat: 13, Loss: 0.000000079362044, Fidelity: 0.999999920637956, 300, 3.49
2024-04-14 17:06:02 num1, D1, Repeat: 13, Loss: 0.000000074300413, Fidelity: 0.999999925699587, 350, 4.11
2024-04-14 17:06:03 num1, D1, Repeat: 13, Loss: 0.000000061270236, Fidelity: 0.999999938729764, 400, 4.71
2024-04-14 17:06:03 num1, D1, Repeat: 13, Loss: 0.000000047097092, Fidelity: 0.999999952902908, 450, 5.27
2024-04-14 17:06:04 num1, D1, Repeat: 13, Loss: 0.000000035523600, Fidelity: 0.999999964476400, 500, 5.90
2024-04-14 17:06:05 num1, D1, Repeat: 13, Loss: 0.000000028462807, Fidelity: 0.999999971537193, 550, 6.51
2024-04-14 17:06:05 Optimal: 2.6707035916118116e-08, Fidelity: 0.99999997329296408388
2024-04-14 17:06:05 Maximum number of iterations has been exceeded.
{'num1': [151, 71, 554, 164, 133, 539, 130, 258, 140, 163, 87, 144, 578]}
{'num1': [1.94, 0.77, 6.64, 2.2, 1.69, 6.78, 1.94, 3.27, 1.96, 1.99, 0.93, 1.76, 6.87]}
{'num1': [0.9999999999997752, 0.9999999999999996, 0.9999999923415036, 0.9999999999999992, 1.0, 0.9999999996755358, 0.9999999999999994, 0.9999999999456962, 0.9999999999999997, 1.0000000000000002, 0.9999999999999993, 0.999999999999999, 0.9999999732929641]}
2024-04-14 17:06:05 num1, D1, Repeat: 14, Loss: 0.139416540687891, Fidelity: 0.860583459312109, 10, 0.11
2024-04-14 17:06:05 num1, D1, Repeat: 14, Loss: 0.020007801804440, Fidelity: 0.979992198195560, 20, 0.22
2024-04-14 17:06:05 num1, D1, Repeat: 14, Loss: 0.003133165496898, Fidelity: 0.996866834503102, 30, 0.35
2024-04-14 17:06:05 num1, D1, Repeat: 14, Loss: 0.000674986087659, Fidelity: 0.999325013912341, 40, 0.46
2024-04-14 17:06:06 num1, D1, Repeat: 14, Loss: 0.000244544548718, Fidelity: 0.999755455451282, 50, 0.67
2024-04-14 17:06:06 num1, D1, Repeat: 14, Loss: 0.000001908930387, Fidelity: 0.999998091069613, 100, 1.37
2024-04-14 17:06:07 num1, D1, Repeat: 14, Loss: 0.000000013957039, Fidelity: 0.999999986042961, 150, 1.99
2024-04-14 17:06:07 Optimal: -4.440892098500626e-16, Fidelity: 1.00000000000000044409
2024-04-14 17:06:07 `callback` raised `StopIteration`.
{'num1': [151, 71, 554, 164, 133, 539, 130, 258, 140, 163, 87, 144, 578, 173]}
{'num1': [1.94, 0.77, 6.64, 2.2, 1.69, 6.78, 1.94, 3.27, 1.96, 1.99, 0.93, 1.76, 6.87, 2.27]}
{'num1': [0.9999999999997752, 0.9999999999999996, 0.9999999923415036, 0.9999999999999992, 1.0, 0.9999999996755358, 0.9999999999999994, 0.9999999999456962, 0.9999999999999997, 1.0000000000000002, 0.9999999999999993, 0.999999999999999, 0.9999999732929641, 1.0000000000000004]}
2024-04-14 17:06:07 num1, D1, Repeat: 15, Loss: 0.689730626602215, Fidelity: 0.310269373397785, 10, 0.06
2024-04-14 17:06:07 num1, D1, Repeat: 15, Loss: 0.031829013936712, Fidelity: 0.968170986063288, 20, 0.16
2024-04-14 17:06:07 num1, D1, Repeat: 15, Loss: 0.001160384728761, Fidelity: 0.998839615271239, 30, 0.24
2024-04-14 17:06:08 num1, D1, Repeat: 15, Loss: 0.000047148674506, Fidelity: 0.999952851325494, 40, 0.35
2024-04-14 17:06:08 num1, D1, Repeat: 15, Loss: 0.000021117390978, Fidelity: 0.999978882609022, 50, 0.51
2024-04-14 17:06:08 num1, D1, Repeat: 15, Loss: 0.000000006521515, Fidelity: 0.999999993478485, 100, 1.12
2024-04-14 17:06:09 num1, D1, Repeat: 15, Loss: 0.000000000179073, Fidelity: 0.999999999820927, 150, 1.67
2024-04-14 17:06:09 Optimal: 9.992007221626409e-16, Fidelity: 0.99999999999999900080
2024-04-14 17:06:09 `callback` raised `StopIteration`.
{'num1': [151, 71, 554, 164, 133, 539, 130, 258, 140, 163, 87, 144, 578, 173, 172]}
{'num1': [1.94, 0.77, 6.64, 2.2, 1.69, 6.78, 1.94, 3.27, 1.96, 1.99, 0.93, 1.76, 6.87, 2.27, 1.91]}
{'num1': [0.9999999999997752, 0.9999999999999996, 0.9999999923415036, 0.9999999999999992, 1.0, 0.9999999996755358, 0.9999999999999994, 0.9999999999456962, 0.9999999999999997, 1.0000000000000002, 0.9999999999999993, 0.999999999999999, 0.9999999732929641, 1.0000000000000004, 0.999999999999999]}
2024-04-14 17:06:09 num1, D1, Repeat: 16, Loss: 0.671450295896386, Fidelity: 0.328549704103614, 10, 0.07
2024-04-14 17:06:09 num1, D1, Repeat: 16, Loss: 0.042073851879250, Fidelity: 0.957926148120750, 20, 0.18
2024-04-14 17:06:09 num1, D1, Repeat: 16, Loss: 0.005085645569253, Fidelity: 0.994914354430747, 30, 0.28
2024-04-14 17:06:10 num1, D1, Repeat: 16, Loss: 0.000697538850173, Fidelity: 0.999302461149827, 40, 0.41
2024-04-14 17:06:10 num1, D1, Repeat: 16, Loss: 0.000158540909253, Fidelity: 0.999841459090747, 50, 0.64
2024-04-14 17:06:10 num1, D1, Repeat: 16, Loss: 0.000000427266302, Fidelity: 0.999999572733698, 100, 1.31
2024-04-14 17:06:11 Optimal: 2.220446049250313e-16, Fidelity: 0.99999999999999977796
2024-04-14 17:06:11 `callback` raised `StopIteration`.
{'num1': [151, 71, 554, 164, 133, 539, 130, 258, 140, 163, 87, 144, 578, 173, 172, 141]}
{'num1': [1.94, 0.77, 6.64, 2.2, 1.69, 6.78, 1.94, 3.27, 1.96, 1.99, 0.93, 1.76, 6.87, 2.27, 1.91, 1.89]}
{'num1': [0.9999999999997752, 0.9999999999999996, 0.9999999923415036, 0.9999999999999992, 1.0, 0.9999999996755358, 0.9999999999999994, 0.9999999999456962, 0.9999999999999997, 1.0000000000000002, 0.9999999999999993, 0.999999999999999, 0.9999999732929641, 1.0000000000000004, 0.999999999999999, 0.9999999999999998]}
2024-04-14 17:06:11 num1, D1, Repeat: 17, Loss: 0.890879158233607, Fidelity: 0.109120841766393, 10, 0.09
2024-04-14 17:06:11 num1, D1, Repeat: 17, Loss: 0.090868488817388, Fidelity: 0.909131511182612, 20, 0.21
2024-04-14 17:06:11 num1, D1, Repeat: 17, Loss: 0.005979646107369, Fidelity: 0.994020353892631, 30, 0.32
2024-04-14 17:06:11 num1, D1, Repeat: 17, Loss: 0.001032115793607, Fidelity: 0.998967884206393, 40, 0.46
2024-04-14 17:06:12 num1, D1, Repeat: 17, Loss: 0.000188617233582, Fidelity: 0.999811382766418, 50, 0.57
2024-04-14 17:06:12 num1, D1, Repeat: 17, Loss: 0.000001049531043, Fidelity: 0.999998950468957, 100, 1.38
2024-04-14 17:06:13 num1, D1, Repeat: 17, Loss: 0.000000263473317, Fidelity: 0.999999736526683, 150, 2.11
2024-04-14 17:06:14 Optimal: -4.440892098500626e-16, Fidelity: 1.00000000000000044409
2024-04-14 17:06:14 `callback` raised `StopIteration`.
{'num1': [151, 71, 554, 164, 133, 539, 130, 258, 140, 163, 87, 144, 578, 173, 172, 141, 195]}
{'num1': [1.94, 0.77, 6.64, 2.2, 1.69, 6.78, 1.94, 3.27, 1.96, 1.99, 0.93, 1.76, 6.87, 2.27, 1.91, 1.89, 2.69]}
{'num1': [0.9999999999997752, 0.9999999999999996, 0.9999999923415036, 0.9999999999999992, 1.0, 0.9999999996755358, 0.9999999999999994, 0.9999999999456962, 0.9999999999999997, 1.0000000000000002, 0.9999999999999993, 0.999999999999999, 0.9999999732929641, 1.0000000000000004, 0.999999999999999, 0.9999999999999998, 1.0000000000000004]}
2024-04-14 17:06:14 num1, D1, Repeat: 18, Loss: 0.983340918844754, Fidelity: 0.016659081155246, 10, 0.05
2024-04-14 17:06:14 num1, D1, Repeat: 18, Loss: 0.902837548832508, Fidelity: 0.097162451167492, 20, 0.11
2024-04-14 17:06:14 num1, D1, Repeat: 18, Loss: 0.231851214981026, Fidelity: 0.768148785018974, 30, 0.22
2024-04-14 17:06:14 num1, D1, Repeat: 18, Loss: 0.018900940276859, Fidelity: 0.981099059723141, 40, 0.35
2024-04-14 17:06:14 num1, D1, Repeat: 18, Loss: 0.001390406977772, Fidelity: 0.998609593022228, 50, 0.55
2024-04-14 17:06:15 num1, D1, Repeat: 18, Loss: 0.000009847988300, Fidelity: 0.999990152011700, 100, 1.15
2024-04-14 17:06:16 num1, D1, Repeat: 18, Loss: 0.000002717951868, Fidelity: 0.999997282048132, 150, 1.83
2024-04-14 17:06:16 num1, D1, Repeat: 18, Loss: 0.000000900572451, Fidelity: 0.999999099427549, 200, 2.50
2024-04-14 17:06:17 num1, D1, Repeat: 18, Loss: 0.000000212939828, Fidelity: 0.999999787060172, 250, 3.13
2024-04-14 17:06:18 num1, D1, Repeat: 18, Loss: 0.000000111631193, Fidelity: 0.999999888368807, 300, 3.81
2024-04-14 17:06:18 num1, D1, Repeat: 18, Loss: 0.000000043910121, Fidelity: 0.999999956089879, 350, 4.49
2024-04-14 17:06:19 num1, D1, Repeat: 18, Loss: 0.000000024904323, Fidelity: 0.999999975095677, 400, 5.11
2024-04-14 17:06:19 num1, D1, Repeat: 18, Loss: 0.000000009449493, Fidelity: 0.999999990550507, 450, 5.72
2024-04-14 17:06:20 num1, D1, Repeat: 18, Loss: 0.000000001186469, Fidelity: 0.999999998813531, 500, 6.36
2024-04-14 17:06:21 Optimal: 9.597267425220934e-10, Fidelity: 0.99999999904027325748
2024-04-14 17:06:21 Maximum number of iterations has been exceeded.
{'num1': [151, 71, 554, 164, 133, 539, 130, 258, 140, 163, 87, 144, 578, 173, 172, 141, 195, 541]}
{'num1': [1.94, 0.77, 6.64, 2.2, 1.69, 6.78, 1.94, 3.27, 1.96, 1.99, 0.93, 1.76, 6.87, 2.27, 1.91, 1.89, 2.69, 6.86]}
{'num1': [0.9999999999997752, 0.9999999999999996, 0.9999999923415036, 0.9999999999999992, 1.0, 0.9999999996755358, 0.9999999999999994, 0.9999999999456962, 0.9999999999999997, 1.0000000000000002, 0.9999999999999993, 0.999999999999999, 0.9999999732929641, 1.0000000000000004, 0.999999999999999, 0.9999999999999998, 1.0000000000000004, 0.9999999990402733]}
2024-04-14 17:06:21 num1, D1, Repeat: 19, Loss: 0.894639651590964, Fidelity: 0.105360348409036, 10, 0.06
2024-04-14 17:06:21 num1, D1, Repeat: 19, Loss: 0.083130901328648, Fidelity: 0.916869098671352, 20, 0.15
2024-04-14 17:06:21 num1, D1, Repeat: 19, Loss: 0.006643925545376, Fidelity: 0.993356074454624, 30, 0.27
2024-04-14 17:06:21 num1, D1, Repeat: 19, Loss: 0.000787942340513, Fidelity: 0.999212057659487, 40, 0.39
2024-04-14 17:06:21 num1, D1, Repeat: 19, Loss: 0.000191047246143, Fidelity: 0.999808952753857, 50, 0.50
2024-04-14 17:06:22 num1, D1, Repeat: 19, Loss: 0.000000295127172, Fidelity: 0.999999704872828, 100, 1.11
2024-04-14 17:06:22 num1, D1, Repeat: 19, Loss: 0.000000059032369, Fidelity: 0.999999940967631, 150, 1.86
2024-04-14 17:06:23 num1, D1, Repeat: 19, Loss: 0.000000036389727, Fidelity: 0.999999963610273, 200, 2.48
2024-04-14 17:06:24 num1, D1, Repeat: 19, Loss: 0.000000011320542, Fidelity: 0.999999988679458, 250, 3.09
2024-04-14 17:06:24 num1, D1, Repeat: 19, Loss: 0.000000004688846, Fidelity: 0.999999995311154, 300, 3.78
2024-04-14 17:06:25 num1, D1, Repeat: 19, Loss: 0.000000001940263, Fidelity: 0.999999998059737, 350, 4.35
2024-04-14 17:06:26 num1, D1, Repeat: 19, Loss: 0.000000001015704, Fidelity: 0.999999998984296, 400, 4.96
2024-04-14 17:06:26 num1, D1, Repeat: 19, Loss: 0.000000000801134, Fidelity: 0.999999999198866, 450, 5.54
2024-04-14 17:06:26 Optimal: 8.011324936774145e-10, Fidelity: 0.99999999919886750632
2024-04-14 17:06:26 Desired error not necessarily achieved due to precision loss.
{'num1': [151, 71, 554, 164, 133, 539, 130, 258, 140, 163, 87, 144, 578, 173, 172, 141, 195, 541, 474]}
{'num1': [1.94, 0.77, 6.64, 2.2, 1.69, 6.78, 1.94, 3.27, 1.96, 1.99, 0.93, 1.76, 6.87, 2.27, 1.91, 1.89, 2.69, 6.86, 5.62]}
{'num1': [0.9999999999997752, 0.9999999999999996, 0.9999999923415036, 0.9999999999999992, 1.0, 0.9999999996755358, 0.9999999999999994, 0.9999999999456962, 0.9999999999999997, 1.0000000000000002, 0.9999999999999993, 0.999999999999999, 0.9999999732929641, 1.0000000000000004, 0.999999999999999, 0.9999999999999998, 1.0000000000000004, 0.9999999990402733, 0.9999999991988675]}
2024-04-14 17:06:26 num1, D1, Repeat: 20, Loss: 0.518247211091928, Fidelity: 0.481752788908072, 10, 0.06
2024-04-14 17:06:26 num1, D1, Repeat: 20, Loss: 0.016622305474830, Fidelity: 0.983377694525170, 20, 0.16
2024-04-14 17:06:26 num1, D1, Repeat: 20, Loss: 0.002230669988795, Fidelity: 0.997769330011205, 30, 0.28
2024-04-14 17:06:27 num1, D1, Repeat: 20, Loss: 0.000588763576874, Fidelity: 0.999411236423126, 40, 0.41
2024-04-14 17:06:27 num1, D1, Repeat: 20, Loss: 0.000181690829142, Fidelity: 0.999818309170858, 50, 0.52
2024-04-14 17:06:27 num1, D1, Repeat: 20, Loss: 0.000005450395101, Fidelity: 0.999994549604899, 100, 1.16
2024-04-14 17:06:28 num1, D1, Repeat: 20, Loss: 0.000000001800909, Fidelity: 0.999999998199091, 150, 1.78
2024-04-14 17:06:28 Optimal: 0.0, Fidelity: 1.00000000000000000000
2024-04-14 17:06:28 `callback` raised `StopIteration`.
{'num1': [151, 71, 554, 164, 133, 539, 130, 258, 140, 163, 87, 144, 578, 173, 172, 141, 195, 541, 474, 159]}
{'num1': [1.94, 0.77, 6.64, 2.2, 1.69, 6.78, 1.94, 3.27, 1.96, 1.99, 0.93, 1.76, 6.87, 2.27, 1.91, 1.89, 2.69, 6.86, 5.62, 1.9]}
{'num1': [0.9999999999997752, 0.9999999999999996, 0.9999999923415036, 0.9999999999999992, 1.0, 0.9999999996755358, 0.9999999999999994, 0.9999999999456962, 0.9999999999999997, 1.0000000000000002, 0.9999999999999993, 0.999999999999999, 0.9999999732929641, 1.0000000000000004, 0.999999999999999, 0.9999999999999998, 1.0000000000000004, 0.9999999990402733, 0.9999999991988675, 1.0]}
2024-04-14 17:06:28 num1 D=1 L=2 finish
