2024-01-18 03:15:53 Energy list: [-5.999999908805371]
2024-01-18 03:15:54 Number of qubits: 10
2024-01-18 03:15:54 Number of params: 408
2024-01-18 03:15:54 Number of gates: 2216
2024-01-18 03:15:54 Simulator: mqvector, Method: BFGS
2024-01-18 03:15:54 vec0, Loss: 0.926330060209703, Fidelity: 0.073669939790297, 10, 0.25
2024-01-18 03:15:54 vec0, Loss: 0.051124184718835, Fidelity: 0.948875815281165, 20, 0.48
2024-01-18 03:15:54 vec0, Loss: 0.006349433733841, Fidelity: 0.993650566266159, 30, 0.72
2024-01-18 03:15:55 vec0, Loss: 0.001184648812496, Fidelity: 0.998815351187504, 40, 1.04
2024-01-18 03:15:55 vec0, Loss: 0.000638701803615, Fidelity: 0.999361298196385, 50, 1.34
2024-01-18 03:15:55 vec0, Loss: 0.000535049004693, Fidelity: 0.999464950995307, 60, 1.62
2024-01-18 03:15:55 vec0, Loss: 0.000490806293976, Fidelity: 0.999509193706024, 70, 1.92
2024-01-18 03:15:56 vec0, Loss: 0.000421068497427, Fidelity: 0.999578931502573, 80, 2.17
2024-01-18 03:15:56 vec0, Loss: 0.000371571057041, Fidelity: 0.999628428942959, 90, 2.45
2024-01-18 03:15:56 vec0, Loss: 0.000312949398318, Fidelity: 0.999687050601682, 100, 2.73
2024-01-18 03:15:57 vec0, Loss: 0.000293460117176, Fidelity: 0.999706539882824, 110, 3.02
2024-01-18 03:15:57 vec0, Loss: 0.000266258644491, Fidelity: 0.999733741355509, 120, 3.31
2024-01-18 03:15:57 vec0, Loss: 0.000251010577835, Fidelity: 0.999748989422165, 130, 3.61
2024-01-18 03:15:57 vec0, Loss: 0.000210973045242, Fidelity: 0.999789026954758, 140, 3.87
2024-01-18 03:15:58 vec0, Loss: 0.000199229380416, Fidelity: 0.999800770619584, 150, 4.18
2024-01-18 03:15:58 vec0, Loss: 0.000162122686656, Fidelity: 0.999837877313344, 160, 4.45
2024-01-18 03:15:58 vec0, Loss: 0.000150859951408, Fidelity: 0.999849140048592, 170, 4.71
2024-01-18 03:15:59 vec0, Loss: 0.000137902336349, Fidelity: 0.999862097663651, 180, 4.98
2024-01-18 03:15:59 vec0, Loss: 0.000114621669744, Fidelity: 0.999885378330256, 190, 5.26
2024-01-18 03:15:59 vec0, Loss: 0.000109230452133, Fidelity: 0.999890769547867, 200, 5.52
2024-01-18 03:15:59 vec0, Loss: 0.000098327581671, Fidelity: 0.999901672418329, 210, 5.77
2024-01-18 03:16:00 vec0, Loss: 0.000093349125009, Fidelity: 0.999906650874991, 220, 6.08
2024-01-18 03:16:00 vec0, Loss: 0.000089573588471, Fidelity: 0.999910426411529, 230, 6.35
2024-01-18 03:16:00 vec0, Loss: 0.000076475800976, Fidelity: 0.999923524199024, 240, 6.60
2024-01-18 03:16:00 vec0, Loss: 0.000072804664607, Fidelity: 0.999927195335393, 250, 6.87
2024-01-18 03:16:01 vec0, Loss: 0.000065131667025, Fidelity: 0.999934868332975, 260, 7.12
2024-01-18 03:16:01 vec0, Loss: 0.000050362341934, Fidelity: 0.999949637658066, 270, 7.37
2024-01-18 03:16:01 vec0, Loss: 0.000044896246833, Fidelity: 0.999955103753167, 280, 7.65
2024-01-18 03:16:01 vec0, Loss: 0.000034601481310, Fidelity: 0.999965398518690, 290, 7.91
2024-01-18 03:16:02 vec0, Loss: 0.000031856817137, Fidelity: 0.999968143182863, 300, 8.22
2024-01-18 03:16:02 vec0, Loss: 0.000027618613903, Fidelity: 0.999972381386097, 310, 8.50
2024-01-18 03:16:02 vec0, Loss: 0.000021297854914, Fidelity: 0.999978702145086, 320, 8.77
2024-01-18 03:16:03 vec0, Loss: 0.000019843662650, Fidelity: 0.999980156337350, 330, 9.04
2024-01-18 03:16:03 vec0, Loss: 0.000016581079846, Fidelity: 0.999983418920154, 340, 9.31
2024-01-18 03:16:03 vec0, Loss: 0.000015449734273, Fidelity: 0.999984550265727, 350, 9.59
2024-01-18 03:16:03 vec0, Loss: 0.000014266528237, Fidelity: 0.999985733471763, 360, 9.86
2024-01-18 03:16:04 vec0, Loss: 0.000009347193440, Fidelity: 0.999990652806560, 370, 10.14
2024-01-18 03:16:04 vec0, Loss: 0.000008404466133, Fidelity: 0.999991595533867, 380, 10.39
2024-01-18 03:16:04 vec0, Loss: 0.000008264686355, Fidelity: 0.999991735313645, 390, 10.65
2024-01-18 03:16:05 vec0, Loss: 0.000007402438730, Fidelity: 0.999992597561270, 400, 10.96
2024-01-18 03:16:05 vec0, Loss: 0.000005663827472, Fidelity: 0.999994336172528, 410, 11.24
2024-01-18 03:16:05 vec0, Loss: 0.000005486320038, Fidelity: 0.999994513679962, 420, 11.50
2024-01-18 03:16:05 vec0, Loss: 0.000005253973926, Fidelity: 0.999994746026074, 430, 11.77
2024-01-18 03:16:06 vec0, Loss: 0.000004940747590, Fidelity: 0.999995059252410, 440, 12.06
2024-01-18 03:16:06 vec0, Loss: 0.000003609290290, Fidelity: 0.999996390709710, 450, 12.32
2024-01-18 03:16:06 vec0, Loss: 0.000003017790523, Fidelity: 0.999996982209477, 460, 12.59
2024-01-18 03:16:06 vec0, Loss: 0.000002690670408, Fidelity: 0.999997309329592, 470, 12.87
2024-01-18 03:16:07 vec0, Loss: 0.000002631781951, Fidelity: 0.999997368218049, 480, 13.16
2024-01-18 03:16:07 vec0, Loss: 0.000002400992496, Fidelity: 0.999997599007504, 490, 13.46
2024-01-18 03:16:07 vec0, Loss: 0.000001522868916, Fidelity: 0.999998477131084, 500, 13.77
2024-01-18 03:16:08 vec0, Loss: 0.000001496251605, Fidelity: 0.999998503748395, 510, 14.07
2024-01-18 03:16:08 vec0, Loss: 0.000001248888081, Fidelity: 0.999998751111919, 520, 14.35
2024-01-18 03:16:08 vec0, Loss: 0.000001079302235, Fidelity: 0.999998920697765, 530, 14.61
2024-01-18 03:16:08 vec0, Loss: 0.000001054204398, Fidelity: 0.999998945795602, 540, 14.87
2024-01-18 03:16:09 vec0, Loss: 0.000000675897669, Fidelity: 0.999999324102331, 550, 15.14
2024-01-18 03:16:09 vec0, Loss: 0.000000625752212, Fidelity: 0.999999374247788, 560, 15.41
2024-01-18 03:16:09 vec0, Loss: 0.000000591388007, Fidelity: 0.999999408611993, 570, 15.68
2024-01-18 03:16:10 vec0, Loss: 0.000000441749197, Fidelity: 0.999999558250803, 580, 15.96
2024-01-18 03:16:10 vec0, Loss: 0.000000435320514, Fidelity: 0.999999564679486, 590, 16.24
2024-01-18 03:16:10 vec0, Loss: 0.000000335290201, Fidelity: 0.999999664709799, 600, 16.50
2024-01-18 03:16:10 vec0, Loss: 0.000000228005178, Fidelity: 0.999999771994822, 610, 16.78
2024-01-18 03:16:11 vec0, Loss: 0.000000223621777, Fidelity: 0.999999776378223, 620, 17.07
2024-01-18 03:16:11 vec0, Loss: 0.000000201780923, Fidelity: 0.999999798219077, 630, 17.38
2024-01-18 03:16:11 vec0, Loss: 0.000000150278713, Fidelity: 0.999999849721287, 640, 17.68
2024-01-18 03:16:12 vec0, Loss: 0.000000147761935, Fidelity: 0.999999852238065, 650, 17.98
2024-01-18 03:16:12 vec0, Loss: 0.000000100967884, Fidelity: 0.999999899032116, 660, 18.28
2024-01-18 03:16:12 vec0, Loss: 0.000000099111467, Fidelity: 0.999999900888533, 670, 18.56
2024-01-18 03:16:12 vec0, Loss: 0.000000084673020, Fidelity: 0.999999915326980, 680, 18.81
2024-01-18 03:16:13 vec0, Loss: 0.000000077485467, Fidelity: 0.999999922514533, 690, 19.08
2024-01-18 03:16:13 vec0, Loss: 0.000000072669829, Fidelity: 0.999999927330171, 700, 19.38
2024-01-18 03:16:13 vec0, Loss: 0.000000067305765, Fidelity: 0.999999932694235, 710, 19.64
2024-01-18 03:16:13 vec0, Loss: 0.000000062816094, Fidelity: 0.999999937183906, 720, 19.91
2024-01-18 03:16:14 vec0, Loss: 0.000000056199023, Fidelity: 0.999999943800977, 730, 20.17
2024-01-18 03:16:14 vec0, Loss: 0.000000054286204, Fidelity: 0.999999945713796, 740, 20.45
2024-01-18 03:16:14 vec0, Loss: 0.000000047796477, Fidelity: 0.999999952203523, 750, 20.73
2024-01-18 03:16:15 vec0, Loss: 0.000000047322437, Fidelity: 0.999999952677563, 760, 21.07
2024-01-18 03:16:15 vec0, Loss: 0.000000041860171, Fidelity: 0.999999958139829, 770, 21.39
2024-01-18 03:16:15 vec0, Loss: 0.000000041777765, Fidelity: 0.999999958222235, 780, 21.67
2024-01-18 03:16:16 vec0, Loss: 0.000000039394886, Fidelity: 0.999999960605114, 790, 21.93
2024-01-18 03:16:16 vec0, Loss: 0.000000039358836, Fidelity: 0.999999960641164, 800, 22.25
2024-01-18 03:16:16 vec0, Loss: 0.000000038275988, Fidelity: 0.999999961724012, 810, 22.53
2024-01-18 03:16:16 vec0, Loss: 0.000000038208165, Fidelity: 0.999999961791835, 820, 22.81
2024-01-18 03:16:17 vec0, Loss: 0.000000035866158, Fidelity: 0.999999964133842, 830, 23.08
2024-01-18 03:16:17 vec0, Loss: 0.000000035809045, Fidelity: 0.999999964190955, 840, 23.38
2024-01-18 03:16:17 vec0, Loss: 0.000000033677963, Fidelity: 0.999999966322037, 850, 23.63
2024-01-18 03:16:17 vec0, Loss: 0.000000033529604, Fidelity: 0.999999966470396, 860, 23.89
2024-01-18 03:16:18 vec0, Loss: 0.000000032691026, Fidelity: 0.999999967308974, 870, 24.15
2024-01-18 03:16:18 vec0, Loss: 0.000000032593117, Fidelity: 0.999999967406883, 880, 24.44
2024-01-18 03:16:18 vec0, Loss: 0.000000031906804, Fidelity: 0.999999968093196, 890, 24.70
2024-01-18 03:16:19 vec0, Loss: 0.000000031756595, Fidelity: 0.999999968243405, 900, 24.97
2024-01-18 03:16:19 vec0, Loss: 0.000000031216973, Fidelity: 0.999999968783027, 910, 25.27
2024-01-18 03:16:19 vec0, Loss: 0.000000030973769, Fidelity: 0.999999969026231, 920, 25.56
2024-01-18 03:16:19 vec0, Loss: 0.000000030837929, Fidelity: 0.999999969162071, 930, 25.83
2024-01-18 03:16:20 vec0, Loss: 0.000000030665246, Fidelity: 0.999999969334754, 940, 26.10
2024-01-18 03:16:20 vec0, Loss: 0.000000030349701, Fidelity: 0.999999969650299, 950, 26.40
2024-01-18 03:16:20 vec0, Loss: 0.000000030035627, Fidelity: 0.999999969964373, 960, 26.67
2024-01-18 03:16:21 vec0, Loss: 0.000000029966958, Fidelity: 0.999999970033042, 970, 26.97
2024-01-18 03:16:21 vec0, Loss: 0.000000029326363, Fidelity: 0.999999970673637, 980, 27.26
2024-01-18 03:16:21 vec0, Loss: 0.000000029315686, Fidelity: 0.999999970684314, 990, 27.53
2024-01-18 03:16:21 vec0, Loss: 0.000000027664196, Fidelity: 0.999999972335804, 1000, 27.81
2024-01-18 03:16:22 vec0, Loss: 0.000000026298537, Fidelity: 0.999999973701463, 1010, 28.08
2024-01-18 03:16:22 vec0, Loss: 0.000000025895353, Fidelity: 0.999999974104647, 1020, 28.34
2024-01-18 03:16:22 Maximum number of iterations has been exceeded.
2024-01-18 03:16:22 Optimal: 2.5885515619883392e-08, Fidelity: 0.99999997411448438012
2024-01-18 03:16:22 vec0: [0.9999999741144844]
2024-01-18 03:16:22 Runtime: 28.5508s, 0.4758m, 0.0079h, Iter: 1026
2024-01-18 03:18:22 Energy list: [-5.999999908805371]
2024-01-18 03:18:22 Number of qubits: 10
2024-01-18 03:18:22 Number of params: 408
2024-01-18 03:18:22 Number of gates: 2216
2024-01-18 03:18:22 Simulator: mqvector, Method: BFGS
2024-01-18 03:18:23 vec0, Loss: 0.200839675130949, Fidelity: 0.799160324869051, 10, 0.32
2024-01-18 03:18:23 vec0, Loss: 0.008475175400997, Fidelity: 0.991524824599003, 20, 0.58
2024-01-18 03:18:23 vec0, Loss: 0.000654756276998, Fidelity: 0.999345243723002, 30, 0.82
2024-01-18 03:18:23 vec0, Loss: 0.000386620335015, Fidelity: 0.999613379664985, 40, 1.11
2024-01-18 03:18:24 vec0, Loss: 0.000351904027357, Fidelity: 0.999648095972643, 50, 1.41
2024-01-18 03:18:24 vec0, Loss: 0.000284448959240, Fidelity: 0.999715551040760, 60, 1.67
2024-01-18 03:18:24 vec0, Loss: 0.000267615669986, Fidelity: 0.999732384330014, 70, 1.94
2024-01-18 03:18:24 vec0, Loss: 0.000262205807801, Fidelity: 0.999737794192199, 80, 2.20
2024-01-18 03:18:25 vec0, Loss: 0.000256952179828, Fidelity: 0.999743047820172, 90, 2.51
2024-01-18 03:18:25 vec0, Loss: 0.000250364060214, Fidelity: 0.999749635939786, 100, 2.76
2024-01-18 03:18:25 vec0, Loss: 0.000242261995925, Fidelity: 0.999757738004075, 110, 3.03
2024-01-18 03:18:26 vec0, Loss: 0.000208014989516, Fidelity: 0.999791985010484, 120, 3.26
2024-01-18 03:18:26 vec0, Loss: 0.000194107331714, Fidelity: 0.999805892668286, 130, 3.56
2024-01-18 03:18:26 vec0, Loss: 0.000182214349724, Fidelity: 0.999817785650276, 140, 3.83
2024-01-18 03:18:26 vec0, Loss: 0.000170295814586, Fidelity: 0.999829704185414, 150, 4.06
2024-01-18 03:18:27 vec0, Loss: 0.000162314861124, Fidelity: 0.999837685138876, 160, 4.33
2024-01-18 03:18:27 vec0, Loss: 0.000146040263086, Fidelity: 0.999853959736914, 170, 4.62
2024-01-18 03:18:27 vec0, Loss: 0.000139071639389, Fidelity: 0.999860928360611, 180, 4.93
2024-01-18 03:18:27 vec0, Loss: 0.000135065358023, Fidelity: 0.999864934641977, 190, 5.20
2024-01-18 03:18:28 vec0, Loss: 0.000127258132621, Fidelity: 0.999872741867379, 200, 5.45
2024-01-18 03:18:28 vec0, Loss: 0.000118762575320, Fidelity: 0.999881237424680, 210, 5.73
2024-01-18 03:18:28 vec0, Loss: 0.000108648278562, Fidelity: 0.999891351721438, 220, 5.99
2024-01-18 03:18:29 vec0, Loss: 0.000103952996866, Fidelity: 0.999896047003134, 230, 6.27
2024-01-18 03:18:29 vec0, Loss: 0.000096966960521, Fidelity: 0.999903033039479, 240, 6.54
2024-01-18 03:18:29 vec0, Loss: 0.000084736647159, Fidelity: 0.999915263352841, 250, 6.79
2024-01-18 03:18:29 vec0, Loss: 0.000075423477215, Fidelity: 0.999924576522785, 260, 7.04
2024-01-18 03:18:30 vec0, Loss: 0.000066857147542, Fidelity: 0.999933142852458, 270, 7.29
2024-01-18 03:18:30 vec0, Loss: 0.000063302900285, Fidelity: 0.999936697099715, 280, 7.60
2024-01-18 03:18:30 vec0, Loss: 0.000061878366509, Fidelity: 0.999938121633491, 290, 7.85
2024-01-18 03:18:30 vec0, Loss: 0.000059643381607, Fidelity: 0.999940356618393, 300, 8.13
2024-01-18 03:18:31 vec0, Loss: 0.000057643951492, Fidelity: 0.999942356048508, 310, 8.37
2024-01-18 03:18:31 vec0, Loss: 0.000056053071812, Fidelity: 0.999943946928188, 320, 8.65
2024-01-18 03:18:31 vec0, Loss: 0.000053637286762, Fidelity: 0.999946362713238, 330, 8.92
2024-01-18 03:18:31 vec0, Loss: 0.000049887997691, Fidelity: 0.999950112002309, 340, 9.17
2024-01-18 03:18:32 vec0, Loss: 0.000045708689841, Fidelity: 0.999954291310159, 350, 9.41
2024-01-18 03:18:32 vec0, Loss: 0.000041139008443, Fidelity: 0.999958860991557, 360, 9.69
2024-01-18 03:18:32 vec0, Loss: 0.000037761021629, Fidelity: 0.999962238978371, 370, 9.95
2024-01-18 03:18:33 vec0, Loss: 0.000034521453360, Fidelity: 0.999965478546640, 380, 10.22
2024-01-18 03:18:33 vec0, Loss: 0.000029797274264, Fidelity: 0.999970202725736, 390, 10.53
2024-01-18 03:18:33 vec0, Loss: 0.000028242104434, Fidelity: 0.999971757895566, 400, 10.82
2024-01-18 03:18:33 vec0, Loss: 0.000026104111683, Fidelity: 0.999973895888317, 410, 11.10
2024-01-18 03:18:34 vec0, Loss: 0.000025570306138, Fidelity: 0.999974429693862, 420, 11.37
2024-01-18 03:18:34 vec0, Loss: 0.000024169800610, Fidelity: 0.999975830199390, 430, 11.67
2024-01-18 03:18:34 vec0, Loss: 0.000022594435499, Fidelity: 0.999977405564501, 440, 11.93
2024-01-18 03:18:34 vec0, Loss: 0.000020332023017, Fidelity: 0.999979667976983, 450, 12.16
2024-01-18 03:18:35 vec0, Loss: 0.000019622008557, Fidelity: 0.999980377991443, 460, 12.53
2024-01-18 03:18:35 vec0, Loss: 0.000018491958178, Fidelity: 0.999981508041822, 470, 12.79
2024-01-18 03:18:35 vec0, Loss: 0.000017427889711, Fidelity: 0.999982572110289, 480, 13.05
2024-01-18 03:18:36 vec0, Loss: 0.000014604629501, Fidelity: 0.999985395370499, 490, 13.31
2024-01-18 03:18:36 vec0, Loss: 0.000013070221154, Fidelity: 0.999986929778846, 500, 13.57
2024-01-18 03:18:36 vec0, Loss: 0.000012001130766, Fidelity: 0.999987998869234, 510, 13.85
2024-01-18 03:18:36 vec0, Loss: 0.000009786126741, Fidelity: 0.999990213873259, 520, 14.15
2024-01-18 03:18:37 vec0, Loss: 0.000009037547764, Fidelity: 0.999990962452236, 530, 14.46
2024-01-18 03:18:37 vec0, Loss: 0.000008809192716, Fidelity: 0.999991190807284, 540, 14.78
2024-01-18 03:18:37 vec0, Loss: 0.000008401748569, Fidelity: 0.999991598251431, 550, 15.06
2024-01-18 03:18:38 vec0, Loss: 0.000007459481620, Fidelity: 0.999992540518380, 560, 15.34
2024-01-18 03:18:38 vec0, Loss: 0.000006846899415, Fidelity: 0.999993153100585, 570, 15.61
2024-01-18 03:18:38 vec0, Loss: 0.000006113820995, Fidelity: 0.999993886179005, 580, 15.89
2024-01-18 03:18:38 vec0, Loss: 0.000005219561480, Fidelity: 0.999994780438520, 590, 16.15
2024-01-18 03:18:39 vec0, Loss: 0.000004554642331, Fidelity: 0.999995445357669, 600, 16.42
2024-01-18 03:18:39 vec0, Loss: 0.000004330077103, Fidelity: 0.999995669922897, 610, 16.70
2024-01-18 03:18:39 vec0, Loss: 0.000004223932654, Fidelity: 0.999995776067346, 620, 16.98
2024-01-18 03:18:40 vec0, Loss: 0.000004115824323, Fidelity: 0.999995884175677, 630, 17.29
2024-01-18 03:18:40 vec0, Loss: 0.000003647079595, Fidelity: 0.999996352920405, 640, 17.60
2024-01-18 03:18:40 vec0, Loss: 0.000003451864161, Fidelity: 0.999996548135839, 650, 17.88
2024-01-18 03:18:40 vec0, Loss: 0.000002906418921, Fidelity: 0.999997093581079, 660, 18.18
2024-01-18 03:18:41 vec0, Loss: 0.000002018417698, Fidelity: 0.999997981582302, 670, 18.43
2024-01-18 03:18:41 vec0, Loss: 0.000001940022182, Fidelity: 0.999998059977818, 680, 18.71
2024-01-18 03:18:41 vec0, Loss: 0.000001912896216, Fidelity: 0.999998087103784, 690, 18.98
2024-01-18 03:18:42 vec0, Loss: 0.000001827222676, Fidelity: 0.999998172777324, 700, 19.24
2024-01-18 03:18:42 vec0, Loss: 0.000001339151239, Fidelity: 0.999998660848761, 710, 19.52
2024-01-18 03:18:42 vec0, Loss: 0.000001189471019, Fidelity: 0.999998810528981, 720, 19.81
2024-01-18 03:18:42 vec0, Loss: 0.000001169834725, Fidelity: 0.999998830165275, 730, 20.12
2024-01-18 03:18:43 vec0, Loss: 0.000000933892167, Fidelity: 0.999999066107833, 740, 20.39
2024-01-18 03:18:43 vec0, Loss: 0.000000811541104, Fidelity: 0.999999188458896, 750, 20.67
2024-01-18 03:18:43 vec0, Loss: 0.000000806880346, Fidelity: 0.999999193119654, 760, 20.94
2024-01-18 03:18:43 vec0, Loss: 0.000000767445551, Fidelity: 0.999999232554449, 770, 21.20
2024-01-18 03:18:44 vec0, Loss: 0.000000652491075, Fidelity: 0.999999347508925, 780, 21.47
2024-01-18 03:18:44 vec0, Loss: 0.000000643204611, Fidelity: 0.999999356795389, 790, 21.76
2024-01-18 03:18:44 vec0, Loss: 0.000000623971529, Fidelity: 0.999999376028471, 800, 22.04
2024-01-18 03:18:45 vec0, Loss: 0.000000500200549, Fidelity: 0.999999499799451, 810, 22.31
2024-01-18 03:18:45 vec0, Loss: 0.000000496600173, Fidelity: 0.999999503399827, 820, 22.61
2024-01-18 03:18:45 vec0, Loss: 0.000000472876200, Fidelity: 0.999999527123800, 830, 22.89
2024-01-18 03:18:45 vec0, Loss: 0.000000402399456, Fidelity: 0.999999597600544, 840, 23.16
2024-01-18 03:18:46 vec0, Loss: 0.000000399814529, Fidelity: 0.999999600185471, 850, 23.43
2024-01-18 03:18:46 vec0, Loss: 0.000000397622373, Fidelity: 0.999999602377627, 860, 23.74
2024-01-18 03:18:46 vec0, Loss: 0.000000338572360, Fidelity: 0.999999661427640, 870, 24.01
2024-01-18 03:18:47 vec0, Loss: 0.000000321437638, Fidelity: 0.999999678562362, 880, 24.31
2024-01-18 03:18:47 vec0, Loss: 0.000000320840137, Fidelity: 0.999999679159863, 890, 24.62
2024-01-18 03:18:47 vec0, Loss: 0.000000270669973, Fidelity: 0.999999729330027, 900, 24.90
2024-01-18 03:18:47 vec0, Loss: 0.000000235119343, Fidelity: 0.999999764880657, 910, 25.17
2024-01-18 03:18:48 vec0, Loss: 0.000000231251468, Fidelity: 0.999999768748532, 920, 25.44
2024-01-18 03:18:48 vec0, Loss: 0.000000230596898, Fidelity: 0.999999769403102, 930, 25.73
2024-01-18 03:18:48 vec0, Loss: 0.000000217463198, Fidelity: 0.999999782536802, 940, 26.01
2024-01-18 03:18:49 vec0, Loss: 0.000000168673396, Fidelity: 0.999999831326604, 950, 26.31
2024-01-18 03:18:49 vec0, Loss: 0.000000163977239, Fidelity: 0.999999836022761, 960, 26.59
2024-01-18 03:18:49 vec0, Loss: 0.000000162010496, Fidelity: 0.999999837989504, 970, 26.90
2024-01-18 03:18:49 vec0, Loss: 0.000000160805720, Fidelity: 0.999999839194280, 980, 27.17
2024-01-18 03:18:50 vec0, Loss: 0.000000135367164, Fidelity: 0.999999864632836, 990, 27.40
2024-01-18 03:18:50 vec0, Loss: 0.000000123766010, Fidelity: 0.999999876233990, 1000, 27.67
2024-01-18 03:18:50 vec0, Loss: 0.000000123101073, Fidelity: 0.999999876898927, 1010, 27.95
2024-01-18 03:18:51 vec0, Loss: 0.000000122333307, Fidelity: 0.999999877666693, 1020, 28.23
2024-01-18 03:18:51 vec0, Loss: 0.000000112651591, Fidelity: 0.999999887348409, 1030, 28.50
2024-01-18 03:18:51 vec0, Loss: 0.000000081079777, Fidelity: 0.999999918920223, 1040, 28.77
2024-01-18 03:18:51 Maximum number of iterations has been exceeded.
2024-01-18 03:18:51 Optimal: 7.457060913207414e-08, Fidelity: 0.99999992542939086793
2024-01-18 03:18:51 vec0: [0.9999999254293909]
2024-01-18 03:18:51 Runtime: 29.0356s, 0.4839m, 0.0081h, Iter: 1049
2024-01-18 03:26:20 Energy list: [-5.999999908805371, -6.004217920606074, -6.014180548149322, -6.043274497981361, -6.1108115875319395, -6.211124968820009, -6.287094733330465, -6.316547769220902, -6.324575807342485, -6.326653340549671, -6.327222238947458, -6.327390512340518, -6.327444226354097, -6.327462635349257, -6.327469371992763, -6.327471990713322, -6.32747306702712, -6.327473532792277, -6.327473744200753]
2024-01-18 03:26:20 Number of qubits: 10
2024-01-18 03:26:20 Number of params: 408
2024-01-18 03:26:20 Number of gates: 2216
2024-01-18 03:26:20 Simulator: mqvector, Method: BFGS
2024-01-18 03:26:33 Energy list: [-5.999999908805371, -6.004217920606074, -6.014180548149322, -6.043274497981361, -6.1108115875319395, -6.211124968820009, -6.287094733330465, -6.316547769220902, -6.324575807342485, -6.326653340549671, -6.327222238947458, -6.327390512340518, -6.327444226354097, -6.327462635349257, -6.327469371992763, -6.327471990713322, -6.32747306702712, -6.327473532792277, -6.327473744200753]
2024-01-18 03:26:33 Number of qubits: 14
2024-01-18 03:26:33 Number of params: 612
2024-01-18 03:26:33 Number of gates: 3324
2024-01-18 03:26:33 Simulator: mqvector, Method: BFGS
2024-01-18 03:26:37 vec0, Loss: 0.984491267702556, Fidelity: 0.015508732297444, 10, 2.70
2024-01-18 03:26:39 vec0, Loss: 0.861885475522036, Fidelity: 0.138114524477964, 20, 5.04
2024-01-18 03:26:43 vec0, Loss: 0.537380052321131, Fidelity: 0.462619947678869, 30, 8.24
2024-01-18 03:26:47 vec0, Loss: 0.473227157291089, Fidelity: 0.526772842708911, 40, 12.20
2024-01-18 03:26:51 vec0, Loss: 0.441912273931411, Fidelity: 0.558087726068589, 50, 17.09
2024-01-18 03:26:56 vec0, Loss: 0.385727572306286, Fidelity: 0.614272427693714, 60, 21.88
2024-01-18 03:27:01 vec0, Loss: 0.223268155740958, Fidelity: 0.776731844259042, 70, 26.33
2024-01-18 03:27:05 vec0, Loss: 0.139033237838958, Fidelity: 0.860966762161042, 80, 30.78
2024-01-18 03:27:10 vec0, Loss: 0.117936344332418, Fidelity: 0.882063655667582, 90, 35.40
2024-01-18 03:27:14 vec0, Loss: 0.090143384242675, Fidelity: 0.909856615757325, 100, 39.88
2024-01-18 03:27:19 vec0, Loss: 0.075950837965608, Fidelity: 0.924049162034392, 110, 44.22
2024-01-18 03:27:23 vec0, Loss: 0.070852059217954, Fidelity: 0.929147940782046, 120, 48.37
2024-01-18 03:27:27 vec0, Loss: 0.068238956196380, Fidelity: 0.931761043803620, 130, 52.80
2024-01-18 03:27:32 vec0, Loss: 0.066655223717823, Fidelity: 0.933344776282177, 140, 57.37
2024-01-18 03:27:36 vec0, Loss: 0.065782863015156, Fidelity: 0.934217136984844, 150, 61.81
2024-01-18 03:27:40 vec0, Loss: 0.064679334799171, Fidelity: 0.935320665200829, 160, 66.18
2024-01-18 03:27:45 vec0, Loss: 0.060413702169278, Fidelity: 0.939586297830722, 170, 71.01
2024-01-18 03:27:50 vec0, Loss: 0.053770398314059, Fidelity: 0.946229601685941, 180, 75.47
2024-01-18 03:27:54 vec0, Loss: 0.050222317942826, Fidelity: 0.949777682057174, 190, 79.96
2024-01-18 03:27:59 vec0, Loss: 0.044805229058142, Fidelity: 0.955194770941858, 200, 84.41
2024-01-18 03:28:03 vec0, Loss: 0.037689091587415, Fidelity: 0.962310908412585, 210, 88.70
2024-01-18 03:28:07 vec0, Loss: 0.033378756910413, Fidelity: 0.966621243089587, 220, 93.16
2024-01-18 03:28:12 vec0, Loss: 0.029938793251608, Fidelity: 0.970061206748392, 230, 97.40
2024-01-18 03:28:16 vec0, Loss: 0.028681076600379, Fidelity: 0.971318923399621, 240, 101.89
2024-01-18 03:28:21 vec0, Loss: 0.028401559196675, Fidelity: 0.971598440803325, 250, 106.50
2024-01-18 03:28:25 vec0, Loss: 0.028233411460978, Fidelity: 0.971766588539022, 260, 110.96
2024-01-18 03:28:30 vec0, Loss: 0.028089255585349, Fidelity: 0.971910744414651, 270, 115.80
2024-01-18 03:28:34 vec0, Loss: 0.028011934469271, Fidelity: 0.971988065530729, 280, 119.94
2024-01-18 03:28:39 vec0, Loss: 0.027970240196695, Fidelity: 0.972029759803305, 290, 124.52
2024-01-18 03:28:43 vec0, Loss: 0.027960001208937, Fidelity: 0.972039998791063, 300, 128.88
2024-01-18 03:28:48 vec0, Loss: 0.027953052116660, Fidelity: 0.972046947883340, 310, 133.72
2024-01-18 03:28:53 vec0, Loss: 0.027947915336643, Fidelity: 0.972052084663357, 320, 138.24
2024-01-18 03:28:57 vec0, Loss: 0.027943096563904, Fidelity: 0.972056903436096, 330, 142.49
2024-01-18 03:29:01 vec0, Loss: 0.027938294590078, Fidelity: 0.972061705409922, 340, 146.94
2024-01-18 03:29:05 vec0, Loss: 0.027932220866243, Fidelity: 0.972067779133757, 350, 151.08
2024-01-18 03:29:10 vec0, Loss: 0.027926941783115, Fidelity: 0.972073058216885, 360, 155.25
2024-01-18 03:29:14 vec0, Loss: 0.027923759978378, Fidelity: 0.972076240021622, 370, 159.51
2024-01-18 03:29:18 vec0, Loss: 0.027920077357168, Fidelity: 0.972079922642832, 380, 163.76
2024-01-18 03:29:22 vec0, Loss: 0.027916318087735, Fidelity: 0.972083681912265, 390, 168.19
2024-01-18 03:29:27 vec0, Loss: 0.027912927697967, Fidelity: 0.972087072302033, 400, 172.48
2024-01-18 03:29:31 vec0, Loss: 0.027908279991770, Fidelity: 0.972091720008230, 410, 176.57
2024-01-18 03:29:35 vec0, Loss: 0.027903056755654, Fidelity: 0.972096943244346, 420, 180.89
2024-01-18 03:29:40 vec0, Loss: 0.027899244971630, Fidelity: 0.972100755028370, 430, 185.29
2024-01-18 03:29:44 vec0, Loss: 0.027896034643251, Fidelity: 0.972103965356749, 440, 189.56
2024-01-18 03:29:48 vec0, Loss: 0.027893634196084, Fidelity: 0.972106365803916, 450, 193.79
2024-01-18 03:29:53 vec0, Loss: 0.027891721637081, Fidelity: 0.972108278362919, 460, 198.33
2024-01-18 03:29:57 vec0, Loss: 0.027890129692997, Fidelity: 0.972109870307003, 470, 202.78
2024-01-18 03:30:01 vec0, Loss: 0.027886714459914, Fidelity: 0.972113285540086, 480, 206.82
2024-01-18 03:30:06 vec0, Loss: 0.027884632218221, Fidelity: 0.972115367781779, 490, 211.43
2024-01-18 03:30:10 vec0, Loss: 0.027883241006406, Fidelity: 0.972116758993594, 500, 215.76
2024-01-18 03:30:14 vec0, Loss: 0.027881843368767, Fidelity: 0.972118156631233, 510, 219.94
2024-01-18 03:30:19 vec0, Loss: 0.027880641303579, Fidelity: 0.972119358696421, 520, 224.38
2024-01-18 03:30:23 vec0, Loss: 0.027878963940830, Fidelity: 0.972121036059170, 530, 228.70
2024-01-18 03:30:28 vec0, Loss: 0.027877393546047, Fidelity: 0.972122606453953, 540, 233.25
2024-01-18 03:30:32 vec0, Loss: 0.027875608905608, Fidelity: 0.972124391094392, 550, 237.30
2024-01-18 03:30:36 vec0, Loss: 0.027874012683481, Fidelity: 0.972125987316519, 560, 241.68
2024-01-18 03:30:40 vec0, Loss: 0.027872257438420, Fidelity: 0.972127742561580, 570, 246.16
2024-01-18 03:30:45 vec0, Loss: 0.027869898268111, Fidelity: 0.972130101731889, 580, 250.39
2024-01-18 03:30:49 vec0, Loss: 0.027868414189978, Fidelity: 0.972131585810022, 590, 254.41
2024-01-18 03:30:53 vec0, Loss: 0.027867691461323, Fidelity: 0.972132308538677, 600, 258.90
2024-01-18 03:30:57 vec0, Loss: 0.027866578489289, Fidelity: 0.972133421510711, 610, 263.18
2024-01-18 03:31:02 vec0, Loss: 0.027865330827053, Fidelity: 0.972134669172947, 620, 267.43
2024-01-18 03:31:06 vec0, Loss: 0.027864493822989, Fidelity: 0.972135506177011, 630, 271.96
2024-01-18 03:31:11 vec0, Loss: 0.027863971119526, Fidelity: 0.972136028880474, 640, 276.39
2024-01-18 03:31:15 vec0, Loss: 0.027863525369346, Fidelity: 0.972136474630654, 650, 280.90
2024-01-18 03:31:20 vec0, Loss: 0.027862860813709, Fidelity: 0.972137139186291, 660, 285.22
2024-01-18 03:31:24 vec0, Loss: 0.027862142107253, Fidelity: 0.972137857892747, 670, 289.45
2024-01-18 03:31:28 vec0, Loss: 0.027861821919515, Fidelity: 0.972138178080485, 680, 294.14
2024-01-18 03:31:33 vec0, Loss: 0.027861287826732, Fidelity: 0.972138712173268, 690, 298.77
2024-01-18 03:31:38 vec0, Loss: 0.027861082901596, Fidelity: 0.972138917098404, 700, 303.26
2024-01-18 03:31:42 vec0, Loss: 0.027860891969434, Fidelity: 0.972139108030566, 710, 307.94
2024-01-18 03:31:46 vec0, Loss: 0.027859372326595, Fidelity: 0.972140627673405, 720, 312.06
2024-01-18 03:31:51 vec0, Loss: 0.027859062778662, Fidelity: 0.972140937221338, 730, 316.55
2024-01-18 03:31:55 vec0, Loss: 0.027858426873685, Fidelity: 0.972141573126315, 740, 320.78
2024-01-18 03:32:00 vec0, Loss: 0.027858183379823, Fidelity: 0.972141816620177, 750, 325.57
2024-01-18 03:32:04 vec0, Loss: 0.027857796553928, Fidelity: 0.972142203446072, 760, 330.09
2024-01-18 03:32:09 vec0, Loss: 0.027857480373144, Fidelity: 0.972142519626856, 770, 334.41
2024-01-18 03:32:13 vec0, Loss: 0.027857230070500, Fidelity: 0.972142769929500, 780, 338.81
2024-01-18 03:32:18 vec0, Loss: 0.027856576420557, Fidelity: 0.972143423579443, 790, 343.24
2024-01-18 03:32:22 vec0, Loss: 0.027856501716200, Fidelity: 0.972143498283800, 800, 347.98
2024-01-18 03:32:27 vec0, Loss: 0.027855875294097, Fidelity: 0.972144124705903, 810, 352.22
2024-01-18 03:32:31 vec0, Loss: 0.027855486236789, Fidelity: 0.972144513763211, 820, 356.79
2024-01-18 03:32:36 vec0, Loss: 0.027855348791166, Fidelity: 0.972144651208834, 830, 361.53
2024-01-18 03:32:40 vec0, Loss: 0.027854631723433, Fidelity: 0.972145368276567, 840, 365.81
2024-01-18 03:32:46 vec0, Loss: 0.027854403043023, Fidelity: 0.972145596956977, 850, 371.51
2024-01-18 03:32:50 vec0, Loss: 0.027854161334141, Fidelity: 0.972145838665859, 860, 376.00
2024-01-18 03:32:55 vec0, Loss: 0.027853933707742, Fidelity: 0.972146066292258, 870, 381.05
2024-01-18 03:33:00 vec0, Loss: 0.027853626578600, Fidelity: 0.972146373421400, 880, 385.28
2024-01-18 03:33:04 vec0, Loss: 0.027853085414870, Fidelity: 0.972146914585130, 890, 389.75
2024-01-18 03:33:09 vec0, Loss: 0.027853033864278, Fidelity: 0.972146966135722, 900, 394.28
2024-01-18 03:33:13 vec0, Loss: 0.027852747199387, Fidelity: 0.972147252800613, 910, 398.65
2024-01-18 03:33:17 vec0, Loss: 0.027852363655840, Fidelity: 0.972147636344160, 920, 402.99
2024-01-18 03:33:22 vec0, Loss: 0.027852304704426, Fidelity: 0.972147695295574, 930, 407.46
2024-01-18 03:33:26 vec0, Loss: 0.027851949041741, Fidelity: 0.972148050958259, 940, 412.07
2024-01-18 03:33:31 vec0, Loss: 0.027851180417008, Fidelity: 0.972148819582992, 950, 417.19
2024-01-18 03:33:36 vec0, Loss: 0.027850650643688, Fidelity: 0.972149349356312, 960, 421.48
2024-01-18 03:34:23 Energy list: [-5.999999908805371, -6.004217920606074, -6.014180548149322, -6.043274497981361, -6.1108115875319395, -6.211124968820009, -6.287094733330465, -6.316547769220902, -6.324575807342485, -6.326653340549671, -6.327222238947458, -6.327390512340518, -6.327444226354097, -6.327462635349257, -6.327469371992763, -6.327471990713322, -6.32747306702712, -6.327473532792277, -6.327473744200753]
2024-01-18 03:34:23 Number of qubits: 14
2024-01-18 03:34:23 Number of params: 612
2024-01-18 03:34:23 Number of gates: 3324
2024-01-18 03:34:23 Simulator: mqvector, Method: BFGS
2024-01-18 03:34:26 vec1, Loss: 0.999637102087019, Fidelity: 0.000362897912981, 10, 2.27
2024-01-18 03:34:30 vec1, Loss: 0.982745428696539, Fidelity: 0.017254571303461, 20, 5.50
2024-01-18 03:34:35 vec1, Loss: 0.885215937521319, Fidelity: 0.114784062478681, 30, 10.50
2024-01-18 03:34:39 vec1, Loss: 0.745020725847666, Fidelity: 0.254979274152334, 40, 15.23
2024-01-18 03:34:44 vec1, Loss: 0.612954927801360, Fidelity: 0.387045072198640, 50, 19.85
2024-01-18 03:34:49 vec1, Loss: 0.520744863780920, Fidelity: 0.479255136219080, 60, 24.45
2024-01-18 03:34:53 vec1, Loss: 0.504742140863035, Fidelity: 0.495257859136965, 70, 29.14
2024-01-18 03:34:58 vec1, Loss: 0.501958432701767, Fidelity: 0.498041567298233, 80, 33.85
2024-01-18 03:35:02 vec1, Loss: 0.501397526529508, Fidelity: 0.498602473470492, 90, 38.31
2024-01-18 03:35:07 vec1, Loss: 0.501189534093415, Fidelity: 0.498810465906585, 100, 42.90
2024-01-18 03:35:11 vec1, Loss: 0.501098219275244, Fidelity: 0.498901780724756, 110, 47.25
2024-01-18 03:35:16 vec1, Loss: 0.501016315294112, Fidelity: 0.498983684705888, 120, 51.55
2024-01-18 03:35:20 vec1, Loss: 0.500987091028700, Fidelity: 0.499012908971300, 130, 56.27
2024-01-18 03:35:25 vec1, Loss: 0.500979225181620, Fidelity: 0.499020774818380, 140, 61.01
2024-01-18 03:35:30 vec1, Loss: 0.500977734724363, Fidelity: 0.499022265275637, 150, 65.49
2024-01-18 03:35:34 vec1, Loss: 0.500977262557755, Fidelity: 0.499022737442245, 160, 70.07
2024-01-18 03:35:39 vec1, Loss: 0.500976981499643, Fidelity: 0.499023018500357, 170, 74.64
2024-01-18 03:35:44 vec1, Loss: 0.500976645621536, Fidelity: 0.499023354378464, 180, 79.53
2024-01-18 03:35:48 vec1, Loss: 0.500976438473111, Fidelity: 0.499023561526889, 190, 84.02
2024-01-18 03:35:53 vec1, Loss: 0.500975884761096, Fidelity: 0.499024115238904, 200, 88.59
2024-01-18 03:35:58 vec1, Loss: 0.500975628108766, Fidelity: 0.499024371891234, 210, 93.52
2024-01-18 03:36:06 Energy list: [-5.999999908805371, -6.004217920606074, -6.014180548149322, -6.043274497981361, -6.1108115875319395, -6.211124968820009, -6.287094733330465, -6.316547769220902, -6.324575807342485, -6.326653340549671, -6.327222238947458, -6.327390512340518, -6.327444226354097, -6.327462635349257, -6.327469371992763, -6.327471990713322, -6.32747306702712, -6.327473532792277, -6.327473744200753]
2024-01-18 03:36:06 Number of qubits: 14
2024-01-18 03:36:06 Number of params: 612
2024-01-18 03:36:06 Number of gates: 3324
2024-01-18 03:36:06 Simulator: mqvector, Method: BFGS
2024-01-18 03:36:10 vec18, Loss: 0.999153252653254, Fidelity: 0.000846747346746, 10, 2.85
2024-01-18 03:36:13 vec18, Loss: 0.977115304636200, Fidelity: 0.022884695363800, 20, 6.02
2024-01-18 03:36:17 vec18, Loss: 0.843609863923515, Fidelity: 0.156390136076485, 30, 10.40
2024-01-18 03:36:22 vec18, Loss: 0.755106818335509, Fidelity: 0.244893181664491, 40, 14.94
2024-01-18 03:36:26 vec18, Loss: 0.571711440713599, Fidelity: 0.428288559286401, 50, 19.29
2024-01-18 03:36:31 vec18, Loss: 0.513162795494606, Fidelity: 0.486837204505394, 60, 23.63
2024-01-18 03:36:35 vec18, Loss: 0.502486721634484, Fidelity: 0.497513278365516, 70, 28.04
2024-01-18 03:36:40 vec18, Loss: 0.500842581190903, Fidelity: 0.499157418809097, 80, 32.93
2024-01-18 03:36:44 vec18, Loss: 0.500264445456885, Fidelity: 0.499735554543115, 90, 37.21
2024-01-18 03:36:49 vec18, Loss: 0.500072997978830, Fidelity: 0.499927002021170, 100, 41.48
2024-01-18 03:36:53 vec18, Loss: 0.500027762967804, Fidelity: 0.499972237032196, 110, 46.26
2024-01-18 03:36:58 vec18, Loss: 0.500015738968030, Fidelity: 0.499984261031970, 120, 50.54
2024-01-18 03:37:02 vec18, Loss: 0.500007099355177, Fidelity: 0.499992900644823, 130, 54.99
2024-01-18 03:37:07 vec18, Loss: 0.500004797421714, Fidelity: 0.499995202578286, 140, 59.69
2024-01-18 03:37:11 vec18, Loss: 0.500003668267529, Fidelity: 0.499996331732471, 150, 64.00
2024-01-18 03:37:16 vec18, Loss: 0.500002689361194, Fidelity: 0.499997310638806, 160, 68.53
2024-01-18 03:37:20 vec18, Loss: 0.500001312151861, Fidelity: 0.499998687848139, 170, 72.86
2024-01-18 03:37:24 vec18, Loss: 0.500000448068916, Fidelity: 0.499999551931084, 180, 77.02
2024-01-18 03:37:29 vec18, Loss: 0.500000081172747, Fidelity: 0.499999918827253, 190, 81.56
2024-01-18 03:37:33 vec18, Loss: 0.500000011350670, Fidelity: 0.499999988649330, 200, 85.98
2024-01-18 03:37:37 vec18, Loss: 0.500000005277019, Fidelity: 0.499999994722981, 210, 90.23
2024-01-18 03:37:42 vec18, Loss: 0.500000003457250, Fidelity: 0.499999996542750, 220, 95.11
2024-01-18 03:37:47 vec18, Loss: 0.500000002838234, Fidelity: 0.499999997161766, 230, 100.01
2024-01-18 03:37:52 vec18, Loss: 0.500000002727664, Fidelity: 0.499999997272336, 240, 104.65
2024-01-18 03:37:56 vec18, Loss: 0.500000002046300, Fidelity: 0.499999997953700, 250, 109.00
2024-01-18 03:38:00 vec18, Loss: 0.500000000599696, Fidelity: 0.499999999400304, 260, 113.33
2024-01-18 03:38:05 vec18, Loss: 0.500000000459910, Fidelity: 0.499999999540090, 270, 117.84
2024-01-18 03:38:09 vec18, Loss: 0.500000000457964, Fidelity: 0.499999999542036, 280, 122.17
2024-01-18 03:38:14 vec18, Loss: 0.500000000457873, Fidelity: 0.499999999542127, 290, 126.63
2024-01-18 03:38:15 vec18, Loss: 0.500000000457872, Fidelity: 0.499999999542128, 300, 128.42
2024-01-18 03:38:17 vec18, Loss: 0.500000000457873, Fidelity: 0.499999999542127, 310, 130.02
2024-01-18 03:38:17 Desired error not necessarily achieved due to precision loss.
2024-01-18 03:38:17 Optimal: 0.5000000004578722, Fidelity: 0.49999999954212781539
2024-01-18 03:38:17 vec18: [0.4999999995421278]
2024-01-18 03:38:17 Runtime: 130.4560s, 2.1743m, 0.0362h, Iter: 313
