2024-08-22 03:50:57 Number of qubits: 14
2024-08-22 03:50:57 Number of gates: 2112
2024-08-22 03:50:57 Number of params: 612
2024-08-22 03:50:57 Depth of circuit: 424
2024-08-22 03:50:57 Simulator: mqvector_gpu, Method: BFGS
2024-08-22 03:51:02 num1 D5 L1 vec40 r1 Loss: 0.953174941314483 Fidelity: 0.046825058685517 10 4.81
2024-08-22 03:51:09 num1 D5 L1 vec40 r1 Loss: 0.801020805079586 Fidelity: 0.198979194920414 20 11.39
2024-08-22 03:51:16 num1 D5 L1 vec40 r1 Loss: 0.752793660517769 Fidelity: 0.247206339482231 30 18.24
2024-08-22 03:51:23 num1 D5 L1 vec40 r1 Loss: 0.748617058207941 Fidelity: 0.251382941792059 40 25.16
2024-08-22 03:51:29 num1 D5 L1 vec40 r1 Loss: 0.717781283591723 Fidelity: 0.282218716408277 50 31.41
2024-08-22 03:51:35 num1 D5 L1 vec40 r1 Loss: 0.621364686425914 Fidelity: 0.378635313574086 60 37.87
2024-08-22 03:51:42 num1 D5 L1 vec40 r1 Loss: 0.529142802480536 Fidelity: 0.470857197519464 70 44.86
2024-08-22 03:51:50 num1 D5 L1 vec40 r1 Loss: 0.507976305578616 Fidelity: 0.492023694421384 80 52.14
2024-08-22 03:51:57 num1 D5 L1 vec40 r1 Loss: 0.502209895951334 Fidelity: 0.497790104048666 90 59.32
2024-08-22 03:52:04 num1 D5 L1 vec40 r1 Loss: 0.500693565003424 Fidelity: 0.499306434996576 100 66.57
2024-08-22 03:52:11 num1 D5 L1 vec40 r1 Loss: 0.500356611220147 Fidelity: 0.499643388779853 110 73.87
2024-08-22 03:52:19 num1 D5 L1 vec40 r1 Loss: 0.500225237490710 Fidelity: 0.499774762509290 120 81.15
2024-08-22 03:52:26 num1 D5 L1 vec40 r1 Loss: 0.500142196612457 Fidelity: 0.499857803387543 130 88.44
2024-08-22 03:52:33 num1 D5 L1 vec40 r1 Loss: 0.500096892250260 Fidelity: 0.499903107749740 140 95.81
2024-08-22 03:52:41 num1 D5 L1 vec40 r1 Loss: 0.500063287368516 Fidelity: 0.499936712631484 150 103.12
2024-08-22 03:52:48 num1 D5 L1 vec40 r1 Loss: 0.500034981462237 Fidelity: 0.499965018537763 160 110.49
2024-08-22 03:52:55 num1 D5 L1 vec40 r1 Loss: 0.500021731075316 Fidelity: 0.499978268924684 170 117.82
2024-08-22 03:53:03 num1 D5 L1 vec40 r1 Loss: 0.500015522409096 Fidelity: 0.499984477590904 180 125.25
2024-08-22 03:53:10 num1 D5 L1 vec40 r1 Loss: 0.500011958336836 Fidelity: 0.499988041663164 190 132.44
2024-08-22 03:53:17 num1 D5 L1 vec40 r1 Loss: 0.500009608698375 Fidelity: 0.499990391301625 200 139.20
2024-08-22 03:53:24 num1 D5 L1 vec40 r1 Loss: 0.500006438036492 Fidelity: 0.499993561963508 210 146.44
2024-08-22 03:53:31 num1 D5 L1 vec40 r1 Loss: 0.500003940486087 Fidelity: 0.499996059513913 220 153.69
2024-08-22 03:53:39 num1 D5 L1 vec40 r1 Loss: 0.500002519977105 Fidelity: 0.499997480022895 230 160.98
2024-08-22 03:53:46 num1 D5 L1 vec40 r1 Loss: 0.500001720228832 Fidelity: 0.499998279771168 240 168.22
2024-08-22 03:53:53 num1 D5 L1 vec40 r1 Loss: 0.500001145780339 Fidelity: 0.499998854219661 250 175.48
2024-08-22 03:54:00 num1 D5 L1 vec40 r1 Loss: 0.500000785774222 Fidelity: 0.499999214225778 260 182.78
2024-08-22 03:54:08 num1 D5 L1 vec40 r1 Loss: 0.500000721195882 Fidelity: 0.499999278804118 270 189.96
2024-08-22 03:54:15 num1 D5 L1 vec40 r1 Loss: 0.500000679858917 Fidelity: 0.499999320141083 280 197.45
2024-08-22 03:54:22 num1 D5 L1 vec40 r1 Loss: 0.500000639866876 Fidelity: 0.499999360133124 290 204.75
2024-08-22 03:54:29 num1 D5 L1 vec40 r1 Loss: 0.500000576297303 Fidelity: 0.499999423702697 300 211.90
2024-08-22 03:54:37 num1 D5 L1 vec40 r1 Loss: 0.500000471474900 Fidelity: 0.499999528525100 310 219.14
2024-08-22 03:54:44 num1 D5 L1 vec40 r1 Loss: 0.500000396987358 Fidelity: 0.499999603012642 320 226.67
2024-08-22 03:54:52 num1 D5 L1 vec40 r1 Loss: 0.500000354409840 Fidelity: 0.499999645590160 330 234.37
2024-08-22 03:54:59 num1 D5 L1 vec40 r1 Loss: 0.500000264174605 Fidelity: 0.499999735825395 340 241.01
2024-08-22 03:55:06 num1 D5 L1 vec40 r1 Loss: 0.500000226633891 Fidelity: 0.499999773366109 350 248.45
2024-08-22 03:55:14 num1 D5 L1 vec40 r1 Loss: 0.500000216539248 Fidelity: 0.499999783460752 360 255.99
2024-08-22 03:55:21 num1 D5 L1 vec40 r1 Loss: 0.500000182698163 Fidelity: 0.499999817301837 370 263.17
2024-08-22 03:55:29 num1 D5 L1 vec40 r1 Loss: 0.500000177189331 Fidelity: 0.499999822810669 380 271.10
2024-08-22 03:55:35 num1 D5 L1 vec40 r1 Loss: 0.500000115609495 Fidelity: 0.499999884390505 390 277.86
2024-08-22 03:55:42 num1 D5 L1 vec40 r1 Loss: 0.500000114109873 Fidelity: 0.499999885890127 400 284.71
2024-08-22 03:55:49 num1 D5 L1 vec40 r1 Loss: 0.500000055383288 Fidelity: 0.499999944616712 410 291.46
2024-08-22 03:55:56 num1 D5 L1 vec40 r1 Loss: 0.500000046095261 Fidelity: 0.499999953904739 420 298.78
2024-08-22 03:56:00 num1 D5 L1 vec40 r1 Loss: 0.500000046095262 Fidelity: 0.499999953904738 430 302.82
2024-08-22 03:56:03 num1 D5 L1 vec40 r1 Loss: 0.500000046095260 Fidelity: 0.499999953904740 440 305.83
2024-08-22 03:56:06 num1 D5 L1 vec40 r1 Loss: 0.500000046095260 Fidelity: 0.499999953904740 450 308.46
2024-08-22 03:56:09 num1 D5 L1 vec40 r1 Loss: 0.500000046095262 Fidelity: 0.499999953904738 460 311.46
2024-08-22 03:56:10 Optimal: 0.5000000460952604, Fidelity: 0.49999995390473961354, Repeat: 1
2024-08-22 03:56:10 Desired error not necessarily achieved due to precision loss.
{'vec40': [462]}
{'vec40': [5.2]}
{'vec40': [0.4999999539047396]}
2024-08-22 03:56:10 num1 D5 finish
2024-08-22 03:56:10 Number of qubits: 14
2024-08-22 03:56:10 Number of gates: 2112
2024-08-22 03:56:10 Number of params: 612
2024-08-22 03:56:10 Depth of circuit: 424
2024-08-22 03:56:10 Simulator: mqvector_gpu, Method: BFGS
2024-08-22 03:56:14 num2 D5 L1 vec40 r1 Loss: 0.998423268724710 Fidelity: 0.001576731275290 10 3.84
2024-08-22 03:56:20 num2 D5 L1 vec40 r1 Loss: 0.980805767553329 Fidelity: 0.019194232446671 20 9.57
2024-08-22 03:56:26 num2 D5 L1 vec40 r1 Loss: 0.839025437993885 Fidelity: 0.160974562006115 30 15.80
2024-08-22 03:56:33 num2 D5 L1 vec40 r1 Loss: 0.755797843272793 Fidelity: 0.244202156727207 40 22.78
2024-08-22 03:56:40 num2 D5 L1 vec40 r1 Loss: 0.750739939744084 Fidelity: 0.249260060255916 50 29.90
2024-08-22 03:56:48 num2 D5 L1 vec40 r1 Loss: 0.749727497586417 Fidelity: 0.250272502413583 60 37.35
2024-08-22 03:56:53 num2 D5 L1 vec40 r1 Loss: 0.744971512429991 Fidelity: 0.255028487570009 70 43.13
2024-08-22 03:57:00 num2 D5 L1 vec40 r1 Loss: 0.719521632542773 Fidelity: 0.280478367457227 80 50.12
2024-08-22 03:57:07 num2 D5 L1 vec40 r1 Loss: 0.620871933373491 Fidelity: 0.379128066626509 90 57.11
2024-08-22 03:57:14 num2 D5 L1 vec40 r1 Loss: 0.533539674885105 Fidelity: 0.466460325114895 100 64.12
2024-08-22 03:57:22 num2 D5 L1 vec40 r1 Loss: 0.505315099319203 Fidelity: 0.494684900680797 110 71.19
2024-08-22 03:57:29 num2 D5 L1 vec40 r1 Loss: 0.501079639465344 Fidelity: 0.498920360534656 120 78.25
2024-08-22 03:57:36 num2 D5 L1 vec40 r1 Loss: 0.500267589356996 Fidelity: 0.499732410643004 130 85.30
2024-08-22 03:57:43 num2 D5 L1 vec40 r1 Loss: 0.500105825241361 Fidelity: 0.499894174758639 140 92.32
2024-08-22 03:57:50 num2 D5 L1 vec40 r1 Loss: 0.500036275703972 Fidelity: 0.499963724296028 150 99.58
2024-08-22 03:57:57 num2 D5 L1 vec40 r1 Loss: 0.500013490562551 Fidelity: 0.499986509437449 160 106.65
2024-08-22 03:58:04 num2 D5 L1 vec40 r1 Loss: 0.500004736327136 Fidelity: 0.499995263672864 170 113.62
2024-08-22 03:58:11 num2 D5 L1 vec40 r1 Loss: 0.500001478782273 Fidelity: 0.499998521217727 180 120.83
2024-08-22 03:58:18 num2 D5 L1 vec40 r1 Loss: 0.500000323034218 Fidelity: 0.499999676965782 190 128.08
2024-08-22 03:58:26 num2 D5 L1 vec40 r1 Loss: 0.500000054972151 Fidelity: 0.499999945027849 200 135.34
2024-08-22 03:58:33 num2 D5 L1 vec40 r1 Loss: 0.499999970027813 Fidelity: 0.500000029972187 210 142.45
2024-08-22 03:58:40 num2 D5 L1 vec40 r1 Loss: 0.499999959567798 Fidelity: 0.500000040432202 220 149.47
2024-08-22 03:58:47 num2 D5 L1 vec40 r1 Loss: 0.499999956699682 Fidelity: 0.500000043300318 230 156.61
2024-08-22 03:58:54 num2 D5 L1 vec40 r1 Loss: 0.499999956216814 Fidelity: 0.500000043783186 240 163.78
2024-08-22 03:59:01 num2 D5 L1 vec40 r1 Loss: 0.499999956151665 Fidelity: 0.500000043848335 250 170.78
2024-08-22 03:59:08 num2 D5 L1 vec40 r1 Loss: 0.499999956146665 Fidelity: 0.500000043853335 260 177.89
2024-08-22 03:59:15 num2 D5 L1 vec40 r1 Loss: 0.499999956146395 Fidelity: 0.500000043853605 270 184.96
2024-08-22 03:59:23 num2 D5 L1 vec40 r1 Loss: 0.499999956146378 Fidelity: 0.500000043853622 280 192.32
2024-08-22 03:59:27 num2 D5 L1 vec40 r1 Loss: 0.499999956146376 Fidelity: 0.500000043853624 290 196.70
2024-08-22 03:59:30 num2 D5 L1 vec40 r1 Loss: 0.499999956146376 Fidelity: 0.500000043853624 300 199.91
2024-08-22 03:59:34 num2 D5 L1 vec40 r1 Loss: 0.499999956146375 Fidelity: 0.500000043853625 310 203.22
2024-08-22 03:59:37 num2 D5 L1 vec40 r1 Loss: 0.499999956146375 Fidelity: 0.500000043853625 320 206.45
2024-08-22 03:59:40 num2 D5 L1 vec40 r1 Loss: 0.499999956146376 Fidelity: 0.500000043853624 330 209.70
2024-08-22 03:59:41 Optimal: 0.4999999561463758, Fidelity: 0.50000004385362417647, Repeat: 1
2024-08-22 03:59:41 Desired error not necessarily achieved due to precision loss.
{'vec40': [332]}
{'vec40': [3.51]}
{'vec40': [0.5000000438536242]}
2024-08-22 03:59:41 num2 D5 finish
2024-08-22 03:59:41 Number of qubits: 14
2024-08-22 03:59:41 Number of gates: 2112
2024-08-22 03:59:41 Number of params: 612
2024-08-22 03:59:41 Depth of circuit: 424
2024-08-22 03:59:41 Simulator: mqvector_gpu, Method: BFGS
2024-08-22 03:59:46 num3 D5 L1 vec40 r1 Loss: 0.981877384462104 Fidelity: 0.018122615537896 10 4.42
2024-08-22 03:59:52 num3 D5 L1 vec40 r1 Loss: 0.843943904921414 Fidelity: 0.156056095078586 20 10.36
2024-08-22 03:59:59 num3 D5 L1 vec40 r1 Loss: 0.759742039836958 Fidelity: 0.240257960163042 30 17.47
2024-08-22 04:00:06 num3 D5 L1 vec40 r1 Loss: 0.685790004018166 Fidelity: 0.314209995981834 40 24.38
2024-08-22 04:00:13 num3 D5 L1 vec40 r1 Loss: 0.568314032400792 Fidelity: 0.431685967599208 50 31.41
2024-08-22 04:00:20 num3 D5 L1 vec40 r1 Loss: 0.514391725220830 Fidelity: 0.485608274779170 60 38.54
2024-08-22 04:00:27 num3 D5 L1 vec40 r1 Loss: 0.504357743801630 Fidelity: 0.495642256198370 70 45.54
2024-08-22 04:00:34 num3 D5 L1 vec40 r1 Loss: 0.501621759071005 Fidelity: 0.498378240928995 80 52.61
2024-08-22 04:00:41 num3 D5 L1 vec40 r1 Loss: 0.500400826033395 Fidelity: 0.499599173966605 90 59.69
2024-08-22 04:00:48 num3 D5 L1 vec40 r1 Loss: 0.500194643467457 Fidelity: 0.499805356532543 100 66.90
2024-08-22 04:00:56 num3 D5 L1 vec40 r1 Loss: 0.500129567685123 Fidelity: 0.499870432314877 110 74.67
2024-08-22 04:01:03 num3 D5 L1 vec40 r1 Loss: 0.500074608476592 Fidelity: 0.499925391523408 120 81.64
2024-08-22 04:01:10 num3 D5 L1 vec40 r1 Loss: 0.500048993047942 Fidelity: 0.499951006952058 130 88.66
2024-08-22 04:01:17 num3 D5 L1 vec40 r1 Loss: 0.500028707063713 Fidelity: 0.499971292936287 140 95.70
2024-08-22 04:01:24 num3 D5 L1 vec40 r1 Loss: 0.500015592641060 Fidelity: 0.499984407358940 150 102.83
2024-08-22 04:01:31 num3 D5 L1 vec40 r1 Loss: 0.500010273592097 Fidelity: 0.499989726407903 160 109.98
2024-08-22 04:01:38 num3 D5 L1 vec40 r1 Loss: 0.500007303763862 Fidelity: 0.499992696236138 170 116.91
2024-08-22 04:01:46 num3 D5 L1 vec40 r1 Loss: 0.500006331102772 Fidelity: 0.499993668897228 180 124.30
2024-08-22 04:01:53 num3 D5 L1 vec40 r1 Loss: 0.500005207440457 Fidelity: 0.499994792559543 190 131.31
2024-08-22 04:02:00 num3 D5 L1 vec40 r1 Loss: 0.500004391667581 Fidelity: 0.499995608332419 200 138.39
2024-08-22 04:02:07 num3 D5 L1 vec40 r1 Loss: 0.500003875248912 Fidelity: 0.499996124751088 210 145.40
2024-08-22 04:02:14 num3 D5 L1 vec40 r1 Loss: 0.500003363048980 Fidelity: 0.499996636951020 220 152.54
2024-08-22 04:02:21 num3 D5 L1 vec40 r1 Loss: 0.500002702963982 Fidelity: 0.499997297036018 230 159.64
2024-08-22 04:02:28 num3 D5 L1 vec40 r1 Loss: 0.500001958381849 Fidelity: 0.499998041618151 240 166.70
2024-08-22 04:02:35 num3 D5 L1 vec40 r1 Loss: 0.500001428711790 Fidelity: 0.499998571288210 250 173.84
2024-08-22 04:02:42 num3 D5 L1 vec40 r1 Loss: 0.500001112164802 Fidelity: 0.499998887835198 260 180.98
2024-08-22 04:02:49 num3 D5 L1 vec40 r1 Loss: 0.500000957286466 Fidelity: 0.499999042713534 270 188.04
2024-08-22 04:02:56 num3 D5 L1 vec40 r1 Loss: 0.500000804299411 Fidelity: 0.499999195700589 280 195.05
2024-08-22 04:03:03 num3 D5 L1 vec40 r1 Loss: 0.500000709070581 Fidelity: 0.499999290929419 290 201.99
2024-08-22 04:03:10 num3 D5 L1 vec40 r1 Loss: 0.500000602512150 Fidelity: 0.499999397487850 300 209.04
2024-08-22 04:03:17 num3 D5 L1 vec40 r1 Loss: 0.500000465626222 Fidelity: 0.499999534373778 310 215.98
2024-08-22 04:03:24 num3 D5 L1 vec40 r1 Loss: 0.500000319266307 Fidelity: 0.499999680733693 320 223.01
2024-08-22 04:03:31 num3 D5 L1 vec40 r1 Loss: 0.500000290132906 Fidelity: 0.499999709867094 330 229.99
2024-08-22 04:03:38 num3 D5 L1 vec40 r1 Loss: 0.500000272031659 Fidelity: 0.499999727968341 340 237.01
2024-08-22 04:03:45 num3 D5 L1 vec40 r1 Loss: 0.500000240240708 Fidelity: 0.499999759759292 350 244.09
2024-08-22 04:03:52 num3 D5 L1 vec40 r1 Loss: 0.500000152531099 Fidelity: 0.499999847468901 360 251.22
2024-08-22 04:04:00 num3 D5 L1 vec40 r1 Loss: 0.500000134212865 Fidelity: 0.499999865787135 370 258.41
2024-08-22 04:04:07 num3 D5 L1 vec40 r1 Loss: 0.500000131463836 Fidelity: 0.499999868536164 380 265.47
2024-08-22 04:04:14 num3 D5 L1 vec40 r1 Loss: 0.500000129845419 Fidelity: 0.499999870154581 390 272.52
2024-08-22 04:04:21 num3 D5 L1 vec40 r1 Loss: 0.500000127879312 Fidelity: 0.499999872120688 400 279.49
2024-08-22 04:04:28 num3 D5 L1 vec40 r1 Loss: 0.500000116643391 Fidelity: 0.499999883356609 410 286.51
2024-08-22 04:04:35 num3 D5 L1 vec40 r1 Loss: 0.500000116605631 Fidelity: 0.499999883394369 420 293.78
2024-08-22 04:04:42 num3 D5 L1 vec40 r1 Loss: 0.500000115799659 Fidelity: 0.499999884200341 430 300.82
2024-08-22 04:04:49 num3 D5 L1 vec40 r1 Loss: 0.500000115793670 Fidelity: 0.499999884206330 440 307.75
2024-08-22 04:04:56 num3 D5 L1 vec40 r1 Loss: 0.500000115590018 Fidelity: 0.499999884409982 450 314.74
2024-08-22 04:05:03 num3 D5 L1 vec40 r1 Loss: 0.500000115588801 Fidelity: 0.499999884411199 460 321.70
2024-08-22 04:05:10 num3 D5 L1 vec40 r1 Loss: 0.500000115549788 Fidelity: 0.499999884450212 470 328.66
2024-08-22 04:05:15 num3 D5 L1 vec40 r1 Loss: 0.500000115549751 Fidelity: 0.499999884450249 480 334.01
2024-08-22 04:05:18 num3 D5 L1 vec40 r1 Loss: 0.500000115549751 Fidelity: 0.499999884450249 490 337.18
2024-08-22 04:05:22 num3 D5 L1 vec40 r1 Loss: 0.500000115549751 Fidelity: 0.499999884450249 500 340.38
2024-08-22 04:05:25 Optimal: 0.5000001155497511, Fidelity: 0.49999988445024889927, Repeat: 1
2024-08-22 04:05:25 Desired error not necessarily achieved due to precision loss.
{'vec40': [508]}
{'vec40': [5.73]}
{'vec40': [0.4999998844502489]}
2024-08-22 04:05:25 num3 D5 finish
2024-08-22 04:05:25 Number of qubits: 14
2024-08-22 04:05:25 Number of gates: 2112
2024-08-22 04:05:25 Number of params: 612
2024-08-22 04:05:25 Depth of circuit: 424
2024-08-22 04:05:25 Simulator: mqvector_gpu, Method: BFGS
2024-08-22 04:05:30 num4 D5 L1 vec40 r1 Loss: 0.993196663859391 Fidelity: 0.006803336140609 10 4.99
2024-08-22 04:05:35 num4 D5 L1 vec40 r1 Loss: 0.976572447532370 Fidelity: 0.023427552467630 20 9.09
2024-08-22 04:05:41 num4 D5 L1 vec40 r1 Loss: 0.893796591716222 Fidelity: 0.106203408283778 30 15.42
2024-08-22 04:05:48 num4 D5 L1 vec40 r1 Loss: 0.752545860839358 Fidelity: 0.247454139160642 40 22.39
2024-08-22 04:05:55 num4 D5 L1 vec40 r1 Loss: 0.564373827646440 Fidelity: 0.435626172353560 50 29.52
2024-08-22 04:06:02 num4 D5 L1 vec40 r1 Loss: 0.510836326955693 Fidelity: 0.489163673044307 60 36.47
2024-08-22 04:06:09 num4 D5 L1 vec40 r1 Loss: 0.502330626667378 Fidelity: 0.497669373332622 70 43.55
2024-08-22 04:06:16 num4 D5 L1 vec40 r1 Loss: 0.500508710992696 Fidelity: 0.499491289007304 80 50.74
2024-08-22 04:06:23 num4 D5 L1 vec40 r1 Loss: 0.500263121683982 Fidelity: 0.499736878316018 90 57.93
2024-08-22 04:06:30 num4 D5 L1 vec40 r1 Loss: 0.500110986138590 Fidelity: 0.499889013861410 100 64.92
2024-08-22 04:06:37 num4 D5 L1 vec40 r1 Loss: 0.500033435613179 Fidelity: 0.499966564386821 110 71.91
2024-08-22 04:06:44 num4 D5 L1 vec40 r1 Loss: 0.500017835306446 Fidelity: 0.499982164693554 120 78.96
2024-08-22 04:06:51 num4 D5 L1 vec40 r1 Loss: 0.500012218529342 Fidelity: 0.499987781470658 130 85.99
2024-08-22 04:06:58 num4 D5 L1 vec40 r1 Loss: 0.500007300395878 Fidelity: 0.499992699604122 140 92.92
2024-08-22 04:07:05 num4 D5 L1 vec40 r1 Loss: 0.500003697423749 Fidelity: 0.499996302576251 150 99.82
2024-08-22 04:07:12 num4 D5 L1 vec40 r1 Loss: 0.500002046538395 Fidelity: 0.499997953461605 160 106.77
2024-08-22 04:07:19 num4 D5 L1 vec40 r1 Loss: 0.500001640008172 Fidelity: 0.499998359991828 170 113.72
2024-08-22 04:07:26 num4 D5 L1 vec40 r1 Loss: 0.500001394903717 Fidelity: 0.499998605096283 180 120.67
2024-08-22 04:07:33 num4 D5 L1 vec40 r1 Loss: 0.500001218080500 Fidelity: 0.499998781919500 190 127.66
2024-08-22 04:07:41 num4 D5 L1 vec40 r1 Loss: 0.500001063007432 Fidelity: 0.499998936992568 200 135.09
2024-08-22 04:07:47 num4 D5 L1 vec40 r1 Loss: 0.500000880735152 Fidelity: 0.499999119264848 210 142.06
2024-08-22 04:07:55 num4 D5 L1 vec40 r1 Loss: 0.500000654649987 Fidelity: 0.499999345350013 220 149.26
2024-08-22 04:08:02 num4 D5 L1 vec40 r1 Loss: 0.500000609105141 Fidelity: 0.499999390894859 230 156.26
2024-08-22 04:08:09 num4 D5 L1 vec40 r1 Loss: 0.500000594475574 Fidelity: 0.499999405524426 240 163.52
2024-08-22 04:08:16 num4 D5 L1 vec40 r1 Loss: 0.500000570839600 Fidelity: 0.499999429160400 250 170.42
2024-08-22 04:08:23 num4 D5 L1 vec40 r1 Loss: 0.500000547592791 Fidelity: 0.499999452407209 260 177.51
2024-08-22 04:08:30 num4 D5 L1 vec40 r1 Loss: 0.500000530554404 Fidelity: 0.499999469445596 270 184.50
2024-08-22 04:08:37 num4 D5 L1 vec40 r1 Loss: 0.500000492419446 Fidelity: 0.499999507580554 280 191.53
2024-08-22 04:08:44 num4 D5 L1 vec40 r1 Loss: 0.500000351324432 Fidelity: 0.499999648675568 290 198.51
2024-08-22 04:08:51 num4 D5 L1 vec40 r1 Loss: 0.500000266882653 Fidelity: 0.499999733117347 300 205.46
2024-08-22 04:08:58 num4 D5 L1 vec40 r1 Loss: 0.500000240812830 Fidelity: 0.499999759187170 310 212.51
2024-08-22 04:09:05 num4 D5 L1 vec40 r1 Loss: 0.500000234176885 Fidelity: 0.499999765823115 320 219.90
2024-08-22 04:09:12 num4 D5 L1 vec40 r1 Loss: 0.500000232695650 Fidelity: 0.499999767304350 330 226.96
2024-08-22 04:09:19 num4 D5 L1 vec40 r1 Loss: 0.500000232569800 Fidelity: 0.499999767430200 340 234.01
2024-08-22 04:09:27 num4 D5 L1 vec40 r1 Loss: 0.500000232466398 Fidelity: 0.499999767533602 350 241.12
2024-08-22 04:09:34 num4 D5 L1 vec40 r1 Loss: 0.500000232389423 Fidelity: 0.499999767610577 360 248.11
2024-08-22 04:09:41 num4 D5 L1 vec40 r1 Loss: 0.500000232387400 Fidelity: 0.499999767612600 370 255.20
2024-08-22 04:09:48 num4 D5 L1 vec40 r1 Loss: 0.500000232386793 Fidelity: 0.499999767613207 380 262.46
2024-08-22 04:09:55 num4 D5 L1 vec40 r1 Loss: 0.500000232386011 Fidelity: 0.499999767613989 390 269.54
2024-08-22 04:10:02 num4 D5 L1 vec40 r1 Loss: 0.500000232385956 Fidelity: 0.499999767614044 400 276.31
2024-08-22 04:10:07 num4 D5 L1 vec40 r1 Loss: 0.500000232385950 Fidelity: 0.499999767614050 410 281.47
2024-08-22 04:10:10 num4 D5 L1 vec40 r1 Loss: 0.500000232385950 Fidelity: 0.499999767614050 420 284.68
2024-08-22 04:10:13 num4 D5 L1 vec40 r1 Loss: 0.500000232385950 Fidelity: 0.499999767614050 430 287.88
2024-08-22 04:10:16 num4 D5 L1 vec40 r1 Loss: 0.500000232385951 Fidelity: 0.499999767614049 440 291.06
2024-08-22 04:10:18 Optimal: 0.5000002323859497, Fidelity: 0.49999976761405029446, Repeat: 1
2024-08-22 04:10:18 Desired error not necessarily achieved due to precision loss.
{'vec40': [446]}
{'vec40': [4.88]}
{'vec40': [0.4999997676140503]}
2024-08-22 04:10:18 num4 D5 finish
2024-08-22 04:10:19 Number of qubits: 14
2024-08-22 04:10:19 Number of gates: 2112
2024-08-22 04:10:19 Number of params: 612
2024-08-22 04:10:19 Depth of circuit: 424
2024-08-22 04:10:19 Simulator: mqvector_gpu, Method: BFGS
2024-08-22 04:10:23 num5 D5 L1 vec40 r1 Loss: 0.986887129309350 Fidelity: 0.013112870690650 10 4.36
2024-08-22 04:10:29 num5 D5 L1 vec40 r1 Loss: 0.869907186190000 Fidelity: 0.130092813810000 20 10.08
2024-08-22 04:10:36 num5 D5 L1 vec40 r1 Loss: 0.765795734025095 Fidelity: 0.234204265974905 30 17.07
2024-08-22 04:10:43 num5 D5 L1 vec40 r1 Loss: 0.753372969026054 Fidelity: 0.246627030973946 40 24.32
2024-08-22 04:10:51 num5 D5 L1 vec40 r1 Loss: 0.750849239218838 Fidelity: 0.249150760781162 50 31.61
2024-08-22 04:10:56 num5 D5 L1 vec40 r1 Loss: 0.747768018995807 Fidelity: 0.252231981004193 60 37.41
2024-08-22 04:11:03 num5 D5 L1 vec40 r1 Loss: 0.675167895125005 Fidelity: 0.324832104874995 70 44.40
2024-08-22 04:11:10 num5 D5 L1 vec40 r1 Loss: 0.563071011644178 Fidelity: 0.436928988355822 80 51.43
2024-08-22 04:11:17 num5 D5 L1 vec40 r1 Loss: 0.517291974961567 Fidelity: 0.482708025038433 90 58.46
2024-08-22 04:11:25 num5 D5 L1 vec40 r1 Loss: 0.502023532460434 Fidelity: 0.497976467539566 100 65.77
2024-08-22 04:11:32 num5 D5 L1 vec40 r1 Loss: 0.500671709153447 Fidelity: 0.499328290846553 110 73.16
2024-08-22 04:11:39 num5 D5 L1 vec40 r1 Loss: 0.500294572203913 Fidelity: 0.499705427796087 120 80.44
2024-08-22 04:11:47 num5 D5 L1 vec40 r1 Loss: 0.500100000104827 Fidelity: 0.499899999895173 130 87.50
2024-08-22 04:11:54 num5 D5 L1 vec40 r1 Loss: 0.500056463514682 Fidelity: 0.499943536485318 140 94.52
2024-08-22 04:12:01 num5 D5 L1 vec40 r1 Loss: 0.500035672632417 Fidelity: 0.499964327367583 150 101.61
2024-08-22 04:12:08 num5 D5 L1 vec40 r1 Loss: 0.500023487270543 Fidelity: 0.499976512729457 160 108.56
2024-08-22 04:12:15 num5 D5 L1 vec40 r1 Loss: 0.500011769158537 Fidelity: 0.499988230841463 170 115.66
2024-08-22 04:12:22 num5 D5 L1 vec40 r1 Loss: 0.500008808403791 Fidelity: 0.499991191596209 180 122.66
2024-08-22 04:12:29 num5 D5 L1 vec40 r1 Loss: 0.500007226037798 Fidelity: 0.499992773962202 190 129.80
2024-08-22 04:12:36 num5 D5 L1 vec40 r1 Loss: 0.500005272724191 Fidelity: 0.499994727275809 200 136.64
2024-08-22 04:12:43 num5 D5 L1 vec40 r1 Loss: 0.500003703240858 Fidelity: 0.499996296759142 210 143.75
2024-08-22 04:12:50 num5 D5 L1 vec40 r1 Loss: 0.500003007983892 Fidelity: 0.499996992016108 220 151.14
2024-08-22 04:12:58 num5 D5 L1 vec40 r1 Loss: 0.500002689342738 Fidelity: 0.499997310657262 230 159.00
2024-08-22 04:13:05 num5 D5 L1 vec40 r1 Loss: 0.500002286309626 Fidelity: 0.499997713690374 240 166.05
2024-08-22 04:13:12 num5 D5 L1 vec40 r1 Loss: 0.500001452855611 Fidelity: 0.499998547144389 250 173.37
2024-08-22 04:13:19 num5 D5 L1 vec40 r1 Loss: 0.500000772006695 Fidelity: 0.499999227993305 260 180.36
2024-08-22 04:13:26 num5 D5 L1 vec40 r1 Loss: 0.500000533079774 Fidelity: 0.499999466920226 270 187.38
2024-08-22 04:13:34 num5 D5 L1 vec40 r1 Loss: 0.500000404586392 Fidelity: 0.499999595413608 280 194.48
2024-08-22 04:13:40 num5 D5 L1 vec40 r1 Loss: 0.500000334968280 Fidelity: 0.499999665031720 290 201.31
2024-08-22 04:13:47 num5 D5 L1 vec40 r1 Loss: 0.500000245370219 Fidelity: 0.499999754629781 300 208.34
2024-08-22 04:13:55 num5 D5 L1 vec40 r1 Loss: 0.500000205087994 Fidelity: 0.499999794912006 310 215.64
2024-08-22 04:14:02 num5 D5 L1 vec40 r1 Loss: 0.500000176647526 Fidelity: 0.499999823352474 320 222.90
2024-08-22 04:14:10 num5 D5 L1 vec40 r1 Loss: 0.500000143461952 Fidelity: 0.499999856538048 330 230.85
2024-08-22 04:14:17 num5 D5 L1 vec40 r1 Loss: 0.500000129267430 Fidelity: 0.499999870732570 340 237.92
2024-08-22 04:14:24 num5 D5 L1 vec40 r1 Loss: 0.500000117247825 Fidelity: 0.499999882752175 350 245.21
2024-08-22 04:14:31 num5 D5 L1 vec40 r1 Loss: 0.500000093110309 Fidelity: 0.499999906889691 360 252.40
2024-08-22 04:14:38 num5 D5 L1 vec40 r1 Loss: 0.500000083229245 Fidelity: 0.499999916770755 370 259.35
2024-08-22 04:14:45 num5 D5 L1 vec40 r1 Loss: 0.500000080612918 Fidelity: 0.499999919387082 380 266.31
2024-08-22 04:14:52 num5 D5 L1 vec40 r1 Loss: 0.500000070277178 Fidelity: 0.499999929722822 390 273.30
2024-08-22 04:15:00 num5 D5 L1 vec40 r1 Loss: 0.500000060564091 Fidelity: 0.499999939435909 400 281.18
2024-08-22 04:15:07 num5 D5 L1 vec40 r1 Loss: 0.500000052852905 Fidelity: 0.499999947147095 410 288.12
2024-08-22 04:15:14 num5 D5 L1 vec40 r1 Loss: 0.500000013201454 Fidelity: 0.499999986798546 420 295.12
2024-08-22 04:15:21 num5 D5 L1 vec40 r1 Loss: 0.500000012315925 Fidelity: 0.499999987684075 430 302.27
2024-08-22 04:15:28 num5 D5 L1 vec40 r1 Loss: 0.500000009052466 Fidelity: 0.499999990947534 440 309.16
2024-08-22 04:15:35 num5 D5 L1 vec40 r1 Loss: 0.500000007039519 Fidelity: 0.499999992960481 450 316.13
2024-08-22 04:15:42 num5 D5 L1 vec40 r1 Loss: 0.500000006968321 Fidelity: 0.499999993031679 460 323.14
2024-08-22 04:15:49 num5 D5 L1 vec40 r1 Loss: 0.500000006927741 Fidelity: 0.499999993072259 470 330.07
2024-08-22 04:15:56 num5 D5 L1 vec40 r1 Loss: 0.500000006922915 Fidelity: 0.499999993077085 480 337.43
2024-08-22 04:16:04 num5 D5 L1 vec40 r1 Loss: 0.500000006859154 Fidelity: 0.499999993140846 490 344.59
2024-08-22 04:16:11 num5 D5 L1 vec40 r1 Loss: 0.500000006757127 Fidelity: 0.499999993242873 500 351.61
2024-08-22 04:16:17 num5 D5 L1 vec40 r1 Loss: 0.500000006756061 Fidelity: 0.499999993243939 510 358.18
2024-08-22 04:16:23 num5 D5 L1 vec40 r1 Loss: 0.500000006755208 Fidelity: 0.499999993244792 520 363.79
2024-08-22 04:16:26 num5 D5 L1 vec40 r1 Loss: 0.500000006755208 Fidelity: 0.499999993244792 530 367.02
2024-08-22 04:16:29 num5 D5 L1 vec40 r1 Loss: 0.500000006755207 Fidelity: 0.499999993244793 540 370.28
2024-08-22 04:16:32 Optimal: 0.5000000067552077, Fidelity: 0.49999999324479227347, Repeat: 1
2024-08-22 04:16:32 Maximum number of iterations has been exceeded.
{'vec40': [546]}
{'vec40': [6.21]}
{'vec40': [0.4999999932447923]}
2024-08-22 04:16:32 num5 D5 finish
