2024-04-08 16:32:38 Number of qubits: 10
2024-04-08 16:32:38 Number of gates: 2216
2024-04-08 16:32:38 Number of params: 408
2024-04-08 16:32:38 Depth of circuit: 737
2024-04-08 16:32:38 Simulator: mqvector, Method: BFGS
2024-04-08 16:32:38 num1, D2, Repeat: 1, Loss: 0.867760473118236, Fidelity: 0.132239526881764, 10, 0.18
2024-04-08 16:32:38 num1, D2, Repeat: 1, Loss: 0.072885902442644, Fidelity: 0.927114097557356, 20, 0.38
2024-04-08 16:32:39 num1, D2, Repeat: 1, Loss: 0.003707297822642, Fidelity: 0.996292702177358, 30, 0.60
2024-04-08 16:32:39 num1, D2, Repeat: 1, Loss: 0.000271120844457, Fidelity: 0.999728879155543, 40, 0.84
2024-04-08 16:32:39 num1, D2, Repeat: 1, Loss: 0.000080127289956, Fidelity: 0.999919872710044, 50, 1.08
2024-04-08 16:32:40 num1, D2, Repeat: 1, Loss: 0.000058803530409, Fidelity: 0.999941196469591, 100, 2.34
2024-04-08 16:32:42 num1, D2, Repeat: 1, Loss: 0.000041377274221, Fidelity: 0.999958622725779, 150, 3.54
2024-04-08 16:32:43 num1, D2, Repeat: 1, Loss: 0.000035899336196, Fidelity: 0.999964100663804, 200, 4.82
2024-04-08 16:32:44 num1, D2, Repeat: 1, Loss: 0.000027546872703, Fidelity: 0.999972453127297, 250, 5.96
2024-04-08 16:32:45 num1, D2, Repeat: 1, Loss: 0.000021806683740, Fidelity: 0.999978193316260, 300, 7.14
2024-04-08 16:32:46 num1, D2, Repeat: 1, Loss: 0.000014766098526, Fidelity: 0.999985233901474, 350, 8.28
2024-04-08 16:32:48 num1, D2, Repeat: 1, Loss: 0.000010167678334, Fidelity: 0.999989832321666, 400, 9.64
2024-04-08 16:32:49 num1, D2, Repeat: 1, Loss: 0.000007755143814, Fidelity: 0.999992244856186, 450, 11.07
2024-04-08 16:32:50 num1, D2, Repeat: 1, Loss: 0.000005742864719, Fidelity: 0.999994257135281, 500, 12.27
2024-04-08 16:32:51 Maximum number of iterations has been exceeded.
2024-04-08 16:32:51 Optimal: 3.484073719417502e-06, Fidelity: 0.99999651592628058250
2024-04-08 16:32:51 Time dict: {'num1': [13.38]}
Eval dict: {'num1': [548]}
2024-04-08 16:32:52 num1, D2, Repeat: 2, Loss: 0.806408988354915, Fidelity: 0.193591011645085, 10, 0.14
2024-04-08 16:32:52 num1, D2, Repeat: 2, Loss: 0.054057332339559, Fidelity: 0.945942667660441, 20, 0.34
2024-04-08 16:32:52 num1, D2, Repeat: 2, Loss: 0.002437175967417, Fidelity: 0.997562824032583, 30, 0.58
2024-04-08 16:32:52 num1, D2, Repeat: 2, Loss: 0.000217425203528, Fidelity: 0.999782574796472, 40, 0.80
2024-04-08 16:32:52 num1, D2, Repeat: 2, Loss: 0.000073691590064, Fidelity: 0.999926308409936, 50, 1.05
2024-04-08 16:32:54 num1, D2, Repeat: 2, Loss: 0.000045218813686, Fidelity: 0.999954781186314, 100, 2.24
2024-04-08 16:32:55 num1, D2, Repeat: 2, Loss: 0.000017076771465, Fidelity: 0.999982923228535, 150, 3.39
2024-04-08 16:32:56 num1, D2, Repeat: 2, Loss: 0.000007685563736, Fidelity: 0.999992314436264, 200, 4.55
2024-04-08 16:32:57 num1, D2, Repeat: 2, Loss: 0.000005727638701, Fidelity: 0.999994272361299, 250, 5.72
2024-04-08 16:32:58 num1, D2, Repeat: 2, Loss: 0.000002170562972, Fidelity: 0.999997829437028, 300, 6.86
2024-04-08 16:32:59 num1, D2, Repeat: 2, Loss: 0.000001545657617, Fidelity: 0.999998454342383, 350, 7.98
2024-04-08 16:33:01 num1, D2, Repeat: 2, Loss: 0.000001255005177, Fidelity: 0.999998744994823, 400, 9.14
2024-04-08 16:33:02 num1, D2, Repeat: 2, Loss: 0.000000686231789, Fidelity: 0.999999313768211, 450, 10.31
2024-04-08 16:33:03 num1, D2, Repeat: 2, Loss: 0.000000406191745, Fidelity: 0.999999593808255, 500, 11.49
2024-04-08 16:33:04 Maximum number of iterations has been exceeded.
2024-04-08 16:33:04 Optimal: 3.0415820007068106e-07, Fidelity: 0.99999969584179992932
2024-04-08 16:33:04 Time dict: {'num1': [13.38, 12.22]}
Eval dict: {'num1': [548, 532]}
2024-04-08 16:33:04 num1, D2, Repeat: 3, Loss: 0.828681854635835, Fidelity: 0.171318145364165, 10, 0.14
2024-04-08 16:33:04 num1, D2, Repeat: 3, Loss: 0.096012060083638, Fidelity: 0.903987939916362, 20, 0.33
2024-04-08 16:33:04 num1, D2, Repeat: 3, Loss: 0.004490203243950, Fidelity: 0.995509796756050, 30, 0.53
2024-04-08 16:33:04 num1, D2, Repeat: 3, Loss: 0.000489117222189, Fidelity: 0.999510882777811, 40, 0.77
2024-04-08 16:33:05 num1, D2, Repeat: 3, Loss: 0.000140008610348, Fidelity: 0.999859991389652, 50, 1.01
2024-04-08 16:33:06 num1, D2, Repeat: 3, Loss: 0.000046658682214, Fidelity: 0.999953341317786, 100, 2.19
2024-04-08 16:33:07 num1, D2, Repeat: 3, Loss: 0.000033546927650, Fidelity: 0.999966453072350, 150, 3.39
2024-04-08 16:33:08 num1, D2, Repeat: 3, Loss: 0.000028341409907, Fidelity: 0.999971658590093, 200, 4.45
2024-04-08 16:33:09 num1, D2, Repeat: 3, Loss: 0.000026160416863, Fidelity: 0.999973839583137, 250, 5.56
2024-04-08 16:33:10 num1, D2, Repeat: 3, Loss: 0.000025215250501, Fidelity: 0.999974784749499, 300, 6.68
2024-04-08 16:33:11 num1, D2, Repeat: 3, Loss: 0.000022559488783, Fidelity: 0.999977440511217, 350, 7.84
2024-04-08 16:33:13 num1, D2, Repeat: 3, Loss: 0.000019654881132, Fidelity: 0.999980345118868, 400, 8.97
2024-04-08 16:33:14 num1, D2, Repeat: 3, Loss: 0.000012880895075, Fidelity: 0.999987119104925, 450, 10.08
2024-04-08 16:33:15 num1, D2, Repeat: 3, Loss: 0.000009975161857, Fidelity: 0.999990024838143, 500, 11.55
2024-04-08 16:33:17 Maximum number of iterations has been exceeded.
2024-04-08 16:33:17 Optimal: 8.651669483272784e-06, Fidelity: 0.99999134833051672722
2024-04-08 16:33:17 Time dict: {'num1': [13.38, 12.22, 12.89]}
Eval dict: {'num1': [548, 532, 548]}
2024-04-08 16:33:17 num1, D2, Repeat: 4, Loss: 0.916484422037903, Fidelity: 0.083515577962097, 10, 0.16
2024-04-08 16:33:17 num1, D2, Repeat: 4, Loss: 0.101847357160344, Fidelity: 0.898152642839656, 20, 0.39
2024-04-08 16:33:17 num1, D2, Repeat: 4, Loss: 0.005465561067950, Fidelity: 0.994534438932050, 30, 0.70
2024-04-08 16:33:18 num1, D2, Repeat: 4, Loss: 0.000241201266755, Fidelity: 0.999758798733245, 40, 0.98
2024-04-08 16:33:18 num1, D2, Repeat: 4, Loss: 0.000060057067095, Fidelity: 0.999939942932905, 50, 1.28
2024-04-08 16:33:19 num1, D2, Repeat: 4, Loss: 0.000035216367516, Fidelity: 0.999964783632484, 100, 2.75
2024-04-08 16:33:21 num1, D2, Repeat: 4, Loss: 0.000029023524631, Fidelity: 0.999970976475369, 150, 4.12
2024-04-08 16:33:22 num1, D2, Repeat: 4, Loss: 0.000022883636857, Fidelity: 0.999977116363143, 200, 5.28
2024-04-08 16:33:23 num1, D2, Repeat: 4, Loss: 0.000012949462553, Fidelity: 0.999987050537447, 250, 6.39
2024-04-08 16:33:24 num1, D2, Repeat: 4, Loss: 0.000009808334741, Fidelity: 0.999990191665259, 300, 7.50
2024-04-08 16:33:25 num1, D2, Repeat: 4, Loss: 0.000008292178898, Fidelity: 0.999991707821102, 350, 8.68
2024-04-08 16:33:26 num1, D2, Repeat: 4, Loss: 0.000004553690664, Fidelity: 0.999995446309336, 400, 9.81
2024-04-08 16:33:27 num1, D2, Repeat: 4, Loss: 0.000003989704208, Fidelity: 0.999996010295792, 450, 10.95
2024-04-08 16:33:29 num1, D2, Repeat: 4, Loss: 0.000002906954668, Fidelity: 0.999997093045332, 500, 12.10
2024-04-08 16:33:30 num1, D2, Repeat: 4, Loss: 0.000002307190438, Fidelity: 0.999997692809562, 550, 13.28
2024-04-08 16:33:30 Maximum number of iterations has been exceeded.
2024-04-08 16:33:30 Optimal: 2.307190438144424e-06, Fidelity: 0.99999769280956185558
2024-04-08 16:33:30 Time dict: {'num1': [13.38, 12.22, 12.89, 13.3]}
Eval dict: {'num1': [548, 532, 548, 550]}
2024-04-08 16:33:30 num1, D2, Repeat: 5, Loss: 0.538787066358126, Fidelity: 0.461212933641874, 10, 0.14
2024-04-08 16:33:30 num1, D2, Repeat: 5, Loss: 0.029939440704668, Fidelity: 0.970060559295332, 20, 0.35
2024-04-08 16:33:30 num1, D2, Repeat: 5, Loss: 0.001954169193310, Fidelity: 0.998045830806690, 30, 0.57
2024-04-08 16:33:31 num1, D2, Repeat: 5, Loss: 0.000442349789756, Fidelity: 0.999557650210244, 40, 0.81
2024-04-08 16:33:31 num1, D2, Repeat: 5, Loss: 0.000148650318258, Fidelity: 0.999851349681742, 50, 1.08
2024-04-08 16:33:32 num1, D2, Repeat: 5, Loss: 0.000052480810001, Fidelity: 0.999947519189999, 100, 2.28
2024-04-08 16:33:33 num1, D2, Repeat: 5, Loss: 0.000043979889001, Fidelity: 0.999956020110999, 150, 3.45
2024-04-08 16:33:34 num1, D2, Repeat: 5, Loss: 0.000035747535286, Fidelity: 0.999964252464714, 200, 4.58
2024-04-08 16:33:36 num1, D2, Repeat: 5, Loss: 0.000026780964663, Fidelity: 0.999973219035337, 250, 5.75
2024-04-08 16:33:37 num1, D2, Repeat: 5, Loss: 0.000017783638579, Fidelity: 0.999982216361421, 300, 6.95
2024-04-08 16:33:38 num1, D2, Repeat: 5, Loss: 0.000013281193108, Fidelity: 0.999986718806892, 350, 8.08
2024-04-08 16:33:39 num1, D2, Repeat: 5, Loss: 0.000007721081694, Fidelity: 0.999992278918306, 400, 9.27
2024-04-08 16:33:40 num1, D2, Repeat: 5, Loss: 0.000004119998147, Fidelity: 0.999995880001853, 450, 10.48
2024-04-08 16:33:42 num1, D2, Repeat: 5, Loss: 0.000003395802784, Fidelity: 0.999996604197216, 500, 11.64
2024-04-08 16:33:42 Maximum number of iterations has been exceeded.
2024-04-08 16:33:42 Optimal: 2.060712427254252e-06, Fidelity: 0.99999793928757274575
2024-04-08 16:33:42 Time dict: {'num1': [13.38, 12.22, 12.89, 13.3, 12.29]}
Eval dict: {'num1': [548, 532, 548, 550, 528]}
2024-04-08 16:33:42 num1, D2, Repeat: 6, Loss: 0.872161522025593, Fidelity: 0.127838477974407, 10, 0.15
2024-04-08 16:33:43 num1, D2, Repeat: 6, Loss: 0.140609968318642, Fidelity: 0.859390031681358, 20, 0.32
2024-04-08 16:33:43 num1, D2, Repeat: 6, Loss: 0.012013743805313, Fidelity: 0.987986256194687, 30, 0.56
2024-04-08 16:33:43 num1, D2, Repeat: 6, Loss: 0.001213172179199, Fidelity: 0.998786827820801, 40, 0.79
2024-04-08 16:33:43 num1, D2, Repeat: 6, Loss: 0.000299318866383, Fidelity: 0.999700681133617, 50, 1.03
2024-04-08 16:33:44 num1, D2, Repeat: 6, Loss: 0.000069389750257, Fidelity: 0.999930610249743, 100, 2.22
2024-04-08 16:33:46 num1, D2, Repeat: 6, Loss: 0.000055030389933, Fidelity: 0.999944969610067, 150, 3.37
2024-04-08 16:33:47 num1, D2, Repeat: 6, Loss: 0.000039291068384, Fidelity: 0.999960708931616, 200, 4.47
2024-04-08 16:33:48 num1, D2, Repeat: 6, Loss: 0.000032831581122, Fidelity: 0.999967168418878, 250, 5.66
2024-04-08 16:33:49 num1, D2, Repeat: 6, Loss: 0.000027677028860, Fidelity: 0.999972322971140, 300, 6.77
2024-04-08 16:33:50 num1, D2, Repeat: 6, Loss: 0.000024615397439, Fidelity: 0.999975384602561, 350, 7.89
2024-04-08 16:33:51 num1, D2, Repeat: 6, Loss: 0.000023017691738, Fidelity: 0.999976982308262, 400, 9.05
2024-04-08 16:33:52 num1, D2, Repeat: 6, Loss: 0.000021497290236, Fidelity: 0.999978502709764, 450, 10.20
2024-04-08 16:33:54 num1, D2, Repeat: 6, Loss: 0.000020323659204, Fidelity: 0.999979676340796, 500, 11.36
2024-04-08 16:33:54 Maximum number of iterations has been exceeded.
2024-04-08 16:33:54 Optimal: 1.917193332989786e-05, Fidelity: 0.99998082806667010214
2024-04-08 16:33:54 Time dict: {'num1': [13.38, 12.22, 12.89, 13.3, 12.29, 12.27]}
Eval dict: {'num1': [548, 532, 548, 550, 528, 539]}
2024-04-08 16:33:55 num1, D2, Repeat: 7, Loss: 0.923328061668529, Fidelity: 0.076671938331471, 10, 0.14
2024-04-08 16:33:55 num1, D2, Repeat: 7, Loss: 0.104470408839266, Fidelity: 0.895529591160734, 20, 0.35
2024-04-08 16:33:55 num1, D2, Repeat: 7, Loss: 0.005253638834127, Fidelity: 0.994746361165873, 30, 0.54
2024-04-08 16:33:55 num1, D2, Repeat: 7, Loss: 0.000989668482107, Fidelity: 0.999010331517893, 40, 0.76
2024-04-08 16:33:55 num1, D2, Repeat: 7, Loss: 0.000230570505476, Fidelity: 0.999769429494524, 50, 0.99
2024-04-08 16:33:57 num1, D2, Repeat: 7, Loss: 0.000055886432912, Fidelity: 0.999944113567088, 100, 2.19
2024-04-08 16:33:58 num1, D2, Repeat: 7, Loss: 0.000044111283307, Fidelity: 0.999955888716693, 150, 3.26
2024-04-08 16:33:59 num1, D2, Repeat: 7, Loss: 0.000038514068101, Fidelity: 0.999961485931899, 200, 4.35
2024-04-08 16:34:00 num1, D2, Repeat: 7, Loss: 0.000031374824137, Fidelity: 0.999968625175863, 250, 5.50
2024-04-08 16:34:01 num1, D2, Repeat: 7, Loss: 0.000021301902390, Fidelity: 0.999978698097610, 300, 6.62
2024-04-08 16:34:02 num1, D2, Repeat: 7, Loss: 0.000017533177163, Fidelity: 0.999982466822837, 350, 7.75
2024-04-08 16:34:03 num1, D2, Repeat: 7, Loss: 0.000014982928020, Fidelity: 0.999985017071980, 400, 8.80
2024-04-08 16:34:04 num1, D2, Repeat: 7, Loss: 0.000010226039116, Fidelity: 0.999989773960884, 450, 9.88
2024-04-08 16:34:05 num1, D2, Repeat: 7, Loss: 0.000007092765390, Fidelity: 0.999992907234610, 500, 10.99
2024-04-08 16:34:07 num1, D2, Repeat: 7, Loss: 0.000003521889832, Fidelity: 0.999996478110168, 550, 12.12
2024-04-08 16:34:07 Maximum number of iterations has been exceeded.
2024-04-08 16:34:07 Optimal: 3.203282151531539e-06, Fidelity: 0.99999679671784846846
2024-04-08 16:34:07 Time dict: {'num1': [13.38, 12.22, 12.89, 13.3, 12.29, 12.27, 12.55]}
Eval dict: {'num1': [548, 532, 548, 550, 528, 539, 568]}
2024-04-08 16:34:07 num1, D2, Repeat: 8, Loss: 0.954129123153328, Fidelity: 0.045870876846672, 10, 0.12
2024-04-08 16:34:07 num1, D2, Repeat: 8, Loss: 0.547607431542088, Fidelity: 0.452392568457912, 20, 0.26
2024-04-08 16:34:08 num1, D2, Repeat: 8, Loss: 0.034229555176006, Fidelity: 0.965770444823994, 30, 0.48
2024-04-08 16:34:08 num1, D2, Repeat: 8, Loss: 0.003516835500994, Fidelity: 0.996483164499006, 40, 0.70
2024-04-08 16:34:08 num1, D2, Repeat: 8, Loss: 0.000397394358244, Fidelity: 0.999602605641756, 50, 0.95
2024-04-08 16:34:09 num1, D2, Repeat: 8, Loss: 0.000056189508992, Fidelity: 0.999943810491008, 100, 2.12
2024-04-08 16:34:10 num1, D2, Repeat: 8, Loss: 0.000049790197574, Fidelity: 0.999950209802426, 150, 3.29
2024-04-08 16:34:11 num1, D2, Repeat: 8, Loss: 0.000033521414290, Fidelity: 0.999966478585710, 200, 4.40
2024-04-08 16:34:13 num1, D2, Repeat: 8, Loss: 0.000030824399023, Fidelity: 0.999969175600977, 250, 5.59
2024-04-08 16:34:14 num1, D2, Repeat: 8, Loss: 0.000026288657647, Fidelity: 0.999973711342353, 300, 6.76
2024-04-08 16:34:15 num1, D2, Repeat: 8, Loss: 0.000016257108397, Fidelity: 0.999983742891603, 350, 7.83
2024-04-08 16:34:16 num1, D2, Repeat: 8, Loss: 0.000015038037023, Fidelity: 0.999984961962977, 400, 8.97
2024-04-08 16:34:17 num1, D2, Repeat: 8, Loss: 0.000012426532905, Fidelity: 0.999987573467095, 450, 10.11
2024-04-08 16:34:18 num1, D2, Repeat: 8, Loss: 0.000009163900352, Fidelity: 0.999990836099648, 500, 11.23
2024-04-08 16:34:19 Maximum number of iterations has been exceeded.
2024-04-08 16:34:19 Optimal: 7.77046832889372e-06, Fidelity: 0.99999222953167110628
2024-04-08 16:34:19 Time dict: {'num1': [13.38, 12.22, 12.89, 13.3, 12.29, 12.27, 12.55, 12.2]}
Eval dict: {'num1': [548, 532, 548, 550, 528, 539, 568, 542]}
2024-04-08 16:34:19 num1, D2, Repeat: 9, Loss: 0.598277850268091, Fidelity: 0.401722149731909, 10, 0.14
2024-04-08 16:34:20 num1, D2, Repeat: 9, Loss: 0.049374495022019, Fidelity: 0.950625504977981, 20, 0.34
2024-04-08 16:34:20 num1, D2, Repeat: 9, Loss: 0.006155824205774, Fidelity: 0.993844175794226, 30, 0.58
2024-04-08 16:34:20 num1, D2, Repeat: 9, Loss: 0.000415985420816, Fidelity: 0.999584014579184, 40, 0.80
2024-04-08 16:34:20 num1, D2, Repeat: 9, Loss: 0.000128214003327, Fidelity: 0.999871785996673, 50, 1.05
2024-04-08 16:34:22 num1, D2, Repeat: 9, Loss: 0.000060201355547, Fidelity: 0.999939798644453, 100, 2.23
2024-04-08 16:34:23 num1, D2, Repeat: 9, Loss: 0.000047783660142, Fidelity: 0.999952216339858, 150, 3.33
2024-04-08 16:34:24 num1, D2, Repeat: 9, Loss: 0.000026813768372, Fidelity: 0.999973186231628, 200, 4.47
2024-04-08 16:34:25 num1, D2, Repeat: 9, Loss: 0.000016616897878, Fidelity: 0.999983383102122, 250, 5.59
2024-04-08 16:34:26 num1, D2, Repeat: 9, Loss: 0.000012890157694, Fidelity: 0.999987109842306, 300, 6.81
2024-04-08 16:34:27 num1, D2, Repeat: 9, Loss: 0.000009613700004, Fidelity: 0.999990386299996, 350, 7.94
2024-04-08 16:34:28 num1, D2, Repeat: 9, Loss: 0.000007343818099, Fidelity: 0.999992656181901, 400, 9.05
2024-04-08 16:34:29 num1, D2, Repeat: 9, Loss: 0.000005837571198, Fidelity: 0.999994162428802, 450, 10.20
2024-04-08 16:34:31 num1, D2, Repeat: 9, Loss: 0.000004646370027, Fidelity: 0.999995353629973, 500, 11.33
2024-04-08 16:34:31 Maximum number of iterations has been exceeded.
2024-04-08 16:34:31 Optimal: 3.974032254605575e-06, Fidelity: 0.99999602596774539442
2024-04-08 16:34:31 Time dict: {'num1': [13.38, 12.22, 12.89, 13.3, 12.29, 12.27, 12.55, 12.2, 12.12]}
Eval dict: {'num1': [548, 532, 548, 550, 528, 539, 568, 542, 532]}
2024-04-08 16:34:32 num1, D2, Repeat: 10, Loss: 0.773577564406712, Fidelity: 0.226422435593288, 10, 0.13
2024-04-08 16:34:32 num1, D2, Repeat: 10, Loss: 0.149782639007970, Fidelity: 0.850217360992030, 20, 0.33
2024-04-08 16:34:32 num1, D2, Repeat: 10, Loss: 0.012211227198471, Fidelity: 0.987788772801529, 30, 0.53
2024-04-08 16:34:32 num1, D2, Repeat: 10, Loss: 0.000964737844412, Fidelity: 0.999035262155588, 40, 0.76
2024-04-08 16:34:32 num1, D2, Repeat: 10, Loss: 0.000238936606248, Fidelity: 0.999761063393752, 50, 1.00
2024-04-08 16:34:34 num1, D2, Repeat: 10, Loss: 0.000060489531828, Fidelity: 0.999939510468172, 100, 2.17
2024-04-08 16:34:35 num1, D2, Repeat: 10, Loss: 0.000048694236833, Fidelity: 0.999951305763167, 150, 3.34
2024-04-08 16:34:36 num1, D2, Repeat: 10, Loss: 0.000045362632305, Fidelity: 0.999954637367695, 200, 4.41
2024-04-08 16:34:37 num1, D2, Repeat: 10, Loss: 0.000037536172310, Fidelity: 0.999962463827690, 250, 5.53
2024-04-08 16:34:38 num1, D2, Repeat: 10, Loss: 0.000030693847275, Fidelity: 0.999969306152725, 300, 6.63
2024-04-08 16:34:39 num1, D2, Repeat: 10, Loss: 0.000024127407093, Fidelity: 0.999975872592907, 350, 7.72
2024-04-08 16:34:40 num1, D2, Repeat: 10, Loss: 0.000020181028677, Fidelity: 0.999979818971323, 400, 8.83
2024-04-08 16:34:41 num1, D2, Repeat: 10, Loss: 0.000015298068177, Fidelity: 0.999984701931823, 450, 9.98
2024-04-08 16:34:43 num1, D2, Repeat: 10, Loss: 0.000014216171668, Fidelity: 0.999985783828332, 500, 11.14
2024-04-08 16:34:44 num1, D2, Repeat: 10, Loss: 0.000010694070934, Fidelity: 0.999989305929066, 550, 12.25
2024-04-08 16:34:44 Maximum number of iterations has been exceeded.
2024-04-08 16:34:44 Optimal: 1.0650314886118117e-05, Fidelity: 0.99998934968511388188
2024-04-08 16:34:44 Time dict: {'num1': [13.38, 12.22, 12.89, 13.3, 12.29, 12.27, 12.55, 12.2, 12.12, 12.46]}
Eval dict: {'num1': [548, 532, 548, 550, 528, 539, 568, 542, 532, 559]}
2024-04-08 16:34:44 num1 D=2 L=1 finish
{'num1': [0.9999965159262806, 0.9999996958417999, 0.9999913483305167, 0.9999976928095619, 0.9999979392875727, 0.9999808280666701, 0.9999967967178485, 0.9999922295316711, 0.9999960259677454, 0.9999893496851139]}
2024-04-08 16:34:44 Number of qubits: 10
2024-04-08 16:34:44 Number of gates: 2216
2024-04-08 16:34:44 Number of params: 408
2024-04-08 16:34:44 Depth of circuit: 737
2024-04-08 16:34:44 Simulator: mqvector, Method: BFGS
2024-04-08 16:34:44 num2, D2, Repeat: 1, Loss: 0.921022081665782, Fidelity: 0.078977918334218, 10, 0.17
2024-04-08 16:34:44 num2, D2, Repeat: 1, Loss: 0.448876889936779, Fidelity: 0.551123110063221, 20, 0.39
2024-04-08 16:34:45 num2, D2, Repeat: 1, Loss: 0.403373771541755, Fidelity: 0.596626228458245, 30, 0.63
2024-04-08 16:34:45 num2, D2, Repeat: 1, Loss: 0.195185912162550, Fidelity: 0.804814087837450, 40, 0.88
2024-04-08 16:34:45 num2, D2, Repeat: 1, Loss: 0.012897144787208, Fidelity: 0.987102855212792, 50, 1.13
2024-04-08 16:34:46 num2, D2, Repeat: 1, Loss: 0.000007259828266, Fidelity: 0.999992740171734, 100, 2.33
2024-04-08 16:34:47 num2, D2, Repeat: 1, Loss: 0.000000000199371, Fidelity: 0.999999999800629, 150, 3.51
2024-04-08 16:34:48 `callback` raised `StopIteration`.
2024-04-08 16:34:48 Optimal: 8.195666367782906e-13, Fidelity: 0.99999999999918043336
2024-04-08 16:34:48 Time dict: {'num1': [13.38, 12.22, 12.89, 13.3, 12.29, 12.27, 12.55, 12.2, 12.12, 12.46], 'num2': [3.96]}
Eval dict: {'num1': [548, 532, 548, 550, 528, 539, 568, 542, 532, 559], 'num2': [168]}
2024-04-08 16:34:48 num2, D2, Repeat: 2, Loss: 0.944551076020122, Fidelity: 0.055448923979878, 10, 0.16
2024-04-08 16:34:48 num2, D2, Repeat: 2, Loss: 0.448487967456837, Fidelity: 0.551512032543163, 20, 0.36
2024-04-08 16:34:49 num2, D2, Repeat: 2, Loss: 0.422894267661667, Fidelity: 0.577105732338333, 30, 0.59
2024-04-08 16:34:49 num2, D2, Repeat: 2, Loss: 0.421375611304234, Fidelity: 0.578624388695766, 40, 0.84
2024-04-08 16:34:49 num2, D2, Repeat: 2, Loss: 0.418830936668314, Fidelity: 0.581169063331686, 50, 1.08
2024-04-08 16:34:50 num2, D2, Repeat: 2, Loss: 0.000554953250341, Fidelity: 0.999445046749659, 100, 2.20
2024-04-08 16:34:51 num2, D2, Repeat: 2, Loss: 0.000006219602266, Fidelity: 0.999993780397734, 150, 3.39
2024-04-08 16:34:53 num2, D2, Repeat: 2, Loss: 0.000000815361617, Fidelity: 0.999999184638383, 200, 4.57
2024-04-08 16:34:54 num2, D2, Repeat: 2, Loss: 0.000000082568878, Fidelity: 0.999999917431122, 250, 5.74
2024-04-08 16:34:55 num2, D2, Repeat: 2, Loss: 0.000000002851113, Fidelity: 0.999999997148887, 300, 6.93
2024-04-08 16:34:55 `callback` raised `StopIteration`.
2024-04-08 16:34:55 Optimal: -1.334043986389588e-12, Fidelity: 1.00000000000133404399
2024-04-08 16:34:55 Time dict: {'num1': [13.38, 12.22, 12.89, 13.3, 12.29, 12.27, 12.55, 12.2, 12.12, 12.46], 'num2': [3.96, 7.35]}
Eval dict: {'num1': [548, 532, 548, 550, 528, 539, 568, 542, 532, 559], 'num2': [168, 317]}
2024-04-08 16:34:56 num2, D2, Repeat: 3, Loss: 0.859039177203652, Fidelity: 0.140960822796348, 10, 0.19
2024-04-08 16:34:56 num2, D2, Repeat: 3, Loss: 0.280998422510250, Fidelity: 0.719001577489750, 20, 0.42
2024-04-08 16:34:56 num2, D2, Repeat: 3, Loss: 0.020102540267931, Fidelity: 0.979897459732069, 30, 0.65
2024-04-08 16:34:56 num2, D2, Repeat: 3, Loss: 0.003693382614322, Fidelity: 0.996306617385678, 40, 0.89
2024-04-08 16:34:56 num2, D2, Repeat: 3, Loss: 0.002026130639956, Fidelity: 0.997973869360044, 50, 1.12
2024-04-08 16:34:58 num2, D2, Repeat: 3, Loss: 0.000013122893558, Fidelity: 0.999986877106442, 100, 2.35
2024-04-08 16:34:59 num2, D2, Repeat: 3, Loss: 0.000000808530746, Fidelity: 0.999999191469254, 150, 3.61
2024-04-08 16:35:00 num2, D2, Repeat: 3, Loss: 0.000000009295098, Fidelity: 0.999999990704902, 200, 4.84
2024-04-08 16:35:01 `callback` raised `StopIteration`.
2024-04-08 16:35:01 Optimal: 3.2507330161024584e-13, Fidelity: 0.99999999999967492670
2024-04-08 16:35:01 Time dict: {'num1': [13.38, 12.22, 12.89, 13.3, 12.29, 12.27, 12.55, 12.2, 12.12, 12.46], 'num2': [3.96, 7.35, 5.64]}
Eval dict: {'num1': [548, 532, 548, 550, 528, 539, 568, 542, 532, 559], 'num2': [168, 317, 226]}
2024-04-08 16:35:01 num2, D2, Repeat: 4, Loss: 0.807178876538632, Fidelity: 0.192821123461368, 10, 0.18
2024-04-08 16:35:01 num2, D2, Repeat: 4, Loss: 0.445543618193938, Fidelity: 0.554456381806062, 20, 0.42
2024-04-08 16:35:02 num2, D2, Repeat: 4, Loss: 0.307221893209562, Fidelity: 0.692778106790438, 30, 0.70
2024-04-08 16:35:02 num2, D2, Repeat: 4, Loss: 0.052979190894043, Fidelity: 0.947020809105957, 40, 0.96
2024-04-08 16:35:02 num2, D2, Repeat: 4, Loss: 0.003974737222759, Fidelity: 0.996025262777241, 50, 1.21
2024-04-08 16:35:04 num2, D2, Repeat: 4, Loss: 0.000028858189193, Fidelity: 0.999971141810807, 100, 2.54
2024-04-08 16:35:05 num2, D2, Repeat: 4, Loss: 0.000002904876345, Fidelity: 0.999997095123655, 150, 3.71
2024-04-08 16:35:06 num2, D2, Repeat: 4, Loss: 0.000000000753058, Fidelity: 0.999999999246942, 200, 4.94
2024-04-08 16:35:06 `callback` raised `StopIteration`.
2024-04-08 16:35:06 Optimal: -8.746336987996983e-13, Fidelity: 1.00000000000087463370
2024-04-08 16:35:06 Time dict: {'num1': [13.38, 12.22, 12.89, 13.3, 12.29, 12.27, 12.55, 12.2, 12.12, 12.46], 'num2': [3.96, 7.35, 5.64, 5.48]}
Eval dict: {'num1': [548, 532, 548, 550, 528, 539, 568, 542, 532, 559], 'num2': [168, 317, 226, 222]}
2024-04-08 16:35:07 num2, D2, Repeat: 5, Loss: 0.881361292155374, Fidelity: 0.118638707844626, 10, 0.18
2024-04-08 16:35:07 num2, D2, Repeat: 5, Loss: 0.442208052645669, Fidelity: 0.557791947354331, 20, 0.42
2024-04-08 16:35:07 num2, D2, Repeat: 5, Loss: 0.408971645557937, Fidelity: 0.591028354442063, 30, 0.66
2024-04-08 16:35:07 num2, D2, Repeat: 5, Loss: 0.186284718616843, Fidelity: 0.813715281383157, 40, 0.90
2024-04-08 16:35:08 num2, D2, Repeat: 5, Loss: 0.011271397292436, Fidelity: 0.988728602707564, 50, 1.14
2024-04-08 16:35:09 num2, D2, Repeat: 5, Loss: 0.000019386088322, Fidelity: 0.999980613911678, 100, 2.33
2024-04-08 16:35:10 num2, D2, Repeat: 5, Loss: 0.000002332985395, Fidelity: 0.999997667014605, 150, 3.52
2024-04-08 16:35:11 num2, D2, Repeat: 5, Loss: 0.000000010370307, Fidelity: 0.999999989629693, 200, 4.70
2024-04-08 16:35:12 `callback` raised `StopIteration`.
2024-04-08 16:35:12 Optimal: -7.180922523275513e-13, Fidelity: 1.00000000000071809225
2024-04-08 16:35:12 Time dict: {'num1': [13.38, 12.22, 12.89, 13.3, 12.29, 12.27, 12.55, 12.2, 12.12, 12.46], 'num2': [3.96, 7.35, 5.64, 5.48, 5.6]}
Eval dict: {'num1': [548, 532, 548, 550, 528, 539, 568, 542, 532, 559], 'num2': [168, 317, 226, 222, 236]}
2024-04-08 16:35:12 num2, D2, Repeat: 6, Loss: 0.799357471190770, Fidelity: 0.200642528809230, 10, 0.14
2024-04-08 16:35:13 num2, D2, Repeat: 6, Loss: 0.442594083730379, Fidelity: 0.557405916269621, 20, 0.35
2024-04-08 16:35:13 num2, D2, Repeat: 6, Loss: 0.422852663165934, Fidelity: 0.577147336834066, 30, 0.57
2024-04-08 16:35:13 num2, D2, Repeat: 6, Loss: 0.421748864340472, Fidelity: 0.578251135659528, 40, 0.80
2024-04-08 16:35:13 num2, D2, Repeat: 6, Loss: 0.421524349738624, Fidelity: 0.578475650261376, 50, 1.03
2024-04-08 16:35:14 num2, D2, Repeat: 6, Loss: 0.001768711027422, Fidelity: 0.998231288972578, 100, 2.20
2024-04-08 16:35:16 num2, D2, Repeat: 6, Loss: 0.000008275070428, Fidelity: 0.999991724929572, 150, 3.38
2024-04-08 16:35:17 num2, D2, Repeat: 6, Loss: 0.000000064290545, Fidelity: 0.999999935709455, 200, 4.58
2024-04-08 16:35:17 `callback` raised `StopIteration`.
2024-04-08 16:35:17 Optimal: 9.946488077616777e-13, Fidelity: 0.99999999999900535119
2024-04-08 16:35:17 Time dict: {'num1': [13.38, 12.22, 12.89, 13.3, 12.29, 12.27, 12.55, 12.2, 12.12, 12.46], 'num2': [3.96, 7.35, 5.64, 5.48, 5.6, 5.04]}
Eval dict: {'num1': [548, 532, 548, 550, 528, 539, 568, 542, 532, 559], 'num2': [168, 317, 226, 222, 236, 219]}
2024-04-08 16:35:17 num2, D2, Repeat: 7, Loss: 0.958899507113036, Fidelity: 0.041100492886964, 10, 0.13
2024-04-08 16:35:17 num2, D2, Repeat: 7, Loss: 0.793907183079513, Fidelity: 0.206092816920487, 20, 0.26
2024-04-08 16:35:18 num2, D2, Repeat: 7, Loss: 0.450726923254490, Fidelity: 0.549273076745510, 30, 0.46
2024-04-08 16:35:18 num2, D2, Repeat: 7, Loss: 0.271563288182116, Fidelity: 0.728436711817884, 40, 0.68
2024-04-08 16:35:18 num2, D2, Repeat: 7, Loss: 0.025422941121795, Fidelity: 0.974577058878205, 50, 0.90
2024-04-08 16:35:19 num2, D2, Repeat: 7, Loss: 0.000031891938134, Fidelity: 0.999968108061866, 100, 2.09
2024-04-08 16:35:20 num2, D2, Repeat: 7, Loss: 0.000002868832657, Fidelity: 0.999997131167343, 150, 3.28
2024-04-08 16:35:22 num2, D2, Repeat: 7, Loss: 0.000001014440166, Fidelity: 0.999998985559834, 200, 4.45
2024-04-08 16:35:23 num2, D2, Repeat: 7, Loss: 0.000000247320625, Fidelity: 0.999999752679375, 250, 5.62
2024-04-08 16:35:24 num2, D2, Repeat: 7, Loss: 0.000000000327634, Fidelity: 0.999999999672366, 300, 6.75
2024-04-08 16:35:25 `callback` raised `StopIteration`.
2024-04-08 16:35:25 Optimal: 6.885603198725221e-13, Fidelity: 0.99999999999931143968
2024-04-08 16:35:25 Time dict: {'num1': [13.38, 12.22, 12.89, 13.3, 12.29, 12.27, 12.55, 12.2, 12.12, 12.46], 'num2': [3.96, 7.35, 5.64, 5.48, 5.6, 5.04, 7.47]}
Eval dict: {'num1': [548, 532, 548, 550, 528, 539, 568, 542, 532, 559], 'num2': [168, 317, 226, 222, 236, 219, 330]}
2024-04-08 16:35:25 num2, D2, Repeat: 8, Loss: 0.646913488044526, Fidelity: 0.353086511955474, 10, 0.18
2024-04-08 16:35:25 num2, D2, Repeat: 8, Loss: 0.431662063085100, Fidelity: 0.568337936914900, 20, 0.40
2024-04-08 16:35:25 num2, D2, Repeat: 8, Loss: 0.421664191308027, Fidelity: 0.578335808691973, 30, 0.64
2024-04-08 16:35:26 num2, D2, Repeat: 8, Loss: 0.420619560752550, Fidelity: 0.579380439247450, 40, 0.86
2024-04-08 16:35:26 num2, D2, Repeat: 8, Loss: 0.417914634675224, Fidelity: 0.582085365324776, 50, 1.10
2024-04-08 16:35:27 num2, D2, Repeat: 8, Loss: 0.000942416229497, Fidelity: 0.999057583770503, 100, 2.36
2024-04-08 16:35:28 num2, D2, Repeat: 8, Loss: 0.000057883943824, Fidelity: 0.999942116056176, 150, 3.52
2024-04-08 16:35:29 num2, D2, Repeat: 8, Loss: 0.000000753903341, Fidelity: 0.999999246096659, 200, 4.68
2024-04-08 16:35:31 num2, D2, Repeat: 8, Loss: 0.000000057349739, Fidelity: 0.999999942650261, 250, 5.85
2024-04-08 16:35:32 num2, D2, Repeat: 8, Loss: 0.000000000691772, Fidelity: 0.999999999308228, 300, 7.03
2024-04-08 16:35:32 `callback` raised `StopIteration`.
2024-04-08 16:35:32 Optimal: 8.782974347809613e-13, Fidelity: 0.99999999999912170257
2024-04-08 16:35:32 Time dict: {'num1': [13.38, 12.22, 12.89, 13.3, 12.29, 12.27, 12.55, 12.2, 12.12, 12.46], 'num2': [3.96, 7.35, 5.64, 5.48, 5.6, 5.04, 7.47, 7.65]}
Eval dict: {'num1': [548, 532, 548, 550, 528, 539, 568, 542, 532, 559], 'num2': [168, 317, 226, 222, 236, 219, 330, 326]}
2024-04-08 16:35:33 num2, D2, Repeat: 9, Loss: 0.688762851902023, Fidelity: 0.311237148097977, 10, 0.18
2024-04-08 16:35:33 num2, D2, Repeat: 9, Loss: 0.433072134719245, Fidelity: 0.566927865280755, 20, 0.42
2024-04-08 16:35:33 num2, D2, Repeat: 9, Loss: 0.421746380285214, Fidelity: 0.578253619714786, 30, 0.67
2024-04-08 16:35:33 num2, D2, Repeat: 9, Loss: 0.398371810454668, Fidelity: 0.601628189545332, 40, 0.90
2024-04-08 16:35:34 num2, D2, Repeat: 9, Loss: 0.161893280906879, Fidelity: 0.838106719093121, 50, 1.12
2024-04-08 16:35:35 num2, D2, Repeat: 9, Loss: 0.000246050924551, Fidelity: 0.999753949075449, 100, 2.29
2024-04-08 16:35:36 num2, D2, Repeat: 9, Loss: 0.000014949143022, Fidelity: 0.999985050856978, 150, 3.52
2024-04-08 16:35:37 num2, D2, Repeat: 9, Loss: 0.000001426605226, Fidelity: 0.999998573394774, 200, 4.71
2024-04-08 16:35:38 num2, D2, Repeat: 9, Loss: 0.000000106788164, Fidelity: 0.999999893211836, 250, 5.88
2024-04-08 16:35:39 num2, D2, Repeat: 9, Loss: 0.000000010530427, Fidelity: 0.999999989469573, 300, 7.05
2024-04-08 16:35:41 num2, D2, Repeat: 9, Loss: 0.000000000113192, Fidelity: 0.999999999886808, 350, 8.23
2024-04-08 16:35:41 `callback` raised `StopIteration`.
2024-04-08 16:35:41 Optimal: -8.717471189356729e-13, Fidelity: 1.00000000000087174712
2024-04-08 16:35:41 Time dict: {'num1': [13.38, 12.22, 12.89, 13.3, 12.29, 12.27, 12.55, 12.2, 12.12, 12.46], 'num2': [3.96, 7.35, 5.64, 5.48, 5.6, 5.04, 7.47, 7.65, 8.46]}
Eval dict: {'num1': [548, 532, 548, 550, 528, 539, 568, 542, 532, 559], 'num2': [168, 317, 226, 222, 236, 219, 330, 326, 359]}
2024-04-08 16:35:41 num2, D2, Repeat: 10, Loss: 0.925441416401482, Fidelity: 0.074558583598518, 10, 0.13
2024-04-08 16:35:41 num2, D2, Repeat: 10, Loss: 0.472566454403890, Fidelity: 0.527433545596110, 20, 0.33
2024-04-08 16:35:41 num2, D2, Repeat: 10, Loss: 0.424978843695363, Fidelity: 0.575021156304637, 30, 0.58
2024-04-08 16:35:42 num2, D2, Repeat: 10, Loss: 0.421602524170810, Fidelity: 0.578397475829190, 40, 0.81
2024-04-08 16:35:42 num2, D2, Repeat: 10, Loss: 0.419804520535020, Fidelity: 0.580195479464980, 50, 1.06
2024-04-08 16:35:43 num2, D2, Repeat: 10, Loss: 0.000488965586228, Fidelity: 0.999511034413772, 100, 2.23
2024-04-08 16:35:44 num2, D2, Repeat: 10, Loss: 0.000003362352395, Fidelity: 0.999996637647605, 150, 3.41
2024-04-08 16:35:45 num2, D2, Repeat: 10, Loss: 0.000000143655234, Fidelity: 0.999999856344766, 200, 4.57
2024-04-08 16:35:47 num2, D2, Repeat: 10, Loss: 0.000000022831101, Fidelity: 0.999999977168899, 250, 5.75
2024-04-08 16:35:47 `callback` raised `StopIteration`.
2024-04-08 16:35:47 Optimal: -1.3067324999838092e-12, Fidelity: 1.00000000000130673250
2024-04-08 16:35:47 Time dict: {'num1': [13.38, 12.22, 12.89, 13.3, 12.29, 12.27, 12.55, 12.2, 12.12, 12.46], 'num2': [3.96, 7.35, 5.64, 5.48, 5.6, 5.04, 7.47, 7.65, 8.46, 6.48]}
Eval dict: {'num1': [548, 532, 548, 550, 528, 539, 568, 542, 532, 559], 'num2': [168, 317, 226, 222, 236, 219, 330, 326, 359, 280]}
2024-04-08 16:35:47 num2 D=2 L=1 finish
{'num1': [0.9999965159262806, 0.9999996958417999, 0.9999913483305167, 0.9999976928095619, 0.9999979392875727, 0.9999808280666701, 0.9999967967178485, 0.9999922295316711, 0.9999960259677454, 0.9999893496851139], 'num2': [0.9999999999991804, 1.000000000001334, 0.9999999999996749, 1.0000000000008746, 1.000000000000718, 0.9999999999990054, 0.9999999999993114, 0.9999999999991217, 1.0000000000008717, 1.0000000000013067]}
2024-04-08 16:35:47 Number of qubits: 10
2024-04-08 16:35:47 Number of gates: 2216
2024-04-08 16:35:47 Number of params: 408
2024-04-08 16:35:47 Depth of circuit: 737
2024-04-08 16:35:47 Simulator: mqvector, Method: BFGS
2024-04-08 16:35:48 num3, D2, Repeat: 1, Loss: 0.829320617928977, Fidelity: 0.170679382071023, 10, 0.17
2024-04-08 16:35:48 num3, D2, Repeat: 1, Loss: 0.161622859960431, Fidelity: 0.838377140039569, 20, 0.39
2024-04-08 16:35:48 num3, D2, Repeat: 1, Loss: 0.083766968902654, Fidelity: 0.916233031097346, 30, 0.62
2024-04-08 16:35:48 num3, D2, Repeat: 1, Loss: 0.079726457553905, Fidelity: 0.920273542446095, 40, 0.88
2024-04-08 16:35:49 num3, D2, Repeat: 1, Loss: 0.074124700153156, Fidelity: 0.925875299846844, 50, 1.12
2024-04-08 16:35:50 num3, D2, Repeat: 1, Loss: 0.000308454401971, Fidelity: 0.999691545598029, 100, 2.31
2024-04-08 16:35:51 num3, D2, Repeat: 1, Loss: 0.000005310941346, Fidelity: 0.999994689058654, 150, 3.50
2024-04-08 16:35:52 num3, D2, Repeat: 1, Loss: 0.000000591700421, Fidelity: 0.999999408299579, 200, 4.70
2024-04-08 16:35:53 num3, D2, Repeat: 1, Loss: 0.000000006261303, Fidelity: 0.999999993738697, 250, 5.89
2024-04-08 16:35:54 `callback` raised `StopIteration`.
2024-04-08 16:35:54 Optimal: 3.744782262060653e-13, Fidelity: 0.99999999999962552177
2024-04-08 16:35:54 Time dict: {'num1': [13.38, 12.22, 12.89, 13.3, 12.29, 12.27, 12.55, 12.2, 12.12, 12.46], 'num2': [3.96, 7.35, 5.64, 5.48, 5.6, 5.04, 7.47, 7.65, 8.46, 6.48], 'num3': [6.89]}
Eval dict: {'num1': [548, 532, 548, 550, 528, 539, 568, 542, 532, 559], 'num2': [168, 317, 226, 222, 236, 219, 330, 326, 359, 280], 'num3': [292]}
2024-04-08 16:35:55 num3, D2, Repeat: 2, Loss: 0.952362132740904, Fidelity: 0.047637867259096, 10, 0.14
2024-04-08 16:35:55 num3, D2, Repeat: 2, Loss: 0.334967069530367, Fidelity: 0.665032930469633, 20, 0.36
2024-04-08 16:35:55 num3, D2, Repeat: 2, Loss: 0.096499273398652, Fidelity: 0.903500726601348, 30, 0.57
2024-04-08 16:35:55 num3, D2, Repeat: 2, Loss: 0.078895535188455, Fidelity: 0.921104464811545, 40, 0.82
2024-04-08 16:35:55 num3, D2, Repeat: 2, Loss: 0.055860458806953, Fidelity: 0.944139541193047, 50, 1.06
2024-04-08 16:35:57 num3, D2, Repeat: 2, Loss: 0.000187300901658, Fidelity: 0.999812699098342, 100, 2.23
2024-04-08 16:35:58 num3, D2, Repeat: 2, Loss: 0.000008908353817, Fidelity: 0.999991091646183, 150, 3.44
2024-04-08 16:35:59 num3, D2, Repeat: 2, Loss: 0.000002363031776, Fidelity: 0.999997636968224, 200, 4.63
2024-04-08 16:36:00 num3, D2, Repeat: 2, Loss: 0.000000753647886, Fidelity: 0.999999246352114, 250, 5.76
2024-04-08 16:36:01 num3, D2, Repeat: 2, Loss: 0.000000048854048, Fidelity: 0.999999951145952, 300, 7.11
2024-04-08 16:36:03 num3, D2, Repeat: 2, Loss: 0.000000000052949, Fidelity: 0.999999999947051, 350, 8.31
2024-04-08 16:36:03 `callback` raised `StopIteration`.
2024-04-08 16:36:03 Optimal: -1.8274270985330077e-13, Fidelity: 1.00000000000018274271
2024-04-08 16:36:03 Time dict: {'num1': [13.38, 12.22, 12.89, 13.3, 12.29, 12.27, 12.55, 12.2, 12.12, 12.46], 'num2': [3.96, 7.35, 5.64, 5.48, 5.6, 5.04, 7.47, 7.65, 8.46, 6.48], 'num3': [6.89, 8.66]}
Eval dict: {'num1': [548, 532, 548, 550, 528, 539, 568, 542, 532, 559], 'num2': [168, 317, 226, 222, 236, 219, 330, 326, 359, 280], 'num3': [292, 365]}
2024-04-08 16:36:03 num3, D2, Repeat: 3, Loss: 0.901398550886095, Fidelity: 0.098601449113905, 10, 0.13
2024-04-08 16:36:03 num3, D2, Repeat: 3, Loss: 0.283152571401364, Fidelity: 0.716847428598636, 20, 0.32
2024-04-08 16:36:04 num3, D2, Repeat: 3, Loss: 0.096520755248804, Fidelity: 0.903479244751196, 30, 0.54
2024-04-08 16:36:04 num3, D2, Repeat: 3, Loss: 0.082469878737946, Fidelity: 0.917530121262054, 40, 0.77
2024-04-08 16:36:04 num3, D2, Repeat: 3, Loss: 0.081750921605183, Fidelity: 0.918249078394817, 50, 1.01
2024-04-08 16:36:05 num3, D2, Repeat: 3, Loss: 0.076342538939528, Fidelity: 0.923657461060472, 100, 2.15
2024-04-08 16:36:06 num3, D2, Repeat: 3, Loss: 0.000830626583931, Fidelity: 0.999169373416069, 150, 3.32
2024-04-08 16:36:08 num3, D2, Repeat: 3, Loss: 0.000024532638791, Fidelity: 0.999975467361209, 200, 4.54
2024-04-08 16:36:09 num3, D2, Repeat: 3, Loss: 0.000006539907165, Fidelity: 0.999993460092835, 250, 5.71
2024-04-08 16:36:10 num3, D2, Repeat: 3, Loss: 0.000000245886939, Fidelity: 0.999999754113061, 300, 6.94
2024-04-08 16:36:11 num3, D2, Repeat: 3, Loss: 0.000000001741145, Fidelity: 0.999999998258855, 350, 8.08
2024-04-08 16:36:12 num3, D2, Repeat: 3, Loss: 0.000000000543967, Fidelity: 0.999999999456033, 400, 9.28
2024-04-08 16:36:13 num3, D2, Repeat: 3, Loss: 0.000000000004539, Fidelity: 0.999999999995461, 450, 10.41
2024-04-08 16:36:14 `callback` raised `StopIteration`.
2024-04-08 16:36:14 Optimal: 6.509237593377293e-13, Fidelity: 0.99999999999934907624
2024-04-08 16:36:14 Time dict: {'num1': [13.38, 12.22, 12.89, 13.3, 12.29, 12.27, 12.55, 12.2, 12.12, 12.46], 'num2': [3.96, 7.35, 5.64, 5.48, 5.6, 5.04, 7.47, 7.65, 8.46, 6.48], 'num3': [6.89, 8.66, 10.51]}
Eval dict: {'num1': [548, 532, 548, 550, 528, 539, 568, 542, 532, 559], 'num2': [168, 317, 226, 222, 236, 219, 330, 326, 359, 280], 'num3': [292, 365, 454]}
2024-04-08 16:36:14 num3, D2, Repeat: 4, Loss: 0.814109099551301, Fidelity: 0.185890900448699, 10, 0.16
2024-04-08 16:36:14 num3, D2, Repeat: 4, Loss: 0.119150314126987, Fidelity: 0.880849685873013, 20, 0.35
2024-04-08 16:36:14 num3, D2, Repeat: 4, Loss: 0.084018436306077, Fidelity: 0.915981563693923, 30, 0.57
2024-04-08 16:36:14 num3, D2, Repeat: 4, Loss: 0.081654993744232, Fidelity: 0.918345006255768, 40, 0.80
2024-04-08 16:36:15 num3, D2, Repeat: 4, Loss: 0.080889044146192, Fidelity: 0.919110955853808, 50, 1.03
2024-04-08 16:36:16 num3, D2, Repeat: 4, Loss: 0.020294700298663, Fidelity: 0.979705299701337, 100, 2.15
2024-04-08 16:36:17 num3, D2, Repeat: 4, Loss: 0.000072786054752, Fidelity: 0.999927213945248, 150, 3.31
2024-04-08 16:36:18 num3, D2, Repeat: 4, Loss: 0.000005604514860, Fidelity: 0.999994395485140, 200, 4.49
2024-04-08 16:36:19 num3, D2, Repeat: 4, Loss: 0.000000654369186, Fidelity: 0.999999345630814, 250, 5.64
2024-04-08 16:36:20 num3, D2, Repeat: 4, Loss: 0.000000292966460, Fidelity: 0.999999707033540, 300, 6.79
2024-04-08 16:36:22 num3, D2, Repeat: 4, Loss: 0.000000024734537, Fidelity: 0.999999975265463, 350, 7.96
2024-04-08 16:36:22 `callback` raised `StopIteration`.
2024-04-08 16:36:22 Optimal: -6.128431095930864e-14, Fidelity: 1.00000000000006128431
2024-04-08 16:36:22 Time dict: {'num1': [13.38, 12.22, 12.89, 13.3, 12.29, 12.27, 12.55, 12.2, 12.12, 12.46], 'num2': [3.96, 7.35, 5.64, 5.48, 5.6, 5.04, 7.47, 7.65, 8.46, 6.48], 'num3': [6.89, 8.66, 10.51, 8.19]}
Eval dict: {'num1': [548, 532, 548, 550, 528, 539, 568, 542, 532, 559], 'num2': [168, 317, 226, 222, 236, 219, 330, 326, 359, 280], 'num3': [292, 365, 454, 359]}
2024-04-08 16:36:22 num3, D2, Repeat: 5, Loss: 0.329853285463512, Fidelity: 0.670146714536488, 10, 0.16
2024-04-08 16:36:22 num3, D2, Repeat: 5, Loss: 0.098254159115889, Fidelity: 0.901745840884111, 20, 0.39
2024-04-08 16:36:22 num3, D2, Repeat: 5, Loss: 0.083312638375239, Fidelity: 0.916687361624761, 30, 0.63
2024-04-08 16:36:23 num3, D2, Repeat: 5, Loss: 0.082081701125436, Fidelity: 0.917918298874564, 40, 0.87
2024-04-08 16:36:23 num3, D2, Repeat: 5, Loss: 0.081732239903236, Fidelity: 0.918267760096764, 50, 1.12
2024-04-08 16:36:24 num3, D2, Repeat: 5, Loss: 0.012150122653985, Fidelity: 0.987849877346015, 100, 2.28
2024-04-08 16:36:25 num3, D2, Repeat: 5, Loss: 0.000101404710654, Fidelity: 0.999898595289346, 150, 3.62
2024-04-08 16:36:27 num3, D2, Repeat: 5, Loss: 0.000003455363276, Fidelity: 0.999996544636724, 200, 4.87
2024-04-08 16:36:28 num3, D2, Repeat: 5, Loss: 0.000000520976823, Fidelity: 0.999999479023177, 250, 6.06
2024-04-08 16:36:29 num3, D2, Repeat: 5, Loss: 0.000000282535610, Fidelity: 0.999999717464390, 300, 7.21
2024-04-08 16:36:30 num3, D2, Repeat: 5, Loss: 0.000000177911445, Fidelity: 0.999999822088555, 350, 8.38
2024-04-08 16:36:31 num3, D2, Repeat: 5, Loss: 0.000000001413011, Fidelity: 0.999999998586989, 400, 9.51
2024-04-08 16:36:32 `callback` raised `StopIteration`.
2024-04-08 16:36:32 Optimal: -2.973177259946169e-13, Fidelity: 1.00000000000029731773
2024-04-08 16:36:32 Time dict: {'num1': [13.38, 12.22, 12.89, 13.3, 12.29, 12.27, 12.55, 12.2, 12.12, 12.46], 'num2': [3.96, 7.35, 5.64, 5.48, 5.6, 5.04, 7.47, 7.65, 8.46, 6.48], 'num3': [6.89, 8.66, 10.51, 8.19, 9.81]}
Eval dict: {'num1': [548, 532, 548, 550, 528, 539, 568, 542, 532, 559], 'num2': [168, 317, 226, 222, 236, 219, 330, 326, 359, 280], 'num3': [292, 365, 454, 359, 412]}
2024-04-08 16:36:32 num3, D2, Repeat: 6, Loss: 0.926049035927121, Fidelity: 0.073950964072879, 10, 0.15
2024-04-08 16:36:32 num3, D2, Repeat: 6, Loss: 0.623175699371203, Fidelity: 0.376824300628797, 20, 0.29
2024-04-08 16:36:32 num3, D2, Repeat: 6, Loss: 0.141846383585895, Fidelity: 0.858153616414105, 30, 0.48
2024-04-08 16:36:32 num3, D2, Repeat: 6, Loss: 0.087202386437351, Fidelity: 0.912797613562649, 40, 0.71
2024-04-08 16:36:33 num3, D2, Repeat: 6, Loss: 0.081758292152337, Fidelity: 0.918241707847663, 50, 0.94
2024-04-08 16:36:34 num3, D2, Repeat: 6, Loss: 0.006574133244830, Fidelity: 0.993425866755170, 100, 2.11
2024-04-08 16:36:35 num3, D2, Repeat: 6, Loss: 0.000061223754386, Fidelity: 0.999938776245614, 150, 3.30
2024-04-08 16:36:36 num3, D2, Repeat: 6, Loss: 0.000007137731766, Fidelity: 0.999992862268234, 200, 4.47
2024-04-08 16:36:37 num3, D2, Repeat: 6, Loss: 0.000002206360681, Fidelity: 0.999997793639319, 250, 5.64
2024-04-08 16:36:38 num3, D2, Repeat: 6, Loss: 0.000000091783826, Fidelity: 0.999999908216174, 300, 6.78
2024-04-08 16:36:40 num3, D2, Repeat: 6, Loss: 0.000000004460469, Fidelity: 0.999999995539531, 350, 7.97
2024-04-08 16:36:41 num3, D2, Repeat: 6, Loss: 0.000000000732854, Fidelity: 0.999999999267146, 400, 9.11
2024-04-08 16:36:42 `callback` raised `StopIteration`.
2024-04-08 16:36:42 Optimal: -1.0833556274292278e-12, Fidelity: 1.00000000000108335563
2024-04-08 16:36:42 Time dict: {'num1': [13.38, 12.22, 12.89, 13.3, 12.29, 12.27, 12.55, 12.2, 12.12, 12.46], 'num2': [3.96, 7.35, 5.64, 5.48, 5.6, 5.04, 7.47, 7.65, 8.46, 6.48], 'num3': [6.89, 8.66, 10.51, 8.19, 9.81, 9.98]}
Eval dict: {'num1': [548, 532, 548, 550, 528, 539, 568, 542, 532, 559], 'num2': [168, 317, 226, 222, 236, 219, 330, 326, 359, 280], 'num3': [292, 365, 454, 359, 412, 438]}
2024-04-08 16:36:42 num3, D2, Repeat: 7, Loss: 0.960563310927745, Fidelity: 0.039436689072255, 10, 0.14
2024-04-08 16:36:42 num3, D2, Repeat: 7, Loss: 0.173836755966073, Fidelity: 0.826163244033927, 20, 0.32
2024-04-08 16:36:42 num3, D2, Repeat: 7, Loss: 0.083968070887558, Fidelity: 0.916031929112442, 30, 0.54
2024-04-08 16:36:42 num3, D2, Repeat: 7, Loss: 0.079706562968049, Fidelity: 0.920293437031951, 40, 0.78
2024-04-08 16:36:43 num3, D2, Repeat: 7, Loss: 0.058165294385798, Fidelity: 0.941834705614202, 50, 1.03
2024-04-08 16:36:44 num3, D2, Repeat: 7, Loss: 0.000185060101681, Fidelity: 0.999814939898319, 100, 2.19
2024-04-08 16:36:45 num3, D2, Repeat: 7, Loss: 0.000022553069194, Fidelity: 0.999977446930806, 150, 3.33
2024-04-08 16:36:46 num3, D2, Repeat: 7, Loss: 0.000001424863618, Fidelity: 0.999998575136382, 200, 4.50
2024-04-08 16:36:47 num3, D2, Repeat: 7, Loss: 0.000000435590409, Fidelity: 0.999999564409591, 250, 5.77
2024-04-08 16:36:49 num3, D2, Repeat: 7, Loss: 0.000000000063452, Fidelity: 0.999999999936548, 300, 6.93
2024-04-08 16:36:49 `callback` raised `StopIteration`.
2024-04-08 16:36:49 Optimal: 9.500178421717465e-13, Fidelity: 0.99999999999904998216
2024-04-08 16:36:49 Time dict: {'num1': [13.38, 12.22, 12.89, 13.3, 12.29, 12.27, 12.55, 12.2, 12.12, 12.46], 'num2': [3.96, 7.35, 5.64, 5.48, 5.6, 5.04, 7.47, 7.65, 8.46, 6.48], 'num3': [6.89, 8.66, 10.51, 8.19, 9.81, 9.98, 7.51]}
Eval dict: {'num1': [548, 532, 548, 550, 528, 539, 568, 542, 532, 559], 'num2': [168, 317, 226, 222, 236, 219, 330, 326, 359, 280], 'num3': [292, 365, 454, 359, 412, 438, 324]}
2024-04-08 16:36:49 num3, D2, Repeat: 8, Loss: 0.977665435173390, Fidelity: 0.022334564826610, 10, 0.14
2024-04-08 16:36:50 num3, D2, Repeat: 8, Loss: 0.217084369243341, Fidelity: 0.782915630756659, 20, 0.30
2024-04-08 16:36:50 num3, D2, Repeat: 8, Loss: 0.090348429863033, Fidelity: 0.909651570136967, 30, 0.51
2024-04-08 16:36:50 num3, D2, Repeat: 8, Loss: 0.083338867566544, Fidelity: 0.916661132433456, 40, 0.73
2024-04-08 16:36:50 num3, D2, Repeat: 8, Loss: 0.081633904224713, Fidelity: 0.918366095775287, 50, 0.96
2024-04-08 16:36:51 num3, D2, Repeat: 8, Loss: 0.008593931452602, Fidelity: 0.991406068547398, 100, 2.10
2024-04-08 16:36:52 num3, D2, Repeat: 8, Loss: 0.000049084813404, Fidelity: 0.999950915186596, 150, 3.27
2024-04-08 16:36:54 num3, D2, Repeat: 8, Loss: 0.000003349747291, Fidelity: 0.999996650252709, 200, 4.42
2024-04-08 16:36:55 num3, D2, Repeat: 8, Loss: 0.000000272951056, Fidelity: 0.999999727048944, 250, 5.56
2024-04-08 16:36:56 num3, D2, Repeat: 8, Loss: 0.000000012507403, Fidelity: 0.999999987492597, 300, 6.72
2024-04-08 16:36:57 num3, D2, Repeat: 8, Loss: 0.000000001823443, Fidelity: 0.999999998176557, 350, 7.86
2024-04-08 16:36:57 `callback` raised `StopIteration`.
2024-04-08 16:36:57 Optimal: -1.4444001550373287e-12, Fidelity: 1.00000000000144440016
2024-04-08 16:36:57 Time dict: {'num1': [13.38, 12.22, 12.89, 13.3, 12.29, 12.27, 12.55, 12.2, 12.12, 12.46], 'num2': [3.96, 7.35, 5.64, 5.48, 5.6, 5.04, 7.47, 7.65, 8.46, 6.48], 'num3': [6.89, 8.66, 10.51, 8.19, 9.81, 9.98, 7.51, 8.28]}
Eval dict: {'num1': [548, 532, 548, 550, 528, 539, 568, 542, 532, 559], 'num2': [168, 317, 226, 222, 236, 219, 330, 326, 359, 280], 'num3': [292, 365, 454, 359, 412, 438, 324, 368]}
2024-04-08 16:36:58 num3, D2, Repeat: 9, Loss: 0.945948667233556, Fidelity: 0.054051332766444, 10, 0.14
2024-04-08 16:36:58 num3, D2, Repeat: 9, Loss: 0.371509384414935, Fidelity: 0.628490615585065, 20, 0.36
2024-04-08 16:36:58 num3, D2, Repeat: 9, Loss: 0.096942921220946, Fidelity: 0.903057078779054, 30, 0.56
2024-04-08 16:36:58 num3, D2, Repeat: 9, Loss: 0.078150461214158, Fidelity: 0.921849538785842, 40, 0.79
2024-04-08 16:36:59 num3, D2, Repeat: 9, Loss: 0.065533603030888, Fidelity: 0.934466396969112, 50, 1.02
2024-04-08 16:37:00 num3, D2, Repeat: 9, Loss: 0.000136510784255, Fidelity: 0.999863489215745, 100, 2.18
2024-04-08 16:37:01 num3, D2, Repeat: 9, Loss: 0.000002676604026, Fidelity: 0.999997323395974, 150, 3.38
2024-04-08 16:37:02 num3, D2, Repeat: 9, Loss: 0.000000062883779, Fidelity: 0.999999937116221, 200, 4.55
2024-04-08 16:37:03 num3, D2, Repeat: 9, Loss: 0.000000000716772, Fidelity: 0.999999999283228, 250, 5.75
2024-04-08 16:37:04 `callback` raised `StopIteration`.
2024-04-08 16:37:04 Optimal: 9.704459458248493e-13, Fidelity: 0.99999999999902955405
2024-04-08 16:37:04 Time dict: {'num1': [13.38, 12.22, 12.89, 13.3, 12.29, 12.27, 12.55, 12.2, 12.12, 12.46], 'num2': [3.96, 7.35, 5.64, 5.48, 5.6, 5.04, 7.47, 7.65, 8.46, 6.48], 'num3': [6.89, 8.66, 10.51, 8.19, 9.81, 9.98, 7.51, 8.28, 6.56]}
Eval dict: {'num1': [548, 532, 548, 550, 528, 539, 568, 542, 532, 559], 'num2': [168, 317, 226, 222, 236, 219, 330, 326, 359, 280], 'num3': [292, 365, 454, 359, 412, 438, 324, 368, 284]}
2024-04-08 16:37:04 num3, D2, Repeat: 10, Loss: 0.966463084509901, Fidelity: 0.033536915490099, 10, 0.11
2024-04-08 16:37:04 num3, D2, Repeat: 10, Loss: 0.246095556167349, Fidelity: 0.753904443832651, 20, 0.29
2024-04-08 16:37:05 num3, D2, Repeat: 10, Loss: 0.082710307204410, Fidelity: 0.917289692795590, 30, 0.50
2024-04-08 16:37:05 num3, D2, Repeat: 10, Loss: 0.075126336422857, Fidelity: 0.924873663577143, 40, 0.75
2024-04-08 16:37:05 num3, D2, Repeat: 10, Loss: 0.056689271285122, Fidelity: 0.943310728714878, 50, 0.97
2024-04-08 16:37:06 num3, D2, Repeat: 10, Loss: 0.000057235851194, Fidelity: 0.999942764148806, 100, 2.15
2024-04-08 16:37:07 num3, D2, Repeat: 10, Loss: 0.000000751216197, Fidelity: 0.999999248783803, 150, 3.31
2024-04-08 16:37:09 num3, D2, Repeat: 10, Loss: 0.000000339013634, Fidelity: 0.999999660986366, 200, 4.48
2024-04-08 16:37:10 num3, D2, Repeat: 10, Loss: 0.000000056948775, Fidelity: 0.999999943051225, 250, 5.65
2024-04-08 16:37:11 num3, D2, Repeat: 10, Loss: 0.000000000018835, Fidelity: 0.999999999981165, 300, 6.79
2024-04-08 16:37:11 `callback` raised `StopIteration`.
2024-04-08 16:37:11 Optimal: 1.6131540547803525e-13, Fidelity: 0.99999999999983868459
2024-04-08 16:37:11 Time dict: {'num1': [13.38, 12.22, 12.89, 13.3, 12.29, 12.27, 12.55, 12.2, 12.12, 12.46], 'num2': [3.96, 7.35, 5.64, 5.48, 5.6, 5.04, 7.47, 7.65, 8.46, 6.48], 'num3': [6.89, 8.66, 10.51, 8.19, 9.81, 9.98, 7.51, 8.28, 6.56, 7.03]}
Eval dict: {'num1': [548, 532, 548, 550, 528, 539, 568, 542, 532, 559], 'num2': [168, 317, 226, 222, 236, 219, 330, 326, 359, 280], 'num3': [292, 365, 454, 359, 412, 438, 324, 368, 284, 310]}
2024-04-08 16:37:11 num3 D=2 L=1 finish
{'num1': [0.9999965159262806, 0.9999996958417999, 0.9999913483305167, 0.9999976928095619, 0.9999979392875727, 0.9999808280666701, 0.9999967967178485, 0.9999922295316711, 0.9999960259677454, 0.9999893496851139], 'num2': [0.9999999999991804, 1.000000000001334, 0.9999999999996749, 1.0000000000008746, 1.000000000000718, 0.9999999999990054, 0.9999999999993114, 0.9999999999991217, 1.0000000000008717, 1.0000000000013067], 'num3': [0.9999999999996255, 1.0000000000001827, 0.9999999999993491, 1.0000000000000613, 1.0000000000002973, 1.0000000000010834, 0.99999999999905, 1.0000000000014444, 0.9999999999990296, 0.9999999999998387]}
2024-04-08 16:37:11 Number of qubits: 10
2024-04-08 16:37:11 Number of gates: 2216
2024-04-08 16:37:11 Number of params: 408
2024-04-08 16:37:11 Depth of circuit: 737
2024-04-08 16:37:11 Simulator: mqvector, Method: BFGS
2024-04-08 16:37:11 num4, D2, Repeat: 1, Loss: 0.792405634080537, Fidelity: 0.207594365919463, 10, 0.16
2024-04-08 16:37:12 num4, D2, Repeat: 1, Loss: 0.096268930310391, Fidelity: 0.903731069689609, 20, 0.36
2024-04-08 16:37:12 num4, D2, Repeat: 1, Loss: 0.058603621710246, Fidelity: 0.941396378289754, 30, 0.57
2024-04-08 16:37:12 num4, D2, Repeat: 1, Loss: 0.030862543096265, Fidelity: 0.969137456903735, 40, 0.79
2024-04-08 16:37:12 num4, D2, Repeat: 1, Loss: 0.014658225811140, Fidelity: 0.985341774188860, 50, 1.03
2024-04-08 16:37:13 num4, D2, Repeat: 1, Loss: 0.000161500246105, Fidelity: 0.999838499753895, 100, 2.17
2024-04-08 16:37:15 num4, D2, Repeat: 1, Loss: 0.000017907069737, Fidelity: 0.999982092930263, 150, 3.31
2024-04-08 16:37:16 num4, D2, Repeat: 1, Loss: 0.000010531610551, Fidelity: 0.999989468389449, 200, 4.42
2024-04-08 16:37:17 num4, D2, Repeat: 1, Loss: 0.000007424816178, Fidelity: 0.999992575183822, 250, 5.55
2024-04-08 16:37:18 num4, D2, Repeat: 1, Loss: 0.000004154642563, Fidelity: 0.999995845357437, 300, 6.64
2024-04-08 16:37:19 num4, D2, Repeat: 1, Loss: 0.000001331738568, Fidelity: 0.999998668261432, 350, 7.95
2024-04-08 16:37:20 num4, D2, Repeat: 1, Loss: 0.000000582729340, Fidelity: 0.999999417270660, 400, 9.08
2024-04-08 16:37:21 num4, D2, Repeat: 1, Loss: 0.000000177331776, Fidelity: 0.999999822668224, 450, 10.23
2024-04-08 16:37:23 num4, D2, Repeat: 1, Loss: 0.000000014085352, Fidelity: 0.999999985914648, 500, 11.35
2024-04-08 16:37:23 Maximum number of iterations has been exceeded.
2024-04-08 16:37:23 Optimal: 1.145798378399121e-08, Fidelity: 0.99999998854201621601
2024-04-08 16:37:23 Time dict: {'num1': [13.38, 12.22, 12.89, 13.3, 12.29, 12.27, 12.55, 12.2, 12.12, 12.46], 'num2': [3.96, 7.35, 5.64, 5.48, 5.6, 5.04, 7.47, 7.65, 8.46, 6.48], 'num3': [6.89, 8.66, 10.51, 8.19, 9.81, 9.98, 7.51, 8.28, 6.56, 7.03], 'num4': [11.84]}
Eval dict: {'num1': [548, 532, 548, 550, 528, 539, 568, 542, 532, 559], 'num2': [168, 317, 226, 222, 236, 219, 330, 326, 359, 280], 'num3': [292, 365, 454, 359, 412, 438, 324, 368, 284, 310], 'num4': [519]}
2024-04-08 16:37:23 num4, D2, Repeat: 2, Loss: 0.320690420057742, Fidelity: 0.679309579942258, 10, 0.17
2024-04-08 16:37:23 num4, D2, Repeat: 2, Loss: 0.065212205427827, Fidelity: 0.934787794572173, 20, 0.40
2024-04-08 16:37:24 num4, D2, Repeat: 2, Loss: 0.047099257148027, Fidelity: 0.952900742851973, 30, 0.63
2024-04-08 16:37:24 num4, D2, Repeat: 2, Loss: 0.027963225711465, Fidelity: 0.972036774288535, 40, 0.88
2024-04-08 16:37:24 num4, D2, Repeat: 2, Loss: 0.013557093471029, Fidelity: 0.986442906528971, 50, 1.12
2024-04-08 16:37:25 num4, D2, Repeat: 2, Loss: 0.003354597269852, Fidelity: 0.996645402730148, 100, 2.26
2024-04-08 16:37:26 num4, D2, Repeat: 2, Loss: 0.000174198950839, Fidelity: 0.999825801049161, 150, 3.39
2024-04-08 16:37:28 num4, D2, Repeat: 2, Loss: 0.000048403450697, Fidelity: 0.999951596549303, 200, 4.60
2024-04-08 16:37:29 num4, D2, Repeat: 2, Loss: 0.000027947335981, Fidelity: 0.999972052664019, 250, 5.73
2024-04-08 16:37:30 num4, D2, Repeat: 2, Loss: 0.000004616177456, Fidelity: 0.999995383822544, 300, 6.85
2024-04-08 16:37:31 num4, D2, Repeat: 2, Loss: 0.000002043795561, Fidelity: 0.999997956204439, 350, 8.00
2024-04-08 16:37:32 num4, D2, Repeat: 2, Loss: 0.000001418069950, Fidelity: 0.999998581930050, 400, 9.14
2024-04-08 16:37:33 num4, D2, Repeat: 2, Loss: 0.000000858255972, Fidelity: 0.999999141744028, 450, 10.31
2024-04-08 16:37:35 num4, D2, Repeat: 2, Loss: 0.000000339037297, Fidelity: 0.999999660962703, 500, 11.43
2024-04-08 16:37:35 Maximum number of iterations has been exceeded.
2024-04-08 16:37:35 Optimal: 3.383843145687848e-07, Fidelity: 0.99999966161568543122
2024-04-08 16:37:35 Time dict: {'num1': [13.38, 12.22, 12.89, 13.3, 12.29, 12.27, 12.55, 12.2, 12.12, 12.46], 'num2': [3.96, 7.35, 5.64, 5.48, 5.6, 5.04, 7.47, 7.65, 8.46, 6.48], 'num3': [6.89, 8.66, 10.51, 8.19, 9.81, 9.98, 7.51, 8.28, 6.56, 7.03], 'num4': [11.84, 11.66]}
Eval dict: {'num1': [548, 532, 548, 550, 528, 539, 568, 542, 532, 559], 'num2': [168, 317, 226, 222, 236, 219, 330, 326, 359, 280], 'num3': [292, 365, 454, 359, 412, 438, 324, 368, 284, 310], 'num4': [519, 509]}
2024-04-08 16:37:35 num4, D2, Repeat: 3, Loss: 0.943661134651790, Fidelity: 0.056338865348210, 10, 0.14
2024-04-08 16:37:35 num4, D2, Repeat: 3, Loss: 0.230557745231623, Fidelity: 0.769442254768377, 20, 0.35
2024-04-08 16:37:35 num4, D2, Repeat: 3, Loss: 0.074336282711017, Fidelity: 0.925663717288983, 30, 0.55
2024-04-08 16:37:36 num4, D2, Repeat: 3, Loss: 0.052509157784142, Fidelity: 0.947490842215858, 40, 0.77
2024-04-08 16:37:36 num4, D2, Repeat: 3, Loss: 0.023749915915741, Fidelity: 0.976250084084259, 50, 0.99
2024-04-08 16:37:37 num4, D2, Repeat: 3, Loss: 0.000267780893287, Fidelity: 0.999732219106713, 100, 2.13
2024-04-08 16:37:38 num4, D2, Repeat: 3, Loss: 0.000049375023324, Fidelity: 0.999950624976676, 150, 3.39
2024-04-08 16:37:39 num4, D2, Repeat: 3, Loss: 0.000036524961583, Fidelity: 0.999963475038417, 200, 4.67
2024-04-08 16:37:41 num4, D2, Repeat: 3, Loss: 0.000009255978355, Fidelity: 0.999990744021645, 250, 5.79
2024-04-08 16:37:42 num4, D2, Repeat: 3, Loss: 0.000004535517477, Fidelity: 0.999995464482523, 300, 6.95
2024-04-08 16:37:43 num4, D2, Repeat: 3, Loss: 0.000003048641530, Fidelity: 0.999996951358470, 350, 8.04
2024-04-08 16:37:44 num4, D2, Repeat: 3, Loss: 0.000001717199256, Fidelity: 0.999998282800744, 400, 9.15
2024-04-08 16:37:45 num4, D2, Repeat: 3, Loss: 0.000001180090326, Fidelity: 0.999998819909674, 450, 10.26
2024-04-08 16:37:46 num4, D2, Repeat: 3, Loss: 0.000000618161026, Fidelity: 0.999999381838974, 500, 11.39
2024-04-08 16:37:47 Maximum number of iterations has been exceeded.
2024-04-08 16:37:47 Optimal: 2.2456186088426477e-07, Fidelity: 0.99999977543813911574
2024-04-08 16:37:47 Time dict: {'num1': [13.38, 12.22, 12.89, 13.3, 12.29, 12.27, 12.55, 12.2, 12.12, 12.46], 'num2': [3.96, 7.35, 5.64, 5.48, 5.6, 5.04, 7.47, 7.65, 8.46, 6.48], 'num3': [6.89, 8.66, 10.51, 8.19, 9.81, 9.98, 7.51, 8.28, 6.56, 7.03], 'num4': [11.84, 11.66, 11.92]}
Eval dict: {'num1': [548, 532, 548, 550, 528, 539, 568, 542, 532, 559], 'num2': [168, 317, 226, 222, 236, 219, 330, 326, 359, 280], 'num3': [292, 365, 454, 359, 412, 438, 324, 368, 284, 310], 'num4': [519, 509, 523]}
2024-04-08 16:37:47 num4, D2, Repeat: 4, Loss: 0.502368532939487, Fidelity: 0.497631467060513, 10, 0.14
2024-04-08 16:37:47 num4, D2, Repeat: 4, Loss: 0.087657603626967, Fidelity: 0.912342396373033, 20, 0.35
2024-04-08 16:37:47 num4, D2, Repeat: 4, Loss: 0.041687043015800, Fidelity: 0.958312956984200, 30, 0.56
2024-04-08 16:37:48 num4, D2, Repeat: 4, Loss: 0.018393150720832, Fidelity: 0.981606849279168, 40, 0.79
2024-04-08 16:37:48 num4, D2, Repeat: 4, Loss: 0.011601324834504, Fidelity: 0.988398675165496, 50, 1.01
2024-04-08 16:37:49 num4, D2, Repeat: 4, Loss: 0.000766053564300, Fidelity: 0.999233946435700, 100, 2.14
2024-04-08 16:37:50 num4, D2, Repeat: 4, Loss: 0.000074907699007, Fidelity: 0.999925092300993, 150, 3.29
2024-04-08 16:37:51 num4, D2, Repeat: 4, Loss: 0.000036657976244, Fidelity: 0.999963342023756, 200, 4.41
2024-04-08 16:37:52 num4, D2, Repeat: 4, Loss: 0.000010559820714, Fidelity: 0.999989440179286, 250, 5.53
2024-04-08 16:37:53 num4, D2, Repeat: 4, Loss: 0.000004651257369, Fidelity: 0.999995348742631, 300, 6.67
2024-04-08 16:37:55 num4, D2, Repeat: 4, Loss: 0.000000844037773, Fidelity: 0.999999155962227, 350, 7.81
2024-04-08 16:37:56 num4, D2, Repeat: 4, Loss: 0.000000540625055, Fidelity: 0.999999459374945, 400, 8.94
2024-04-08 16:37:57 num4, D2, Repeat: 4, Loss: 0.000000156284231, Fidelity: 0.999999843715769, 450, 10.08
2024-04-08 16:37:58 num4, D2, Repeat: 4, Loss: 0.000000020501038, Fidelity: 0.999999979498962, 500, 11.22
2024-04-08 16:37:58 Maximum number of iterations has been exceeded.
2024-04-08 16:37:58 Optimal: 1.999673071573227e-08, Fidelity: 0.99999998000326928427
2024-04-08 16:37:58 Time dict: {'num1': [13.38, 12.22, 12.89, 13.3, 12.29, 12.27, 12.55, 12.2, 12.12, 12.46], 'num2': [3.96, 7.35, 5.64, 5.48, 5.6, 5.04, 7.47, 7.65, 8.46, 6.48], 'num3': [6.89, 8.66, 10.51, 8.19, 9.81, 9.98, 7.51, 8.28, 6.56, 7.03], 'num4': [11.84, 11.66, 11.92, 11.49]}
Eval dict: {'num1': [548, 532, 548, 550, 528, 539, 568, 542, 532, 559], 'num2': [168, 317, 226, 222, 236, 219, 330, 326, 359, 280], 'num3': [292, 365, 454, 359, 412, 438, 324, 368, 284, 310], 'num4': [519, 509, 523, 511]}
2024-04-08 16:37:58 num4, D2, Repeat: 5, Loss: 0.950092734685362, Fidelity: 0.049907265314638, 10, 0.14
2024-04-08 16:37:59 num4, D2, Repeat: 5, Loss: 0.192363709460661, Fidelity: 0.807636290539339, 20, 0.34
2024-04-08 16:37:59 num4, D2, Repeat: 5, Loss: 0.054500079276181, Fidelity: 0.945499920723819, 30, 0.53
2024-04-08 16:37:59 num4, D2, Repeat: 5, Loss: 0.028842187773821, Fidelity: 0.971157812226179, 40, 0.75
2024-04-08 16:37:59 num4, D2, Repeat: 5, Loss: 0.012364372957608, Fidelity: 0.987635627042392, 50, 0.97
2024-04-08 16:38:00 num4, D2, Repeat: 5, Loss: 0.000367598071216, Fidelity: 0.999632401928784, 100, 2.10
2024-04-08 16:38:01 num4, D2, Repeat: 5, Loss: 0.000045386402806, Fidelity: 0.999954613597194, 150, 3.25
2024-04-08 16:38:03 num4, D2, Repeat: 5, Loss: 0.000019992606701, Fidelity: 0.999980007393299, 200, 4.37
2024-04-08 16:38:04 num4, D2, Repeat: 5, Loss: 0.000014165441457, Fidelity: 0.999985834558543, 250, 5.52
2024-04-08 16:38:05 num4, D2, Repeat: 5, Loss: 0.000009138508302, Fidelity: 0.999990861491698, 300, 6.66
2024-04-08 16:38:06 num4, D2, Repeat: 5, Loss: 0.000004078853902, Fidelity: 0.999995921146098, 350, 7.78
2024-04-08 16:38:07 num4, D2, Repeat: 5, Loss: 0.000002301683443, Fidelity: 0.999997698316557, 400, 8.95
2024-04-08 16:38:08 num4, D2, Repeat: 5, Loss: 0.000001142362570, Fidelity: 0.999998857637430, 450, 10.08
2024-04-08 16:38:09 num4, D2, Repeat: 5, Loss: 0.000000367538406, Fidelity: 0.999999632461594, 500, 11.21
2024-04-08 16:38:10 Maximum number of iterations has been exceeded.
2024-04-08 16:38:10 Optimal: 2.8169589583182386e-07, Fidelity: 0.99999971830410416818
2024-04-08 16:38:10 Time dict: {'num1': [13.38, 12.22, 12.89, 13.3, 12.29, 12.27, 12.55, 12.2, 12.12, 12.46], 'num2': [3.96, 7.35, 5.64, 5.48, 5.6, 5.04, 7.47, 7.65, 8.46, 6.48], 'num3': [6.89, 8.66, 10.51, 8.19, 9.81, 9.98, 7.51, 8.28, 6.56, 7.03], 'num4': [11.84, 11.66, 11.92, 11.49, 11.75]}
Eval dict: {'num1': [548, 532, 548, 550, 528, 539, 568, 542, 532, 559], 'num2': [168, 317, 226, 222, 236, 219, 330, 326, 359, 280], 'num3': [292, 365, 454, 359, 412, 438, 324, 368, 284, 310], 'num4': [519, 509, 523, 511, 523]}
2024-04-08 16:38:10 num4, D2, Repeat: 6, Loss: 0.918818581457604, Fidelity: 0.081181418542396, 10, 0.14
2024-04-08 16:38:10 num4, D2, Repeat: 6, Loss: 0.354165900472917, Fidelity: 0.645834099527083, 20, 0.34
2024-04-08 16:38:11 num4, D2, Repeat: 6, Loss: 0.053080976331962, Fidelity: 0.946919023668038, 30, 0.57
2024-04-08 16:38:11 num4, D2, Repeat: 6, Loss: 0.038209084201340, Fidelity: 0.961790915798660, 40, 0.83
2024-04-08 16:38:11 num4, D2, Repeat: 6, Loss: 0.019916799918529, Fidelity: 0.980083200081471, 50, 1.07
2024-04-08 16:38:12 num4, D2, Repeat: 6, Loss: 0.001132046504809, Fidelity: 0.998867953495191, 100, 2.22
2024-04-08 16:38:13 num4, D2, Repeat: 6, Loss: 0.000137074682081, Fidelity: 0.999862925317919, 150, 3.37
2024-04-08 16:38:14 num4, D2, Repeat: 6, Loss: 0.000061235826142, Fidelity: 0.999938764173858, 200, 4.49
2024-04-08 16:38:16 num4, D2, Repeat: 6, Loss: 0.000019926116400, Fidelity: 0.999980073883600, 250, 5.59
2024-04-08 16:38:17 num4, D2, Repeat: 6, Loss: 0.000010016627295, Fidelity: 0.999989983372705, 300, 6.75
2024-04-08 16:38:18 num4, D2, Repeat: 6, Loss: 0.000004214118168, Fidelity: 0.999995785881832, 350, 7.89
2024-04-08 16:38:19 num4, D2, Repeat: 6, Loss: 0.000001245283021, Fidelity: 0.999998754716979, 400, 9.00
2024-04-08 16:38:20 num4, D2, Repeat: 6, Loss: 0.000000456095396, Fidelity: 0.999999543904604, 450, 10.13
2024-04-08 16:38:21 num4, D2, Repeat: 6, Loss: 0.000000046850302, Fidelity: 0.999999953149698, 500, 11.24
2024-04-08 16:38:22 Maximum number of iterations has been exceeded.
2024-04-08 16:38:22 Optimal: 8.564191245064023e-09, Fidelity: 0.99999999143580875494
2024-04-08 16:38:22 Time dict: {'num1': [13.38, 12.22, 12.89, 13.3, 12.29, 12.27, 12.55, 12.2, 12.12, 12.46], 'num2': [3.96, 7.35, 5.64, 5.48, 5.6, 5.04, 7.47, 7.65, 8.46, 6.48], 'num3': [6.89, 8.66, 10.51, 8.19, 9.81, 9.98, 7.51, 8.28, 6.56, 7.03], 'num4': [11.84, 11.66, 11.92, 11.49, 11.75, 11.64]}
Eval dict: {'num1': [548, 532, 548, 550, 528, 539, 568, 542, 532, 559], 'num2': [168, 317, 226, 222, 236, 219, 330, 326, 359, 280], 'num3': [292, 365, 454, 359, 412, 438, 324, 368, 284, 310], 'num4': [519, 509, 523, 511, 523, 517]}
2024-04-08 16:38:22 num4, D2, Repeat: 7, Loss: 0.956876386119548, Fidelity: 0.043123613880452, 10, 0.15
2024-04-08 16:38:22 num4, D2, Repeat: 7, Loss: 0.431622679485351, Fidelity: 0.568377320514649, 20, 0.31
2024-04-08 16:38:22 num4, D2, Repeat: 7, Loss: 0.057333412569740, Fidelity: 0.942666587430260, 30, 0.52
2024-04-08 16:38:22 num4, D2, Repeat: 7, Loss: 0.025127245073217, Fidelity: 0.974872754926783, 40, 0.76
2024-04-08 16:38:23 num4, D2, Repeat: 7, Loss: 0.012526333682342, Fidelity: 0.987473666317658, 50, 0.99
2024-04-08 16:38:24 num4, D2, Repeat: 7, Loss: 0.000723032795898, Fidelity: 0.999276967204102, 100, 2.14
2024-04-08 16:38:25 num4, D2, Repeat: 7, Loss: 0.000066849431026, Fidelity: 0.999933150568974, 150, 3.26
2024-04-08 16:38:26 num4, D2, Repeat: 7, Loss: 0.000028121874980, Fidelity: 0.999971878125020, 200, 4.42
2024-04-08 16:38:27 num4, D2, Repeat: 7, Loss: 0.000007554884973, Fidelity: 0.999992445115027, 250, 5.62
2024-04-08 16:38:28 num4, D2, Repeat: 7, Loss: 0.000001219551720, Fidelity: 0.999998780448280, 300, 6.78
2024-04-08 16:38:30 num4, D2, Repeat: 7, Loss: 0.000000441786634, Fidelity: 0.999999558213366, 350, 7.91
2024-04-08 16:38:31 num4, D2, Repeat: 7, Loss: 0.000000144968331, Fidelity: 0.999999855031669, 400, 9.04
2024-04-08 16:38:32 num4, D2, Repeat: 7, Loss: 0.000000112358497, Fidelity: 0.999999887641503, 450, 10.19
2024-04-08 16:38:33 num4, D2, Repeat: 7, Loss: 0.000000027943895, Fidelity: 0.999999972056105, 500, 11.28
2024-04-08 16:38:33 Maximum number of iterations has been exceeded.
2024-04-08 16:38:33 Optimal: 1.1386317111394817e-08, Fidelity: 0.99999998861368288861
2024-04-08 16:38:33 Time dict: {'num1': [13.38, 12.22, 12.89, 13.3, 12.29, 12.27, 12.55, 12.2, 12.12, 12.46], 'num2': [3.96, 7.35, 5.64, 5.48, 5.6, 5.04, 7.47, 7.65, 8.46, 6.48], 'num3': [6.89, 8.66, 10.51, 8.19, 9.81, 9.98, 7.51, 8.28, 6.56, 7.03], 'num4': [11.84, 11.66, 11.92, 11.49, 11.75, 11.64, 11.71]}
Eval dict: {'num1': [548, 532, 548, 550, 528, 539, 568, 542, 532, 559], 'num2': [168, 317, 226, 222, 236, 219, 330, 326, 359, 280], 'num3': [292, 365, 454, 359, 412, 438, 324, 368, 284, 310], 'num4': [519, 509, 523, 511, 523, 517, 520]}
2024-04-08 16:38:34 num4, D2, Repeat: 8, Loss: 0.352973825683623, Fidelity: 0.647026174316377, 10, 0.17
2024-04-08 16:38:34 num4, D2, Repeat: 8, Loss: 0.079884038799193, Fidelity: 0.920115961200807, 20, 0.38
2024-04-08 16:38:34 num4, D2, Repeat: 8, Loss: 0.065819514111624, Fidelity: 0.934180485888376, 30, 0.61
2024-04-08 16:38:34 num4, D2, Repeat: 8, Loss: 0.025690411496653, Fidelity: 0.974309588503347, 40, 0.84
2024-04-08 16:38:34 num4, D2, Repeat: 8, Loss: 0.008648698457540, Fidelity: 0.991351301542460, 50, 1.08
2024-04-08 16:38:36 num4, D2, Repeat: 8, Loss: 0.000219753960866, Fidelity: 0.999780246039134, 100, 2.22
2024-04-08 16:38:37 num4, D2, Repeat: 8, Loss: 0.000172162815807, Fidelity: 0.999827837184193, 150, 3.36
2024-04-08 16:38:38 num4, D2, Repeat: 8, Loss: 0.000117121177908, Fidelity: 0.999882878822092, 200, 4.48
2024-04-08 16:38:39 num4, D2, Repeat: 8, Loss: 0.000038472104497, Fidelity: 0.999961527895503, 250, 5.63
2024-04-08 16:38:40 num4, D2, Repeat: 8, Loss: 0.000020260841398, Fidelity: 0.999979739158602, 300, 6.81
2024-04-08 16:38:41 num4, D2, Repeat: 8, Loss: 0.000011823830957, Fidelity: 0.999988176169043, 350, 7.91
2024-04-08 16:38:42 num4, D2, Repeat: 8, Loss: 0.000005647049495, Fidelity: 0.999994352950505, 400, 9.05
2024-04-08 16:38:44 num4, D2, Repeat: 8, Loss: 0.000002091114851, Fidelity: 0.999997908885149, 450, 10.18
2024-04-08 16:38:45 num4, D2, Repeat: 8, Loss: 0.000001478382788, Fidelity: 0.999998521617212, 500, 11.31
2024-04-08 16:38:45 Maximum number of iterations has been exceeded.
2024-04-08 16:38:45 Optimal: 1.3218615180221605e-06, Fidelity: 0.99999867813848197784
2024-04-08 16:38:45 Time dict: {'num1': [13.38, 12.22, 12.89, 13.3, 12.29, 12.27, 12.55, 12.2, 12.12, 12.46], 'num2': [3.96, 7.35, 5.64, 5.48, 5.6, 5.04, 7.47, 7.65, 8.46, 6.48], 'num3': [6.89, 8.66, 10.51, 8.19, 9.81, 9.98, 7.51, 8.28, 6.56, 7.03], 'num4': [11.84, 11.66, 11.92, 11.49, 11.75, 11.64, 11.71, 11.61]}
Eval dict: {'num1': [548, 532, 548, 550, 528, 539, 568, 542, 532, 559], 'num2': [168, 317, 226, 222, 236, 219, 330, 326, 359, 280], 'num3': [292, 365, 454, 359, 412, 438, 324, 368, 284, 310], 'num4': [519, 509, 523, 511, 523, 517, 520, 513]}
2024-04-08 16:38:45 num4, D2, Repeat: 9, Loss: 0.888852974894459, Fidelity: 0.111147025105541, 10, 0.13
2024-04-08 16:38:45 num4, D2, Repeat: 9, Loss: 0.274587116599423, Fidelity: 0.725412883400577, 20, 0.31
2024-04-08 16:38:46 num4, D2, Repeat: 9, Loss: 0.074993493025336, Fidelity: 0.925006506974664, 30, 0.53
2024-04-08 16:38:46 num4, D2, Repeat: 9, Loss: 0.041899072044714, Fidelity: 0.958100927955286, 40, 0.77
2024-04-08 16:38:46 num4, D2, Repeat: 9, Loss: 0.021277300340770, Fidelity: 0.978722699659230, 50, 1.01
2024-04-08 16:38:47 num4, D2, Repeat: 9, Loss: 0.000286483495643, Fidelity: 0.999713516504357, 100, 2.20
2024-04-08 16:38:48 num4, D2, Repeat: 9, Loss: 0.000012020918139, Fidelity: 0.999987979081861, 150, 3.35
2024-04-08 16:38:50 num4, D2, Repeat: 9, Loss: 0.000001870258911, Fidelity: 0.999998129741089, 200, 4.49
2024-04-08 16:38:51 num4, D2, Repeat: 9, Loss: 0.000000307319965, Fidelity: 0.999999692680035, 250, 5.65
2024-04-08 16:38:52 num4, D2, Repeat: 9, Loss: 0.000000039260599, Fidelity: 0.999999960739401, 300, 6.78
2024-04-08 16:38:53 num4, D2, Repeat: 9, Loss: 0.000000028538417, Fidelity: 0.999999971461583, 350, 7.94
2024-04-08 16:38:54 num4, D2, Repeat: 9, Loss: 0.000000001280775, Fidelity: 0.999999998719225, 400, 9.07
2024-04-08 16:38:55 `callback` raised `StopIteration`.
2024-04-08 16:38:55 Optimal: 4.375388940047742e-13, Fidelity: 0.99999999999956246111
2024-04-08 16:38:55 Time dict: {'num1': [13.38, 12.22, 12.89, 13.3, 12.29, 12.27, 12.55, 12.2, 12.12, 12.46], 'num2': [3.96, 7.35, 5.64, 5.48, 5.6, 5.04, 7.47, 7.65, 8.46, 6.48], 'num3': [6.89, 8.66, 10.51, 8.19, 9.81, 9.98, 7.51, 8.28, 6.56, 7.03], 'num4': [11.84, 11.66, 11.92, 11.49, 11.75, 11.64, 11.71, 11.61, 9.58]}
Eval dict: {'num1': [548, 532, 548, 550, 528, 539, 568, 542, 532, 559], 'num2': [168, 317, 226, 222, 236, 219, 330, 326, 359, 280], 'num3': [292, 365, 454, 359, 412, 438, 324, 368, 284, 310], 'num4': [519, 509, 523, 511, 523, 517, 520, 513, 422]}
2024-04-08 16:38:55 num4, D2, Repeat: 10, Loss: 0.851159053650111, Fidelity: 0.148840946349889, 10, 0.13
2024-04-08 16:38:55 num4, D2, Repeat: 10, Loss: 0.131839090053582, Fidelity: 0.868160909946418, 20, 0.32
2024-04-08 16:38:55 num4, D2, Repeat: 10, Loss: 0.063771136341240, Fidelity: 0.936228863658760, 30, 0.54
2024-04-08 16:38:55 num4, D2, Repeat: 10, Loss: 0.045888774269819, Fidelity: 0.954111225730181, 40, 0.77
2024-04-08 16:38:56 num4, D2, Repeat: 10, Loss: 0.024137474502632, Fidelity: 0.975862525497368, 50, 1.00
2024-04-08 16:38:57 num4, D2, Repeat: 10, Loss: 0.000256961842037, Fidelity: 0.999743038157963, 100, 2.16
2024-04-08 16:38:58 num4, D2, Repeat: 10, Loss: 0.000129489520479, Fidelity: 0.999870510479521, 150, 3.30
2024-04-08 16:38:59 num4, D2, Repeat: 10, Loss: 0.000094449486923, Fidelity: 0.999905550513077, 200, 4.43
2024-04-08 16:39:00 num4, D2, Repeat: 10, Loss: 0.000059599466447, Fidelity: 0.999940400533553, 250, 5.54
2024-04-08 16:39:01 num4, D2, Repeat: 10, Loss: 0.000039506355249, Fidelity: 0.999960493644751, 300, 6.67
2024-04-08 16:39:02 num4, D2, Repeat: 10, Loss: 0.000028414829345, Fidelity: 0.999971585170655, 350, 7.80
2024-04-08 16:39:04 num4, D2, Repeat: 10, Loss: 0.000008994945715, Fidelity: 0.999991005054285, 400, 8.91
2024-04-08 16:39:05 num4, D2, Repeat: 10, Loss: 0.000003158837893, Fidelity: 0.999996841162107, 450, 10.06
2024-04-08 16:39:06 num4, D2, Repeat: 10, Loss: 0.000001657804660, Fidelity: 0.999998342195340, 500, 11.17
2024-04-08 16:39:06 Maximum number of iterations has been exceeded.
2024-04-08 16:39:06 Optimal: 1.1115018516694164e-06, Fidelity: 0.99999888849814833058
2024-04-08 16:39:06 Time dict: {'num1': [13.38, 12.22, 12.89, 13.3, 12.29, 12.27, 12.55, 12.2, 12.12, 12.46], 'num2': [3.96, 7.35, 5.64, 5.48, 5.6, 5.04, 7.47, 7.65, 8.46, 6.48], 'num3': [6.89, 8.66, 10.51, 8.19, 9.81, 9.98, 7.51, 8.28, 6.56, 7.03], 'num4': [11.84, 11.66, 11.92, 11.49, 11.75, 11.64, 11.71, 11.61, 9.58, 11.63]}
Eval dict: {'num1': [548, 532, 548, 550, 528, 539, 568, 542, 532, 559], 'num2': [168, 317, 226, 222, 236, 219, 330, 326, 359, 280], 'num3': [292, 365, 454, 359, 412, 438, 324, 368, 284, 310], 'num4': [519, 509, 523, 511, 523, 517, 520, 513, 422, 519]}
2024-04-08 16:39:06 num4 D=2 L=1 finish
{'num1': [0.9999965159262806, 0.9999996958417999, 0.9999913483305167, 0.9999976928095619, 0.9999979392875727, 0.9999808280666701, 0.9999967967178485, 0.9999922295316711, 0.9999960259677454, 0.9999893496851139], 'num2': [0.9999999999991804, 1.000000000001334, 0.9999999999996749, 1.0000000000008746, 1.000000000000718, 0.9999999999990054, 0.9999999999993114, 0.9999999999991217, 1.0000000000008717, 1.0000000000013067], 'num3': [0.9999999999996255, 1.0000000000001827, 0.9999999999993491, 1.0000000000000613, 1.0000000000002973, 1.0000000000010834, 0.99999999999905, 1.0000000000014444, 0.9999999999990296, 0.9999999999998387], 'num4': [0.9999999885420162, 0.9999996616156854, 0.9999997754381391, 0.9999999800032693, 0.9999997183041042, 0.9999999914358088, 0.9999999886136829, 0.999998678138482, 0.9999999999995625, 0.9999988884981483]}
2024-04-08 16:39:06 Number of qubits: 10
2024-04-08 16:39:06 Number of gates: 2216
2024-04-08 16:39:06 Number of params: 408
2024-04-08 16:39:06 Depth of circuit: 737
2024-04-08 16:39:06 Simulator: mqvector, Method: BFGS
2024-04-08 16:39:07 num5, D3, Repeat: 1, Loss: 0.856173309759919, Fidelity: 0.143826690240081, 10, 0.19
2024-04-08 16:39:07 num5, D3, Repeat: 1, Loss: 0.554373029275372, Fidelity: 0.445626970724628, 20, 0.46
2024-04-08 16:39:07 num5, D3, Repeat: 1, Loss: 0.365865946734032, Fidelity: 0.634134053265968, 30, 0.72
2024-04-08 16:39:07 num5, D3, Repeat: 1, Loss: 0.333437090866816, Fidelity: 0.666562909133184, 40, 0.99
2024-04-08 16:39:08 num5, D3, Repeat: 1, Loss: 0.293094987648288, Fidelity: 0.706905012351712, 50, 1.25
2024-04-08 16:39:09 num5, D3, Repeat: 1, Loss: 0.001921940539041, Fidelity: 0.998078059460959, 100, 2.50
2024-04-08 16:39:10 num5, D3, Repeat: 1, Loss: 0.000070866809740, Fidelity: 0.999929133190260, 150, 3.73
2024-04-08 16:39:11 num5, D3, Repeat: 1, Loss: 0.000002090421841, Fidelity: 0.999997909578159, 200, 5.00
2024-04-08 16:39:13 num5, D3, Repeat: 1, Loss: 0.000000400740968, Fidelity: 0.999999599259032, 250, 6.27
2024-04-08 16:39:14 num5, D3, Repeat: 1, Loss: 0.000000161504290, Fidelity: 0.999999838495710, 300, 7.54
2024-04-08 16:39:15 num5, D3, Repeat: 1, Loss: 0.000000017954773, Fidelity: 0.999999982045227, 350, 8.82
2024-04-08 16:39:16 num5, D3, Repeat: 1, Loss: 0.000000000061964, Fidelity: 0.999999999938036, 400, 10.09
2024-04-08 16:39:17 `callback` raised `StopIteration`.
2024-04-08 16:39:17 Optimal: 9.670042544485113e-13, Fidelity: 0.99999999999903299575
2024-04-08 16:39:17 Time dict: {'num1': [13.38, 12.22, 12.89, 13.3, 12.29, 12.27, 12.55, 12.2, 12.12, 12.46], 'num2': [3.96, 7.35, 5.64, 5.48, 5.6, 5.04, 7.47, 7.65, 8.46, 6.48], 'num3': [6.89, 8.66, 10.51, 8.19, 9.81, 9.98, 7.51, 8.28, 6.56, 7.03], 'num4': [11.84, 11.66, 11.92, 11.49, 11.75, 11.64, 11.71, 11.61, 9.58, 11.63], 'num5': [10.37]}
Eval dict: {'num1': [548, 532, 548, 550, 528, 539, 568, 542, 532, 559], 'num2': [168, 317, 226, 222, 236, 219, 330, 326, 359, 280], 'num3': [292, 365, 454, 359, 412, 438, 324, 368, 284, 310], 'num4': [519, 509, 523, 511, 523, 517, 520, 513, 422, 519], 'num5': [410]}
2024-04-08 16:39:17 num5, D3, Repeat: 2, Loss: 0.974512415197907, Fidelity: 0.025487584802093, 10, 0.17
2024-04-08 16:39:17 num5, D3, Repeat: 2, Loss: 0.703583017743650, Fidelity: 0.296416982256350, 20, 0.41
2024-04-08 16:39:17 num5, D3, Repeat: 2, Loss: 0.536426750365194, Fidelity: 0.463573249634806, 30, 0.67
2024-04-08 16:39:18 num5, D3, Repeat: 2, Loss: 0.364543525602823, Fidelity: 0.635456474397177, 40, 0.94
2024-04-08 16:39:18 num5, D3, Repeat: 2, Loss: 0.337809081120556, Fidelity: 0.662190918879444, 50, 1.18
2024-04-08 16:39:19 num5, D3, Repeat: 2, Loss: 0.333337745146343, Fidelity: 0.666662254853657, 100, 2.46
2024-04-08 16:39:21 num5, D3, Repeat: 2, Loss: 0.333332837286011, Fidelity: 0.666667162713989, 150, 3.74
2024-04-08 16:39:22 num5, D3, Repeat: 2, Loss: 0.333328203031310, Fidelity: 0.666671796968690, 200, 5.05
2024-04-08 16:39:23 num5, D3, Repeat: 2, Loss: 0.253170967831439, Fidelity: 0.746829032168561, 250, 6.31
2024-04-08 16:39:24 num5, D3, Repeat: 2, Loss: 0.001588955990936, Fidelity: 0.998411044009064, 300, 7.60
2024-04-08 16:39:26 num5, D3, Repeat: 2, Loss: 0.000017275490875, Fidelity: 0.999982724509125, 350, 8.86
2024-04-08 16:39:27 num5, D3, Repeat: 2, Loss: 0.000001093697851, Fidelity: 0.999998906302149, 400, 10.15
2024-04-08 16:39:28 num5, D3, Repeat: 2, Loss: 0.000000175532777, Fidelity: 0.999999824467223, 450, 11.44
2024-04-08 16:39:30 num5, D3, Repeat: 2, Loss: 0.000000051306839, Fidelity: 0.999999948693161, 500, 12.75
2024-04-08 16:39:30 Maximum number of iterations has been exceeded.
2024-04-08 16:39:30 Optimal: 4.2172745073898454e-08, Fidelity: 0.99999995782725492610
2024-04-08 16:39:30 Time dict: {'num1': [13.38, 12.22, 12.89, 13.3, 12.29, 12.27, 12.55, 12.2, 12.12, 12.46], 'num2': [3.96, 7.35, 5.64, 5.48, 5.6, 5.04, 7.47, 7.65, 8.46, 6.48], 'num3': [6.89, 8.66, 10.51, 8.19, 9.81, 9.98, 7.51, 8.28, 6.56, 7.03], 'num4': [11.84, 11.66, 11.92, 11.49, 11.75, 11.64, 11.71, 11.61, 9.58, 11.63], 'num5': [10.37, 12.99]}
Eval dict: {'num1': [548, 532, 548, 550, 528, 539, 568, 542, 532, 559], 'num2': [168, 317, 226, 222, 236, 219, 330, 326, 359, 280], 'num3': [292, 365, 454, 359, 412, 438, 324, 368, 284, 310], 'num4': [519, 509, 523, 511, 523, 517, 520, 513, 422, 519], 'num5': [410, 509]}
2024-04-08 16:39:30 num5, D3, Repeat: 3, Loss: 0.938695395285882, Fidelity: 0.061304604714118, 10, 0.15
2024-04-08 16:39:30 num5, D3, Repeat: 3, Loss: 0.769269641630610, Fidelity: 0.230730358369390, 20, 0.41
2024-04-08 16:39:30 num5, D3, Repeat: 3, Loss: 0.669794140756429, Fidelity: 0.330205859243571, 30, 0.66
2024-04-08 16:39:31 num5, D3, Repeat: 3, Loss: 0.486601186377772, Fidelity: 0.513398813622228, 40, 0.91
2024-04-08 16:39:31 num5, D3, Repeat: 3, Loss: 0.375166967230653, Fidelity: 0.624833032769347, 50, 1.17
2024-04-08 16:39:32 num5, D3, Repeat: 3, Loss: 0.002345977789087, Fidelity: 0.997654022210913, 100, 2.43
2024-04-08 16:39:33 num5, D3, Repeat: 3, Loss: 0.000038921149551, Fidelity: 0.999961078850449, 150, 3.68
2024-04-08 16:39:35 num5, D3, Repeat: 3, Loss: 0.000004316243858, Fidelity: 0.999995683756142, 200, 4.94
2024-04-08 16:39:36 num5, D3, Repeat: 3, Loss: 0.000001463265418, Fidelity: 0.999998536734582, 250, 6.19
2024-04-08 16:39:37 num5, D3, Repeat: 3, Loss: 0.000000562665772, Fidelity: 0.999999437334228, 300, 7.47
2024-04-08 16:39:39 num5, D3, Repeat: 3, Loss: 0.000000404200164, Fidelity: 0.999999595799836, 350, 8.76
2024-04-08 16:39:40 num5, D3, Repeat: 3, Loss: 0.000000208466702, Fidelity: 0.999999791533298, 400, 10.02
2024-04-08 16:39:41 num5, D3, Repeat: 3, Loss: 0.000000149037569, Fidelity: 0.999999850962431, 450, 11.27
2024-04-08 16:39:42 num5, D3, Repeat: 3, Loss: 0.000000096984680, Fidelity: 0.999999903015320, 500, 12.49
2024-04-08 16:39:43 Maximum number of iterations has been exceeded.
2024-04-08 16:39:43 Optimal: 9.28971868319195e-08, Fidelity: 0.99999990710281316808
2024-04-08 16:39:43 Time dict: {'num1': [13.38, 12.22, 12.89, 13.3, 12.29, 12.27, 12.55, 12.2, 12.12, 12.46], 'num2': [3.96, 7.35, 5.64, 5.48, 5.6, 5.04, 7.47, 7.65, 8.46, 6.48], 'num3': [6.89, 8.66, 10.51, 8.19, 9.81, 9.98, 7.51, 8.28, 6.56, 7.03], 'num4': [11.84, 11.66, 11.92, 11.49, 11.75, 11.64, 11.71, 11.61, 9.58, 11.63], 'num5': [10.37, 12.99, 12.76]}
Eval dict: {'num1': [548, 532, 548, 550, 528, 539, 568, 542, 532, 559], 'num2': [168, 317, 226, 222, 236, 219, 330, 326, 359, 280], 'num3': [292, 365, 454, 359, 412, 438, 324, 368, 284, 310], 'num4': [519, 509, 523, 511, 523, 517, 520, 513, 422, 519], 'num5': [410, 509, 510]}
2024-04-08 16:39:43 num5, D3, Repeat: 4, Loss: 0.925711260605175, Fidelity: 0.074288739394825, 10, 0.17
2024-04-08 16:39:43 num5, D3, Repeat: 4, Loss: 0.713675857273362, Fidelity: 0.286324142726638, 20, 0.43
2024-04-08 16:39:43 num5, D3, Repeat: 4, Loss: 0.472065097289129, Fidelity: 0.527934902710871, 30, 0.69
2024-04-08 16:39:44 num5, D3, Repeat: 4, Loss: 0.353385532886549, Fidelity: 0.646614467113451, 40, 0.93
2024-04-08 16:39:44 num5, D3, Repeat: 4, Loss: 0.335591852147010, Fidelity: 0.664408147852990, 50, 1.20
2024-04-08 16:39:45 num5, D3, Repeat: 4, Loss: 0.333255562887693, Fidelity: 0.666744437112307, 100, 2.50
2024-04-08 16:39:46 num5, D3, Repeat: 4, Loss: 0.004298346804864, Fidelity: 0.995701653195136, 150, 3.75
2024-04-08 16:39:48 num5, D3, Repeat: 4, Loss: 0.000011868629737, Fidelity: 0.999988131370263, 200, 5.00
2024-04-08 16:39:49 num5, D3, Repeat: 4, Loss: 0.000000461174960, Fidelity: 0.999999538825040, 250, 6.28
2024-04-08 16:39:50 num5, D3, Repeat: 4, Loss: 0.000000067348144, Fidelity: 0.999999932651856, 300, 7.54
2024-04-08 16:39:51 num5, D3, Repeat: 4, Loss: 0.000000000772131, Fidelity: 0.999999999227869, 350, 8.80
2024-04-08 16:39:52 `callback` raised `StopIteration`.
2024-04-08 16:39:52 Optimal: 7.344125307895411e-13, Fidelity: 0.99999999999926558747
2024-04-08 16:39:52 Time dict: {'num1': [13.38, 12.22, 12.89, 13.3, 12.29, 12.27, 12.55, 12.2, 12.12, 12.46], 'num2': [3.96, 7.35, 5.64, 5.48, 5.6, 5.04, 7.47, 7.65, 8.46, 6.48], 'num3': [6.89, 8.66, 10.51, 8.19, 9.81, 9.98, 7.51, 8.28, 6.56, 7.03], 'num4': [11.84, 11.66, 11.92, 11.49, 11.75, 11.64, 11.71, 11.61, 9.58, 11.63], 'num5': [10.37, 12.99, 12.76, 9.38]}
Eval dict: {'num1': [548, 532, 548, 550, 528, 539, 568, 542, 532, 559], 'num2': [168, 317, 226, 222, 236, 219, 330, 326, 359, 280], 'num3': [292, 365, 454, 359, 412, 438, 324, 368, 284, 310], 'num4': [519, 509, 523, 511, 523, 517, 520, 513, 422, 519], 'num5': [410, 509, 510, 372]}
2024-04-08 16:39:52 num5, D3, Repeat: 5, Loss: 0.993089464826064, Fidelity: 0.006910535173936, 10, 0.14
2024-04-08 16:39:52 num5, D3, Repeat: 5, Loss: 0.818004334055412, Fidelity: 0.181995665944588, 20, 0.40
2024-04-08 16:39:53 num5, D3, Repeat: 5, Loss: 0.532553582356374, Fidelity: 0.467446417643626, 30, 0.65
2024-04-08 16:39:53 num5, D3, Repeat: 5, Loss: 0.362913270680770, Fidelity: 0.637086729319230, 40, 0.91
2024-04-08 16:39:53 num5, D3, Repeat: 5, Loss: 0.338267867972082, Fidelity: 0.661732132027918, 50, 1.17
2024-04-08 16:39:54 num5, D3, Repeat: 5, Loss: 0.333338204614389, Fidelity: 0.666661795385611, 100, 2.45
2024-04-08 16:39:56 num5, D3, Repeat: 5, Loss: 0.333333762311715, Fidelity: 0.666666237688285, 150, 3.72
2024-04-08 16:39:57 num5, D3, Repeat: 5, Loss: 0.333333294538422, Fidelity: 0.666666705461578, 200, 4.99
2024-04-08 16:39:58 num5, D3, Repeat: 5, Loss: 0.333333268737173, Fidelity: 0.666666731262827, 250, 6.26
2024-04-08 16:39:59 num5, D3, Repeat: 5, Loss: 0.333289420838459, Fidelity: 0.666710579161541, 300, 7.45
2024-04-08 16:40:01 num5, D3, Repeat: 5, Loss: 0.138543503399674, Fidelity: 0.861456496600326, 350, 8.67
2024-04-08 16:40:02 num5, D3, Repeat: 5, Loss: 0.000440919193385, Fidelity: 0.999559080806615, 400, 9.93
2024-04-08 16:40:03 num5, D3, Repeat: 5, Loss: 0.000008393991109, Fidelity: 0.999991606008891, 450, 11.20
2024-04-08 16:40:04 num5, D3, Repeat: 5, Loss: 0.000001185346339, Fidelity: 0.999998814653661, 500, 12.47
2024-04-08 16:40:05 Maximum number of iterations has been exceeded.
2024-04-08 16:40:05 Optimal: 4.6487944616036003e-07, Fidelity: 0.99999953512055383964
2024-04-08 16:40:05 Time dict: {'num1': [13.38, 12.22, 12.89, 13.3, 12.29, 12.27, 12.55, 12.2, 12.12, 12.46], 'num2': [3.96, 7.35, 5.64, 5.48, 5.6, 5.04, 7.47, 7.65, 8.46, 6.48], 'num3': [6.89, 8.66, 10.51, 8.19, 9.81, 9.98, 7.51, 8.28, 6.56, 7.03], 'num4': [11.84, 11.66, 11.92, 11.49, 11.75, 11.64, 11.71, 11.61, 9.58, 11.63], 'num5': [10.37, 12.99, 12.76, 9.38, 12.87]}
Eval dict: {'num1': [548, 532, 548, 550, 528, 539, 568, 542, 532, 559], 'num2': [168, 317, 226, 222, 236, 219, 330, 326, 359, 280], 'num3': [292, 365, 454, 359, 412, 438, 324, 368, 284, 310], 'num4': [519, 509, 523, 511, 523, 517, 520, 513, 422, 519], 'num5': [410, 509, 510, 372, 515]}
2024-04-08 16:40:05 num5, D3, Repeat: 6, Loss: 0.903792403969423, Fidelity: 0.096207596030577, 10, 0.18
2024-04-08 16:40:05 num5, D3, Repeat: 6, Loss: 0.656555602135648, Fidelity: 0.343444397864352, 20, 0.44
2024-04-08 16:40:06 num5, D3, Repeat: 6, Loss: 0.375636223244370, Fidelity: 0.624363776755630, 30, 0.69
2024-04-08 16:40:06 num5, D3, Repeat: 6, Loss: 0.337336706129375, Fidelity: 0.662663293870625, 40, 0.95
2024-04-08 16:40:06 num5, D3, Repeat: 6, Loss: 0.333762984714060, Fidelity: 0.666237015285940, 50, 1.20
2024-04-08 16:40:07 num5, D3, Repeat: 6, Loss: 0.323726387772861, Fidelity: 0.676273612227139, 100, 2.49
2024-04-08 16:40:09 num5, D3, Repeat: 6, Loss: 0.055969111829743, Fidelity: 0.944030888170257, 150, 3.75
2024-04-08 16:40:10 num5, D3, Repeat: 6, Loss: 0.000085944172060, Fidelity: 0.999914055827940, 200, 5.02
2024-04-08 16:40:11 num5, D3, Repeat: 6, Loss: 0.000008570725254, Fidelity: 0.999991429274746, 250, 6.29
2024-04-08 16:40:12 num5, D3, Repeat: 6, Loss: 0.000004021466227, Fidelity: 0.999995978533773, 300, 7.56
2024-04-08 16:40:14 num5, D3, Repeat: 6, Loss: 0.000002028757847, Fidelity: 0.999997971242153, 350, 8.84
2024-04-08 16:40:15 num5, D3, Repeat: 6, Loss: 0.000000428167258, Fidelity: 0.999999571832742, 400, 10.06
2024-04-08 16:40:16 num5, D3, Repeat: 6, Loss: 0.000000118409370, Fidelity: 0.999999881590630, 450, 11.33
2024-04-08 16:40:17 num5, D3, Repeat: 6, Loss: 0.000000012600679, Fidelity: 0.999999987399321, 500, 12.52
2024-04-08 16:40:18 Maximum number of iterations has been exceeded.
2024-04-08 16:40:18 Optimal: 8.483516333868124e-09, Fidelity: 0.99999999151648366613
2024-04-08 16:40:18 Time dict: {'num1': [13.38, 12.22, 12.89, 13.3, 12.29, 12.27, 12.55, 12.2, 12.12, 12.46], 'num2': [3.96, 7.35, 5.64, 5.48, 5.6, 5.04, 7.47, 7.65, 8.46, 6.48], 'num3': [6.89, 8.66, 10.51, 8.19, 9.81, 9.98, 7.51, 8.28, 6.56, 7.03], 'num4': [11.84, 11.66, 11.92, 11.49, 11.75, 11.64, 11.71, 11.61, 9.58, 11.63], 'num5': [10.37, 12.99, 12.76, 9.38, 12.87, 12.88]}
Eval dict: {'num1': [548, 532, 548, 550, 528, 539, 568, 542, 532, 559], 'num2': [168, 317, 226, 222, 236, 219, 330, 326, 359, 280], 'num3': [292, 365, 454, 359, 412, 438, 324, 368, 284, 310], 'num4': [519, 509, 523, 511, 523, 517, 520, 513, 422, 519], 'num5': [410, 509, 510, 372, 515, 513]}
2024-04-08 16:40:18 num5, D3, Repeat: 7, Loss: 0.921777005375861, Fidelity: 0.078222994624139, 10, 0.16
2024-04-08 16:40:18 num5, D3, Repeat: 7, Loss: 0.606570274179513, Fidelity: 0.393429725820487, 20, 0.39
2024-04-08 16:40:18 num5, D3, Repeat: 7, Loss: 0.364041090780791, Fidelity: 0.635958909219209, 30, 0.65
2024-04-08 16:40:19 num5, D3, Repeat: 7, Loss: 0.337611318787115, Fidelity: 0.662388681212885, 40, 0.90
2024-04-08 16:40:19 num5, D3, Repeat: 7, Loss: 0.334539756376209, Fidelity: 0.665460243623791, 50, 1.17
2024-04-08 16:40:20 num5, D3, Repeat: 7, Loss: 0.333334471317482, Fidelity: 0.666665528682518, 100, 2.43
2024-04-08 16:40:22 num5, D3, Repeat: 7, Loss: 0.333333349542654, Fidelity: 0.666666650457346, 150, 3.71
2024-04-08 16:40:23 Desired error not necessarily achieved due to precision loss.
2024-04-08 16:40:23 Optimal: 0.3333333333276127, Fidelity: 0.66666666667238727584
2024-04-08 16:40:23 Time dict: {'num1': [13.38, 12.22, 12.89, 13.3, 12.29, 12.27, 12.55, 12.2, 12.12, 12.46], 'num2': [3.96, 7.35, 5.64, 5.48, 5.6, 5.04, 7.47, 7.65, 8.46, 6.48], 'num3': [6.89, 8.66, 10.51, 8.19, 9.81, 9.98, 7.51, 8.28, 6.56, 7.03], 'num4': [11.84, 11.66, 11.92, 11.49, 11.75, 11.64, 11.71, 11.61, 9.58, 11.63], 'num5': [10.37, 12.99, 12.76, 9.38, 12.87, 12.88, 4.91]}
Eval dict: {'num1': [548, 532, 548, 550, 528, 539, 568, 542, 532, 559], 'num2': [168, 317, 226, 222, 236, 219, 330, 326, 359, 280], 'num3': [292, 365, 454, 359, 412, 438, 324, 368, 284, 310], 'num4': [519, 509, 523, 511, 523, 517, 520, 513, 422, 519], 'num5': [410, 509, 510, 372, 515, 513, 197]}
2024-04-08 16:40:23 num5, D3, Repeat: 8, Loss: 0.877615478126636, Fidelity: 0.122384521873364, 10, 0.20
2024-04-08 16:40:23 num5, D3, Repeat: 8, Loss: 0.647666806181195, Fidelity: 0.352333193818805, 20, 0.47
2024-04-08 16:40:23 num5, D3, Repeat: 8, Loss: 0.404304168400571, Fidelity: 0.595695831599429, 30, 0.73
2024-04-08 16:40:24 num5, D3, Repeat: 8, Loss: 0.342309397710527, Fidelity: 0.657690602289473, 40, 0.98
2024-04-08 16:40:24 num5, D3, Repeat: 8, Loss: 0.333658042020348, Fidelity: 0.666341957979652, 50, 1.23
2024-04-08 16:40:25 num5, D3, Repeat: 8, Loss: 0.333346098367366, Fidelity: 0.666653901632634, 100, 2.50
2024-04-08 16:40:27 num5, D3, Repeat: 8, Loss: 0.333329555079783, Fidelity: 0.666670444920217, 150, 3.76
2024-04-08 16:40:28 num5, D3, Repeat: 8, Loss: 0.333304299486661, Fidelity: 0.666695700513339, 200, 5.05
2024-04-08 16:40:29 num5, D3, Repeat: 8, Loss: 0.233377685879292, Fidelity: 0.766622314120708, 250, 6.31
2024-04-08 16:40:30 num5, D3, Repeat: 8, Loss: 0.000902608924193, Fidelity: 0.999097391075807, 300, 7.56
2024-04-08 16:40:32 num5, D3, Repeat: 8, Loss: 0.000021900802605, Fidelity: 0.999978099197395, 350, 8.81
2024-04-08 16:40:33 num5, D3, Repeat: 8, Loss: 0.000000055132827, Fidelity: 0.999999944867173, 400, 10.12
2024-04-08 16:40:34 num5, D3, Repeat: 8, Loss: 0.000000021719392, Fidelity: 0.999999978280608, 450, 11.39
2024-04-08 16:40:35 num5, D3, Repeat: 8, Loss: 0.000000000006133, Fidelity: 0.999999999993867, 500, 12.67
2024-04-08 16:40:36 `callback` raised `StopIteration`.
2024-04-08 16:40:36 Optimal: 9.621192731401607e-13, Fidelity: 0.99999999999903788073
2024-04-08 16:40:36 Time dict: {'num1': [13.38, 12.22, 12.89, 13.3, 12.29, 12.27, 12.55, 12.2, 12.12, 12.46], 'num2': [3.96, 7.35, 5.64, 5.48, 5.6, 5.04, 7.47, 7.65, 8.46, 6.48], 'num3': [6.89, 8.66, 10.51, 8.19, 9.81, 9.98, 7.51, 8.28, 6.56, 7.03], 'num4': [11.84, 11.66, 11.92, 11.49, 11.75, 11.64, 11.71, 11.61, 9.58, 11.63], 'num5': [10.37, 12.99, 12.76, 9.38, 12.87, 12.88, 4.91, 12.81]}
Eval dict: {'num1': [548, 532, 548, 550, 528, 539, 568, 542, 532, 559], 'num2': [168, 317, 226, 222, 236, 219, 330, 326, 359, 280], 'num3': [292, 365, 454, 359, 412, 438, 324, 368, 284, 310], 'num4': [519, 509, 523, 511, 523, 517, 520, 513, 422, 519], 'num5': [410, 509, 510, 372, 515, 513, 197, 505]}
2024-04-08 16:40:36 num5, D3, Repeat: 9, Loss: 0.964171721893831, Fidelity: 0.035828278106169, 10, 0.14
2024-04-08 16:40:36 num5, D3, Repeat: 9, Loss: 0.711712552755946, Fidelity: 0.288287447244054, 20, 0.39
2024-04-08 16:40:36 num5, D3, Repeat: 9, Loss: 0.425728405122806, Fidelity: 0.574271594877194, 30, 0.66
2024-04-08 16:40:36 num5, D3, Repeat: 9, Loss: 0.340976740282610, Fidelity: 0.659023259717390, 40, 0.91
2024-04-08 16:40:37 num5, D3, Repeat: 9, Loss: 0.334176302180924, Fidelity: 0.665823697819076, 50, 1.16
2024-04-08 16:40:38 num5, D3, Repeat: 9, Loss: 0.333333865634462, Fidelity: 0.666666134365538, 100, 2.43
2024-04-08 16:40:39 num5, D3, Repeat: 9, Loss: 0.333333235277077, Fidelity: 0.666666764722923, 150, 3.71
2024-04-08 16:40:41 num5, D3, Repeat: 9, Loss: 0.333316418263397, Fidelity: 0.666683581736603, 200, 5.08
2024-04-08 16:40:42 num5, D3, Repeat: 9, Loss: 0.112658168878093, Fidelity: 0.887341831121907, 250, 6.32
2024-04-08 16:40:43 num5, D3, Repeat: 9, Loss: 0.000233846803781, Fidelity: 0.999766153196219, 300, 7.59
2024-04-08 16:40:44 num5, D3, Repeat: 9, Loss: 0.000010216538452, Fidelity: 0.999989783461548, 350, 8.86
2024-04-08 16:40:46 num5, D3, Repeat: 9, Loss: 0.000003109158625, Fidelity: 0.999996890841375, 400, 10.13
2024-04-08 16:40:47 num5, D3, Repeat: 9, Loss: 0.000000804261651, Fidelity: 0.999999195738349, 450, 11.39
2024-04-08 16:40:48 num5, D3, Repeat: 9, Loss: 0.000000175865532, Fidelity: 0.999999824134468, 500, 12.66
2024-04-08 16:40:49 Maximum number of iterations has been exceeded.
2024-04-08 16:40:49 Optimal: 6.89084790339578e-08, Fidelity: 0.99999993109152096604
2024-04-08 16:40:49 Time dict: {'num1': [13.38, 12.22, 12.89, 13.3, 12.29, 12.27, 12.55, 12.2, 12.12, 12.46], 'num2': [3.96, 7.35, 5.64, 5.48, 5.6, 5.04, 7.47, 7.65, 8.46, 6.48], 'num3': [6.89, 8.66, 10.51, 8.19, 9.81, 9.98, 7.51, 8.28, 6.56, 7.03], 'num4': [11.84, 11.66, 11.92, 11.49, 11.75, 11.64, 11.71, 11.61, 9.58, 11.63], 'num5': [10.37, 12.99, 12.76, 9.38, 12.87, 12.88, 4.91, 12.81, 12.97]}
Eval dict: {'num1': [548, 532, 548, 550, 528, 539, 568, 542, 532, 559], 'num2': [168, 317, 226, 222, 236, 219, 330, 326, 359, 280], 'num3': [292, 365, 454, 359, 412, 438, 324, 368, 284, 310], 'num4': [519, 509, 523, 511, 523, 517, 520, 513, 422, 519], 'num5': [410, 509, 510, 372, 515, 513, 197, 505, 512]}
2024-04-08 16:40:49 num5, D3, Repeat: 10, Loss: 0.979260209499452, Fidelity: 0.020739790500548, 10, 0.15
2024-04-08 16:40:49 num5, D3, Repeat: 10, Loss: 0.715623358427620, Fidelity: 0.284376641572380, 20, 0.38
2024-04-08 16:40:49 num5, D3, Repeat: 10, Loss: 0.385978038114804, Fidelity: 0.614021961885196, 30, 0.64
2024-04-08 16:40:49 num5, D3, Repeat: 10, Loss: 0.340638689669849, Fidelity: 0.659361310330151, 40, 0.90
2024-04-08 16:40:50 num5, D3, Repeat: 10, Loss: 0.334523507278934, Fidelity: 0.665476492721066, 50, 1.18
2024-04-08 16:40:51 num5, D3, Repeat: 10, Loss: 0.332334303681629, Fidelity: 0.667665696318371, 100, 2.44
2024-04-08 16:40:52 num5, D3, Repeat: 10, Loss: 0.002903665127195, Fidelity: 0.997096334872805, 150, 3.68
2024-04-08 16:40:54 num5, D3, Repeat: 10, Loss: 0.000024754680704, Fidelity: 0.999975245319296, 200, 4.94
2024-04-08 16:40:55 num5, D3, Repeat: 10, Loss: 0.000001873754983, Fidelity: 0.999998126245017, 250, 6.19
2024-04-08 16:40:56 num5, D3, Repeat: 10, Loss: 0.000000878282845, Fidelity: 0.999999121717155, 300, 7.52
2024-04-08 16:40:57 num5, D3, Repeat: 10, Loss: 0.000000365668483, Fidelity: 0.999999634331517, 350, 8.79
2024-04-08 16:40:59 num5, D3, Repeat: 10, Loss: 0.000000214553617, Fidelity: 0.999999785446383, 400, 10.05
2024-04-08 16:41:00 num5, D3, Repeat: 10, Loss: 0.000000015147162, Fidelity: 0.999999984852838, 450, 11.31
2024-04-08 16:41:00 `callback` raised `StopIteration`.
2024-04-08 16:41:00 Optimal: 8.43769498715119e-13, Fidelity: 0.99999999999915623050
2024-04-08 16:41:00 Time dict: {'num1': [13.38, 12.22, 12.89, 13.3, 12.29, 12.27, 12.55, 12.2, 12.12, 12.46], 'num2': [3.96, 7.35, 5.64, 5.48, 5.6, 5.04, 7.47, 7.65, 8.46, 6.48], 'num3': [6.89, 8.66, 10.51, 8.19, 9.81, 9.98, 7.51, 8.28, 6.56, 7.03], 'num4': [11.84, 11.66, 11.92, 11.49, 11.75, 11.64, 11.71, 11.61, 9.58, 11.63], 'num5': [10.37, 12.99, 12.76, 9.38, 12.87, 12.88, 4.91, 12.81, 12.97, 11.78]}
Eval dict: {'num1': [548, 532, 548, 550, 528, 539, 568, 542, 532, 559], 'num2': [168, 317, 226, 222, 236, 219, 330, 326, 359, 280], 'num3': [292, 365, 454, 359, 412, 438, 324, 368, 284, 310], 'num4': [519, 509, 523, 511, 523, 517, 520, 513, 422, 519], 'num5': [410, 509, 510, 372, 515, 513, 197, 505, 512, 469]}
2024-04-08 16:41:00 num5 D=3 L=1 finish
{'num1': [0.9999965159262806, 0.9999996958417999, 0.9999913483305167, 0.9999976928095619, 0.9999979392875727, 0.9999808280666701, 0.9999967967178485, 0.9999922295316711, 0.9999960259677454, 0.9999893496851139], 'num2': [0.9999999999991804, 1.000000000001334, 0.9999999999996749, 1.0000000000008746, 1.000000000000718, 0.9999999999990054, 0.9999999999993114, 0.9999999999991217, 1.0000000000008717, 1.0000000000013067], 'num3': [0.9999999999996255, 1.0000000000001827, 0.9999999999993491, 1.0000000000000613, 1.0000000000002973, 1.0000000000010834, 0.99999999999905, 1.0000000000014444, 0.9999999999990296, 0.9999999999998387], 'num4': [0.9999999885420162, 0.9999996616156854, 0.9999997754381391, 0.9999999800032693, 0.9999997183041042, 0.9999999914358088, 0.9999999886136829, 0.999998678138482, 0.9999999999995625, 0.9999988884981483], 'num5': [0.999999999999033, 0.9999999578272549, 0.9999999071028132, 0.9999999999992656, 0.9999995351205538, 0.9999999915164837, 0.6666666666723873, 0.9999999999990379, 0.999999931091521, 0.9999999999991562]}
