2024-01-18 03:24:40 Energy list: [-5.999999908805371]
2024-01-18 03:24:40 Number of qubits: 10
2024-01-18 03:24:40 Number of params: 408
2024-01-18 03:24:40 Number of gates: 2216
2024-01-18 03:24:40 Simulator: mqvector, Method: BFGS
2024-01-18 03:24:40 vec0, Loss: 0.695761689178951, Fidelity: 0.304238310821049, 10, 0.33
2024-01-18 03:24:41 vec0, Loss: 0.418850142186667, Fidelity: 0.581149857813333, 20, 0.72
2024-01-18 03:24:41 vec0, Loss: 0.349128139285326, Fidelity: 0.650871860714674, 30, 1.11
2024-01-18 03:24:42 vec0, Loss: 0.335188550559259, Fidelity: 0.664811449440741, 40, 1.48
2024-01-18 03:24:42 vec0, Loss: 0.333748319126141, Fidelity: 0.666251680873859, 50, 1.85
2024-01-18 03:24:42 vec0, Loss: 0.333670827491185, Fidelity: 0.666329172508815, 60, 2.20
2024-01-18 03:24:43 vec0, Loss: 0.333658761979662, Fidelity: 0.666341238020338, 70, 2.58
2024-01-18 03:24:43 vec0, Loss: 0.333651897357421, Fidelity: 0.666348102642579, 80, 2.97
2024-01-18 03:24:43 vec0, Loss: 0.333607028387631, Fidelity: 0.666392971612369, 90, 3.29
2024-01-18 03:24:44 vec0, Loss: 0.333538011384183, Fidelity: 0.666461988615817, 100, 3.64
2024-01-18 03:24:44 vec0, Loss: 0.333517458422686, Fidelity: 0.666482541577314, 110, 4.03
2024-01-18 03:24:44 vec0, Loss: 0.333501010202021, Fidelity: 0.666498989797979, 120, 4.39
2024-01-18 03:24:45 vec0, Loss: 0.333488141796506, Fidelity: 0.666511858203494, 130, 4.72
2024-01-18 03:24:45 vec0, Loss: 0.333472607802856, Fidelity: 0.666527392197144, 140, 5.05
2024-01-18 03:24:45 vec0, Loss: 0.333465718858818, Fidelity: 0.666534281141182, 150, 5.40
2024-01-18 03:24:46 vec0, Loss: 0.333458871818224, Fidelity: 0.666541128181776, 160, 5.75
2024-01-18 03:24:46 vec0, Loss: 0.333417968098893, Fidelity: 0.666582031901107, 170, 6.11
2024-01-18 03:24:47 vec0, Loss: 0.333401972906025, Fidelity: 0.666598027093975, 180, 6.43
2024-01-18 03:24:47 vec0, Loss: 0.333399343653867, Fidelity: 0.666600656346133, 190, 6.76
2024-01-18 03:24:47 vec0, Loss: 0.333395039052956, Fidelity: 0.666604960947044, 200, 7.11
