2024-08-22 14:15:17 Number of qubits: 14
2024-08-22 14:15:17 Number of gates: 4224
2024-08-22 14:15:17 Number of params: 1224
2024-08-22 14:15:17 Depth of circuit: 848
2024-08-22 14:15:17 Simulator: mqvector_gpu, Method: BFGS
2024-08-22 14:15:23 num1 D5 L2 vec40 r1 Loss: 0.993386572399397 Fidelity: 0.006613427600603 10 5.62
2024-08-22 14:15:34 num1 D5 L2 vec40 r1 Loss: 0.850721344878374 Fidelity: 0.149278655121626 20 16.70
2024-08-22 14:15:45 num1 D5 L2 vec40 r1 Loss: 0.592698764663657 Fidelity: 0.407301235336343 30 28.19
2024-08-22 14:15:55 num1 D5 L2 vec40 r1 Loss: 0.453097706812680 Fidelity: 0.546902293187320 40 38.29
2024-08-22 14:16:07 num1 D5 L2 vec40 r1 Loss: 0.316517113522887 Fidelity: 0.683482886477113 50 49.34
2024-08-22 14:16:18 num1 D5 L2 vec40 r1 Loss: 0.270707314593237 Fidelity: 0.729292685406763 60 60.45
2024-08-22 14:16:29 num1 D5 L2 vec40 r1 Loss: 0.258608229961739 Fidelity: 0.741391770038261 70 71.69
2024-08-22 14:16:40 num1 D5 L2 vec40 r1 Loss: 0.253503928466518 Fidelity: 0.746496071533482 80 82.32
2024-08-22 14:16:51 num1 D5 L2 vec40 r1 Loss: 0.251653210543286 Fidelity: 0.748346789456714 90 93.51
2024-08-22 14:17:02 num1 D5 L2 vec40 r1 Loss: 0.250839490246267 Fidelity: 0.749160509753733 100 104.31
2024-08-22 14:17:12 num1 D5 L2 vec40 r1 Loss: 0.250452002786840 Fidelity: 0.749547997213160 110 115.15
2024-08-22 14:17:21 num1 D5 vec40 r1: reach local minima2, restart optimization
2024-08-22 14:17:27 num1 D5 L2 vec40 r1 Loss: 0.987601930930937 Fidelity: 0.012398069069063 10 129.93
2024-08-22 14:17:35 num1 D5 L2 vec40 r1 Loss: 0.896130184883251 Fidelity: 0.103869815116749 20 137.92
2024-08-22 14:17:46 num1 D5 L2 vec40 r1 Loss: 0.693965850142565 Fidelity: 0.306034149857435 30 148.42
2024-08-22 14:17:57 num1 D5 L2 vec40 r1 Loss: 0.475027171586645 Fidelity: 0.524972828413355 40 159.46
2024-08-22 14:18:08 num1 D5 L2 vec40 r1 Loss: 0.295296191280079 Fidelity: 0.704703808719921 50 170.34
2024-08-22 14:18:18 num1 D5 L2 vec40 r1 Loss: 0.160021037459049 Fidelity: 0.839978962540951 60 181.02
2024-08-22 14:18:30 num1 D5 L2 vec40 r1 Loss: 0.083794969272968 Fidelity: 0.916205030727032 70 192.42
2024-08-22 14:18:41 num1 D5 L2 vec40 r1 Loss: 0.047629541046907 Fidelity: 0.952370458953093 80 204.02
2024-08-22 14:18:52 num1 D5 L2 vec40 r1 Loss: 0.030823685674103 Fidelity: 0.969176314325897 90 214.44
2024-08-22 14:19:03 num1 D5 L2 vec40 r1 Loss: 0.017147408422254 Fidelity: 0.982852591577746 100 225.38
2024-08-22 14:19:14 num1 D5 L2 vec40 r1 Loss: 0.008451129123745 Fidelity: 0.991548870876255 110 236.75
2024-08-22 14:19:25 num1 D5 L2 vec40 r1 Loss: 0.004522595012085 Fidelity: 0.995477404987915 120 248.09
2024-08-22 14:19:36 num1 D5 L2 vec40 r1 Loss: 0.002272967636332 Fidelity: 0.997727032363668 130 258.64
2024-08-22 14:19:47 num1 D5 L2 vec40 r1 Loss: 0.001471262364822 Fidelity: 0.998528737635178 140 269.55
2024-08-22 14:19:57 num1 D5 L2 vec40 r1 Loss: 0.001080975957127 Fidelity: 0.998919024042873 150 279.76
2024-08-22 14:20:09 num1 D5 L2 vec40 r1 Loss: 0.000811090185782 Fidelity: 0.999188909814218 160 291.33
2024-08-22 14:20:20 num1 D5 L2 vec40 r1 Loss: 0.000529979017353 Fidelity: 0.999470020982647 170 302.44
2024-08-22 14:20:31 num1 D5 L2 vec40 r1 Loss: 0.000354086819506 Fidelity: 0.999645913180494 180 313.51
2024-08-22 14:20:42 num1 D5 L2 vec40 r1 Loss: 0.000252941519905 Fidelity: 0.999747058480095 190 324.55
2024-08-22 14:20:53 num1 D5 L2 vec40 r1 Loss: 0.000185987815236 Fidelity: 0.999814012184764 200 335.88
2024-08-22 14:21:04 num1 D5 L2 vec40 r1 Loss: 0.000141219842040 Fidelity: 0.999858780157960 210 346.56
2024-08-22 14:21:15 num1 D5 L2 vec40 r1 Loss: 0.000109593755879 Fidelity: 0.999890406244121 220 357.62
2024-08-22 14:21:26 num1 D5 L2 vec40 r1 Loss: 0.000079432009056 Fidelity: 0.999920567990944 230 368.81
2024-08-22 14:21:37 num1 D5 L2 vec40 r1 Loss: 0.000059203092196 Fidelity: 0.999940796907804 240 379.81
2024-08-22 14:21:48 num1 D5 L2 vec40 r1 Loss: 0.000046348352501 Fidelity: 0.999953651647499 250 390.79
2024-08-22 14:21:59 num1 D5 L2 vec40 r1 Loss: 0.000038391368512 Fidelity: 0.999961608631488 260 402.18
2024-08-22 14:22:11 num1 D5 L2 vec40 r1 Loss: 0.000030723802299 Fidelity: 0.999969276197701 270 413.50
2024-08-22 14:22:22 num1 D5 L2 vec40 r1 Loss: 0.000023811208278 Fidelity: 0.999976188791722 280 424.81
2024-08-22 14:22:33 num1 D5 L2 vec40 r1 Loss: 0.000018538980572 Fidelity: 0.999981461019428 290 435.88
2024-08-22 14:22:44 num1 D5 L2 vec40 r1 Loss: 0.000013841066706 Fidelity: 0.999986158933294 300 446.74
2024-08-22 14:22:55 num1 D5 L2 vec40 r1 Loss: 0.000010679612876 Fidelity: 0.999989320387124 310 457.99
2024-08-22 14:23:06 num1 D5 L2 vec40 r1 Loss: 0.000008201187980 Fidelity: 0.999991798812020 320 468.96
2024-08-22 14:23:17 num1 D5 L2 vec40 r1 Loss: 0.000006567052173 Fidelity: 0.999993432947827 330 480.28
2024-08-22 14:23:28 num1 D5 L2 vec40 r1 Loss: 0.000005514180532 Fidelity: 0.999994485819468 340 491.09
2024-08-22 14:23:39 num1 D5 L2 vec40 r1 Loss: 0.000004736561064 Fidelity: 0.999995263438936 350 502.05
2024-08-22 14:23:50 num1 D5 L2 vec40 r1 Loss: 0.000003682317283 Fidelity: 0.999996317682717 360 512.81
2024-08-22 14:24:01 num1 D5 L2 vec40 r1 Loss: 0.000002897581777 Fidelity: 0.999997102418223 370 523.31
2024-08-22 14:24:12 num1 D5 L2 vec40 r1 Loss: 0.000002382186355 Fidelity: 0.999997617813645 380 534.47
2024-08-22 14:24:22 num1 D5 L2 vec40 r1 Loss: 0.000002017559277 Fidelity: 0.999997982440723 390 544.66
2024-08-22 14:24:32 num1 D5 L2 vec40 r1 Loss: 0.000001706468705 Fidelity: 0.999998293531295 400 554.76
2024-08-22 14:24:43 num1 D5 L2 vec40 r1 Loss: 0.000001489815935 Fidelity: 0.999998510184065 410 565.83
2024-08-22 14:24:54 num1 D5 L2 vec40 r1 Loss: 0.000001356028936 Fidelity: 0.999998643971064 420 576.83
2024-08-22 14:25:05 num1 D5 L2 vec40 r1 Loss: 0.000001218893825 Fidelity: 0.999998781106175 430 587.91
2024-08-22 14:25:16 num1 D5 L2 vec40 r1 Loss: 0.000001078422474 Fidelity: 0.999998921577526 440 599.02
2024-08-22 14:25:27 num1 D5 L2 vec40 r1 Loss: 0.000000932983039 Fidelity: 0.999999067016961 450 609.93
2024-08-22 14:25:38 num1 D5 L2 vec40 r1 Loss: 0.000000789809427 Fidelity: 0.999999210190573 460 620.97
2024-08-22 14:25:49 num1 D5 L2 vec40 r1 Loss: 0.000000593534520 Fidelity: 0.999999406465480 470 631.91
2024-08-22 14:26:00 num1 D5 L2 vec40 r1 Loss: 0.000000448891024 Fidelity: 0.999999551108976 480 642.93
2024-08-22 14:26:11 num1 D5 L2 vec40 r1 Loss: 0.000000322877563 Fidelity: 0.999999677122437 490 653.97
2024-08-22 14:26:22 num1 D5 L2 vec40 r1 Loss: 0.000000240218369 Fidelity: 0.999999759781631 500 664.89
2024-08-22 14:26:33 num1 D5 L2 vec40 r1 Loss: 0.000000210112027 Fidelity: 0.999999789887973 510 676.13
2024-08-22 14:26:35 Optimal: 2.0858605687124054e-07, Fidelity: 0.99999979141394312876, Repeat: 1
2024-08-22 14:26:35 Maximum number of iterations has been exceeded.
{'vec40': [511]}
{'vec40': [11.3]}
{'vec40': [0.9999997914139431]}
2024-08-22 14:26:35 num1 D5 finish
2024-08-22 14:26:35 Number of qubits: 14
2024-08-22 14:26:35 Number of gates: 4224
2024-08-22 14:26:35 Number of params: 1224
2024-08-22 14:26:35 Depth of circuit: 848
2024-08-22 14:26:35 Simulator: mqvector_gpu, Method: BFGS
2024-08-22 14:26:43 num2 D5 L2 vec40 r1 Loss: 0.996820314596931 Fidelity: 0.003179685403069 10 7.50
2024-08-22 14:26:53 num2 D5 L2 vec40 r1 Loss: 0.832229097582334 Fidelity: 0.167770902417666 20 17.69
2024-08-22 14:27:04 num2 D5 L2 vec40 r1 Loss: 0.640659757492741 Fidelity: 0.359340242507259 30 28.85
2024-08-22 14:27:16 num2 D5 L2 vec40 r1 Loss: 0.536412067289839 Fidelity: 0.463587932710161 40 39.94
2024-08-22 14:27:27 num2 D5 L2 vec40 r1 Loss: 0.492101721869074 Fidelity: 0.507898278130926 50 50.90
2024-08-22 14:27:38 num2 D5 L2 vec40 r1 Loss: 0.421839878001399 Fidelity: 0.578160121998601 60 61.92
2024-08-22 14:27:48 num2 D5 L2 vec40 r1 Loss: 0.336072577638392 Fidelity: 0.663927422361608 70 72.77
2024-08-22 14:27:59 num2 D5 L2 vec40 r1 Loss: 0.274055849012207 Fidelity: 0.725944150987793 80 83.70
2024-08-22 14:28:10 num2 D5 L2 vec40 r1 Loss: 0.258059521555226 Fidelity: 0.741940478444774 90 94.64
2024-08-22 14:28:21 num2 D5 L2 vec40 r1 Loss: 0.252687315596950 Fidelity: 0.747312684403050 100 105.59
2024-08-22 14:28:32 num2 D5 L2 vec40 r1 Loss: 0.251097194156279 Fidelity: 0.748902805843721 110 116.00
2024-08-22 14:28:43 num2 D5 L2 vec40 r1 Loss: 0.250643647269201 Fidelity: 0.749356352730799 120 127.37
2024-08-22 14:28:54 num2 D5 L2 vec40 r1 Loss: 0.250355546048924 Fidelity: 0.749644453951076 130 138.65
2024-08-22 14:28:58 num2 D5 vec40 r1: reach local minima2, restart optimization
2024-08-22 14:29:05 num2 D5 L2 vec40 r1 Loss: 0.972351748149889 Fidelity: 0.027648251850111 10 149.69
2024-08-22 14:29:16 num2 D5 L2 vec40 r1 Loss: 0.814819962016459 Fidelity: 0.185180037983541 20 160.79
2024-08-22 14:29:28 num2 D5 L2 vec40 r1 Loss: 0.723248855730882 Fidelity: 0.276751144269118 30 172.15
2024-08-22 14:29:39 num2 D5 L2 vec40 r1 Loss: 0.565021389950419 Fidelity: 0.434978610049581 40 183.28
2024-08-22 14:29:50 num2 D5 L2 vec40 r1 Loss: 0.472093678754443 Fidelity: 0.527906321245557 50 194.44
2024-08-22 14:30:01 num2 D5 L2 vec40 r1 Loss: 0.347695074306846 Fidelity: 0.652304925693154 60 205.84
2024-08-22 14:30:13 num2 D5 L2 vec40 r1 Loss: 0.291307313006485 Fidelity: 0.708692686993515 70 217.25
2024-08-22 14:30:24 num2 D5 L2 vec40 r1 Loss: 0.266852128471877 Fidelity: 0.733147871528123 80 228.49
2024-08-22 14:30:35 num2 D5 L2 vec40 r1 Loss: 0.254697762367453 Fidelity: 0.745302237632547 90 239.73
2024-08-22 14:30:47 num2 D5 L2 vec40 r1 Loss: 0.220989941466139 Fidelity: 0.779010058533861 100 251.01
2024-08-22 14:30:58 num2 D5 L2 vec40 r1 Loss: 0.108956151620204 Fidelity: 0.891043848379796 110 262.33
2024-08-22 14:31:09 num2 D5 L2 vec40 r1 Loss: 0.040380283766261 Fidelity: 0.959619716233739 120 273.17
2024-08-22 14:31:20 num2 D5 L2 vec40 r1 Loss: 0.015406985947920 Fidelity: 0.984593014052080 130 284.29
2024-08-22 14:31:31 num2 D5 L2 vec40 r1 Loss: 0.006696249343084 Fidelity: 0.993303750656916 140 295.46
2024-08-22 14:31:42 num2 D5 L2 vec40 r1 Loss: 0.002949154587109 Fidelity: 0.997050845412891 150 306.70
2024-08-22 14:31:53 num2 D5 L2 vec40 r1 Loss: 0.001401532613608 Fidelity: 0.998598467386392 160 317.78
2024-08-22 14:32:05 num2 D5 L2 vec40 r1 Loss: 0.000739881281032 Fidelity: 0.999260118718968 170 328.95
2024-08-22 14:32:15 num2 D5 L2 vec40 r1 Loss: 0.000355938733043 Fidelity: 0.999644061266957 180 339.84
2024-08-22 14:32:26 num2 D5 L2 vec40 r1 Loss: 0.000159533814175 Fidelity: 0.999840466185825 190 350.85
2024-08-22 14:32:38 num2 D5 L2 vec40 r1 Loss: 0.000080097850325 Fidelity: 0.999919902149675 200 362.13
2024-08-22 14:32:49 num2 D5 L2 vec40 r1 Loss: 0.000052460454353 Fidelity: 0.999947539545647 210 373.22
2024-08-22 14:33:00 num2 D5 L2 vec40 r1 Loss: 0.000034813973839 Fidelity: 0.999965186026161 220 384.12
2024-08-22 14:33:11 num2 D5 L2 vec40 r1 Loss: 0.000025762712493 Fidelity: 0.999974237287507 230 395.29
2024-08-22 14:33:22 num2 D5 L2 vec40 r1 Loss: 0.000020450520606 Fidelity: 0.999979549479394 240 406.47
2024-08-22 14:33:33 num2 D5 L2 vec40 r1 Loss: 0.000017078537451 Fidelity: 0.999982921462549 250 417.71
2024-08-22 14:33:45 num2 D5 L2 vec40 r1 Loss: 0.000014002679156 Fidelity: 0.999985997320844 260 429.02
2024-08-22 14:33:56 num2 D5 L2 vec40 r1 Loss: 0.000011536618109 Fidelity: 0.999988463381891 270 440.37
2024-08-22 14:34:07 num2 D5 L2 vec40 r1 Loss: 0.000009610113420 Fidelity: 0.999990389886580 280 451.37
2024-08-22 14:34:18 num2 D5 L2 vec40 r1 Loss: 0.000007822185124 Fidelity: 0.999992177814876 290 462.61
2024-08-22 14:34:28 num2 D5 L2 vec40 r1 Loss: 0.000006085140548 Fidelity: 0.999993914859452 300 472.73
2024-08-22 14:34:39 num2 D5 L2 vec40 r1 Loss: 0.000004865629793 Fidelity: 0.999995134370207 310 483.84
2024-08-22 14:34:51 num2 D5 L2 vec40 r1 Loss: 0.000003870721460 Fidelity: 0.999996129278540 320 495.22
2024-08-22 14:35:02 num2 D5 L2 vec40 r1 Loss: 0.000002867602273 Fidelity: 0.999997132397727 330 506.65
2024-08-22 14:35:14 num2 D5 L2 vec40 r1 Loss: 0.000002196525561 Fidelity: 0.999997803474439 340 518.19
2024-08-22 14:35:26 num2 D5 L2 vec40 r1 Loss: 0.000001828326676 Fidelity: 0.999998171673324 350 529.90
2024-08-22 14:35:38 num2 D5 L2 vec40 r1 Loss: 0.000001617815782 Fidelity: 0.999998382184218 360 542.09
2024-08-22 14:35:49 num2 D5 L2 vec40 r1 Loss: 0.000001522934107 Fidelity: 0.999998477065893 370 553.68
2024-08-22 14:36:01 num2 D5 L2 vec40 r1 Loss: 0.000001431429437 Fidelity: 0.999998568570563 380 565.10
2024-08-22 14:36:12 num2 D5 L2 vec40 r1 Loss: 0.000001337142744 Fidelity: 0.999998662857256 390 576.81
2024-08-22 14:36:24 num2 D5 L2 vec40 r1 Loss: 0.000001191686065 Fidelity: 0.999998808313935 400 588.08
2024-08-22 14:36:35 num2 D5 L2 vec40 r1 Loss: 0.000001054848569 Fidelity: 0.999998945151431 410 599.38
2024-08-22 14:36:46 num2 D5 L2 vec40 r1 Loss: 0.000000920559112 Fidelity: 0.999999079440888 420 610.86
2024-08-22 14:36:58 num2 D5 L2 vec40 r1 Loss: 0.000000799621608 Fidelity: 0.999999200378392 430 622.38
2024-08-22 14:37:09 num2 D5 L2 vec40 r1 Loss: 0.000000633162831 Fidelity: 0.999999366837169 440 633.67
2024-08-22 14:37:21 num2 D5 L2 vec40 r1 Loss: 0.000000507349699 Fidelity: 0.999999492650301 450 645.22
2024-08-22 14:37:32 num2 D5 L2 vec40 r1 Loss: 0.000000436916754 Fidelity: 0.999999563083246 460 656.83
2024-08-22 14:37:44 num2 D5 L2 vec40 r1 Loss: 0.000000336987795 Fidelity: 0.999999663012205 470 668.15
2024-08-22 14:37:55 num2 D5 L2 vec40 r1 Loss: 0.000000234534414 Fidelity: 0.999999765465586 480 679.56
2024-08-22 14:38:07 num2 D5 L2 vec40 r1 Loss: 0.000000201900173 Fidelity: 0.999999798099827 490 690.92
2024-08-22 14:38:18 num2 D5 L2 vec40 r1 Loss: 0.000000184246312 Fidelity: 0.999999815753688 500 702.41
2024-08-22 14:38:26 Optimal: 1.7915356098630042e-07, Fidelity: 0.99999982084643901370, Repeat: 1
2024-08-22 14:38:26 Maximum number of iterations has been exceeded.
{'vec40': [506]}
{'vec40': [11.83]}
{'vec40': [0.999999820846439]}
2024-08-22 14:38:26 num2 D5 finish
2024-08-22 14:38:26 Number of qubits: 14
2024-08-22 14:38:26 Number of gates: 4224
2024-08-22 14:38:26 Number of params: 1224
2024-08-22 14:38:26 Depth of circuit: 848
2024-08-22 14:38:26 Simulator: mqvector_gpu, Method: BFGS
2024-08-22 14:38:33 num3 D5 L2 vec40 r1 Loss: 0.981381490952357 Fidelity: 0.018618509047643 10 7.00
2024-08-22 14:38:44 num3 D5 L2 vec40 r1 Loss: 0.844341408215121 Fidelity: 0.155658591784879 20 17.96
2024-08-22 14:38:56 num3 D5 L2 vec40 r1 Loss: 0.645030180217427 Fidelity: 0.354969819782573 30 29.80
2024-08-22 14:39:09 num3 D5 L2 vec40 r1 Loss: 0.535426143308649 Fidelity: 0.464573856691351 40 42.66
2024-08-22 14:39:21 num3 D5 L2 vec40 r1 Loss: 0.398471049479996 Fidelity: 0.601528950520004 50 54.79
2024-08-22 14:39:33 num3 D5 L2 vec40 r1 Loss: 0.312957155396262 Fidelity: 0.687042844603738 60 66.97
2024-08-22 14:39:46 num3 D5 L2 vec40 r1 Loss: 0.277180842923605 Fidelity: 0.722819157076395 70 79.17
2024-08-22 14:39:57 num3 D5 L2 vec40 r1 Loss: 0.261229128675632 Fidelity: 0.738770871324368 80 90.64
2024-08-22 14:40:09 num3 D5 L2 vec40 r1 Loss: 0.254573762411507 Fidelity: 0.745426237588493 90 102.10
2024-08-22 14:40:20 num3 D5 L2 vec40 r1 Loss: 0.252134176684357 Fidelity: 0.747865823315643 100 113.75
2024-08-22 14:40:32 num3 D5 L2 vec40 r1 Loss: 0.251145426556926 Fidelity: 0.748854573443074 110 125.74
2024-08-22 14:40:44 num3 D5 L2 vec40 r1 Loss: 0.250655975565933 Fidelity: 0.749344024434067 120 137.85
2024-08-22 14:40:56 num3 D5 L2 vec40 r1 Loss: 0.250314238005739 Fidelity: 0.749685761994261 130 149.71
2024-08-22 14:40:57 num3 D5 vec40 r1: reach local minima2, restart optimization
2024-08-22 14:41:05 num3 D5 L2 vec40 r1 Loss: 0.995350910579210 Fidelity: 0.004649089420790 10 158.63
2024-08-22 14:41:15 num3 D5 L2 vec40 r1 Loss: 0.903013250626044 Fidelity: 0.096986749373956 20 168.22
2024-08-22 14:41:27 num3 D5 L2 vec40 r1 Loss: 0.682351757964494 Fidelity: 0.317648242035506 30 180.11
2024-08-22 14:41:39 num3 D5 L2 vec40 r1 Loss: 0.569612655031701 Fidelity: 0.430387344968299 40 192.32
2024-08-22 14:41:51 num3 D5 L2 vec40 r1 Loss: 0.507989627028293 Fidelity: 0.492010372971707 50 204.44
2024-08-22 14:42:03 num3 D5 L2 vec40 r1 Loss: 0.369010936419881 Fidelity: 0.630989063580119 60 216.12
2024-08-22 14:42:14 num3 D5 L2 vec40 r1 Loss: 0.294094309913530 Fidelity: 0.705905690086470 70 227.84
2024-08-22 14:42:26 num3 D5 L2 vec40 r1 Loss: 0.267554448209054 Fidelity: 0.732445551790946 80 239.78
2024-08-22 14:42:38 num3 D5 L2 vec40 r1 Loss: 0.256831096652145 Fidelity: 0.743168903347855 90 251.61
2024-08-22 14:42:50 num3 D5 L2 vec40 r1 Loss: 0.253254342799839 Fidelity: 0.746745657200161 100 263.91
2024-08-22 14:43:02 num3 D5 L2 vec40 r1 Loss: 0.251761443635856 Fidelity: 0.748238556364144 110 276.02
2024-08-22 14:43:15 num3 D5 L2 vec40 r1 Loss: 0.251017762051376 Fidelity: 0.748982237948624 120 288.38
2024-08-22 14:43:26 num3 D5 L2 vec40 r1 Loss: 0.250619419639192 Fidelity: 0.749380580360808 130 299.79
2024-08-22 14:43:34 num3 D5 vec40 r1: reach local minima2, restart optimization
2024-08-22 14:43:40 num3 D5 L2 vec40 r1 Loss: 0.985409046917603 Fidelity: 0.014590953082397 10 313.83
2024-08-22 14:43:49 num3 D5 L2 vec40 r1 Loss: 0.863889697252165 Fidelity: 0.136110302747835 20 322.56
2024-08-22 14:44:00 num3 D5 L2 vec40 r1 Loss: 0.651248964415340 Fidelity: 0.348751035584660 30 333.69
2024-08-22 14:44:11 num3 D5 L2 vec40 r1 Loss: 0.517280284839979 Fidelity: 0.482719715160021 40 344.81
2024-08-22 14:44:22 num3 D5 L2 vec40 r1 Loss: 0.413303643230776 Fidelity: 0.586696356769224 50 355.87
2024-08-22 14:44:33 num3 D5 L2 vec40 r1 Loss: 0.336388809520077 Fidelity: 0.663611190479923 60 366.93
2024-08-22 14:44:44 num3 D5 L2 vec40 r1 Loss: 0.289218465559324 Fidelity: 0.710781534440676 70 377.51
2024-08-22 14:44:55 num3 D5 L2 vec40 r1 Loss: 0.265907190798469 Fidelity: 0.734092809201531 80 388.32
2024-08-22 14:45:05 num3 D5 L2 vec40 r1 Loss: 0.256147667574296 Fidelity: 0.743852332425704 90 398.85
2024-08-22 14:45:16 num3 D5 L2 vec40 r1 Loss: 0.252564037728327 Fidelity: 0.747435962271673 100 409.65
2024-08-22 14:45:27 num3 D5 L2 vec40 r1 Loss: 0.251175373896722 Fidelity: 0.748824626103278 110 420.32
2024-08-22 14:45:37 num3 D5 L2 vec40 r1 Loss: 0.250621915694956 Fidelity: 0.749378084305044 120 430.99
2024-08-22 14:45:48 num3 D5 L2 vec40 r1 Loss: 0.250281229589283 Fidelity: 0.749718770410717 130 441.56
2024-08-22 14:45:52 num3 D5 vec40 r1: reach local minima2, restart optimization
2024-08-22 14:45:57 num3 D5 L2 vec40 r1 Loss: 0.989902420213578 Fidelity: 0.010097579786422 10 450.96
2024-08-22 14:46:06 num3 D5 L2 vec40 r1 Loss: 0.946334596673622 Fidelity: 0.053665403326378 20 460.07
2024-08-22 14:46:17 num3 D5 L2 vec40 r1 Loss: 0.757468323380813 Fidelity: 0.242531676619187 30 470.68
2024-08-22 14:46:27 num3 D5 L2 vec40 r1 Loss: 0.600426985423886 Fidelity: 0.399573014576114 40 480.89
2024-08-22 14:46:38 num3 D5 L2 vec40 r1 Loss: 0.478125177813132 Fidelity: 0.521874822186868 50 491.59
2024-08-22 14:46:49 num3 D5 L2 vec40 r1 Loss: 0.344961779226500 Fidelity: 0.655038220773500 60 502.33
2024-08-22 14:46:59 num3 D5 L2 vec40 r1 Loss: 0.209633603635858 Fidelity: 0.790366396364142 70 512.87
2024-08-22 14:47:10 num3 D5 L2 vec40 r1 Loss: 0.087930874057535 Fidelity: 0.912069125942465 80 523.61
2024-08-22 14:47:20 num3 D5 L2 vec40 r1 Loss: 0.040160612229321 Fidelity: 0.959839387770679 90 533.50
2024-08-22 14:47:31 num3 D5 L2 vec40 r1 Loss: 0.017215744334417 Fidelity: 0.982784255665583 100 544.15
2024-08-22 14:47:41 num3 D5 L2 vec40 r1 Loss: 0.007656769474580 Fidelity: 0.992343230525420 110 554.68
2024-08-22 14:47:52 num3 D5 L2 vec40 r1 Loss: 0.003414890600736 Fidelity: 0.996585109399264 120 565.20
2024-08-22 14:48:02 num3 D5 L2 vec40 r1 Loss: 0.001761536215235 Fidelity: 0.998238463784765 130 575.99
2024-08-22 14:48:13 num3 D5 L2 vec40 r1 Loss: 0.001016700555445 Fidelity: 0.998983299444555 140 586.78
2024-08-22 14:48:24 num3 D5 L2 vec40 r1 Loss: 0.000599612355230 Fidelity: 0.999400387644770 150 597.51
2024-08-22 14:48:35 num3 D5 L2 vec40 r1 Loss: 0.000375115201831 Fidelity: 0.999624884798169 160 608.25
2024-08-22 14:48:45 num3 D5 L2 vec40 r1 Loss: 0.000244936537028 Fidelity: 0.999755063462972 170 618.91
2024-08-22 14:48:56 num3 D5 L2 vec40 r1 Loss: 0.000177322276581 Fidelity: 0.999822677723419 180 629.62
2024-08-22 14:49:07 num3 D5 L2 vec40 r1 Loss: 0.000130279484345 Fidelity: 0.999869720515655 190 640.49
2024-08-22 14:49:17 num3 D5 L2 vec40 r1 Loss: 0.000090368764214 Fidelity: 0.999909631235786 200 650.96
2024-08-22 14:49:28 num3 D5 L2 vec40 r1 Loss: 0.000070802425336 Fidelity: 0.999929197574664 210 661.39
2024-08-22 14:49:38 num3 D5 L2 vec40 r1 Loss: 0.000056938736013 Fidelity: 0.999943061263987 220 672.02
2024-08-22 14:49:49 num3 D5 L2 vec40 r1 Loss: 0.000047760106818 Fidelity: 0.999952239893182 230 682.51
2024-08-22 14:49:59 num3 D5 L2 vec40 r1 Loss: 0.000037887293714 Fidelity: 0.999962112706286 240 692.87
2024-08-22 14:50:10 num3 D5 L2 vec40 r1 Loss: 0.000030104148415 Fidelity: 0.999969895851585 250 703.61
2024-08-22 14:50:21 num3 D5 L2 vec40 r1 Loss: 0.000023247360777 Fidelity: 0.999976752639223 260 714.41
2024-08-22 14:50:31 num3 D5 L2 vec40 r1 Loss: 0.000017135259184 Fidelity: 0.999982864740816 270 725.07
2024-08-22 14:50:42 num3 D5 L2 vec40 r1 Loss: 0.000012066466018 Fidelity: 0.999987933533982 280 735.80
2024-08-22 14:50:53 num3 D5 L2 vec40 r1 Loss: 0.000009643184542 Fidelity: 0.999990356815458 290 746.73
2024-08-22 14:51:04 num3 D5 L2 vec40 r1 Loss: 0.000008166938158 Fidelity: 0.999991833061842 300 757.34
2024-08-22 14:51:14 num3 D5 L2 vec40 r1 Loss: 0.000006769270451 Fidelity: 0.999993230729549 310 767.90
2024-08-22 14:51:25 num3 D5 L2 vec40 r1 Loss: 0.000005757200064 Fidelity: 0.999994242799936 320 778.56
2024-08-22 14:51:35 num3 D5 L2 vec40 r1 Loss: 0.000004635533587 Fidelity: 0.999995364466413 330 789.05
2024-08-22 14:51:46 num3 D5 L2 vec40 r1 Loss: 0.000003905482378 Fidelity: 0.999996094517622 340 799.94
2024-08-22 14:51:57 num3 D5 L2 vec40 r1 Loss: 0.000003316668401 Fidelity: 0.999996683331599 350 810.57
2024-08-22 14:52:08 num3 D5 L2 vec40 r1 Loss: 0.000002937732399 Fidelity: 0.999997062267601 360 821.38
2024-08-22 14:52:18 num3 D5 L2 vec40 r1 Loss: 0.000002585871793 Fidelity: 0.999997414128207 370 831.89
2024-08-22 14:52:29 num3 D5 L2 vec40 r1 Loss: 0.000002348208080 Fidelity: 0.999997651791920 380 842.67
2024-08-22 14:52:40 num3 D5 L2 vec40 r1 Loss: 0.000002147642225 Fidelity: 0.999997852357775 390 853.52
2024-08-22 14:52:51 num3 D5 L2 vec40 r1 Loss: 0.000001951295350 Fidelity: 0.999998048704650 400 864.11
2024-08-22 14:53:01 num3 D5 L2 vec40 r1 Loss: 0.000001767563287 Fidelity: 0.999998232436713 410 874.83
2024-08-22 14:53:12 num3 D5 L2 vec40 r1 Loss: 0.000001579535559 Fidelity: 0.999998420464441 420 885.63
2024-08-22 14:53:23 num3 D5 L2 vec40 r1 Loss: 0.000001424331521 Fidelity: 0.999998575668479 430 896.50
2024-08-22 14:53:34 num3 D5 L2 vec40 r1 Loss: 0.000001289012273 Fidelity: 0.999998710987727 440 907.08
2024-08-22 14:53:44 num3 D5 L2 vec40 r1 Loss: 0.000001191364047 Fidelity: 0.999998808635953 450 917.68
2024-08-22 14:53:55 num3 D5 L2 vec40 r1 Loss: 0.000001106958987 Fidelity: 0.999998893041013 460 928.31
2024-08-22 14:54:06 num3 D5 L2 vec40 r1 Loss: 0.000000992507365 Fidelity: 0.999999007492635 470 939.10
2024-08-22 14:54:16 num3 D5 L2 vec40 r1 Loss: 0.000000819916890 Fidelity: 0.999999180083110 480 949.81
2024-08-22 14:54:27 num3 D5 L2 vec40 r1 Loss: 0.000000704743208 Fidelity: 0.999999295256792 490 960.53
2024-08-22 14:54:37 num3 D5 L2 vec40 r1 Loss: 0.000000630812811 Fidelity: 0.999999369187189 500 970.99
2024-08-22 14:54:48 num3 D5 L2 vec40 r1 Loss: 0.000000581771761 Fidelity: 0.999999418228239 510 981.64
2024-08-22 14:54:52 Optimal: 5.686904330781672e-07, Fidelity: 0.99999943130956692183, Repeat: 1
2024-08-22 14:54:52 Maximum number of iterations has been exceeded.
{'vec40': [513]}
{'vec40': [16.42]}
{'vec40': [0.9999994313095669]}
2024-08-22 14:54:52 num3 D5 finish
2024-08-22 14:54:52 Number of qubits: 14
2024-08-22 14:54:52 Number of gates: 4224
2024-08-22 14:54:52 Number of params: 1224
2024-08-22 14:54:52 Depth of circuit: 848
2024-08-22 14:54:52 Simulator: mqvector_gpu, Method: BFGS
2024-08-22 14:55:00 num4 D5 L2 vec40 r1 Loss: 0.976549622157448 Fidelity: 0.023450377842552 10 7.49
2024-08-22 14:55:10 num4 D5 L2 vec40 r1 Loss: 0.796008647083153 Fidelity: 0.203991352916847 20 17.46
2024-08-22 14:55:20 num4 D5 L2 vec40 r1 Loss: 0.534796768031343 Fidelity: 0.465203231968657 30 28.11
2024-08-22 14:55:31 num4 D5 L2 vec40 r1 Loss: 0.383605457446265 Fidelity: 0.616394542553735 40 38.40
2024-08-22 14:55:42 num4 D5 L2 vec40 r1 Loss: 0.296851099584668 Fidelity: 0.703148900415332 50 49.21
2024-08-22 14:55:52 num4 D5 L2 vec40 r1 Loss: 0.271458958151127 Fidelity: 0.728541041848873 60 60.08
2024-08-22 14:56:03 num4 D5 L2 vec40 r1 Loss: 0.261710120147284 Fidelity: 0.738289879852716 70 70.80
2024-08-22 14:56:14 num4 D5 L2 vec40 r1 Loss: 0.256657321525108 Fidelity: 0.743342678474892 80 81.49
2024-08-22 14:56:25 num4 D5 L2 vec40 r1 Loss: 0.253688401145950 Fidelity: 0.746311598854050 90 92.16
2024-08-22 14:56:35 num4 D5 L2 vec40 r1 Loss: 0.251980288463819 Fidelity: 0.748019711536181 100 102.84
2024-08-22 14:56:46 num4 D5 L2 vec40 r1 Loss: 0.250926139422395 Fidelity: 0.749073860577605 110 113.51
2024-08-22 14:56:57 num4 D5 L2 vec40 r1 Loss: 0.250516676151930 Fidelity: 0.749483323848070 120 124.19
2024-08-22 14:57:06 num4 D5 vec40 r1: reach local minima2, restart optimization
2024-08-22 14:57:13 num4 D5 L2 vec40 r1 Loss: 0.985570846429026 Fidelity: 0.014429153570974 10 140.41
2024-08-22 14:57:22 num4 D5 L2 vec40 r1 Loss: 0.731931796938503 Fidelity: 0.268068203061497 20 149.96
2024-08-22 14:57:33 num4 D5 L2 vec40 r1 Loss: 0.519914092374532 Fidelity: 0.480085907625468 30 160.34
2024-08-22 14:57:44 num4 D5 L2 vec40 r1 Loss: 0.409586185827466 Fidelity: 0.590413814172534 40 171.21
2024-08-22 14:57:55 num4 D5 L2 vec40 r1 Loss: 0.345571804511907 Fidelity: 0.654428195488093 50 183.12
2024-08-22 14:58:07 num4 D5 L2 vec40 r1 Loss: 0.290508508458461 Fidelity: 0.709491491541539 60 195.07
2024-08-22 14:58:19 num4 D5 L2 vec40 r1 Loss: 0.266702489539368 Fidelity: 0.733297510460632 70 206.48
2024-08-22 14:58:30 num4 D5 L2 vec40 r1 Loss: 0.257827828542143 Fidelity: 0.742172171457857 80 218.16
2024-08-22 14:58:42 num4 D5 L2 vec40 r1 Loss: 0.253689453146772 Fidelity: 0.746310546853228 90 229.97
2024-08-22 14:58:54 num4 D5 L2 vec40 r1 Loss: 0.251821421585425 Fidelity: 0.748178578414575 100 241.71
2024-08-22 14:59:06 num4 D5 L2 vec40 r1 Loss: 0.251041405734261 Fidelity: 0.748958594265739 110 253.42
2024-08-22 14:59:18 num4 D5 L2 vec40 r1 Loss: 0.250641241212155 Fidelity: 0.749358758787845 120 265.17
2024-08-22 14:59:27 num4 D5 vec40 r1: reach local minima2, restart optimization
2024-08-22 14:59:34 num4 D5 L2 vec40 r1 Loss: 0.989715858710081 Fidelity: 0.010284141289919 10 282.12
2024-08-22 14:59:44 num4 D5 L2 vec40 r1 Loss: 0.888196940889660 Fidelity: 0.111803059110340 20 292.12
2024-08-22 14:59:56 num4 D5 L2 vec40 r1 Loss: 0.686764620442240 Fidelity: 0.313235379557760 30 303.76
2024-08-22 15:00:08 num4 D5 L2 vec40 r1 Loss: 0.473252832707341 Fidelity: 0.526747167292659 40 315.57
2024-08-22 15:00:19 num4 D5 L2 vec40 r1 Loss: 0.354409752520356 Fidelity: 0.645590247479644 50 326.62
2024-08-22 15:00:31 num4 D5 L2 vec40 r1 Loss: 0.280615595292086 Fidelity: 0.719384404707914 60 338.29
2024-08-22 15:00:42 num4 D5 L2 vec40 r1 Loss: 0.258875442226467 Fidelity: 0.741124557773533 70 350.06
2024-08-22 15:00:54 num4 D5 L2 vec40 r1 Loss: 0.253275424688587 Fidelity: 0.746724575311413 80 361.69
2024-08-22 15:01:06 num4 D5 L2 vec40 r1 Loss: 0.251370856238694 Fidelity: 0.748629143761306 90 373.46
2024-08-22 15:01:17 num4 D5 L2 vec40 r1 Loss: 0.250465939504748 Fidelity: 0.749534060495252 100 385.10
2024-08-22 15:01:29 num4 D5 L2 vec40 r1 Loss: 0.250188969126719 Fidelity: 0.749811030873281 110 396.83
2024-08-22 15:01:36 num4 D5 vec40 r1: reach local minima2, restart optimization
2024-08-22 15:01:44 num4 D5 L2 vec40 r1 Loss: 0.997114205538994 Fidelity: 0.002885794461006 10 411.21
2024-08-22 15:01:55 num4 D5 L2 vec40 r1 Loss: 0.916598953118733 Fidelity: 0.083401046881267 20 422.54
2024-08-22 15:02:06 num4 D5 L2 vec40 r1 Loss: 0.686708646907931 Fidelity: 0.313291353092069 30 433.51
2024-08-22 15:02:17 num4 D5 L2 vec40 r1 Loss: 0.540169923690811 Fidelity: 0.459830076309189 40 445.06
2024-08-22 15:02:29 num4 D5 L2 vec40 r1 Loss: 0.435113169044644 Fidelity: 0.564886830955356 50 456.80
2024-08-22 15:02:41 num4 D5 L2 vec40 r1 Loss: 0.306039602226132 Fidelity: 0.693960397773868 60 468.21
2024-08-22 15:02:52 num4 D5 L2 vec40 r1 Loss: 0.195622545769411 Fidelity: 0.804377454230589 70 479.97
2024-08-22 15:03:04 num4 D5 L2 vec40 r1 Loss: 0.103758923523894 Fidelity: 0.896241076476106 80 491.90
2024-08-22 15:03:16 num4 D5 L2 vec40 r1 Loss: 0.053053999308539 Fidelity: 0.946946000691461 90 503.79
2024-08-22 15:03:28 num4 D5 L2 vec40 r1 Loss: 0.027063558880540 Fidelity: 0.972936441119460 100 515.42
2024-08-22 15:03:40 num4 D5 L2 vec40 r1 Loss: 0.015128886481161 Fidelity: 0.984871113518839 110 527.25
2024-08-22 15:03:51 num4 D5 L2 vec40 r1 Loss: 0.009728905602196 Fidelity: 0.990271094397804 120 539.05
2024-08-22 15:04:03 num4 D5 L2 vec40 r1 Loss: 0.006852495697593 Fidelity: 0.993147504302407 130 550.63
2024-08-22 15:04:15 num4 D5 L2 vec40 r1 Loss: 0.004225040716373 Fidelity: 0.995774959283627 140 562.39
2024-08-22 15:04:27 num4 D5 L2 vec40 r1 Loss: 0.002962484627631 Fidelity: 0.997037515372369 150 574.20
2024-08-22 15:04:38 num4 D5 L2 vec40 r1 Loss: 0.001798366946704 Fidelity: 0.998201633053296 160 585.95
2024-08-22 15:04:50 num4 D5 L2 vec40 r1 Loss: 0.001164012626096 Fidelity: 0.998835987373904 170 597.74
2024-08-22 15:05:02 num4 D5 L2 vec40 r1 Loss: 0.000852949603348 Fidelity: 0.999147050396652 180 609.48
2024-08-22 15:05:13 num4 D5 L2 vec40 r1 Loss: 0.000652958616047 Fidelity: 0.999347041383953 190 620.94
2024-08-22 15:05:25 num4 D5 L2 vec40 r1 Loss: 0.000439263112180 Fidelity: 0.999560736887820 200 632.60
2024-08-22 15:05:37 num4 D5 L2 vec40 r1 Loss: 0.000306332536560 Fidelity: 0.999693667463440 210 644.58
2024-08-22 15:05:48 num4 D5 L2 vec40 r1 Loss: 0.000186447102837 Fidelity: 0.999813552897163 220 656.16
2024-08-22 15:06:00 num4 D5 L2 vec40 r1 Loss: 0.000122085820595 Fidelity: 0.999877914179405 230 667.93
2024-08-22 15:06:12 num4 D5 L2 vec40 r1 Loss: 0.000086277172161 Fidelity: 0.999913722827839 240 679.36
2024-08-22 15:06:24 num4 D5 L2 vec40 r1 Loss: 0.000056261712777 Fidelity: 0.999943738287223 250 691.31
2024-08-22 15:06:36 num4 D5 L2 vec40 r1 Loss: 0.000038303798225 Fidelity: 0.999961696201775 260 703.24
2024-08-22 15:06:47 num4 D5 L2 vec40 r1 Loss: 0.000027257816117 Fidelity: 0.999972742183883 270 714.77
2024-08-22 15:06:59 num4 D5 L2 vec40 r1 Loss: 0.000019830496218 Fidelity: 0.999980169503782 280 726.33
2024-08-22 15:07:10 num4 D5 L2 vec40 r1 Loss: 0.000013657663497 Fidelity: 0.999986342336503 290 738.00
2024-08-22 15:07:22 num4 D5 L2 vec40 r1 Loss: 0.000009716375787 Fidelity: 0.999990283624213 300 750.06
2024-08-22 15:07:34 num4 D5 L2 vec40 r1 Loss: 0.000006857254574 Fidelity: 0.999993142745426 310 761.84
2024-08-22 15:07:46 num4 D5 L2 vec40 r1 Loss: 0.000004314390600 Fidelity: 0.999995685609400 320 773.64
2024-08-22 15:07:58 num4 D5 L2 vec40 r1 Loss: 0.000002598250592 Fidelity: 0.999997401749408 330 785.57
2024-08-22 15:08:10 num4 D5 L2 vec40 r1 Loss: 0.000001435947229 Fidelity: 0.999998564052771 340 797.24
2024-08-22 15:08:21 num4 D5 L2 vec40 r1 Loss: 0.000000906656273 Fidelity: 0.999999093343727 350 809.14
2024-08-22 15:08:33 num4 D5 L2 vec40 r1 Loss: 0.000000634845163 Fidelity: 0.999999365154837 360 820.95
2024-08-22 15:08:45 num4 D5 L2 vec40 r1 Loss: 0.000000467887754 Fidelity: 0.999999532112246 370 832.36
2024-08-22 15:08:57 num4 D5 L2 vec40 r1 Loss: 0.000000370501621 Fidelity: 0.999999629498379 380 844.23
2024-08-22 15:09:09 num4 D5 L2 vec40 r1 Loss: 0.000000311707777 Fidelity: 0.999999688292223 390 856.20
2024-08-22 15:09:20 num4 D5 L2 vec40 r1 Loss: 0.000000283753541 Fidelity: 0.999999716246459 400 867.68
2024-08-22 15:09:32 num4 D5 L2 vec40 r1 Loss: 0.000000266725910 Fidelity: 0.999999733274090 410 879.33
2024-08-22 15:09:43 num4 D5 L2 vec40 r1 Loss: 0.000000258492888 Fidelity: 0.999999741507112 420 891.09
2024-08-22 15:09:55 num4 D5 L2 vec40 r1 Loss: 0.000000252657822 Fidelity: 0.999999747342178 430 902.84
2024-08-22 15:10:07 num4 D5 L2 vec40 r1 Loss: 0.000000248573023 Fidelity: 0.999999751426977 440 914.60
2024-08-22 15:10:18 num4 D5 L2 vec40 r1 Loss: 0.000000245220780 Fidelity: 0.999999754779220 450 926.05
2024-08-22 15:10:30 num4 D5 L2 vec40 r1 Loss: 0.000000241172009 Fidelity: 0.999999758827991 460 937.79
2024-08-22 15:10:42 num4 D5 L2 vec40 r1 Loss: 0.000000237801643 Fidelity: 0.999999762198357 470 949.50
2024-08-22 15:10:53 num4 D5 L2 vec40 r1 Loss: 0.000000235451492 Fidelity: 0.999999764548508 480 961.14
2024-08-22 15:11:05 num4 D5 L2 vec40 r1 Loss: 0.000000233391929 Fidelity: 0.999999766608071 490 972.91
2024-08-22 15:11:17 num4 D5 L2 vec40 r1 Loss: 0.000000232594678 Fidelity: 0.999999767405322 500 984.58
2024-08-22 15:11:26 Optimal: 2.3212679822748328e-07, Fidelity: 0.99999976787320177252, Repeat: 1
2024-08-22 15:11:26 Maximum number of iterations has been exceeded.
{'vec40': [507]}
{'vec40': [16.56]}
{'vec40': [0.9999997678732018]}
2024-08-22 15:11:26 num4 D5 finish
2024-08-22 15:11:26 Number of qubits: 14
2024-08-22 15:11:26 Number of gates: 4224
2024-08-22 15:11:26 Number of params: 1224
2024-08-22 15:11:26 Depth of circuit: 848
2024-08-22 15:11:26 Simulator: mqvector_gpu, Method: BFGS
2024-08-22 15:11:35 num5 D5 L2 vec40 r1 Loss: 0.956763070698551 Fidelity: 0.043236929301449 10 8.60
2024-08-22 15:11:46 num5 D5 L2 vec40 r1 Loss: 0.766269228070056 Fidelity: 0.233730771929944 20 20.02
2024-08-22 15:11:58 num5 D5 L2 vec40 r1 Loss: 0.591233371902030 Fidelity: 0.408766628097970 30 31.43
2024-08-22 15:12:10 num5 D5 L2 vec40 r1 Loss: 0.439607171140129 Fidelity: 0.560392828859871 40 43.17
2024-08-22 15:12:21 num5 D5 L2 vec40 r1 Loss: 0.351995120857663 Fidelity: 0.648004879142337 50 54.78
2024-08-22 15:12:33 num5 D5 L2 vec40 r1 Loss: 0.299183993153306 Fidelity: 0.700816006846694 60 66.39
2024-08-22 15:12:45 num5 D5 L2 vec40 r1 Loss: 0.272293063385866 Fidelity: 0.727706936614134 70 78.17
2024-08-22 15:12:56 num5 D5 L2 vec40 r1 Loss: 0.260644154975875 Fidelity: 0.739355845024125 80 89.76
2024-08-22 15:13:08 num5 D5 L2 vec40 r1 Loss: 0.255270054586881 Fidelity: 0.744729945413119 90 101.70
2024-08-22 15:13:19 num5 D5 L2 vec40 r1 Loss: 0.253146635135511 Fidelity: 0.746853364864489 100 112.99
2024-08-22 15:13:31 num5 D5 L2 vec40 r1 Loss: 0.251587258542696 Fidelity: 0.748412741457304 110 124.56
2024-08-22 15:13:43 num5 D5 L2 vec40 r1 Loss: 0.250953522064736 Fidelity: 0.749046477935264 120 136.42
2024-08-22 15:13:54 num5 D5 L2 vec40 r1 Loss: 0.250629638962996 Fidelity: 0.749370361037004 130 147.64
2024-08-22 15:14:02 num5 D5 vec40 r1: reach local minima2, restart optimization
2024-08-22 15:14:08 num5 D5 L2 vec40 r1 Loss: 0.980913655387473 Fidelity: 0.019086344612527 10 161.90
2024-08-22 15:14:19 num5 D5 L2 vec40 r1 Loss: 0.839775319715796 Fidelity: 0.160224680284204 20 172.45
2024-08-22 15:14:30 num5 D5 L2 vec40 r1 Loss: 0.652670000624167 Fidelity: 0.347329999375833 30 184.04
2024-08-22 15:14:41 num5 D5 L2 vec40 r1 Loss: 0.550003794700560 Fidelity: 0.449996205299440 40 195.04
2024-08-22 15:14:53 num5 D5 L2 vec40 r1 Loss: 0.482612827325575 Fidelity: 0.517387172674425 50 206.85
2024-08-22 15:15:05 num5 D5 L2 vec40 r1 Loss: 0.393567246488624 Fidelity: 0.606432753511376 60 218.34
2024-08-22 15:15:16 num5 D5 L2 vec40 r1 Loss: 0.319939501520950 Fidelity: 0.680060498479050 70 229.85
2024-08-22 15:15:28 num5 D5 L2 vec40 r1 Loss: 0.280219991264507 Fidelity: 0.719780008735493 80 241.62
2024-08-22 15:15:39 num5 D5 L2 vec40 r1 Loss: 0.263590280945786 Fidelity: 0.736409719054214 90 253.09
2024-08-22 15:15:51 num5 D5 L2 vec40 r1 Loss: 0.256146738886493 Fidelity: 0.743853261113507 100 264.80
2024-08-22 15:16:03 num5 D5 L2 vec40 r1 Loss: 0.253496524924462 Fidelity: 0.746503475075538 110 276.52
2024-08-22 15:16:15 num5 D5 L2 vec40 r1 Loss: 0.252226419226323 Fidelity: 0.747773580773677 120 288.14
2024-08-22 15:16:26 num5 D5 L2 vec40 r1 Loss: 0.251290245366798 Fidelity: 0.748709754633202 130 299.92
2024-08-22 15:16:38 num5 D5 L2 vec40 r1 Loss: 0.250719918446479 Fidelity: 0.749280081553521 140 311.43
2024-08-22 15:16:50 num5 D5 L2 vec40 r1 Loss: 0.250417025979888 Fidelity: 0.749582974020112 150 323.35
2024-08-22 15:16:53 num5 D5 vec40 r1: reach local minima2, restart optimization
2024-08-22 15:16:59 num5 D5 L2 vec40 r1 Loss: 0.993276349789163 Fidelity: 0.006723650210837 10 332.32
2024-08-22 15:17:05 num5 D5 L2 vec40 r1 Loss: 0.964124321268825 Fidelity: 0.035875678731175 20 338.99
2024-08-22 15:17:16 num5 D5 L2 vec40 r1 Loss: 0.804590960835213 Fidelity: 0.195409039164787 30 350.01
2024-08-22 15:17:28 num5 D5 L2 vec40 r1 Loss: 0.601482904971235 Fidelity: 0.398517095028765 40 361.59
2024-08-22 15:17:40 num5 D5 L2 vec40 r1 Loss: 0.524443434456580 Fidelity: 0.475556565543420 50 373.32
2024-08-22 15:17:51 num5 D5 L2 vec40 r1 Loss: 0.507600982610362 Fidelity: 0.492399017389638 60 384.45
2024-08-22 15:18:02 num5 D5 L2 vec40 r1 Loss: 0.502626612503478 Fidelity: 0.497373387496522 70 396.08
2024-08-22 15:18:14 num5 D5 L2 vec40 r1 Loss: 0.498428086530512 Fidelity: 0.501571913469488 80 407.39
2024-08-22 15:18:25 num5 D5 L2 vec40 r1 Loss: 0.464032397781943 Fidelity: 0.535967602218057 90 418.99
2024-08-22 15:18:37 num5 D5 L2 vec40 r1 Loss: 0.338542558313674 Fidelity: 0.661457441686326 100 430.24
2024-08-22 15:18:48 num5 D5 L2 vec40 r1 Loss: 0.277728136071223 Fidelity: 0.722271863928777 110 441.10
2024-08-22 15:18:58 num5 D5 L2 vec40 r1 Loss: 0.257624232251278 Fidelity: 0.742375767748722 120 451.78
2024-08-22 15:19:09 num5 D5 L2 vec40 r1 Loss: 0.252131611483002 Fidelity: 0.747868388516998 130 462.57
2024-08-22 15:19:20 num5 D5 L2 vec40 r1 Loss: 0.250115044169313 Fidelity: 0.749884955830687 140 473.96
2024-08-22 15:19:31 num5 D5 L2 vec40 r1 Loss: 0.243616662164438 Fidelity: 0.756383337835562 150 485.05
2024-08-22 15:19:42 num5 D5 L2 vec40 r1 Loss: 0.170641759154892 Fidelity: 0.829358240845108 160 495.99
2024-08-22 15:19:53 num5 D5 L2 vec40 r1 Loss: 0.042527128658818 Fidelity: 0.957472871341182 170 506.82
2024-08-22 15:20:04 num5 D5 L2 vec40 r1 Loss: 0.015135131516929 Fidelity: 0.984864868483071 180 517.77
2024-08-22 15:20:15 num5 D5 L2 vec40 r1 Loss: 0.006180360520736 Fidelity: 0.993819639479264 190 528.37
2024-08-22 15:20:25 num5 D5 L2 vec40 r1 Loss: 0.003100277587461 Fidelity: 0.996899722412539 200 538.99
2024-08-22 15:20:36 num5 D5 L2 vec40 r1 Loss: 0.001474311319166 Fidelity: 0.998525688680834 210 549.72
2024-08-22 15:20:47 num5 D5 L2 vec40 r1 Loss: 0.000821552772258 Fidelity: 0.999178447227742 220 560.69
2024-08-22 15:20:58 num5 D5 L2 vec40 r1 Loss: 0.000507748826290 Fidelity: 0.999492251173710 230 571.30
2024-08-22 15:21:08 num5 D5 L2 vec40 r1 Loss: 0.000334586671325 Fidelity: 0.999665413328675 240 582.04
2024-08-22 15:21:20 num5 D5 L2 vec40 r1 Loss: 0.000218031057251 Fidelity: 0.999781968942749 250 593.84
2024-08-22 15:21:32 num5 D5 L2 vec40 r1 Loss: 0.000146190462859 Fidelity: 0.999853809537141 260 605.93
2024-08-22 15:21:44 num5 D5 L2 vec40 r1 Loss: 0.000098924605759 Fidelity: 0.999901075394241 270 617.46
2024-08-22 15:21:56 num5 D5 L2 vec40 r1 Loss: 0.000067605883445 Fidelity: 0.999932394116555 280 629.24
2024-08-22 15:22:08 num5 D5 L2 vec40 r1 Loss: 0.000042509762891 Fidelity: 0.999957490237109 290 641.19
2024-08-22 15:22:19 num5 D5 L2 vec40 r1 Loss: 0.000022731384503 Fidelity: 0.999977268615497 300 653.01
2024-08-22 15:22:31 num5 D5 L2 vec40 r1 Loss: 0.000014004251231 Fidelity: 0.999985995748769 310 664.84
2024-08-22 15:22:43 num5 D5 L2 vec40 r1 Loss: 0.000008979304648 Fidelity: 0.999991020695352 320 676.77
2024-08-22 15:22:55 num5 D5 L2 vec40 r1 Loss: 0.000006652952369 Fidelity: 0.999993347047631 330 688.57
2024-08-22 15:23:08 num5 D5 L2 vec40 r1 Loss: 0.000004841790475 Fidelity: 0.999995158209525 340 701.33
2024-08-22 15:23:20 num5 D5 L2 vec40 r1 Loss: 0.000003703558222 Fidelity: 0.999996296441778 350 713.67
2024-08-22 15:23:32 num5 D5 L2 vec40 r1 Loss: 0.000002780539160 Fidelity: 0.999997219460840 360 725.18
2024-08-22 15:23:44 num5 D5 L2 vec40 r1 Loss: 0.000002361498977 Fidelity: 0.999997638501023 370 737.20
2024-08-22 15:23:55 num5 D5 L2 vec40 r1 Loss: 0.000002147221909 Fidelity: 0.999997852778091 380 748.93
2024-08-22 15:24:07 num5 D5 L2 vec40 r1 Loss: 0.000001974753286 Fidelity: 0.999998025246714 390 760.61
2024-08-22 15:24:19 num5 D5 L2 vec40 r1 Loss: 0.000001806355488 Fidelity: 0.999998193644512 400 772.52
2024-08-22 15:24:31 num5 D5 L2 vec40 r1 Loss: 0.000001626030099 Fidelity: 0.999998373969901 410 784.37
2024-08-22 15:24:43 num5 D5 L2 vec40 r1 Loss: 0.000001393162694 Fidelity: 0.999998606837306 420 796.18
2024-08-22 15:24:54 num5 D5 L2 vec40 r1 Loss: 0.000001134282738 Fidelity: 0.999998865717262 430 807.97
2024-08-22 15:25:06 num5 D5 L2 vec40 r1 Loss: 0.000000948382798 Fidelity: 0.999999051617202 440 819.70
2024-08-22 15:25:18 num5 D5 L2 vec40 r1 Loss: 0.000000720511047 Fidelity: 0.999999279488953 450 831.29
2024-08-22 15:25:30 num5 D5 L2 vec40 r1 Loss: 0.000000591088761 Fidelity: 0.999999408911239 460 843.14
2024-08-22 15:25:41 num5 D5 L2 vec40 r1 Loss: 0.000000494347515 Fidelity: 0.999999505652485 470 854.74
2024-08-22 15:25:53 num5 D5 L2 vec40 r1 Loss: 0.000000396764780 Fidelity: 0.999999603235220 480 866.24
2024-08-22 15:26:04 num5 D5 L2 vec40 r1 Loss: 0.000000336878507 Fidelity: 0.999999663121493 490 877.78
2024-08-22 15:26:16 num5 D5 L2 vec40 r1 Loss: 0.000000298100338 Fidelity: 0.999999701899662 500 889.42
2024-08-22 15:26:27 num5 D5 L2 vec40 r1 Loss: 0.000000269753853 Fidelity: 0.999999730246147 510 900.50
2024-08-22 15:26:38 num5 D5 L2 vec40 r1 Loss: 0.000000241859144 Fidelity: 0.999999758140856 520 911.85
2024-08-22 15:26:40 Optimal: 2.388243443007809e-07, Fidelity: 0.99999976117565569922, Repeat: 1
2024-08-22 15:26:40 Maximum number of iterations has been exceeded.
{'vec40': [521]}
{'vec40': [15.23]}
{'vec40': [0.9999997611756557]}
2024-08-22 15:26:40 num5 D5 finish
