2024-04-14 17:19:09 Number of qubits: 6
2024-04-14 17:19:09 Number of gates: 2216
2024-04-14 17:19:09 Number of params: 408
2024-04-14 17:19:09 Depth of circuit: 1474
2024-04-14 17:19:09 Simulator: mqvector, Method: BFGS
2024-04-14 17:19:09 num2, D1, Repeat: 1, Loss: 0.891348501580669, Fidelity: 0.108651498419331, 10, 0.10
2024-04-14 17:19:09 num2, D1, Repeat: 1, Loss: 0.083434351014229, Fidelity: 0.916565648985771, 20, 0.20
2024-04-14 17:19:09 num2, D1, Repeat: 1, Loss: 0.008097009682959, Fidelity: 0.991902990317041, 30, 0.28
2024-04-14 17:19:09 num2, D1, Repeat: 1, Loss: 0.001145102979690, Fidelity: 0.998854897020310, 40, 0.39
2024-04-14 17:19:10 num2, D1, Repeat: 1, Loss: 0.000081391981994, Fidelity: 0.999918608018006, 50, 0.50
2024-04-14 17:19:10 Optimal: 0.0, Fidelity: 1.00000000000000000000
2024-04-14 17:19:10 `callback` raised `StopIteration`.
{'num2': [99]}
{'num2': [1.08]}
{'num2': [1.0]}
2024-04-14 17:19:10 num2, D1, Repeat: 2, Loss: 0.655564520560231, Fidelity: 0.344435479439769, 10, 0.07
2024-04-14 17:19:10 num2, D1, Repeat: 2, Loss: 0.023655403026557, Fidelity: 0.976344596973443, 20, 0.15
2024-04-14 17:19:10 num2, D1, Repeat: 2, Loss: 0.003449364231844, Fidelity: 0.996550635768156, 30, 0.24
2024-04-14 17:19:11 num2, D1, Repeat: 2, Loss: 0.000570825507284, Fidelity: 0.999429174492716, 40, 0.34
2024-04-14 17:19:11 num2, D1, Repeat: 2, Loss: 0.000060510928537, Fidelity: 0.999939489071463, 50, 0.45
2024-04-14 17:19:11 num2, D1, Repeat: 2, Loss: 0.000001390460443, Fidelity: 0.999998609539557, 100, 0.99
2024-04-14 17:19:12 num2, D1, Repeat: 2, Loss: -0.000000000000001, Fidelity: 1.000000000000001, 150, 1.45
2024-04-14 17:19:12 Optimal: 5.551115123125783e-16, Fidelity: 0.99999999999999944489
2024-04-14 17:19:12 `callback` raised `StopIteration`.
{'num2': [99, 153]}
{'num2': [1.08, 1.46]}
{'num2': [1.0, 0.9999999999999994]}
2024-04-14 17:19:12 num2, D1, Repeat: 3, Loss: 0.260744128133793, Fidelity: 0.739255871866207, 10, 0.10
2024-04-14 17:19:12 num2, D1, Repeat: 3, Loss: 0.027404216197017, Fidelity: 0.972595783802983, 20, 0.25
2024-04-14 17:19:12 num2, D1, Repeat: 3, Loss: 0.003541041756325, Fidelity: 0.996458958243675, 30, 0.35
2024-04-14 17:19:12 num2, D1, Repeat: 3, Loss: 0.000647875585219, Fidelity: 0.999352124414781, 40, 0.47
2024-04-14 17:19:12 num2, D1, Repeat: 3, Loss: 0.000168520618310, Fidelity: 0.999831479381690, 50, 0.58
2024-04-14 17:19:13 num2, D1, Repeat: 3, Loss: 0.000001645016116, Fidelity: 0.999998354983884, 100, 1.10
2024-04-14 17:19:13 num2, D1, Repeat: 3, Loss: 0.000000393967525, Fidelity: 0.999999606032475, 150, 1.61
2024-04-14 17:19:14 num2, D1, Repeat: 3, Loss: 0.000000108122934, Fidelity: 0.999999891877066, 200, 2.12
2024-04-14 17:19:14 num2, D1, Repeat: 3, Loss: 0.000000000134503, Fidelity: 0.999999999865497, 250, 2.67
2024-04-14 17:19:15 Optimal: 4.440892098500626e-16, Fidelity: 0.99999999999999955591
2024-04-14 17:19:15 `callback` raised `StopIteration`.
{'num2': [99, 153, 277]}
{'num2': [1.08, 1.46, 2.99]}
{'num2': [1.0, 0.9999999999999994, 0.9999999999999996]}
2024-04-14 17:19:15 num2, D1, Repeat: 4, Loss: 0.293066185520335, Fidelity: 0.706933814479665, 10, 0.07
2024-04-14 17:19:15 num2, D1, Repeat: 4, Loss: 0.015617971449820, Fidelity: 0.984382028550180, 20, 0.16
2024-04-14 17:19:15 num2, D1, Repeat: 4, Loss: 0.001414574417282, Fidelity: 0.998585425582718, 30, 0.25
2024-04-14 17:19:15 num2, D1, Repeat: 4, Loss: 0.000178204053076, Fidelity: 0.999821795946924, 40, 0.36
2024-04-14 17:19:15 num2, D1, Repeat: 4, Loss: 0.000058708413354, Fidelity: 0.999941291586646, 50, 0.46
2024-04-14 17:19:16 num2, D1, Repeat: 4, Loss: 0.000000093797487, Fidelity: 0.999999906202513, 100, 1.13
2024-04-14 17:19:16 num2, D1, Repeat: 4, Loss: 0.000000031970868, Fidelity: 0.999999968029132, 150, 1.70
2024-04-14 17:19:17 num2, D1, Repeat: 4, Loss: 0.000000015486274, Fidelity: 0.999999984513726, 200, 2.30
2024-04-14 17:19:17 num2, D1, Repeat: 4, Loss: 0.000000006921592, Fidelity: 0.999999993078408, 250, 2.82
2024-04-14 17:19:18 num2, D1, Repeat: 4, Loss: 0.000000004128684, Fidelity: 0.999999995871316, 300, 3.34
2024-04-14 17:19:19 num2, D1, Repeat: 4, Loss: 0.000000002151716, Fidelity: 0.999999997848284, 350, 3.94
2024-04-14 17:19:19 num2, D1, Repeat: 4, Loss: 0.000000002088842, Fidelity: 0.999999997911158, 400, 4.42
2024-04-14 17:19:20 num2, D1, Repeat: 4, Loss: 0.000000001347855, Fidelity: 0.999999998652145, 450, 4.93
2024-04-14 17:19:20 num2, D1, Repeat: 4, Loss: 0.000000001016516, Fidelity: 0.999999998983484, 500, 5.44
2024-04-14 17:19:21 num2, D1, Repeat: 4, Loss: 0.000000000590792, Fidelity: 0.999999999409208, 550, 5.97
2024-04-14 17:19:21 Optimal: 3.378780588647601e-10, Fidelity: 0.99999999966212194114
2024-04-14 17:19:21 Maximum number of iterations has been exceeded.
{'num2': [99, 153, 277, 555]}
{'num2': [1.08, 1.46, 2.99, 6.03]}
{'num2': [1.0, 0.9999999999999994, 0.9999999999999996, 0.9999999996621219]}
2024-04-14 17:19:21 num2, D1, Repeat: 5, Loss: 0.358764187477625, Fidelity: 0.641235812522375, 10, 0.07
2024-04-14 17:19:21 num2, D1, Repeat: 5, Loss: 0.024361179890745, Fidelity: 0.975638820109255, 20, 0.19
2024-04-14 17:19:21 num2, D1, Repeat: 5, Loss: 0.002809862881231, Fidelity: 0.997190137118769, 30, 0.29
2024-04-14 17:19:21 num2, D1, Repeat: 5, Loss: 0.000306609673953, Fidelity: 0.999693390326047, 40, 0.39
2024-04-14 17:19:21 num2, D1, Repeat: 5, Loss: 0.000070626737456, Fidelity: 0.999929373262544, 50, 0.50
2024-04-14 17:19:22 num2, D1, Repeat: 5, Loss: 0.000002137189923, Fidelity: 0.999997862810077, 100, 1.50
2024-04-14 17:19:23 num2, D1, Repeat: 5, Loss: 0.000000257847235, Fidelity: 0.999999742152765, 150, 2.51
2024-04-14 17:19:24 num2, D1, Repeat: 5, Loss: 0.000000041341205, Fidelity: 0.999999958658795, 200, 3.61
2024-04-14 17:19:25 num2, D1, Repeat: 5, Loss: 0.000000011423011, Fidelity: 0.999999988576989, 250, 4.43
2024-04-14 17:19:26 num2, D1, Repeat: 5, Loss: 0.000000008483897, Fidelity: 0.999999991516103, 300, 5.34
2024-04-14 17:19:27 num2, D1, Repeat: 5, Loss: 0.000000007049515, Fidelity: 0.999999992950485, 350, 5.91
2024-04-14 17:19:27 num2, D1, Repeat: 5, Loss: 0.000000004840637, Fidelity: 0.999999995159363, 400, 6.42
2024-04-14 17:19:28 num2, D1, Repeat: 5, Loss: 0.000000004600231, Fidelity: 0.999999995399769, 450, 6.93
2024-04-14 17:19:28 num2, D1, Repeat: 5, Loss: 0.000000002926762, Fidelity: 0.999999997073238, 500, 7.44
2024-04-14 17:19:28 Optimal: 2.64213140255265e-09, Fidelity: 0.99999999735786859745
2024-04-14 17:19:28 Maximum number of iterations has been exceeded.
{'num2': [99, 153, 277, 555, 531]}
{'num2': [1.08, 1.46, 2.99, 6.03, 7.81]}
{'num2': [1.0, 0.9999999999999994, 0.9999999999999996, 0.9999999996621219, 0.9999999973578686]}
2024-04-14 17:19:29 num2, D1, Repeat: 6, Loss: 0.288815306272807, Fidelity: 0.711184693727193, 10, 0.08
2024-04-14 17:19:29 num2, D1, Repeat: 6, Loss: 0.015145404304872, Fidelity: 0.984854595695128, 20, 0.17
2024-04-14 17:19:29 num2, D1, Repeat: 6, Loss: 0.001454946408143, Fidelity: 0.998545053591857, 30, 0.26
2024-04-14 17:19:29 num2, D1, Repeat: 6, Loss: 0.000162933344998, Fidelity: 0.999837066655002, 40, 0.37
2024-04-14 17:19:29 num2, D1, Repeat: 6, Loss: 0.000063606335388, Fidelity: 0.999936393664612, 50, 0.47
2024-04-14 17:19:29 num2, D1, Repeat: 6, Loss: 0.000003483957144, Fidelity: 0.999996516042856, 100, 0.99
2024-04-14 17:19:30 Optimal: 8.881784197001252e-16, Fidelity: 0.99999999999999911182
2024-04-14 17:19:30 `callback` raised `StopIteration`.
{'num2': [99, 153, 277, 555, 531, 113]}
{'num2': [1.08, 1.46, 2.99, 6.03, 7.81, 1.13]}
{'num2': [1.0, 0.9999999999999994, 0.9999999999999996, 0.9999999996621219, 0.9999999973578686, 0.9999999999999991]}
2024-04-14 17:19:30 num2, D1, Repeat: 7, Loss: 0.958657081355251, Fidelity: 0.041342918644749, 10, 0.05
2024-04-14 17:19:30 num2, D1, Repeat: 7, Loss: 0.381256701055154, Fidelity: 0.618743298944846, 20, 0.13
2024-04-14 17:19:30 num2, D1, Repeat: 7, Loss: 0.012633004709631, Fidelity: 0.987366995290369, 30, 0.23
2024-04-14 17:19:30 num2, D1, Repeat: 7, Loss: 0.002255608875729, Fidelity: 0.997744391124271, 40, 0.32
2024-04-14 17:19:30 num2, D1, Repeat: 7, Loss: 0.000447865170543, Fidelity: 0.999552134829457, 50, 0.43
2024-04-14 17:19:31 num2, D1, Repeat: 7, Loss: 0.000006298214922, Fidelity: 0.999993701785078, 100, 0.99
2024-04-14 17:19:31 num2, D1, Repeat: 7, Loss: 0.000000637562686, Fidelity: 0.999999362437314, 150, 1.64
2024-04-14 17:19:32 num2, D1, Repeat: 7, Loss: 0.000000342822780, Fidelity: 0.999999657177220, 200, 2.31
2024-04-14 17:19:32 num2, D1, Repeat: 7, Loss: 0.000000225464049, Fidelity: 0.999999774535951, 250, 2.87
2024-04-14 17:19:33 num2, D1, Repeat: 7, Loss: 0.000000096791863, Fidelity: 0.999999903208137, 300, 3.41
2024-04-14 17:19:34 num2, D1, Repeat: 7, Loss: 0.000000082882821, Fidelity: 0.999999917117179, 350, 3.93
2024-04-14 17:19:34 num2, D1, Repeat: 7, Loss: 0.000000070850939, Fidelity: 0.999999929149061, 400, 4.47
2024-04-14 17:19:35 num2, D1, Repeat: 7, Loss: 0.000000060657940, Fidelity: 0.999999939342060, 450, 5.04
2024-04-14 17:19:35 num2, D1, Repeat: 7, Loss: 0.000000050155889, Fidelity: 0.999999949844111, 500, 5.65
2024-04-14 17:19:36 num2, D1, Repeat: 7, Loss: 0.000000040851051, Fidelity: 0.999999959148949, 550, 6.25
2024-04-14 17:19:36 Optimal: 3.948593574332193e-08, Fidelity: 0.99999996051406425668
2024-04-14 17:19:36 Maximum number of iterations has been exceeded.
{'num2': [99, 153, 277, 555, 531, 113, 560]}
{'num2': [1.08, 1.46, 2.99, 6.03, 7.81, 1.13, 6.33]}
{'num2': [1.0, 0.9999999999999994, 0.9999999999999996, 0.9999999996621219, 0.9999999973578686, 0.9999999999999991, 0.9999999605140643]}
2024-04-14 17:19:36 num2, D1, Repeat: 8, Loss: 0.354988693316598, Fidelity: 0.645011306683402, 10, 0.07
2024-04-14 17:19:36 num2, D1, Repeat: 8, Loss: 0.031471917576201, Fidelity: 0.968528082423799, 20, 0.16
2024-04-14 17:19:36 num2, D1, Repeat: 8, Loss: 0.004807743786090, Fidelity: 0.995192256213910, 30, 0.28
2024-04-14 17:19:36 num2, D1, Repeat: 8, Loss: 0.000711113806488, Fidelity: 0.999288886193512, 40, 0.39
2024-04-14 17:19:36 num2, D1, Repeat: 8, Loss: 0.000098873242214, Fidelity: 0.999901126757786, 50, 0.51
2024-04-14 17:19:37 num2, D1, Repeat: 8, Loss: 0.000000000241273, Fidelity: 0.999999999758727, 100, 1.29
2024-04-14 17:19:37 Optimal: 7.771561172376096e-16, Fidelity: 0.99999999999999922284
2024-04-14 17:19:37 `callback` raised `StopIteration`.
{'num2': [99, 153, 277, 555, 531, 113, 560, 106]}
{'num2': [1.08, 1.46, 2.99, 6.03, 7.81, 1.13, 6.33, 1.36]}
{'num2': [1.0, 0.9999999999999994, 0.9999999999999996, 0.9999999996621219, 0.9999999973578686, 0.9999999999999991, 0.9999999605140643, 0.9999999999999992]}
2024-04-14 17:19:37 num2, D1, Repeat: 9, Loss: 0.606097391919204, Fidelity: 0.393902608080796, 10, 0.09
2024-04-14 17:19:37 num2, D1, Repeat: 9, Loss: 0.019181853995647, Fidelity: 0.980818146004353, 20, 0.20
2024-04-14 17:19:38 num2, D1, Repeat: 9, Loss: 0.001553217480488, Fidelity: 0.998446782519512, 30, 0.30
2024-04-14 17:19:38 num2, D1, Repeat: 9, Loss: 0.000304670508043, Fidelity: 0.999695329491957, 40, 0.43
2024-04-14 17:19:38 num2, D1, Repeat: 9, Loss: 0.000090614671869, Fidelity: 0.999909385328131, 50, 0.54
2024-04-14 17:19:38 num2, D1, Repeat: 9, Loss: 0.000000188721315, Fidelity: 0.999999811278685, 100, 1.10
2024-04-14 17:19:39 Optimal: 7.771561172376096e-16, Fidelity: 0.99999999999999922284
2024-04-14 17:19:39 `callback` raised `StopIteration`.
{'num2': [99, 153, 277, 555, 531, 113, 560, 106, 124]}
{'num2': [1.08, 1.46, 2.99, 6.03, 7.81, 1.13, 6.33, 1.36, 1.53]}
{'num2': [1.0, 0.9999999999999994, 0.9999999999999996, 0.9999999996621219, 0.9999999973578686, 0.9999999999999991, 0.9999999605140643, 0.9999999999999992, 0.9999999999999992]}
2024-04-14 17:19:39 num2, D1, Repeat: 10, Loss: 0.545329106902674, Fidelity: 0.454670893097326, 10, 0.07
2024-04-14 17:19:39 num2, D1, Repeat: 10, Loss: 0.033668526004826, Fidelity: 0.966331473995174, 20, 0.18
2024-04-14 17:19:39 num2, D1, Repeat: 10, Loss: 0.003395254282903, Fidelity: 0.996604745717097, 30, 0.30
2024-04-14 17:19:39 num2, D1, Repeat: 10, Loss: 0.000034860571704, Fidelity: 0.999965139428296, 40, 0.41
2024-04-14 17:19:39 num2, D1, Repeat: 10, Loss: 0.000001139574363, Fidelity: 0.999998860425637, 50, 0.53
2024-04-14 17:19:40 Optimal: -8.881784197001252e-16, Fidelity: 1.00000000000000088818
2024-04-14 17:19:40 `callback` raised `StopIteration`.
{'num2': [99, 153, 277, 555, 531, 113, 560, 106, 124, 85]}
{'num2': [1.08, 1.46, 2.99, 6.03, 7.81, 1.13, 6.33, 1.36, 1.53, 0.93]}
{'num2': [1.0, 0.9999999999999994, 0.9999999999999996, 0.9999999996621219, 0.9999999973578686, 0.9999999999999991, 0.9999999605140643, 0.9999999999999992, 0.9999999999999992, 1.0000000000000009]}
2024-04-14 17:19:40 num2, D1, Repeat: 11, Loss: 0.339641368560641, Fidelity: 0.660358631439359, 10, 0.09
2024-04-14 17:19:40 num2, D1, Repeat: 11, Loss: 0.024802501400872, Fidelity: 0.975197498599128, 20, 0.19
2024-04-14 17:19:40 num2, D1, Repeat: 11, Loss: 0.002688020609752, Fidelity: 0.997311979390248, 30, 0.30
2024-04-14 17:19:40 num2, D1, Repeat: 11, Loss: 0.000271174354321, Fidelity: 0.999728825645679, 40, 0.41
2024-04-14 17:19:40 num2, D1, Repeat: 11, Loss: 0.000020558968194, Fidelity: 0.999979441031806, 50, 0.54
2024-04-14 17:19:41 num2, D1, Repeat: 11, Loss: 0.000000000000026, Fidelity: 0.999999999999974, 100, 1.09
2024-04-14 17:19:41 Optimal: 5.551115123125783e-16, Fidelity: 0.99999999999999944489
2024-04-14 17:19:41 `callback` raised `StopIteration`.
{'num2': [99, 153, 277, 555, 531, 113, 560, 106, 124, 85, 104]}
{'num2': [1.08, 1.46, 2.99, 6.03, 7.81, 1.13, 6.33, 1.36, 1.53, 0.93, 1.14]}
{'num2': [1.0, 0.9999999999999994, 0.9999999999999996, 0.9999999996621219, 0.9999999973578686, 0.9999999999999991, 0.9999999605140643, 0.9999999999999992, 0.9999999999999992, 1.0000000000000009, 0.9999999999999994]}
2024-04-14 17:19:41 num2, D1, Repeat: 12, Loss: 0.357224961261353, Fidelity: 0.642775038738647, 10, 0.07
2024-04-14 17:19:41 num2, D1, Repeat: 12, Loss: 0.028962995399805, Fidelity: 0.971037004600195, 20, 0.17
2024-04-14 17:19:41 num2, D1, Repeat: 12, Loss: 0.004282867937221, Fidelity: 0.995717132062779, 30, 0.27
2024-04-14 17:19:41 num2, D1, Repeat: 12, Loss: 0.000979744948268, Fidelity: 0.999020255051732, 40, 0.37
2024-04-14 17:19:41 num2, D1, Repeat: 12, Loss: 0.000178755319444, Fidelity: 0.999821244680556, 50, 0.48
2024-04-14 17:19:42 num2, D1, Repeat: 12, Loss: 0.000001092070334, Fidelity: 0.999998907929666, 100, 1.04
2024-04-14 17:19:43 num2, D1, Repeat: 12, Loss: 0.000000028801158, Fidelity: 0.999999971198842, 150, 1.60
2024-04-14 17:19:43 num2, D1, Repeat: 12, Loss: 0.000000000029870, Fidelity: 0.999999999970130, 200, 2.15
2024-04-14 17:19:43 Optimal: 2.986944025451521e-11, Fidelity: 0.99999999997013055975
2024-04-14 17:19:43 Desired error not necessarily achieved due to precision loss.
{'num2': [99, 153, 277, 555, 531, 113, 560, 106, 124, 85, 104, 220]}
{'num2': [1.08, 1.46, 2.99, 6.03, 7.81, 1.13, 6.33, 1.36, 1.53, 0.93, 1.14, 2.28]}
{'num2': [1.0, 0.9999999999999994, 0.9999999999999996, 0.9999999996621219, 0.9999999973578686, 0.9999999999999991, 0.9999999605140643, 0.9999999999999992, 0.9999999999999992, 1.0000000000000009, 0.9999999999999994, 0.9999999999701306]}
2024-04-14 17:19:43 num2, D1, Repeat: 13, Loss: 0.708424565541199, Fidelity: 0.291575434458801, 10, 0.05
2024-04-14 17:19:43 num2, D1, Repeat: 13, Loss: 0.062053140103156, Fidelity: 0.937946859896844, 20, 0.13
2024-04-14 17:19:43 num2, D1, Repeat: 13, Loss: 0.007087225874557, Fidelity: 0.992912774125443, 30, 0.24
2024-04-14 17:19:44 num2, D1, Repeat: 13, Loss: 0.000495442724969, Fidelity: 0.999504557275031, 40, 0.33
2024-04-14 17:19:44 num2, D1, Repeat: 13, Loss: 0.000146856251032, Fidelity: 0.999853143748968, 50, 0.43
2024-04-14 17:19:44 num2, D1, Repeat: 13, Loss: 0.000000622074807, Fidelity: 0.999999377925193, 100, 1.00
2024-04-14 17:19:45 num2, D1, Repeat: 13, Loss: 0.000000054739870, Fidelity: 0.999999945260130, 150, 1.63
2024-04-14 17:19:45 num2, D1, Repeat: 13, Loss: 0.000000022952967, Fidelity: 0.999999977047033, 200, 2.15
2024-04-14 17:19:46 num2, D1, Repeat: 13, Loss: 0.000000007330067, Fidelity: 0.999999992669933, 250, 2.66
2024-04-14 17:19:46 num2, D1, Repeat: 13, Loss: 0.000000004328811, Fidelity: 0.999999995671189, 300, 3.17
2024-04-14 17:19:47 num2, D1, Repeat: 13, Loss: 0.000000002286842, Fidelity: 0.999999997713158, 350, 3.70
2024-04-14 17:19:47 num2, D1, Repeat: 13, Loss: 0.000000001662101, Fidelity: 0.999999998337899, 400, 4.22
2024-04-14 17:19:48 num2, D1, Repeat: 13, Loss: 0.000000001498518, Fidelity: 0.999999998501482, 450, 4.75
2024-04-14 17:19:49 num2, D1, Repeat: 13, Loss: 0.000000001476166, Fidelity: 0.999999998523834, 500, 5.31
2024-04-14 17:19:49 num2, D1, Repeat: 13, Loss: 0.000000001475023, Fidelity: 0.999999998524977, 550, 5.96
2024-04-14 17:19:49 Optimal: 1.4735624942474601e-09, Fidelity: 0.99999999852643750575
2024-04-14 17:19:49 Maximum number of iterations has been exceeded.
{'num2': [99, 153, 277, 555, 531, 113, 560, 106, 124, 85, 104, 220, 553]}
{'num2': [1.08, 1.46, 2.99, 6.03, 7.81, 1.13, 6.33, 1.36, 1.53, 0.93, 1.14, 2.28, 5.99]}
{'num2': [1.0, 0.9999999999999994, 0.9999999999999996, 0.9999999996621219, 0.9999999973578686, 0.9999999999999991, 0.9999999605140643, 0.9999999999999992, 0.9999999999999992, 1.0000000000000009, 0.9999999999999994, 0.9999999999701306, 0.9999999985264375]}
2024-04-14 17:19:49 num2, D1, Repeat: 14, Loss: 0.558735725279691, Fidelity: 0.441264274720309, 10, 0.06
2024-04-14 17:19:49 num2, D1, Repeat: 14, Loss: 0.035641973243247, Fidelity: 0.964358026756753, 20, 0.15
2024-04-14 17:19:49 num2, D1, Repeat: 14, Loss: 0.004509245432263, Fidelity: 0.995490754567737, 30, 0.24
2024-04-14 17:19:50 num2, D1, Repeat: 14, Loss: 0.000630373269265, Fidelity: 0.999369626730735, 40, 0.38
2024-04-14 17:19:50 num2, D1, Repeat: 14, Loss: 0.000220049049180, Fidelity: 0.999779950950820, 50, 0.49
2024-04-14 17:19:50 num2, D1, Repeat: 14, Loss: 0.000002135365414, Fidelity: 0.999997864634586, 100, 1.11
2024-04-14 17:19:51 num2, D1, Repeat: 14, Loss: 0.000000107303180, Fidelity: 0.999999892696820, 150, 1.63
2024-04-14 17:19:51 Optimal: 4.440892098500626e-16, Fidelity: 0.99999999999999955591
2024-04-14 17:19:51 `callback` raised `StopIteration`.
{'num2': [99, 153, 277, 555, 531, 113, 560, 106, 124, 85, 104, 220, 553, 187]}
{'num2': [1.08, 1.46, 2.99, 6.03, 7.81, 1.13, 6.33, 1.36, 1.53, 0.93, 1.14, 2.28, 5.99, 2.03]}
{'num2': [1.0, 0.9999999999999994, 0.9999999999999996, 0.9999999996621219, 0.9999999973578686, 0.9999999999999991, 0.9999999605140643, 0.9999999999999992, 0.9999999999999992, 1.0000000000000009, 0.9999999999999994, 0.9999999999701306, 0.9999999985264375, 0.9999999999999996]}
2024-04-14 17:19:51 num2, D1, Repeat: 15, Loss: 0.885222052062986, Fidelity: 0.114777947937014, 10, 0.06
2024-04-14 17:19:51 num2, D1, Repeat: 15, Loss: 0.109645740295464, Fidelity: 0.890354259704536, 20, 0.15
2024-04-14 17:19:51 num2, D1, Repeat: 15, Loss: 0.006916637419451, Fidelity: 0.993083362580549, 30, 0.25
2024-04-14 17:19:52 num2, D1, Repeat: 15, Loss: 0.000813754527460, Fidelity: 0.999186245472540, 40, 0.36
2024-04-14 17:19:52 num2, D1, Repeat: 15, Loss: 0.000284119097960, Fidelity: 0.999715880902040, 50, 0.46
2024-04-14 17:19:52 num2, D1, Repeat: 15, Loss: 0.000009108258612, Fidelity: 0.999990891741388, 100, 1.08
2024-04-14 17:19:53 num2, D1, Repeat: 15, Loss: 0.000001864988783, Fidelity: 0.999998135011217, 150, 1.71
2024-04-14 17:19:53 num2, D1, Repeat: 15, Loss: 0.000000765665184, Fidelity: 0.999999234334816, 200, 2.26
2024-04-14 17:19:54 num2, D1, Repeat: 15, Loss: 0.000000023194807, Fidelity: 0.999999976805193, 250, 2.75
2024-04-14 17:19:55 num2, D1, Repeat: 15, Loss: 0.000000004101801, Fidelity: 0.999999995898199, 300, 3.35
2024-04-14 17:19:55 num2, D1, Repeat: 15, Loss: 0.000000001243497, Fidelity: 0.999999998756503, 350, 3.89
2024-04-14 17:19:56 num2, D1, Repeat: 15, Loss: 0.000000000423834, Fidelity: 0.999999999576166, 400, 4.38
2024-04-14 17:19:56 num2, D1, Repeat: 15, Loss: 0.000000000170168, Fidelity: 0.999999999829832, 450, 4.88
2024-04-14 17:19:57 num2, D1, Repeat: 15, Loss: 0.000000000072438, Fidelity: 0.999999999927562, 500, 5.40
2024-04-14 17:19:57 Optimal: 3.5267455622545185e-11, Fidelity: 0.99999999996473254438
2024-04-14 17:19:57 Maximum number of iterations has been exceeded.
{'num2': [99, 153, 277, 555, 531, 113, 560, 106, 124, 85, 104, 220, 553, 187, 545]}
{'num2': [1.08, 1.46, 2.99, 6.03, 7.81, 1.13, 6.33, 1.36, 1.53, 0.93, 1.14, 2.28, 5.99, 2.03, 5.93]}
{'num2': [1.0, 0.9999999999999994, 0.9999999999999996, 0.9999999996621219, 0.9999999973578686, 0.9999999999999991, 0.9999999605140643, 0.9999999999999992, 0.9999999999999992, 1.0000000000000009, 0.9999999999999994, 0.9999999999701306, 0.9999999985264375, 0.9999999999999996, 0.9999999999647325]}
2024-04-14 17:19:57 num2, D1, Repeat: 16, Loss: 0.216205662421850, Fidelity: 0.783794337578150, 10, 0.07
2024-04-14 17:19:57 num2, D1, Repeat: 16, Loss: 0.010034400799328, Fidelity: 0.989965599200672, 20, 0.17
2024-04-14 17:19:57 num2, D1, Repeat: 16, Loss: 0.002049500912697, Fidelity: 0.997950499087303, 30, 0.26
2024-04-14 17:19:58 num2, D1, Repeat: 16, Loss: 0.000248575319466, Fidelity: 0.999751424680534, 40, 0.37
2024-04-14 17:19:58 num2, D1, Repeat: 16, Loss: 0.000060539468729, Fidelity: 0.999939460531271, 50, 0.48
2024-04-14 17:19:58 num2, D1, Repeat: 16, Loss: 0.000000293782860, Fidelity: 0.999999706217140, 100, 1.00
2024-04-14 17:19:59 Optimal: -1.3322676295501878e-15, Fidelity: 1.00000000000000133227
2024-04-14 17:19:59 `callback` raised `StopIteration`.
{'num2': [99, 153, 277, 555, 531, 113, 560, 106, 124, 85, 104, 220, 553, 187, 545, 135]}
{'num2': [1.08, 1.46, 2.99, 6.03, 7.81, 1.13, 6.33, 1.36, 1.53, 0.93, 1.14, 2.28, 5.99, 2.03, 5.93, 1.36]}
{'num2': [1.0, 0.9999999999999994, 0.9999999999999996, 0.9999999996621219, 0.9999999973578686, 0.9999999999999991, 0.9999999605140643, 0.9999999999999992, 0.9999999999999992, 1.0000000000000009, 0.9999999999999994, 0.9999999999701306, 0.9999999985264375, 0.9999999999999996, 0.9999999999647325, 1.0000000000000013]}
2024-04-14 17:19:59 num2, D1, Repeat: 17, Loss: 0.933515353710719, Fidelity: 0.066484646289281, 10, 0.05
2024-04-14 17:19:59 num2, D1, Repeat: 17, Loss: 0.409077884078039, Fidelity: 0.590922115921961, 20, 0.11
2024-04-14 17:19:59 num2, D1, Repeat: 17, Loss: 0.024444477977687, Fidelity: 0.975555522022313, 30, 0.20
2024-04-14 17:19:59 num2, D1, Repeat: 17, Loss: 0.002965957414676, Fidelity: 0.997034042585324, 40, 0.27
2024-04-14 17:19:59 num2, D1, Repeat: 17, Loss: 0.000653607133968, Fidelity: 0.999346392866032, 50, 0.39
2024-04-14 17:19:59 num2, D1, Repeat: 17, Loss: 0.000013372964358, Fidelity: 0.999986627035642, 100, 0.94
2024-04-14 17:20:00 num2, D1, Repeat: 17, Loss: 0.000000307664430, Fidelity: 0.999999692335570, 150, 1.51
2024-04-14 17:20:01 num2, D1, Repeat: 17, Loss: 0.000000078908198, Fidelity: 0.999999921091802, 200, 2.10
2024-04-14 17:20:01 num2, D1, Repeat: 17, Loss: 0.000000035404458, Fidelity: 0.999999964595542, 250, 2.64
2024-04-14 17:20:02 num2, D1, Repeat: 17, Loss: 0.000000016504483, Fidelity: 0.999999983495517, 300, 3.30
2024-04-14 17:20:02 num2, D1, Repeat: 17, Loss: 0.000000006222598, Fidelity: 0.999999993777402, 350, 3.89
2024-04-14 17:20:03 num2, D1, Repeat: 17, Loss: 0.000000001405239, Fidelity: 0.999999998594761, 400, 4.50
2024-04-14 17:20:04 num2, D1, Repeat: 17, Loss: 0.000000000068432, Fidelity: 0.999999999931568, 450, 5.09
2024-04-14 17:20:04 Optimal: 2.220446049250313e-16, Fidelity: 0.99999999999999977796
2024-04-14 17:20:04 `callback` raised `StopIteration`.
{'num2': [99, 153, 277, 555, 531, 113, 560, 106, 124, 85, 104, 220, 553, 187, 545, 135, 490]}
{'num2': [1.08, 1.46, 2.99, 6.03, 7.81, 1.13, 6.33, 1.36, 1.53, 0.93, 1.14, 2.28, 5.99, 2.03, 5.93, 1.36, 5.58]}
{'num2': [1.0, 0.9999999999999994, 0.9999999999999996, 0.9999999996621219, 0.9999999973578686, 0.9999999999999991, 0.9999999605140643, 0.9999999999999992, 0.9999999999999992, 1.0000000000000009, 0.9999999999999994, 0.9999999999701306, 0.9999999985264375, 0.9999999999999996, 0.9999999999647325, 1.0000000000000013, 0.9999999999999998]}
2024-04-14 17:20:04 num2, D1, Repeat: 18, Loss: 0.992737962942553, Fidelity: 0.007262037057447, 10, 0.06
2024-04-14 17:20:04 num2, D1, Repeat: 18, Loss: 0.174013063272279, Fidelity: 0.825986936727721, 20, 0.16
2024-04-14 17:20:04 num2, D1, Repeat: 18, Loss: 0.011138830041136, Fidelity: 0.988861169958864, 30, 0.27
2024-04-14 17:20:05 num2, D1, Repeat: 18, Loss: 0.002927800210104, Fidelity: 0.997072199789896, 40, 0.45
2024-04-14 17:20:05 num2, D1, Repeat: 18, Loss: 0.000488492499782, Fidelity: 0.999511507500218, 50, 0.61
2024-04-14 17:20:06 num2, D1, Repeat: 18, Loss: 0.000011296422921, Fidelity: 0.999988703577079, 100, 1.61
2024-04-14 17:20:06 num2, D1, Repeat: 18, Loss: 0.000000438287378, Fidelity: 0.999999561712622, 150, 2.23
2024-04-14 17:20:07 num2, D1, Repeat: 18, Loss: 0.000000106965703, Fidelity: 0.999999893034297, 200, 3.01
2024-04-14 17:20:08 num2, D1, Repeat: 18, Loss: 0.000000052089321, Fidelity: 0.999999947910679, 250, 3.56
2024-04-14 17:20:08 num2, D1, Repeat: 18, Loss: 0.000000049344594, Fidelity: 0.999999950655406, 300, 4.32
2024-04-14 17:20:09 num2, D1, Repeat: 18, Loss: 0.000000035923303, Fidelity: 0.999999964076697, 350, 5.06
2024-04-14 17:20:10 num2, D1, Repeat: 18, Loss: 0.000000028279609, Fidelity: 0.999999971720391, 400, 5.77
2024-04-14 17:20:11 num2, D1, Repeat: 18, Loss: 0.000000027536258, Fidelity: 0.999999972463742, 450, 6.61
2024-04-14 17:20:11 num2, D1, Repeat: 18, Loss: 0.000000025515239, Fidelity: 0.999999974484761, 500, 7.22
2024-04-14 17:20:12 num2, D1, Repeat: 18, Loss: 0.000000024800600, Fidelity: 0.999999975199400, 550, 7.86
2024-04-14 17:20:12 Optimal: 2.4703005752080287e-08, Fidelity: 0.99999997529699424792
2024-04-14 17:20:12 Maximum number of iterations has been exceeded.
{'num2': [99, 153, 277, 555, 531, 113, 560, 106, 124, 85, 104, 220, 553, 187, 545, 135, 490, 563]}
{'num2': [1.08, 1.46, 2.99, 6.03, 7.81, 1.13, 6.33, 1.36, 1.53, 0.93, 1.14, 2.28, 5.99, 2.03, 5.93, 1.36, 5.58, 8.04]}
{'num2': [1.0, 0.9999999999999994, 0.9999999999999996, 0.9999999996621219, 0.9999999973578686, 0.9999999999999991, 0.9999999605140643, 0.9999999999999992, 0.9999999999999992, 1.0000000000000009, 0.9999999999999994, 0.9999999999701306, 0.9999999985264375, 0.9999999999999996, 0.9999999999647325, 1.0000000000000013, 0.9999999999999998, 0.9999999752969942]}
2024-04-14 17:20:12 num2, D1, Repeat: 19, Loss: 0.554392608699912, Fidelity: 0.445607391300088, 10, 0.06
2024-04-14 17:20:12 num2, D1, Repeat: 19, Loss: 0.029800493875332, Fidelity: 0.970199506124668, 20, 0.17
2024-04-14 17:20:12 num2, D1, Repeat: 19, Loss: 0.004447698719622, Fidelity: 0.995552301280378, 30, 0.32
2024-04-14 17:20:13 num2, D1, Repeat: 19, Loss: 0.000490803353145, Fidelity: 0.999509196646855, 40, 0.45
2024-04-14 17:20:13 num2, D1, Repeat: 19, Loss: 0.000013876560701, Fidelity: 0.999986123439299, 50, 0.58
2024-04-14 17:20:13 num2, D1, Repeat: 19, Loss: 0.000000384282716, Fidelity: 0.999999615717284, 100, 1.22
2024-04-14 17:20:14 num2, D1, Repeat: 19, Loss: 0.000000076767457, Fidelity: 0.999999923232543, 150, 1.86
2024-04-14 17:20:15 num2, D1, Repeat: 19, Loss: 0.000000055554101, Fidelity: 0.999999944445899, 200, 2.47
2024-04-14 17:20:15 num2, D1, Repeat: 19, Loss: 0.000000011579471, Fidelity: 0.999999988420529, 250, 3.12
2024-04-14 17:20:16 num2, D1, Repeat: 19, Loss: 0.000000004328816, Fidelity: 0.999999995671184, 300, 3.70
2024-04-14 17:20:16 num2, D1, Repeat: 19, Loss: 0.000000001475006, Fidelity: 0.999999998524994, 350, 4.29
2024-04-14 17:20:17 num2, D1, Repeat: 19, Loss: 0.000000000211220, Fidelity: 0.999999999788780, 400, 4.86
2024-04-14 17:20:18 num2, D1, Repeat: 19, Loss: 0.000000000000047, Fidelity: 0.999999999999953, 450, 5.47
2024-04-14 17:20:18 Optimal: 6.661338147750939e-16, Fidelity: 0.99999999999999933387
2024-04-14 17:20:18 `callback` raised `StopIteration`.
{'num2': [99, 153, 277, 555, 531, 113, 560, 106, 124, 85, 104, 220, 553, 187, 545, 135, 490, 563, 457]}
{'num2': [1.08, 1.46, 2.99, 6.03, 7.81, 1.13, 6.33, 1.36, 1.53, 0.93, 1.14, 2.28, 5.99, 2.03, 5.93, 1.36, 5.58, 8.04, 5.55]}
{'num2': [1.0, 0.9999999999999994, 0.9999999999999996, 0.9999999996621219, 0.9999999973578686, 0.9999999999999991, 0.9999999605140643, 0.9999999999999992, 0.9999999999999992, 1.0000000000000009, 0.9999999999999994, 0.9999999999701306, 0.9999999985264375, 0.9999999999999996, 0.9999999999647325, 1.0000000000000013, 0.9999999999999998, 0.9999999752969942, 0.9999999999999993]}
2024-04-14 17:20:18 num2, D1, Repeat: 20, Loss: 0.552919067678285, Fidelity: 0.447080932321715, 10, 0.07
2024-04-14 17:20:18 num2, D1, Repeat: 20, Loss: 0.031587764497746, Fidelity: 0.968412235502254, 20, 0.18
2024-04-14 17:20:18 num2, D1, Repeat: 20, Loss: 0.006814384828149, Fidelity: 0.993185615171851, 30, 0.28
2024-04-14 17:20:18 num2, D1, Repeat: 20, Loss: 0.000731635732919, Fidelity: 0.999268364267081, 40, 0.43
2024-04-14 17:20:18 num2, D1, Repeat: 20, Loss: 0.000063014885723, Fidelity: 0.999936985114277, 50, 0.56
2024-04-14 17:20:19 num2, D1, Repeat: 20, Loss: 0.000001247853218, Fidelity: 0.999998752146782, 100, 1.18
2024-04-14 17:20:20 num2, D1, Repeat: 20, Loss: 0.000000168466798, Fidelity: 0.999999831533202, 150, 1.84
2024-04-14 17:20:20 num2, D1, Repeat: 20, Loss: 0.000000077957761, Fidelity: 0.999999922042239, 200, 2.46
2024-04-14 17:20:21 num2, D1, Repeat: 20, Loss: 0.000000012621128, Fidelity: 0.999999987378872, 250, 3.06
2024-04-14 17:20:21 num2, D1, Repeat: 20, Loss: 0.000000004545009, Fidelity: 0.999999995454991, 300, 3.67
2024-04-14 17:20:22 num2, D1, Repeat: 20, Loss: 0.000000002593037, Fidelity: 0.999999997406963, 350, 4.25
2024-04-14 17:20:23 num2, D1, Repeat: 20, Loss: 0.000000002253411, Fidelity: 0.999999997746589, 400, 4.83
2024-04-14 17:20:23 num2, D1, Repeat: 20, Loss: 0.000000002207811, Fidelity: 0.999999997792189, 450, 5.41
2024-04-14 17:20:24 num2, D1, Repeat: 20, Loss: 0.000000002191465, Fidelity: 0.999999997808535, 500, 5.98
2024-04-14 17:20:24 num2, D1, Repeat: 20, Loss: 0.000000002167960, Fidelity: 0.999999997832040, 550, 6.55
2024-04-14 17:20:24 Optimal: 2.1578201447880474e-09, Fidelity: 0.99999999784217985521
2024-04-14 17:20:24 Maximum number of iterations has been exceeded.
{'num2': [99, 153, 277, 555, 531, 113, 560, 106, 124, 85, 104, 220, 553, 187, 545, 135, 490, 563, 457, 562]}
{'num2': [1.08, 1.46, 2.99, 6.03, 7.81, 1.13, 6.33, 1.36, 1.53, 0.93, 1.14, 2.28, 5.99, 2.03, 5.93, 1.36, 5.58, 8.04, 5.55, 6.7]}
{'num2': [1.0, 0.9999999999999994, 0.9999999999999996, 0.9999999996621219, 0.9999999973578686, 0.9999999999999991, 0.9999999605140643, 0.9999999999999992, 0.9999999999999992, 1.0000000000000009, 0.9999999999999994, 0.9999999999701306, 0.9999999985264375, 0.9999999999999996, 0.9999999999647325, 1.0000000000000013, 0.9999999999999998, 0.9999999752969942, 0.9999999999999993, 0.9999999978421799]}
2024-04-14 17:20:24 num2 D=1 L=2 finish
