2024-04-14 17:20:38 Number of qubits: 6
2024-04-14 17:20:38 Number of gates: 2216
2024-04-14 17:20:38 Number of params: 408
2024-04-14 17:20:38 Depth of circuit: 1474
2024-04-14 17:20:38 Simulator: mqvector, Method: BFGS
2024-04-14 17:20:38 num3, D1, Repeat: 1, Loss: 0.275460829348723, Fidelity: 0.724539170651277, 10, 0.12
2024-04-14 17:20:38 num3, D1, Repeat: 1, Loss: 0.021024694724482, Fidelity: 0.978975305275518, 20, 0.22
2024-04-14 17:20:38 num3, D1, Repeat: 1, Loss: 0.003349803668274, Fidelity: 0.996650196331726, 30, 0.37
2024-04-14 17:20:38 num3, D1, Repeat: 1, Loss: 0.000733391236628, Fidelity: 0.999266608763372, 40, 0.48
2024-04-14 17:20:39 num3, D1, Repeat: 1, Loss: 0.000240727308573, Fidelity: 0.999759272691427, 50, 0.59
2024-04-14 17:20:39 num3, D1, Repeat: 1, Loss: 0.000011349189856, Fidelity: 0.999988650810144, 100, 1.24
2024-04-14 17:20:40 num3, D1, Repeat: 1, Loss: 0.000000156627430, Fidelity: 0.999999843372570, 150, 1.79
2024-04-14 17:20:40 num3, D1, Repeat: 1, Loss: 0.000000000000074, Fidelity: 0.999999999999926, 200, 2.41
2024-04-14 17:20:40 Optimal: -3.3306690738754696e-15, Fidelity: 1.00000000000000333067
2024-04-14 17:20:40 `callback` raised `StopIteration`.
{'num3': [205]}
{'num3': [2.48]}
{'num3': [1.0000000000000033]}
2024-04-14 17:20:41 num3, D1, Repeat: 2, Loss: 0.777405364226758, Fidelity: 0.222594635773242, 10, 0.05
2024-04-14 17:20:41 num3, D1, Repeat: 2, Loss: 0.062333948897378, Fidelity: 0.937666051102622, 20, 0.15
2024-04-14 17:20:41 num3, D1, Repeat: 2, Loss: 0.002945345552188, Fidelity: 0.997054654447812, 30, 0.25
2024-04-14 17:20:41 num3, D1, Repeat: 2, Loss: 0.000424195163423, Fidelity: 0.999575804836577, 40, 0.36
2024-04-14 17:20:41 num3, D1, Repeat: 2, Loss: 0.000093873073200, Fidelity: 0.999906126926800, 50, 0.46
2024-04-14 17:20:42 num3, D1, Repeat: 2, Loss: 0.000002930613755, Fidelity: 0.999997069386245, 100, 1.04
2024-04-14 17:20:42 num3, D1, Repeat: 2, Loss: 0.000000044908031, Fidelity: 0.999999955091969, 150, 1.61
2024-04-14 17:20:43 num3, D1, Repeat: 2, Loss: 0.000000001973823, Fidelity: 0.999999998026177, 200, 2.34
2024-04-14 17:20:43 Optimal: 1.1102230246251565e-16, Fidelity: 0.99999999999999988898
2024-04-14 17:20:43 `callback` raised `StopIteration`.
{'num3': [205, 214]}
{'num3': [2.48, 2.5]}
{'num3': [1.0000000000000033, 0.9999999999999999]}
2024-04-14 17:20:43 num3, D1, Repeat: 3, Loss: 0.181284602279527, Fidelity: 0.818715397720473, 10, 0.08
2024-04-14 17:20:43 num3, D1, Repeat: 3, Loss: 0.009467040206001, Fidelity: 0.990532959793999, 20, 0.18
2024-04-14 17:20:43 num3, D1, Repeat: 3, Loss: 0.001744210618081, Fidelity: 0.998255789381919, 30, 0.28
2024-04-14 17:20:43 num3, D1, Repeat: 3, Loss: 0.000340499679276, Fidelity: 0.999659500320724, 40, 0.39
2024-04-14 17:20:44 num3, D1, Repeat: 3, Loss: 0.000055524262624, Fidelity: 0.999944475737376, 50, 0.61
2024-04-14 17:20:44 num3, D1, Repeat: 3, Loss: 0.000005565721332, Fidelity: 0.999994434278668, 100, 1.20
2024-04-14 17:20:45 num3, D1, Repeat: 3, Loss: 0.000000077701972, Fidelity: 0.999999922298028, 150, 1.82
2024-04-14 17:20:45 num3, D1, Repeat: 3, Loss: 0.000000001625461, Fidelity: 0.999999998374539, 200, 2.42
2024-04-14 17:20:46 num3, D1, Repeat: 3, Loss: 0.000000001312905, Fidelity: 0.999999998687095, 250, 2.94
2024-04-14 17:20:46 num3, D1, Repeat: 3, Loss: 0.000000001286853, Fidelity: 0.999999998713147, 300, 3.47
2024-04-14 17:20:47 num3, D1, Repeat: 3, Loss: 0.000000001244600, Fidelity: 0.999999998755400, 350, 4.01
2024-04-14 17:20:47 num3, D1, Repeat: 3, Loss: 0.000000001231321, Fidelity: 0.999999998768679, 400, 4.52
2024-04-14 17:20:48 num3, D1, Repeat: 3, Loss: 0.000000001095634, Fidelity: 0.999999998904366, 450, 5.00
2024-04-14 17:20:48 num3, D1, Repeat: 3, Loss: 0.000000000722470, Fidelity: 0.999999999277530, 500, 5.52
2024-04-14 17:20:49 num3, D1, Repeat: 3, Loss: 0.000000000316770, Fidelity: 0.999999999683230, 550, 6.01
2024-04-14 17:20:49 Optimal: 1.8601231666082185e-10, Fidelity: 0.99999999981398768334
2024-04-14 17:20:49 Maximum number of iterations has been exceeded.
{'num3': [205, 214, 576]}
{'num3': [2.48, 2.5, 6.3]}
{'num3': [1.0000000000000033, 0.9999999999999999, 0.9999999998139877]}
2024-04-14 17:20:49 num3, D1, Repeat: 4, Loss: 0.927155626630783, Fidelity: 0.072844373369217, 10, 0.05
2024-04-14 17:20:49 num3, D1, Repeat: 4, Loss: 0.523710289662054, Fidelity: 0.476289710337946, 20, 0.13
2024-04-14 17:20:50 num3, D1, Repeat: 4, Loss: 0.018004983813774, Fidelity: 0.981995016186226, 30, 0.26
2024-04-14 17:20:50 num3, D1, Repeat: 4, Loss: 0.003825179620756, Fidelity: 0.996174820379244, 40, 0.36
2024-04-14 17:20:50 num3, D1, Repeat: 4, Loss: 0.000621431105655, Fidelity: 0.999378568894345, 50, 0.59
2024-04-14 17:20:51 num3, D1, Repeat: 4, Loss: 0.000001523766570, Fidelity: 0.999998476233430, 100, 1.33
2024-04-14 17:20:51 num3, D1, Repeat: 4, Loss: 0.000000005379685, Fidelity: 0.999999994620315, 150, 2.03
2024-04-14 17:20:51 Optimal: 4.440892098500626e-16, Fidelity: 0.99999999999999955591
2024-04-14 17:20:51 `callback` raised `StopIteration`.
{'num3': [205, 214, 576, 167]}
{'num3': [2.48, 2.5, 6.3, 2.23]}
{'num3': [1.0000000000000033, 0.9999999999999999, 0.9999999998139877, 0.9999999999999996]}
2024-04-14 17:20:52 num3, D1, Repeat: 5, Loss: 0.254188387803188, Fidelity: 0.745811612196812, 10, 0.07
2024-04-14 17:20:52 num3, D1, Repeat: 5, Loss: 0.018722398826673, Fidelity: 0.981277601173327, 20, 0.17
2024-04-14 17:20:52 num3, D1, Repeat: 5, Loss: 0.003297682686969, Fidelity: 0.996702317313031, 30, 0.31
2024-04-14 17:20:52 num3, D1, Repeat: 5, Loss: 0.000414655209041, Fidelity: 0.999585344790959, 40, 0.41
2024-04-14 17:20:52 num3, D1, Repeat: 5, Loss: 0.000162067243775, Fidelity: 0.999837932756225, 50, 0.55
2024-04-14 17:20:53 num3, D1, Repeat: 5, Loss: 0.000000617542007, Fidelity: 0.999999382457993, 100, 1.13
2024-04-14 17:20:53 num3, D1, Repeat: 5, Loss: 0.000000058480951, Fidelity: 0.999999941519049, 150, 1.77
2024-04-14 17:20:54 num3, D1, Repeat: 5, Loss: 0.000000000000131, Fidelity: 0.999999999999869, 200, 2.31
2024-04-14 17:20:54 Optimal: 0.0, Fidelity: 1.00000000000000000000
2024-04-14 17:20:54 `callback` raised `StopIteration`.
{'num3': [205, 214, 576, 167, 204]}
{'num3': [2.48, 2.5, 6.3, 2.23, 2.36]}
{'num3': [1.0000000000000033, 0.9999999999999999, 0.9999999998139877, 0.9999999999999996, 1.0]}
2024-04-14 17:20:54 num3, D1, Repeat: 6, Loss: 0.863766193891458, Fidelity: 0.136233806108542, 10, 0.05
2024-04-14 17:20:54 num3, D1, Repeat: 6, Loss: 0.735015857467071, Fidelity: 0.264984142532929, 20, 0.11
2024-04-14 17:20:54 num3, D1, Repeat: 6, Loss: 0.053908421624927, Fidelity: 0.946091578375073, 30, 0.21
2024-04-14 17:20:54 num3, D1, Repeat: 6, Loss: 0.004254976490610, Fidelity: 0.995745023509390, 40, 0.30
2024-04-14 17:20:54 num3, D1, Repeat: 6, Loss: 0.000890293798781, Fidelity: 0.999109706201219, 50, 0.40
2024-04-14 17:20:55 num3, D1, Repeat: 6, Loss: 0.000016988345307, Fidelity: 0.999983011654693, 100, 1.09
2024-04-14 17:20:56 num3, D1, Repeat: 6, Loss: 0.000002973503964, Fidelity: 0.999997026496036, 150, 1.73
2024-04-14 17:20:56 num3, D1, Repeat: 6, Loss: 0.000000679291677, Fidelity: 0.999999320708323, 200, 2.26
2024-04-14 17:20:57 num3, D1, Repeat: 6, Loss: 0.000000169231975, Fidelity: 0.999999830768025, 250, 2.84
2024-04-14 17:20:57 num3, D1, Repeat: 6, Loss: 0.000000016452357, Fidelity: 0.999999983547643, 300, 3.34
2024-04-14 17:20:58 num3, D1, Repeat: 6, Loss: 0.000000000782788, Fidelity: 0.999999999217212, 350, 3.89
2024-04-14 17:20:58 num3, D1, Repeat: 6, Loss: 0.000000000626075, Fidelity: 0.999999999373925, 400, 4.46
2024-04-14 17:20:59 num3, D1, Repeat: 6, Loss: 0.000000000413250, Fidelity: 0.999999999586750, 450, 5.07
2024-04-14 17:21:00 num3, D1, Repeat: 6, Loss: 0.000000000111918, Fidelity: 0.999999999888082, 500, 5.74
2024-04-14 17:21:00 Optimal: 7.0519701189653e-11, Fidelity: 0.99999999992948029881
2024-04-14 17:21:00 Maximum number of iterations has been exceeded.
{'num3': [205, 214, 576, 167, 204, 541]}
{'num3': [2.48, 2.5, 6.3, 2.23, 2.36, 6.18]}
{'num3': [1.0000000000000033, 0.9999999999999999, 0.9999999998139877, 0.9999999999999996, 1.0, 0.9999999999294803]}
2024-04-14 17:21:00 num3, D1, Repeat: 7, Loss: 0.955297274674145, Fidelity: 0.044702725325855, 10, 0.05
2024-04-14 17:21:00 num3, D1, Repeat: 7, Loss: 0.852594805144201, Fidelity: 0.147405194855799, 20, 0.11
2024-04-14 17:21:00 num3, D1, Repeat: 7, Loss: 0.098046355231264, Fidelity: 0.901953644768736, 30, 0.23
2024-04-14 17:21:00 num3, D1, Repeat: 7, Loss: 0.008837113352294, Fidelity: 0.991162886647706, 40, 0.36
2024-04-14 17:21:01 num3, D1, Repeat: 7, Loss: 0.001541628463106, Fidelity: 0.998458371536894, 50, 0.58
2024-04-14 17:21:01 num3, D1, Repeat: 7, Loss: 0.000016919674921, Fidelity: 0.999983080325079, 100, 1.16
2024-04-14 17:21:02 num3, D1, Repeat: 7, Loss: 0.000000909890872, Fidelity: 0.999999090109128, 150, 1.75
2024-04-14 17:21:02 num3, D1, Repeat: 7, Loss: 0.000000044000070, Fidelity: 0.999999955999930, 200, 2.31
2024-04-14 17:21:03 num3, D1, Repeat: 7, Loss: 0.000000015380333, Fidelity: 0.999999984619667, 250, 2.86
2024-04-14 17:21:03 num3, D1, Repeat: 7, Loss: 0.000000000908793, Fidelity: 0.999999999091207, 300, 3.41
2024-04-14 17:21:04 Optimal: 9.992007221626409e-16, Fidelity: 0.99999999999999900080
2024-04-14 17:21:04 `callback` raised `StopIteration`.
{'num3': [205, 214, 576, 167, 204, 541, 319]}
{'num3': [2.48, 2.5, 6.3, 2.23, 2.36, 6.18, 3.61]}
{'num3': [1.0000000000000033, 0.9999999999999999, 0.9999999998139877, 0.9999999999999996, 1.0, 0.9999999999294803, 0.999999999999999]}
2024-04-14 17:21:04 num3, D1, Repeat: 8, Loss: 0.115723304625451, Fidelity: 0.884276695374549, 10, 0.08
2024-04-14 17:21:04 num3, D1, Repeat: 8, Loss: 0.010201773971817, Fidelity: 0.989798226028183, 20, 0.18
2024-04-14 17:21:04 num3, D1, Repeat: 8, Loss: 0.000733163981227, Fidelity: 0.999266836018773, 30, 0.30
2024-04-14 17:21:04 num3, D1, Repeat: 8, Loss: 0.000140957242812, Fidelity: 0.999859042757188, 40, 0.41
2024-04-14 17:21:04 num3, D1, Repeat: 8, Loss: 0.000067701729533, Fidelity: 0.999932298270467, 50, 0.51
2024-04-14 17:21:05 num3, D1, Repeat: 8, Loss: 0.000004222883466, Fidelity: 0.999995777116534, 100, 1.07
2024-04-14 17:21:05 num3, D1, Repeat: 8, Loss: 0.000000730433831, Fidelity: 0.999999269566169, 150, 1.67
2024-04-14 17:21:06 num3, D1, Repeat: 8, Loss: 0.000000423390537, Fidelity: 0.999999576609463, 200, 2.22
2024-04-14 17:21:06 num3, D1, Repeat: 8, Loss: 0.000000249665674, Fidelity: 0.999999750334326, 250, 2.72
2024-04-14 17:21:07 num3, D1, Repeat: 8, Loss: 0.000000141890073, Fidelity: 0.999999858109927, 300, 3.38
2024-04-14 17:21:08 num3, D1, Repeat: 8, Loss: 0.000000059928549, Fidelity: 0.999999940071451, 350, 3.91
2024-04-14 17:21:08 num3, D1, Repeat: 8, Loss: 0.000000034341733, Fidelity: 0.999999965658267, 400, 4.42
2024-04-14 17:21:09 num3, D1, Repeat: 8, Loss: 0.000000025045813, Fidelity: 0.999999974954187, 450, 4.95
2024-04-14 17:21:09 num3, D1, Repeat: 8, Loss: 0.000000023286905, Fidelity: 0.999999976713095, 500, 5.54
2024-04-14 17:21:10 Optimal: 1.9966675646188037e-08, Fidelity: 0.99999998003332435381
2024-04-14 17:21:10 Maximum number of iterations has been exceeded.
{'num3': [205, 214, 576, 167, 204, 541, 319, 542]}
{'num3': [2.48, 2.5, 6.3, 2.23, 2.36, 6.18, 3.61, 6.1]}
{'num3': [1.0000000000000033, 0.9999999999999999, 0.9999999998139877, 0.9999999999999996, 1.0, 0.9999999999294803, 0.999999999999999, 0.9999999800333244]}
2024-04-14 17:21:10 num3, D1, Repeat: 9, Loss: 0.133962280173442, Fidelity: 0.866037719826558, 10, 0.09
2024-04-14 17:21:10 num3, D1, Repeat: 9, Loss: 0.007317687493364, Fidelity: 0.992682312506636, 20, 0.19
2024-04-14 17:21:10 num3, D1, Repeat: 9, Loss: 0.001978052814381, Fidelity: 0.998021947185619, 30, 0.29
2024-04-14 17:21:10 num3, D1, Repeat: 9, Loss: 0.000167713758899, Fidelity: 0.999832286241101, 40, 0.41
2024-04-14 17:21:10 num3, D1, Repeat: 9, Loss: 0.000092705823990, Fidelity: 0.999907294176010, 50, 0.53
2024-04-14 17:21:11 num3, D1, Repeat: 9, Loss: 0.000009373285872, Fidelity: 0.999990626714128, 100, 1.13
2024-04-14 17:21:12 num3, D1, Repeat: 9, Loss: 0.000000985769858, Fidelity: 0.999999014230142, 150, 1.75
2024-04-14 17:21:12 num3, D1, Repeat: 9, Loss: 0.000000066770745, Fidelity: 0.999999933229255, 200, 2.31
2024-04-14 17:21:13 num3, D1, Repeat: 9, Loss: 0.000000005778714, Fidelity: 0.999999994221286, 250, 2.87
2024-04-14 17:21:13 num3, D1, Repeat: 9, Loss: 0.000000002933697, Fidelity: 0.999999997066303, 300, 3.44
2024-04-14 17:21:14 num3, D1, Repeat: 9, Loss: 0.000000000132914, Fidelity: 0.999999999867086, 350, 4.04
2024-04-14 17:21:14 num3, D1, Repeat: 9, Loss: 0.000000000060595, Fidelity: 0.999999999939405, 400, 4.55
2024-04-14 17:21:15 num3, D1, Repeat: 9, Loss: 0.000000000013752, Fidelity: 0.999999999986248, 450, 5.09
2024-04-14 17:21:15 num3, D1, Repeat: 9, Loss: 0.000000000000151, Fidelity: 0.999999999999849, 500, 5.61
2024-04-14 17:21:16 Optimal: -1.1102230246251565e-15, Fidelity: 1.00000000000000111022
2024-04-14 17:21:16 `callback` raised `StopIteration`.
{'num3': [205, 214, 576, 167, 204, 541, 319, 542, 515]}
{'num3': [2.48, 2.5, 6.3, 2.23, 2.36, 6.18, 3.61, 6.1, 5.79]}
{'num3': [1.0000000000000033, 0.9999999999999999, 0.9999999998139877, 0.9999999999999996, 1.0, 0.9999999999294803, 0.999999999999999, 0.9999999800333244, 1.000000000000001]}
2024-04-14 17:21:16 num3, D1, Repeat: 10, Loss: 0.313604258525162, Fidelity: 0.686395741474838, 10, 0.08
2024-04-14 17:21:16 num3, D1, Repeat: 10, Loss: 0.021688013475308, Fidelity: 0.978311986524692, 20, 0.18
2024-04-14 17:21:16 num3, D1, Repeat: 10, Loss: 0.002906726050644, Fidelity: 0.997093273949356, 30, 0.28
2024-04-14 17:21:16 num3, D1, Repeat: 10, Loss: 0.000748645919259, Fidelity: 0.999251354080741, 40, 0.40
2024-04-14 17:21:16 num3, D1, Repeat: 10, Loss: 0.000153617184144, Fidelity: 0.999846382815856, 50, 0.50
2024-04-14 17:21:17 num3, D1, Repeat: 10, Loss: 0.000005295946972, Fidelity: 0.999994704053028, 100, 1.06
2024-04-14 17:21:17 num3, D1, Repeat: 10, Loss: 0.000001389866797, Fidelity: 0.999998610133203, 150, 1.62
2024-04-14 17:21:18 num3, D1, Repeat: 10, Loss: 0.000000237961077, Fidelity: 0.999999762038923, 200, 2.18
2024-04-14 17:21:18 num3, D1, Repeat: 10, Loss: 0.000000116456495, Fidelity: 0.999999883543505, 250, 2.71
2024-04-14 17:21:19 num3, D1, Repeat: 10, Loss: 0.000000040969502, Fidelity: 0.999999959030498, 300, 3.26
2024-04-14 17:21:19 num3, D1, Repeat: 10, Loss: 0.000000026951193, Fidelity: 0.999999973048807, 350, 3.78
2024-04-14 17:21:20 num3, D1, Repeat: 10, Loss: 0.000000015034471, Fidelity: 0.999999984965529, 400, 4.31
2024-04-14 17:21:20 num3, D1, Repeat: 10, Loss: 0.000000003213733, Fidelity: 0.999999996786267, 450, 4.81
2024-04-14 17:21:21 num3, D1, Repeat: 10, Loss: 0.000000002237853, Fidelity: 0.999999997762147, 500, 5.34
2024-04-14 17:21:21 Optimal: 2.2218198392209842e-09, Fidelity: 0.99999999777818016078
2024-04-14 17:21:21 Maximum number of iterations has been exceeded.
{'num3': [205, 214, 576, 167, 204, 541, 319, 542, 515, 523]}
{'num3': [2.48, 2.5, 6.3, 2.23, 2.36, 6.18, 3.61, 6.1, 5.79, 5.6]}
{'num3': [1.0000000000000033, 0.9999999999999999, 0.9999999998139877, 0.9999999999999996, 1.0, 0.9999999999294803, 0.999999999999999, 0.9999999800333244, 1.000000000000001, 0.9999999977781802]}
2024-04-14 17:21:21 num3, D1, Repeat: 11, Loss: 0.418415539404738, Fidelity: 0.581584460595262, 10, 0.06
2024-04-14 17:21:21 num3, D1, Repeat: 11, Loss: 0.018354413834686, Fidelity: 0.981645586165314, 20, 0.17
2024-04-14 17:21:21 num3, D1, Repeat: 11, Loss: 0.003226183294934, Fidelity: 0.996773816705066, 30, 0.26
2024-04-14 17:21:22 num3, D1, Repeat: 11, Loss: 0.000248880542052, Fidelity: 0.999751119457948, 40, 0.38
2024-04-14 17:21:22 num3, D1, Repeat: 11, Loss: 0.000004351053016, Fidelity: 0.999995648946984, 50, 0.48
2024-04-14 17:21:22 Optimal: 4.440892098500626e-16, Fidelity: 0.99999999999999955591
2024-04-14 17:21:22 `callback` raised `StopIteration`.
{'num3': [205, 214, 576, 167, 204, 541, 319, 542, 515, 523, 90]}
{'num3': [2.48, 2.5, 6.3, 2.23, 2.36, 6.18, 3.61, 6.1, 5.79, 5.6, 0.92]}
{'num3': [1.0000000000000033, 0.9999999999999999, 0.9999999998139877, 0.9999999999999996, 1.0, 0.9999999999294803, 0.999999999999999, 0.9999999800333244, 1.000000000000001, 0.9999999977781802, 0.9999999999999996]}
2024-04-14 17:21:22 num3, D1, Repeat: 12, Loss: 0.699889357966829, Fidelity: 0.300110642033171, 10, 0.07
2024-04-14 17:21:22 num3, D1, Repeat: 12, Loss: 0.032337461615010, Fidelity: 0.967662538384990, 20, 0.18
2024-04-14 17:21:22 num3, D1, Repeat: 12, Loss: 0.004539680802906, Fidelity: 0.995460319197094, 30, 0.28
2024-04-14 17:21:22 num3, D1, Repeat: 12, Loss: 0.000720594605847, Fidelity: 0.999279405394153, 40, 0.40
2024-04-14 17:21:23 num3, D1, Repeat: 12, Loss: 0.000171818954545, Fidelity: 0.999828181045455, 50, 0.51
2024-04-14 17:21:23 num3, D1, Repeat: 12, Loss: 0.000002482828216, Fidelity: 0.999997517171784, 100, 1.06
2024-04-14 17:21:24 num3, D1, Repeat: 12, Loss: 0.000000133717750, Fidelity: 0.999999866282250, 150, 1.58
2024-04-14 17:21:24 num3, D1, Repeat: 12, Loss: 0.000000000061172, Fidelity: 0.999999999938828, 200, 2.12
2024-04-14 17:21:24 Optimal: 0.0, Fidelity: 1.00000000000000000000
2024-04-14 17:21:24 `callback` raised `StopIteration`.
{'num3': [205, 214, 576, 167, 204, 541, 319, 542, 515, 523, 90, 203]}
{'num3': [2.48, 2.5, 6.3, 2.23, 2.36, 6.18, 3.61, 6.1, 5.79, 5.6, 0.92, 2.15]}
{'num3': [1.0000000000000033, 0.9999999999999999, 0.9999999998139877, 0.9999999999999996, 1.0, 0.9999999999294803, 0.999999999999999, 0.9999999800333244, 1.000000000000001, 0.9999999977781802, 0.9999999999999996, 1.0]}
2024-04-14 17:21:24 num3, D1, Repeat: 13, Loss: 0.902684866821772, Fidelity: 0.097315133178228, 10, 0.06
2024-04-14 17:21:24 num3, D1, Repeat: 13, Loss: 0.136154447087094, Fidelity: 0.863845552912906, 20, 0.15
2024-04-14 17:21:24 num3, D1, Repeat: 13, Loss: 0.008817652209735, Fidelity: 0.991182347790265, 30, 0.25
2024-04-14 17:21:25 num3, D1, Repeat: 13, Loss: 0.000943241850104, Fidelity: 0.999056758149896, 40, 0.35
2024-04-14 17:21:25 num3, D1, Repeat: 13, Loss: 0.000040275155125, Fidelity: 0.999959724844875, 50, 0.47
2024-04-14 17:21:25 num3, D1, Repeat: 13, Loss: 0.000000040465666, Fidelity: 0.999999959534334, 100, 1.00
2024-04-14 17:21:26 num3, D1, Repeat: 13, Loss: 0.000000001534544, Fidelity: 0.999999998465456, 150, 1.52
2024-04-14 17:21:26 Optimal: -6.661338147750939e-16, Fidelity: 1.00000000000000066613
2024-04-14 17:21:26 `callback` raised `StopIteration`.
{'num3': [205, 214, 576, 167, 204, 541, 319, 542, 515, 523, 90, 203, 189]}
{'num3': [2.48, 2.5, 6.3, 2.23, 2.36, 6.18, 3.61, 6.1, 5.79, 5.6, 0.92, 2.15, 1.93]}
{'num3': [1.0000000000000033, 0.9999999999999999, 0.9999999998139877, 0.9999999999999996, 1.0, 0.9999999999294803, 0.999999999999999, 0.9999999800333244, 1.000000000000001, 0.9999999977781802, 0.9999999999999996, 1.0, 1.0000000000000007]}
2024-04-14 17:21:26 num3, D1, Repeat: 14, Loss: 0.642344019213510, Fidelity: 0.357655980786490, 10, 0.06
2024-04-14 17:21:26 num3, D1, Repeat: 14, Loss: 0.056679789360213, Fidelity: 0.943320210639787, 20, 0.15
2024-04-14 17:21:26 num3, D1, Repeat: 14, Loss: 0.004601804821394, Fidelity: 0.995398195178606, 30, 0.25
2024-04-14 17:21:27 num3, D1, Repeat: 14, Loss: 0.000513441441853, Fidelity: 0.999486558558147, 40, 0.37
2024-04-14 17:21:27 num3, D1, Repeat: 14, Loss: 0.000059772327675, Fidelity: 0.999940227672325, 50, 0.48
2024-04-14 17:21:27 num3, D1, Repeat: 14, Loss: 0.000005122320940, Fidelity: 0.999994877679060, 100, 1.12
2024-04-14 17:21:28 num3, D1, Repeat: 14, Loss: 0.000000190793826, Fidelity: 0.999999809206174, 150, 1.72
2024-04-14 17:21:28 num3, D1, Repeat: 14, Loss: 0.000000003744941, Fidelity: 0.999999996255059, 200, 2.23
2024-04-14 17:21:29 num3, D1, Repeat: 14, Loss: 0.000000000809244, Fidelity: 0.999999999190756, 250, 2.76
2024-04-14 17:21:29 num3, D1, Repeat: 14, Loss: 0.000000000122466, Fidelity: 0.999999999877534, 300, 3.25
2024-04-14 17:21:30 num3, D1, Repeat: 14, Loss: 0.000000000069444, Fidelity: 0.999999999930556, 350, 3.75
2024-04-14 17:21:30 num3, D1, Repeat: 14, Loss: 0.000000000044589, Fidelity: 0.999999999955411, 400, 4.20
2024-04-14 17:21:31 num3, D1, Repeat: 14, Loss: 0.000000000030859, Fidelity: 0.999999999969141, 450, 4.72
2024-04-14 17:21:31 num3, D1, Repeat: 14, Loss: 0.000000000000154, Fidelity: 0.999999999999846, 500, 5.24
2024-04-14 17:21:32 Optimal: 1.488809076022335e-13, Fidelity: 0.99999999999985111909
2024-04-14 17:21:32 Desired error not necessarily achieved due to precision loss.
{'num3': [205, 214, 576, 167, 204, 541, 319, 542, 515, 523, 90, 203, 189, 532]}
{'num3': [2.48, 2.5, 6.3, 2.23, 2.36, 6.18, 3.61, 6.1, 5.79, 5.6, 0.92, 2.15, 1.93, 5.38]}
{'num3': [1.0000000000000033, 0.9999999999999999, 0.9999999998139877, 0.9999999999999996, 1.0, 0.9999999999294803, 0.999999999999999, 0.9999999800333244, 1.000000000000001, 0.9999999977781802, 0.9999999999999996, 1.0, 1.0000000000000007, 0.9999999999998511]}
2024-04-14 17:21:32 num3, D1, Repeat: 15, Loss: 0.308368585127273, Fidelity: 0.691631414872727, 10, 0.06
2024-04-14 17:21:32 num3, D1, Repeat: 15, Loss: 0.007766924719584, Fidelity: 0.992233075280416, 20, 0.16
2024-04-14 17:21:32 num3, D1, Repeat: 15, Loss: 0.000525681392827, Fidelity: 0.999474318607173, 30, 0.26
2024-04-14 17:21:32 num3, D1, Repeat: 15, Loss: 0.000051895825483, Fidelity: 0.999948104174517, 40, 0.36
2024-04-14 17:21:32 num3, D1, Repeat: 15, Loss: 0.000012509502909, Fidelity: 0.999987490497091, 50, 0.47
2024-04-14 17:21:32 Optimal: -2.220446049250313e-16, Fidelity: 1.00000000000000022204
2024-04-14 17:21:32 `callback` raised `StopIteration`.
{'num3': [205, 214, 576, 167, 204, 541, 319, 542, 515, 523, 90, 203, 189, 532, 95]}
{'num3': [2.48, 2.5, 6.3, 2.23, 2.36, 6.18, 3.61, 6.1, 5.79, 5.6, 0.92, 2.15, 1.93, 5.38, 0.94]}
{'num3': [1.0000000000000033, 0.9999999999999999, 0.9999999998139877, 0.9999999999999996, 1.0, 0.9999999999294803, 0.999999999999999, 0.9999999800333244, 1.000000000000001, 0.9999999977781802, 0.9999999999999996, 1.0, 1.0000000000000007, 0.9999999999998511, 1.0000000000000002]}
2024-04-14 17:21:33 num3, D1, Repeat: 16, Loss: 0.783349980131490, Fidelity: 0.216650019868510, 10, 0.07
2024-04-14 17:21:33 num3, D1, Repeat: 16, Loss: 0.060283932555009, Fidelity: 0.939716067444991, 20, 0.15
2024-04-14 17:21:33 num3, D1, Repeat: 16, Loss: 0.008278698308227, Fidelity: 0.991721301691773, 30, 0.24
2024-04-14 17:21:33 num3, D1, Repeat: 16, Loss: 0.001258648598221, Fidelity: 0.998741351401779, 40, 0.36
2024-04-14 17:21:33 num3, D1, Repeat: 16, Loss: 0.000302664791651, Fidelity: 0.999697335208349, 50, 0.47
2024-04-14 17:21:34 num3, D1, Repeat: 16, Loss: 0.000005464842302, Fidelity: 0.999994535157698, 100, 1.01
2024-04-14 17:21:34 num3, D1, Repeat: 16, Loss: 0.000000221673153, Fidelity: 0.999999778326847, 150, 1.54
2024-04-14 17:21:35 num3, D1, Repeat: 16, Loss: 0.000000000031422, Fidelity: 0.999999999968578, 200, 2.09
2024-04-14 17:21:35 Optimal: -1.5543122344752192e-15, Fidelity: 1.00000000000000155431
2024-04-14 17:21:35 `callback` raised `StopIteration`.
{'num3': [205, 214, 576, 167, 204, 541, 319, 542, 515, 523, 90, 203, 189, 532, 95, 206]}
{'num3': [2.48, 2.5, 6.3, 2.23, 2.36, 6.18, 3.61, 6.1, 5.79, 5.6, 0.92, 2.15, 1.93, 5.38, 0.94, 2.15]}
{'num3': [1.0000000000000033, 0.9999999999999999, 0.9999999998139877, 0.9999999999999996, 1.0, 0.9999999999294803, 0.999999999999999, 0.9999999800333244, 1.000000000000001, 0.9999999977781802, 0.9999999999999996, 1.0, 1.0000000000000007, 0.9999999999998511, 1.0000000000000002, 1.0000000000000016]}
2024-04-14 17:21:35 num3, D1, Repeat: 17, Loss: 0.921960159173998, Fidelity: 0.078039840826002, 10, 0.05
2024-04-14 17:21:35 num3, D1, Repeat: 17, Loss: 0.081404218748581, Fidelity: 0.918595781251419, 20, 0.14
2024-04-14 17:21:35 num3, D1, Repeat: 17, Loss: 0.012774454341894, Fidelity: 0.987225545658106, 30, 0.24
2024-04-14 17:21:35 num3, D1, Repeat: 17, Loss: 0.000949036856955, Fidelity: 0.999050963143045, 40, 0.35
2024-04-14 17:21:35 num3, D1, Repeat: 17, Loss: 0.000142310844438, Fidelity: 0.999857689155562, 50, 0.46
2024-04-14 17:21:36 num3, D1, Repeat: 17, Loss: 0.000000911930974, Fidelity: 0.999999088069026, 100, 1.12
2024-04-14 17:21:36 num3, D1, Repeat: 17, Loss: -0.000000000000000, Fidelity: 1.000000000000000, 150, 1.71
2024-04-14 17:21:36 Optimal: -2.220446049250313e-16, Fidelity: 1.00000000000000022204
2024-04-14 17:21:36 `callback` raised `StopIteration`.
{'num3': [205, 214, 576, 167, 204, 541, 319, 542, 515, 523, 90, 203, 189, 532, 95, 206, 150]}
{'num3': [2.48, 2.5, 6.3, 2.23, 2.36, 6.18, 3.61, 6.1, 5.79, 5.6, 0.92, 2.15, 1.93, 5.38, 0.94, 2.15, 1.71]}
{'num3': [1.0000000000000033, 0.9999999999999999, 0.9999999998139877, 0.9999999999999996, 1.0, 0.9999999999294803, 0.999999999999999, 0.9999999800333244, 1.000000000000001, 0.9999999977781802, 0.9999999999999996, 1.0, 1.0000000000000007, 0.9999999999998511, 1.0000000000000002, 1.0000000000000016, 1.0000000000000002]}
2024-04-14 17:21:36 num3, D1, Repeat: 18, Loss: 0.750212099307896, Fidelity: 0.249787900692104, 10, 0.06
2024-04-14 17:21:37 num3, D1, Repeat: 18, Loss: 0.022811947104806, Fidelity: 0.977188052895194, 20, 0.16
2024-04-14 17:21:37 num3, D1, Repeat: 18, Loss: 0.002758445018305, Fidelity: 0.997241554981695, 30, 0.26
2024-04-14 17:21:37 num3, D1, Repeat: 18, Loss: 0.000530785764143, Fidelity: 0.999469214235857, 40, 0.37
2024-04-14 17:21:37 num3, D1, Repeat: 18, Loss: 0.000038495364799, Fidelity: 0.999961504635201, 50, 0.48
2024-04-14 17:21:37 num3, D1, Repeat: 18, Loss: 0.000001021093657, Fidelity: 0.999998978906343, 100, 1.05
2024-04-14 17:21:38 num3, D1, Repeat: 18, Loss: 0.000000306087371, Fidelity: 0.999999693912629, 150, 1.55
2024-04-14 17:21:38 num3, D1, Repeat: 18, Loss: 0.000000178778164, Fidelity: 0.999999821221836, 200, 2.05
2024-04-14 17:21:39 num3, D1, Repeat: 18, Loss: 0.000000164675186, Fidelity: 0.999999835324814, 250, 2.62
2024-04-14 17:21:40 num3, D1, Repeat: 18, Loss: 0.000000138990788, Fidelity: 0.999999861009212, 300, 3.19
2024-04-14 17:21:40 num3, D1, Repeat: 18, Loss: 0.000000071975738, Fidelity: 0.999999928024262, 350, 3.69
2024-04-14 17:21:41 num3, D1, Repeat: 18, Loss: 0.000000060914914, Fidelity: 0.999999939085086, 400, 4.29
2024-04-14 17:21:41 num3, D1, Repeat: 18, Loss: 0.000000031565738, Fidelity: 0.999999968434262, 450, 4.79
2024-04-14 17:21:42 num3, D1, Repeat: 18, Loss: 0.000000027327793, Fidelity: 0.999999972672207, 500, 5.32
2024-04-14 17:21:42 num3, D1, Repeat: 18, Loss: 0.000000022801411, Fidelity: 0.999999977198589, 550, 5.83
2024-04-14 17:21:42 Optimal: 2.23947353994447e-08, Fidelity: 0.99999997760526460056
2024-04-14 17:21:42 Maximum number of iterations has been exceeded.
{'num3': [205, 214, 576, 167, 204, 541, 319, 542, 515, 523, 90, 203, 189, 532, 95, 206, 150, 554]}
{'num3': [2.48, 2.5, 6.3, 2.23, 2.36, 6.18, 3.61, 6.1, 5.79, 5.6, 0.92, 2.15, 1.93, 5.38, 0.94, 2.15, 1.71, 5.88]}
{'num3': [1.0000000000000033, 0.9999999999999999, 0.9999999998139877, 0.9999999999999996, 1.0, 0.9999999999294803, 0.999999999999999, 0.9999999800333244, 1.000000000000001, 0.9999999977781802, 0.9999999999999996, 1.0, 1.0000000000000007, 0.9999999999998511, 1.0000000000000002, 1.0000000000000016, 1.0000000000000002, 0.9999999776052646]}
2024-04-14 17:21:42 num3, D1, Repeat: 19, Loss: 0.354847840080983, Fidelity: 0.645152159919017, 10, 0.14
2024-04-14 17:21:42 num3, D1, Repeat: 19, Loss: 0.021947764145972, Fidelity: 0.978052235854028, 20, 0.25
2024-04-14 17:21:43 num3, D1, Repeat: 19, Loss: 0.002247939308257, Fidelity: 0.997752060691743, 30, 0.35
2024-04-14 17:21:43 num3, D1, Repeat: 19, Loss: 0.000263137924144, Fidelity: 0.999736862075856, 40, 0.47
2024-04-14 17:21:43 num3, D1, Repeat: 19, Loss: 0.000097782539729, Fidelity: 0.999902217460271, 50, 0.58
2024-04-14 17:21:43 num3, D1, Repeat: 19, Loss: 0.000002209509703, Fidelity: 0.999997790490297, 100, 1.14
2024-04-14 17:21:44 num3, D1, Repeat: 19, Loss: 0.000000023428340, Fidelity: 0.999999976571660, 150, 1.70
2024-04-14 17:21:44 Optimal: 4.440892098500626e-16, Fidelity: 0.99999999999999955591
2024-04-14 17:21:44 `callback` raised `StopIteration`.
{'num3': [205, 214, 576, 167, 204, 541, 319, 542, 515, 523, 90, 203, 189, 532, 95, 206, 150, 554, 164]}
{'num3': [2.48, 2.5, 6.3, 2.23, 2.36, 6.18, 3.61, 6.1, 5.79, 5.6, 0.92, 2.15, 1.93, 5.38, 0.94, 2.15, 1.71, 5.88, 1.85]}
{'num3': [1.0000000000000033, 0.9999999999999999, 0.9999999998139877, 0.9999999999999996, 1.0, 0.9999999999294803, 0.999999999999999, 0.9999999800333244, 1.000000000000001, 0.9999999977781802, 0.9999999999999996, 1.0, 1.0000000000000007, 0.9999999999998511, 1.0000000000000002, 1.0000000000000016, 1.0000000000000002, 0.9999999776052646, 0.9999999999999996]}
2024-04-14 17:21:44 num3, D1, Repeat: 20, Loss: 0.563057748638774, Fidelity: 0.436942251361226, 10, 0.06
2024-04-14 17:21:44 num3, D1, Repeat: 20, Loss: 0.035465530783642, Fidelity: 0.964534469216358, 20, 0.17
2024-04-14 17:21:44 num3, D1, Repeat: 20, Loss: 0.003245488312719, Fidelity: 0.996754511687281, 30, 0.26
2024-04-14 17:21:44 num3, D1, Repeat: 20, Loss: 0.000129533424182, Fidelity: 0.999870466575818, 40, 0.39
2024-04-14 17:21:45 num3, D1, Repeat: 20, Loss: 0.000003950357167, Fidelity: 0.999996049642833, 50, 0.49
2024-04-14 17:21:45 Optimal: -2.220446049250313e-16, Fidelity: 1.00000000000000022204
2024-04-14 17:21:45 `callback` raised `StopIteration`.
{'num3': [205, 214, 576, 167, 204, 541, 319, 542, 515, 523, 90, 203, 189, 532, 95, 206, 150, 554, 164, 99]}
{'num3': [2.48, 2.5, 6.3, 2.23, 2.36, 6.18, 3.61, 6.1, 5.79, 5.6, 0.92, 2.15, 1.93, 5.38, 0.94, 2.15, 1.71, 5.88, 1.85, 1.09]}
{'num3': [1.0000000000000033, 0.9999999999999999, 0.9999999998139877, 0.9999999999999996, 1.0, 0.9999999999294803, 0.999999999999999, 0.9999999800333244, 1.000000000000001, 0.9999999977781802, 0.9999999999999996, 1.0, 1.0000000000000007, 0.9999999999998511, 1.0000000000000002, 1.0000000000000016, 1.0000000000000002, 0.9999999776052646, 0.9999999999999996, 1.0000000000000002]}
2024-04-14 17:21:45 num3 D=1 L=2 finish
