2024-04-14 17:22:18 Number of qubits: 6
2024-04-14 17:22:18 Number of gates: 2216
2024-04-14 17:22:18 Number of params: 408
2024-04-14 17:22:18 Depth of circuit: 1474
2024-04-14 17:22:18 Simulator: mqvector, Method: BFGS
2024-04-14 17:22:18 num4, D1, Repeat: 1, Loss: 0.169404324689378, Fidelity: 0.830595675310622, 10, 0.15
2024-04-14 17:22:19 num4, D1, Repeat: 1, Loss: 0.013589618358997, Fidelity: 0.986410381641003, 20, 0.26
2024-04-14 17:22:19 num4, D1, Repeat: 1, Loss: 0.002445693679944, Fidelity: 0.997554306320056, 30, 0.36
2024-04-14 17:22:19 num4, D1, Repeat: 1, Loss: 0.000284358842721, Fidelity: 0.999715641157279, 40, 0.48
2024-04-14 17:22:19 num4, D1, Repeat: 1, Loss: 0.000095865024786, Fidelity: 0.999904134975214, 50, 0.58
2024-04-14 17:22:19 num4, D1, Repeat: 1, Loss: 0.000003902110442, Fidelity: 0.999996097889558, 100, 1.13
2024-04-14 17:22:20 num4, D1, Repeat: 1, Loss: 0.000001262514548, Fidelity: 0.999998737485452, 150, 1.74
2024-04-14 17:22:21 num4, D1, Repeat: 1, Loss: 0.000000198263782, Fidelity: 0.999999801736218, 200, 2.29
2024-04-14 17:22:21 num4, D1, Repeat: 1, Loss: 0.000000084933018, Fidelity: 0.999999915066982, 250, 2.94
2024-04-14 17:22:22 num4, D1, Repeat: 1, Loss: 0.000000003393589, Fidelity: 0.999999996606411, 300, 3.58
2024-04-14 17:22:22 Optimal: 9.992007221626409e-16, Fidelity: 0.99999999999999900080
2024-04-14 17:22:22 `callback` raised `StopIteration`.
{'num4': [335]}
{'num4': [3.95]}
{'num4': [0.999999999999999]}
2024-04-14 17:22:22 num4, D1, Repeat: 2, Loss: 0.074960652853976, Fidelity: 0.925039347146024, 10, 0.09
2024-04-14 17:22:22 num4, D1, Repeat: 2, Loss: 0.009191315303466, Fidelity: 0.990808684696534, 20, 0.19
2024-04-14 17:22:23 num4, D1, Repeat: 2, Loss: 0.001699539041097, Fidelity: 0.998300460958903, 30, 0.31
2024-04-14 17:22:23 num4, D1, Repeat: 2, Loss: 0.000386879242010, Fidelity: 0.999613120757990, 40, 0.42
2024-04-14 17:22:23 num4, D1, Repeat: 2, Loss: 0.000081656080777, Fidelity: 0.999918343919223, 50, 0.53
2024-04-14 17:22:23 num4, D1, Repeat: 2, Loss: 0.000006760175915, Fidelity: 0.999993239824085, 100, 1.05
2024-04-14 17:22:24 num4, D1, Repeat: 2, Loss: 0.000001557155269, Fidelity: 0.999998442844731, 150, 1.62
2024-04-14 17:22:24 num4, D1, Repeat: 2, Loss: 0.000000233627549, Fidelity: 0.999999766372451, 200, 2.15
2024-04-14 17:22:25 num4, D1, Repeat: 2, Loss: 0.000000062956722, Fidelity: 0.999999937043278, 250, 2.69
2024-04-14 17:22:25 num4, D1, Repeat: 2, Loss: 0.000000015193300, Fidelity: 0.999999984806700, 300, 3.28
2024-04-14 17:22:26 num4, D1, Repeat: 2, Loss: 0.000000002095139, Fidelity: 0.999999997904861, 350, 3.78
2024-04-14 17:22:27 num4, D1, Repeat: 2, Loss: 0.000000001497527, Fidelity: 0.999999998502473, 400, 4.38
2024-04-14 17:22:27 num4, D1, Repeat: 2, Loss: 0.000000000321265, Fidelity: 0.999999999678735, 450, 4.88
2024-04-14 17:22:28 num4, D1, Repeat: 2, Loss: 0.000000000021403, Fidelity: 0.999999999978597, 500, 5.34
2024-04-14 17:22:28 Optimal: 2.1403545602538543e-11, Fidelity: 0.99999999997859645440
2024-04-14 17:22:28 Desired error not necessarily achieved due to precision loss.
{'num4': [335, 517]}
{'num4': [3.95, 5.39]}
{'num4': [0.999999999999999, 0.9999999999785965]}
2024-04-14 17:22:28 num4, D1, Repeat: 3, Loss: 0.670382542747059, Fidelity: 0.329617457252941, 10, 0.06
2024-04-14 17:22:28 num4, D1, Repeat: 3, Loss: 0.041392483818233, Fidelity: 0.958607516181767, 20, 0.16
2024-04-14 17:22:28 num4, D1, Repeat: 3, Loss: 0.010238142469832, Fidelity: 0.989761857530168, 30, 0.32
2024-04-14 17:22:28 num4, D1, Repeat: 3, Loss: 0.001035264600297, Fidelity: 0.998964735399703, 40, 0.52
2024-04-14 17:22:28 num4, D1, Repeat: 3, Loss: 0.000136241540536, Fidelity: 0.999863758459464, 50, 0.64
2024-04-14 17:22:29 Optimal: -4.440892098500626e-16, Fidelity: 1.00000000000000044409
2024-04-14 17:22:29 `callback` raised `StopIteration`.
{'num4': [335, 517, 98]}
{'num4': [3.95, 5.39, 1.17]}
{'num4': [0.999999999999999, 0.9999999999785965, 1.0000000000000004]}
2024-04-14 17:22:29 num4, D1, Repeat: 4, Loss: 0.255206690398655, Fidelity: 0.744793309601345, 10, 0.08
2024-04-14 17:22:29 num4, D1, Repeat: 4, Loss: 0.045283847276447, Fidelity: 0.954716152723553, 20, 0.19
2024-04-14 17:22:29 num4, D1, Repeat: 4, Loss: 0.003375870060565, Fidelity: 0.996624129939435, 30, 0.30
2024-04-14 17:22:29 num4, D1, Repeat: 4, Loss: 0.000551330466100, Fidelity: 0.999448669533900, 40, 0.40
2024-04-14 17:22:29 num4, D1, Repeat: 4, Loss: 0.000101690480763, Fidelity: 0.999898309519237, 50, 0.50
2024-04-14 17:22:30 num4, D1, Repeat: 4, Loss: 0.000000516143266, Fidelity: 0.999999483856734, 100, 1.07
2024-04-14 17:22:30 Optimal: 3.3306690738754696e-16, Fidelity: 0.99999999999999966693
2024-04-14 17:22:30 `callback` raised `StopIteration`.
{'num4': [335, 517, 98, 143]}
{'num4': [3.95, 5.39, 1.17, 1.54]}
{'num4': [0.999999999999999, 0.9999999999785965, 1.0000000000000004, 0.9999999999999997]}
2024-04-14 17:22:30 num4, D1, Repeat: 5, Loss: 0.208902827789561, Fidelity: 0.791097172210439, 10, 0.08
2024-04-14 17:22:30 num4, D1, Repeat: 5, Loss: 0.025127472094533, Fidelity: 0.974872527905467, 20, 0.19
2024-04-14 17:22:31 num4, D1, Repeat: 5, Loss: 0.005478622128546, Fidelity: 0.994521377871454, 30, 0.30
2024-04-14 17:22:31 num4, D1, Repeat: 5, Loss: 0.000902227318924, Fidelity: 0.999097772681076, 40, 0.40
2024-04-14 17:22:31 num4, D1, Repeat: 5, Loss: 0.000286146566335, Fidelity: 0.999713853433665, 50, 0.50
2024-04-14 17:22:31 num4, D1, Repeat: 5, Loss: 0.000007317399133, Fidelity: 0.999992682600867, 100, 1.06
2024-04-14 17:22:32 num4, D1, Repeat: 5, Loss: 0.000000166811146, Fidelity: 0.999999833188854, 150, 1.62
2024-04-14 17:22:33 num4, D1, Repeat: 5, Loss: 0.000000000071192, Fidelity: 0.999999999928808, 200, 2.21
2024-04-14 17:22:33 Optimal: 9.992007221626409e-16, Fidelity: 0.99999999999999900080
2024-04-14 17:22:33 `callback` raised `StopIteration`.
{'num4': [335, 517, 98, 143, 219]}
{'num4': [3.95, 5.39, 1.17, 1.54, 2.41]}
{'num4': [0.999999999999999, 0.9999999999785965, 1.0000000000000004, 0.9999999999999997, 0.999999999999999]}
2024-04-14 17:22:33 num4, D1, Repeat: 6, Loss: 0.357055285560242, Fidelity: 0.642944714439758, 10, 0.06
2024-04-14 17:22:33 num4, D1, Repeat: 6, Loss: 0.076490366916808, Fidelity: 0.923509633083192, 20, 0.15
2024-04-14 17:22:33 num4, D1, Repeat: 6, Loss: 0.005135520674516, Fidelity: 0.994864479325484, 30, 0.26
2024-04-14 17:22:33 num4, D1, Repeat: 6, Loss: 0.000808963499384, Fidelity: 0.999191036500616, 40, 0.38
2024-04-14 17:22:33 num4, D1, Repeat: 6, Loss: 0.000113330828350, Fidelity: 0.999886669171650, 50, 0.48
2024-04-14 17:22:34 num4, D1, Repeat: 6, Loss: 0.000000000000002, Fidelity: 0.999999999999998, 100, 0.92
2024-04-14 17:22:34 Optimal: 1.5543122344752192e-15, Fidelity: 0.99999999999999844569
2024-04-14 17:22:34 Desired error not necessarily achieved due to precision loss.
{'num4': [335, 517, 98, 143, 219, 115]}
{'num4': [3.95, 5.39, 1.17, 1.54, 2.41, 0.95]}
{'num4': [0.999999999999999, 0.9999999999785965, 1.0000000000000004, 0.9999999999999997, 0.999999999999999, 0.9999999999999984]}
2024-04-14 17:22:34 num4, D1, Repeat: 7, Loss: 0.197819849044300, Fidelity: 0.802180150955700, 10, 0.07
2024-04-14 17:22:34 num4, D1, Repeat: 7, Loss: 0.016840809116329, Fidelity: 0.983159190883671, 20, 0.17
2024-04-14 17:22:34 num4, D1, Repeat: 7, Loss: 0.002208241807647, Fidelity: 0.997791758192353, 30, 0.29
2024-04-14 17:22:34 num4, D1, Repeat: 7, Loss: 0.000386142117372, Fidelity: 0.999613857882628, 40, 0.41
2024-04-14 17:22:34 num4, D1, Repeat: 7, Loss: 0.000143890060925, Fidelity: 0.999856109939075, 50, 0.51
2024-04-14 17:22:35 num4, D1, Repeat: 7, Loss: 0.000005791344282, Fidelity: 0.999994208655718, 100, 1.06
2024-04-14 17:22:35 num4, D1, Repeat: 7, Loss: 0.000000342164648, Fidelity: 0.999999657835352, 150, 1.59
2024-04-14 17:22:36 Optimal: 0.0, Fidelity: 1.00000000000000000000
2024-04-14 17:22:36 `callback` raised `StopIteration`.
{'num4': [335, 517, 98, 143, 219, 115, 190]}
{'num4': [3.95, 5.39, 1.17, 1.54, 2.41, 0.95, 2.03]}
{'num4': [0.999999999999999, 0.9999999999785965, 1.0000000000000004, 0.9999999999999997, 0.999999999999999, 0.9999999999999984, 1.0]}
2024-04-14 17:22:36 num4, D1, Repeat: 8, Loss: 0.296156122778531, Fidelity: 0.703843877221469, 10, 0.07
2024-04-14 17:22:36 num4, D1, Repeat: 8, Loss: 0.031077504664828, Fidelity: 0.968922495335172, 20, 0.15
2024-04-14 17:22:36 num4, D1, Repeat: 8, Loss: 0.003390557389966, Fidelity: 0.996609442610034, 30, 0.27
2024-04-14 17:22:36 num4, D1, Repeat: 8, Loss: 0.000260304428053, Fidelity: 0.999739695571947, 40, 0.38
2024-04-14 17:22:36 num4, D1, Repeat: 8, Loss: 0.000030206898818, Fidelity: 0.999969793101182, 50, 0.49
2024-04-14 17:22:37 num4, D1, Repeat: 8, Loss: 0.000000118790463, Fidelity: 0.999999881209537, 100, 1.05
2024-04-14 17:22:37 Optimal: 3.3306690738754696e-16, Fidelity: 0.99999999999999966693
2024-04-14 17:22:37 `callback` raised `StopIteration`.
{'num4': [335, 517, 98, 143, 219, 115, 190, 117]}
{'num4': [3.95, 5.39, 1.17, 1.54, 2.41, 0.95, 2.03, 1.24]}
{'num4': [0.999999999999999, 0.9999999999785965, 1.0000000000000004, 0.9999999999999997, 0.999999999999999, 0.9999999999999984, 1.0, 0.9999999999999997]}
2024-04-14 17:22:37 num4, D1, Repeat: 9, Loss: 0.600822380979978, Fidelity: 0.399177619020022, 10, 0.06
2024-04-14 17:22:37 num4, D1, Repeat: 9, Loss: 0.070731674870007, Fidelity: 0.929268325129993, 20, 0.16
2024-04-14 17:22:37 num4, D1, Repeat: 9, Loss: 0.010962523723322, Fidelity: 0.989037476276678, 30, 0.26
2024-04-14 17:22:37 num4, D1, Repeat: 9, Loss: 0.000863768574026, Fidelity: 0.999136231425974, 40, 0.36
2024-04-14 17:22:37 num4, D1, Repeat: 9, Loss: 0.000113423649085, Fidelity: 0.999886576350915, 50, 0.47
2024-04-14 17:22:38 num4, D1, Repeat: 9, Loss: 0.000000012784015, Fidelity: 0.999999987215985, 100, 1.04
2024-04-14 17:22:38 num4, D1, Repeat: 9, Loss: 0.000000000000000, Fidelity: 1.000000000000000, 150, 1.29
2024-04-14 17:22:38 Optimal: 1.3322676295501878e-15, Fidelity: 0.99999999999999866773
2024-04-14 17:22:38 Desired error not necessarily achieved due to precision loss.
{'num4': [335, 517, 98, 143, 219, 115, 190, 117, 170]}
{'num4': [3.95, 5.39, 1.17, 1.54, 2.41, 0.95, 2.03, 1.24, 1.34]}
{'num4': [0.999999999999999, 0.9999999999785965, 1.0000000000000004, 0.9999999999999997, 0.999999999999999, 0.9999999999999984, 1.0, 0.9999999999999997, 0.9999999999999987]}
2024-04-14 17:22:38 num4, D1, Repeat: 10, Loss: 0.203801233425537, Fidelity: 0.796198766574463, 10, 0.08
2024-04-14 17:22:38 num4, D1, Repeat: 10, Loss: 0.014082482427900, Fidelity: 0.985917517572100, 20, 0.20
2024-04-14 17:22:39 num4, D1, Repeat: 10, Loss: 0.001015198210762, Fidelity: 0.998984801789238, 30, 0.31
2024-04-14 17:22:39 num4, D1, Repeat: 10, Loss: 0.000236262910806, Fidelity: 0.999763737089194, 40, 0.41
2024-04-14 17:22:39 num4, D1, Repeat: 10, Loss: 0.000109944014980, Fidelity: 0.999890055985020, 50, 0.51
2024-04-14 17:22:39 num4, D1, Repeat: 10, Loss: 0.000000070745365, Fidelity: 0.999999929254635, 100, 1.08
2024-04-14 17:22:40 Optimal: -2.886579864025407e-15, Fidelity: 1.00000000000000288658
2024-04-14 17:22:40 `callback` raised `StopIteration`.
{'num4': [335, 517, 98, 143, 219, 115, 190, 117, 170, 125]}
{'num4': [3.95, 5.39, 1.17, 1.54, 2.41, 0.95, 2.03, 1.24, 1.34, 1.37]}
{'num4': [0.999999999999999, 0.9999999999785965, 1.0000000000000004, 0.9999999999999997, 0.999999999999999, 0.9999999999999984, 1.0, 0.9999999999999997, 0.9999999999999987, 1.0000000000000029]}
2024-04-14 17:22:40 num4, D1, Repeat: 11, Loss: 0.077294093228031, Fidelity: 0.922705906771969, 10, 0.10
2024-04-14 17:22:40 num4, D1, Repeat: 11, Loss: 0.011064162340806, Fidelity: 0.988935837659194, 20, 0.20
2024-04-14 17:22:40 num4, D1, Repeat: 11, Loss: 0.000870250948140, Fidelity: 0.999129749051860, 30, 0.31
2024-04-14 17:22:40 num4, D1, Repeat: 11, Loss: 0.000133663997628, Fidelity: 0.999866336002372, 40, 0.45
2024-04-14 17:22:40 num4, D1, Repeat: 11, Loss: 0.000056762871856, Fidelity: 0.999943237128144, 50, 0.56
2024-04-14 17:22:41 num4, D1, Repeat: 11, Loss: 0.000000021290969, Fidelity: 0.999999978709031, 100, 1.11
2024-04-14 17:22:41 Optimal: -4.440892098500626e-16, Fidelity: 1.00000000000000044409
2024-04-14 17:22:41 `callback` raised `StopIteration`.
{'num4': [335, 517, 98, 143, 219, 115, 190, 117, 170, 125, 136]}
{'num4': [3.95, 5.39, 1.17, 1.54, 2.41, 0.95, 2.03, 1.24, 1.34, 1.37, 1.48]}
{'num4': [0.999999999999999, 0.9999999999785965, 1.0000000000000004, 0.9999999999999997, 0.999999999999999, 0.9999999999999984, 1.0, 0.9999999999999997, 0.9999999999999987, 1.0000000000000029, 1.0000000000000004]}
2024-04-14 17:22:41 num4, D1, Repeat: 12, Loss: 0.181382540594702, Fidelity: 0.818617459405298, 10, 0.09
2024-04-14 17:22:41 num4, D1, Repeat: 12, Loss: 0.023723889434379, Fidelity: 0.976276110565621, 20, 0.18
2024-04-14 17:22:41 num4, D1, Repeat: 12, Loss: 0.005087863308160, Fidelity: 0.994912136691840, 30, 0.28
2024-04-14 17:22:42 num4, D1, Repeat: 12, Loss: 0.000545513738567, Fidelity: 0.999454486261433, 40, 0.39
2024-04-14 17:22:42 num4, D1, Repeat: 12, Loss: 0.000089537814745, Fidelity: 0.999910462185255, 50, 0.51
2024-04-14 17:22:42 num4, D1, Repeat: 12, Loss: 0.000001390868785, Fidelity: 0.999998609131215, 100, 1.15
2024-04-14 17:22:43 Optimal: 0.0, Fidelity: 1.00000000000000000000
2024-04-14 17:22:43 `callback` raised `StopIteration`.
{'num4': [335, 517, 98, 143, 219, 115, 190, 117, 170, 125, 136, 138]}
{'num4': [3.95, 5.39, 1.17, 1.54, 2.41, 0.95, 2.03, 1.24, 1.34, 1.37, 1.48, 1.58]}
{'num4': [0.999999999999999, 0.9999999999785965, 1.0000000000000004, 0.9999999999999997, 0.999999999999999, 0.9999999999999984, 1.0, 0.9999999999999997, 0.9999999999999987, 1.0000000000000029, 1.0000000000000004, 1.0]}
2024-04-14 17:22:43 num4, D1, Repeat: 13, Loss: 0.145974448350154, Fidelity: 0.854025551649846, 10, 0.09
2024-04-14 17:22:43 num4, D1, Repeat: 13, Loss: 0.007894490798605, Fidelity: 0.992105509201395, 20, 0.18
2024-04-14 17:22:43 num4, D1, Repeat: 13, Loss: 0.001668556966562, Fidelity: 0.998331443033438, 30, 0.28
2024-04-14 17:22:43 num4, D1, Repeat: 13, Loss: 0.000392004390434, Fidelity: 0.999607995609566, 40, 0.40
2024-04-14 17:22:43 num4, D1, Repeat: 13, Loss: 0.000109071903459, Fidelity: 0.999890928096541, 50, 0.54
2024-04-14 17:22:44 num4, D1, Repeat: 13, Loss: 0.000000806453695, Fidelity: 0.999999193546305, 100, 1.10
2024-04-14 17:22:44 num4, D1, Repeat: 13, Loss: 0.000000000000000, Fidelity: 1.000000000000000, 150, 1.65
2024-04-14 17:22:44 Optimal: 4.440892098500626e-16, Fidelity: 0.99999999999999955591
2024-04-14 17:22:44 `callback` raised `StopIteration`.
{'num4': [335, 517, 98, 143, 219, 115, 190, 117, 170, 125, 136, 138, 150]}
{'num4': [3.95, 5.39, 1.17, 1.54, 2.41, 0.95, 2.03, 1.24, 1.34, 1.37, 1.48, 1.58, 1.66]}
{'num4': [0.999999999999999, 0.9999999999785965, 1.0000000000000004, 0.9999999999999997, 0.999999999999999, 0.9999999999999984, 1.0, 0.9999999999999997, 0.9999999999999987, 1.0000000000000029, 1.0000000000000004, 1.0, 0.9999999999999996]}
2024-04-14 17:22:44 num4, D1, Repeat: 14, Loss: 0.394249587533007, Fidelity: 0.605750412466993, 10, 0.09
2024-04-14 17:22:45 num4, D1, Repeat: 14, Loss: 0.033249517552990, Fidelity: 0.966750482447010, 20, 0.18
2024-04-14 17:22:45 num4, D1, Repeat: 14, Loss: 0.003250890815185, Fidelity: 0.996749109184815, 30, 0.30
2024-04-14 17:22:45 num4, D1, Repeat: 14, Loss: 0.000772434812999, Fidelity: 0.999227565187001, 40, 0.41
2024-04-14 17:22:45 num4, D1, Repeat: 14, Loss: 0.000206638847718, Fidelity: 0.999793361152282, 50, 0.52
2024-04-14 17:22:45 num4, D1, Repeat: 14, Loss: 0.000000193949865, Fidelity: 0.999999806050135, 100, 1.08
2024-04-14 17:22:46 num4, D1, Repeat: 14, Loss: 0.000000000000005, Fidelity: 0.999999999999995, 150, 1.60
2024-04-14 17:22:46 Optimal: 2.220446049250313e-16, Fidelity: 0.99999999999999977796
2024-04-14 17:22:46 `callback` raised `StopIteration`.
{'num4': [335, 517, 98, 143, 219, 115, 190, 117, 170, 125, 136, 138, 150, 153]}
{'num4': [3.95, 5.39, 1.17, 1.54, 2.41, 0.95, 2.03, 1.24, 1.34, 1.37, 1.48, 1.58, 1.66, 1.64]}
{'num4': [0.999999999999999, 0.9999999999785965, 1.0000000000000004, 0.9999999999999997, 0.999999999999999, 0.9999999999999984, 1.0, 0.9999999999999997, 0.9999999999999987, 1.0000000000000029, 1.0000000000000004, 1.0, 0.9999999999999996, 0.9999999999999998]}
2024-04-14 17:22:46 num4, D1, Repeat: 15, Loss: 0.321613633336350, Fidelity: 0.678386366663650, 10, 0.07
2024-04-14 17:22:46 num4, D1, Repeat: 15, Loss: 0.033543626318418, Fidelity: 0.966456373681582, 20, 0.19
2024-04-14 17:22:46 num4, D1, Repeat: 15, Loss: 0.001921929569888, Fidelity: 0.998078070430112, 30, 0.30
2024-04-14 17:22:46 num4, D1, Repeat: 15, Loss: 0.000022745825183, Fidelity: 0.999977254174817, 40, 0.41
2024-04-14 17:22:47 num4, D1, Repeat: 15, Loss: 0.000000548542130, Fidelity: 0.999999451457870, 50, 0.53
2024-04-14 17:22:47 Optimal: 2.220446049250313e-16, Fidelity: 0.99999999999999977796
2024-04-14 17:22:47 `callback` raised `StopIteration`.
{'num4': [335, 517, 98, 143, 219, 115, 190, 117, 170, 125, 136, 138, 150, 153, 85]}
{'num4': [3.95, 5.39, 1.17, 1.54, 2.41, 0.95, 2.03, 1.24, 1.34, 1.37, 1.48, 1.58, 1.66, 1.64, 0.92]}
{'num4': [0.999999999999999, 0.9999999999785965, 1.0000000000000004, 0.9999999999999997, 0.999999999999999, 0.9999999999999984, 1.0, 0.9999999999999997, 0.9999999999999987, 1.0000000000000029, 1.0000000000000004, 1.0, 0.9999999999999996, 0.9999999999999998, 0.9999999999999998]}
2024-04-14 17:22:47 num4, D1, Repeat: 16, Loss: 0.082762012332460, Fidelity: 0.917237987667540, 10, 0.19
2024-04-14 17:22:47 num4, D1, Repeat: 16, Loss: 0.004792959421637, Fidelity: 0.995207040578363, 20, 0.34
2024-04-14 17:22:47 num4, D1, Repeat: 16, Loss: 0.000323243631271, Fidelity: 0.999676756368729, 30, 0.45
2024-04-14 17:22:48 num4, D1, Repeat: 16, Loss: 0.000123207239135, Fidelity: 0.999876792760865, 40, 0.59
2024-04-14 17:22:48 num4, D1, Repeat: 16, Loss: 0.000047481892660, Fidelity: 0.999952518107340, 50, 0.69
2024-04-14 17:22:48 num4, D1, Repeat: 16, Loss: 0.000001475749272, Fidelity: 0.999998524250728, 100, 1.26
2024-04-14 17:22:49 num4, D1, Repeat: 16, Loss: 0.000000147394056, Fidelity: 0.999999852605944, 150, 1.91
2024-04-14 17:22:50 num4, D1, Repeat: 16, Loss: 0.000000015599496, Fidelity: 0.999999984400504, 200, 2.57
2024-04-14 17:22:50 Optimal: -1.1102230246251565e-15, Fidelity: 1.00000000000000111022
2024-04-14 17:22:50 `callback` raised `StopIteration`.
{'num4': [335, 517, 98, 143, 219, 115, 190, 117, 170, 125, 136, 138, 150, 153, 85, 218]}
{'num4': [3.95, 5.39, 1.17, 1.54, 2.41, 0.95, 2.03, 1.24, 1.34, 1.37, 1.48, 1.58, 1.66, 1.64, 0.92, 2.76]}
{'num4': [0.999999999999999, 0.9999999999785965, 1.0000000000000004, 0.9999999999999997, 0.999999999999999, 0.9999999999999984, 1.0, 0.9999999999999997, 0.9999999999999987, 1.0000000000000029, 1.0000000000000004, 1.0, 0.9999999999999996, 0.9999999999999998, 0.9999999999999998, 1.000000000000001]}
2024-04-14 17:22:50 num4, D1, Repeat: 17, Loss: 0.159519306303618, Fidelity: 0.840480693696382, 10, 0.08
2024-04-14 17:22:50 num4, D1, Repeat: 17, Loss: 0.019737815309690, Fidelity: 0.980262184690310, 20, 0.17
2024-04-14 17:22:50 num4, D1, Repeat: 17, Loss: 0.002225520775405, Fidelity: 0.997774479224595, 30, 0.27
2024-04-14 17:22:50 num4, D1, Repeat: 17, Loss: 0.000363438293055, Fidelity: 0.999636561706945, 40, 0.38
2024-04-14 17:22:50 num4, D1, Repeat: 17, Loss: 0.000049414738879, Fidelity: 0.999950585261121, 50, 0.55
2024-04-14 17:22:51 num4, D1, Repeat: 17, Loss: 0.000000217611279, Fidelity: 0.999999782388721, 100, 1.12
2024-04-14 17:22:51 num4, D1, Repeat: 17, Loss: 0.000000000006141, Fidelity: 0.999999999993859, 150, 1.69
2024-04-14 17:22:51 Optimal: -6.661338147750939e-16, Fidelity: 1.00000000000000066613
2024-04-14 17:22:51 `callback` raised `StopIteration`.
{'num4': [335, 517, 98, 143, 219, 115, 190, 117, 170, 125, 136, 138, 150, 153, 85, 218, 160]}
{'num4': [3.95, 5.39, 1.17, 1.54, 2.41, 0.95, 2.03, 1.24, 1.34, 1.37, 1.48, 1.58, 1.66, 1.64, 0.92, 2.76, 1.77]}
{'num4': [0.999999999999999, 0.9999999999785965, 1.0000000000000004, 0.9999999999999997, 0.999999999999999, 0.9999999999999984, 1.0, 0.9999999999999997, 0.9999999999999987, 1.0000000000000029, 1.0000000000000004, 1.0, 0.9999999999999996, 0.9999999999999998, 0.9999999999999998, 1.000000000000001, 1.0000000000000007]}
2024-04-14 17:22:52 num4, D1, Repeat: 18, Loss: 0.381834153963585, Fidelity: 0.618165846036415, 10, 0.08
2024-04-14 17:22:52 num4, D1, Repeat: 18, Loss: 0.043182073976059, Fidelity: 0.956817926023941, 20, 0.17
2024-04-14 17:22:52 num4, D1, Repeat: 18, Loss: 0.004111546634352, Fidelity: 0.995888453365648, 30, 0.28
2024-04-14 17:22:52 num4, D1, Repeat: 18, Loss: 0.000801506182287, Fidelity: 0.999198493817713, 40, 0.39
2024-04-14 17:22:52 num4, D1, Repeat: 18, Loss: 0.000251469452330, Fidelity: 0.999748530547670, 50, 0.51
2024-04-14 17:22:53 num4, D1, Repeat: 18, Loss: 0.000000018731501, Fidelity: 0.999999981268499, 100, 1.11
2024-04-14 17:22:53 Optimal: 5.551115123125783e-16, Fidelity: 0.99999999999999944489
2024-04-14 17:22:53 `callback` raised `StopIteration`.
{'num4': [335, 517, 98, 143, 219, 115, 190, 117, 170, 125, 136, 138, 150, 153, 85, 218, 160, 129]}
{'num4': [3.95, 5.39, 1.17, 1.54, 2.41, 0.95, 2.03, 1.24, 1.34, 1.37, 1.48, 1.58, 1.66, 1.64, 0.92, 2.76, 1.77, 1.44]}
{'num4': [0.999999999999999, 0.9999999999785965, 1.0000000000000004, 0.9999999999999997, 0.999999999999999, 0.9999999999999984, 1.0, 0.9999999999999997, 0.9999999999999987, 1.0000000000000029, 1.0000000000000004, 1.0, 0.9999999999999996, 0.9999999999999998, 0.9999999999999998, 1.000000000000001, 1.0000000000000007, 0.9999999999999994]}
2024-04-14 17:22:53 num4, D1, Repeat: 19, Loss: 0.151819958965022, Fidelity: 0.848180041034978, 10, 0.07
2024-04-14 17:22:53 num4, D1, Repeat: 19, Loss: 0.012539218829523, Fidelity: 0.987460781170477, 20, 0.18
2024-04-14 17:22:53 num4, D1, Repeat: 19, Loss: 0.001710978149696, Fidelity: 0.998289021850304, 30, 0.28
2024-04-14 17:22:53 num4, D1, Repeat: 19, Loss: 0.000284957485948, Fidelity: 0.999715042514052, 40, 0.40
2024-04-14 17:22:53 num4, D1, Repeat: 19, Loss: 0.000098451516000, Fidelity: 0.999901548484000, 50, 0.51
2024-04-14 17:22:54 num4, D1, Repeat: 19, Loss: 0.000000564853674, Fidelity: 0.999999435146326, 100, 1.12
2024-04-14 17:22:55 num4, D1, Repeat: 19, Loss: 0.000000004033107, Fidelity: 0.999999995966893, 150, 1.70
2024-04-14 17:22:55 Optimal: 2.220446049250313e-16, Fidelity: 0.99999999999999977796
2024-04-14 17:22:55 `callback` raised `StopIteration`.
{'num4': [335, 517, 98, 143, 219, 115, 190, 117, 170, 125, 136, 138, 150, 153, 85, 218, 160, 129, 176]}
{'num4': [3.95, 5.39, 1.17, 1.54, 2.41, 0.95, 2.03, 1.24, 1.34, 1.37, 1.48, 1.58, 1.66, 1.64, 0.92, 2.76, 1.77, 1.44, 2.01]}
{'num4': [0.999999999999999, 0.9999999999785965, 1.0000000000000004, 0.9999999999999997, 0.999999999999999, 0.9999999999999984, 1.0, 0.9999999999999997, 0.9999999999999987, 1.0000000000000029, 1.0000000000000004, 1.0, 0.9999999999999996, 0.9999999999999998, 0.9999999999999998, 1.000000000000001, 1.0000000000000007, 0.9999999999999994, 0.9999999999999998]}
2024-04-14 17:22:55 num4, D1, Repeat: 20, Loss: 0.185442069202108, Fidelity: 0.814557930797892, 10, 0.09
2024-04-14 17:22:55 num4, D1, Repeat: 20, Loss: 0.018059057715460, Fidelity: 0.981940942284540, 20, 0.21
2024-04-14 17:22:55 num4, D1, Repeat: 20, Loss: 0.001754240549985, Fidelity: 0.998245759450015, 30, 0.32
2024-04-14 17:22:55 num4, D1, Repeat: 20, Loss: 0.000217036293330, Fidelity: 0.999782963706670, 40, 0.44
2024-04-14 17:22:56 num4, D1, Repeat: 20, Loss: 0.000065390279128, Fidelity: 0.999934609720872, 50, 0.56
2024-04-14 17:22:56 num4, D1, Repeat: 20, Loss: 0.000002666256852, Fidelity: 0.999997333743148, 100, 1.07
2024-04-14 17:22:56 num4, D1, Repeat: 20, Loss: 0.000000000000004, Fidelity: 0.999999999999996, 150, 1.48
2024-04-14 17:22:56 Optimal: 3.9968028886505635e-15, Fidelity: 0.99999999999999600320
2024-04-14 17:22:56 Desired error not necessarily achieved due to precision loss.
{'num4': [335, 517, 98, 143, 219, 115, 190, 117, 170, 125, 136, 138, 150, 153, 85, 218, 160, 129, 176, 175]}
{'num4': [3.95, 5.39, 1.17, 1.54, 2.41, 0.95, 2.03, 1.24, 1.34, 1.37, 1.48, 1.58, 1.66, 1.64, 0.92, 2.76, 1.77, 1.44, 2.01, 1.53]}
{'num4': [0.999999999999999, 0.9999999999785965, 1.0000000000000004, 0.9999999999999997, 0.999999999999999, 0.9999999999999984, 1.0, 0.9999999999999997, 0.9999999999999987, 1.0000000000000029, 1.0000000000000004, 1.0, 0.9999999999999996, 0.9999999999999998, 0.9999999999999998, 1.000000000000001, 1.0000000000000007, 0.9999999999999994, 0.9999999999999998, 0.999999999999996]}
2024-04-14 17:22:56 num4 D=1 L=2 finish
