2025-02-26 19:12:34,545 Number of qubits: 14
2025-02-26 19:12:34,545 Number of gates: 2145
2025-02-26 19:12:34,545 Number of params: 315
2025-02-26 19:12:34,545 Depth of circuit: 210
2025-02-26 19:12:34,545 Simulator: mqvector_gpu, Method: BFGS
2025-02-26 19:12:37,187 num4 D5 vec1 r1 L15, Loss: -0.000037369876, Fideltiy: 0.000037369876, 1/500, 2.28
2025-02-26 19:12:38,774 num4 D5 vec1 r1 L15, Loss: -0.000040402190, Fideltiy: 0.000040402190, 2/500, 3.86
2025-02-26 19:12:46,316 num4 D5 vec1 r1 L15, Loss: -0.000053710059, Fideltiy: 0.000053710059, 3/500, 5.37
2025-02-26 19:12:41,376 num4 D5 vec1 r1 L15, Loss: -0.000125550528, Fideltiy: 0.000125550528, 4/500, 6.96
2025-02-26 19:12:42,578 num4 D5 vec1 r1 L15, Loss: -0.000672782904, Fideltiy: 0.000672782904, 5/500, 8.16
2025-02-26 19:12:44,161 num4 D5 vec1 r1 L15, Loss: -0.002529391353, Fideltiy: 0.002529391353, 6/500, 9.75
2025-02-26 19:12:45,250 num4 D5 vec1 r1 L15, Loss: -0.002562846193, Fideltiy: 0.002562846193, 7/500, 11.33
2025-02-26 19:12:46,740 num4 D5 vec1 r1 L15, Loss: -0.000087786369, Fideltiy: 0.000087786369, 8/500, 12.83
2025-02-26 19:12:48,256 num4 D5 vec1 r1 L15, Loss: -0.001580638865, Fideltiy: 0.001580638865, 9/500, 14.34
2025-02-26 19:12:49,869 num4 D5 vec1 r1 L15, Loss: -0.002597640618, Fideltiy: 0.002597640618, 10/500, 15.95
2025-02-26 19:12:50,912 num4 D5 vec1 r1 L15, Loss: -0.002668277495, Fideltiy: 0.002668277495, 11/500, 17.49
2025-02-26 19:12:51,931 num4 D5 vec1 r1 L15, Loss: -0.002957362963, Fideltiy: 0.002957362963, 12/500, 18.51
2025-02-26 19:12:53,577 num4 D5 vec1 r1 L15, Loss: -0.004179015841, Fideltiy: 0.004179015841, 13/500, 20.16
2025-02-26 19:13:01,266 num4 D5 vec1 r1 L15, Loss: -0.007148748368, Fideltiy: 0.007148748368, 14/500, 21.82
2025-02-26 19:12:56,554 num4 D5 vec1 r1 L15, Loss: -0.007725242568, Fideltiy: 0.007725242568, 15/500, 23.62
2025-02-26 19:12:58,198 num4 D5 vec1 r1 L15, Loss: -0.008724847502, Fideltiy: 0.008724847502, 16/500, 25.27
2025-02-26 19:12:59,737 num4 D5 vec1 r1 L15, Loss: -0.010086024201, Fideltiy: 0.010086024201, 17/500, 26.80
2025-02-26 19:13:00,907 num4 D5 vec1 r1 L15, Loss: -0.011408835936, Fideltiy: 0.011408835936, 18/500, 28.49
2025-02-26 19:13:02,542 num4 D5 vec1 r1 L15, Loss: -0.013680242415, Fideltiy: 0.013680242415, 19/500, 30.13
2025-02-26 19:13:04,182 num4 D5 vec1 r1 L15, Loss: -0.016647964471, Fideltiy: 0.016647964471, 20/500, 31.77
2025-02-26 19:13:05,271 num4 D5 vec1 r1 L15, Loss: -0.018796651766, Fideltiy: 0.018796651766, 21/500, 33.36
2025-02-26 19:13:07,022 num4 D5 vec1 r1 L15, Loss: -0.022175089014, Fideltiy: 0.022175089014, 22/500, 35.11
2025-02-26 19:13:08,407 num4 D5 vec1 r1 L15, Loss: -0.026307193680, Fideltiy: 0.026307193680, 23/500, 36.49
2025-02-26 19:13:10,037 num4 D5 vec1 r1 L15, Loss: -0.029413688904, Fideltiy: 0.029413688904, 24/500, 38.12
2025-02-26 19:13:11,246 num4 D5 vec1 r1 L15, Loss: -0.033995684755, Fideltiy: 0.033995684755, 25/500, 39.83
2025-02-26 19:13:12,749 num4 D5 vec1 r1 L15, Loss: -0.040019716554, Fideltiy: 0.040019716554, 26/500, 41.34
2025-02-26 19:13:14,370 num4 D5 vec1 r1 L15, Loss: -0.045996175032, Fideltiy: 0.045996175032, 27/500, 42.96
2025-02-26 19:13:15,573 num4 D5 vec1 r1 L15, Loss: -0.052793379550, Fideltiy: 0.052793379550, 28/500, 44.66
2025-02-26 19:13:17,059 num4 D5 vec1 r1 L15, Loss: -0.058419366817, Fideltiy: 0.058419366817, 29/500, 46.15
2025-02-26 19:13:18,655 num4 D5 vec1 r1 L15, Loss: -0.067810752617, Fideltiy: 0.067810752617, 30/500, 47.75
2025-02-26 19:13:20,093 num4 D5 vec1 r1 L15, Loss: -0.081739243055, Fideltiy: 0.081739243055, 31/500, 49.18
2025-02-26 19:13:21,183 num4 D5 vec1 r1 L15, Loss: -0.095177211197, Fideltiy: 0.095177211197, 32/500, 50.78
2025-02-26 19:13:22,646 num4 D5 vec1 r1 L15, Loss: -0.108208021105, Fideltiy: 0.108208021105, 33/500, 52.24
2025-02-26 19:13:24,007 num4 D5 vec1 r1 L15, Loss: -0.128519475826, Fideltiy: 0.128519475826, 34/500, 53.60
2025-02-26 19:13:25,146 num4 D5 vec1 r1 L15, Loss: -0.152193810208, Fideltiy: 0.152193810208, 35/500, 55.23
2025-02-26 19:13:26,974 num4 D5 vec1 r1 L15, Loss: -0.159480833329, Fideltiy: 0.159480833329, 36/500, 57.06
2025-02-26 19:13:28,612 num4 D5 vec1 r1 L15, Loss: -0.172483110368, Fideltiy: 0.172483110368, 37/500, 58.70
2025-02-26 19:13:36,261 num4 D5 vec1 r1 L15, Loss: -0.194653755099, Fideltiy: 0.194653755099, 38/500, 60.32
2025-02-26 19:13:31,365 num4 D5 vec1 r1 L15, Loss: -0.222545503842, Fideltiy: 0.222545503842, 39/500, 61.96
2025-02-26 19:13:33,105 num4 D5 vec1 r1 L15, Loss: -0.218834419829, Fideltiy: 0.218834419829, 40/500, 63.70
2025-02-26 19:13:34,615 num4 D5 vec1 r1 L15, Loss: -0.236545044206, Fideltiy: 0.236545044206, 41/500, 65.21
2025-02-26 19:13:35,714 num4 D5 vec1 r1 L15, Loss: -0.243372592352, Fideltiy: 0.243372592352, 42/500, 66.82
2025-02-26 19:13:37,443 num4 D5 vec1 r1 L15, Loss: -0.253946843528, Fideltiy: 0.253946843528, 43/500, 68.55
2025-02-26 19:13:39,004 num4 D5 vec1 r1 L15, Loss: -0.267663517298, Fideltiy: 0.267663517298, 44/500, 70.11
2025-02-26 19:13:40,178 num4 D5 vec1 r1 L15, Loss: -0.272738121028, Fideltiy: 0.272738121028, 45/500, 71.78
2025-02-26 19:13:41,781 num4 D5 vec1 r1 L15, Loss: -0.278800174897, Fideltiy: 0.278800174897, 46/500, 73.39
2025-02-26 19:13:43,370 num4 D5 vec1 r1 L15, Loss: -0.285624952996, Fideltiy: 0.285624952996, 47/500, 74.97
2025-02-26 19:13:45,182 num4 D5 vec1 r1 L15, Loss: -0.289577112303, Fideltiy: 0.289577112303, 48/500, 76.79
2025-02-26 19:13:45,976 num4 D5 vec1 r1 L15, Loss: -0.293731278360, Fideltiy: 0.293731278360, 49/500, 78.07
2025-02-26 19:13:47,601 num4 D5 vec1 r1 L15, Loss: -0.298335290525, Fideltiy: 0.298335290525, 50/500, 79.70
2025-02-26 19:13:49,274 num4 D5 vec1 r1 L15, Loss: -0.302673017844, Fideltiy: 0.302673017844, 51/500, 81.37
2025-02-26 19:13:50,492 num4 D5 vec1 r1 L15, Loss: -0.306776361483, Fideltiy: 0.306776361483, 52/500, 83.09
2025-02-26 19:13:52,158 num4 D5 vec1 r1 L15, Loss: -0.309588969262, Fideltiy: 0.309588969262, 53/500, 84.76
2025-02-26 19:13:53,928 num4 D5 vec1 r1 L15, Loss: -0.313425397486, Fideltiy: 0.313425397486, 54/500, 86.53
2025-02-26 19:13:55,207 num4 D5 vec1 r1 L15, Loss: -0.315290570958, Fideltiy: 0.315290570958, 55/500, 88.31
2025-02-26 19:13:56,748 num4 D5 vec1 r1 L15, Loss: -0.317665397938, Fideltiy: 0.317665397938, 56/500, 89.85
2025-02-26 19:13:58,411 num4 D5 vec1 r1 L15, Loss: -0.319705205010, Fideltiy: 0.319705205010, 57/500, 91.51
2025-02-26 19:14:00,076 num4 D5 vec1 r1 L15, Loss: -0.321487373481, Fideltiy: 0.321487373481, 58/500, 93.18
2025-02-26 19:14:01,340 num4 D5 vec1 r1 L15, Loss: -0.322846267076, Fideltiy: 0.322846267076, 59/500, 94.95
2025-02-26 19:14:03,210 num4 D5 vec1 r1 L15, Loss: -0.324128419048, Fideltiy: 0.324128419048, 60/500, 96.82
2025-02-26 19:14:05,012 num4 D5 vec1 r1 L15, Loss: -0.325707835467, Fideltiy: 0.325707835467, 61/500, 98.62
2025-02-26 19:14:06,303 num4 D5 vec1 r1 L15, Loss: -0.326281697711, Fideltiy: 0.326281697711, 62/500, 100.41
2025-02-26 19:14:07,956 num4 D5 vec1 r1 L15, Loss: -0.327168028479, Fideltiy: 0.327168028479, 63/500, 102.07
2025-02-26 19:14:09,689 num4 D5 vec1 r1 L15, Loss: -0.328219293658, Fideltiy: 0.328219293658, 64/500, 103.80
2025-02-26 19:14:10,610 num4 D5 vec1 r1 L15, Loss: -0.329125121743, Fideltiy: 0.329125121743, 65/500, 105.21
2025-02-26 19:14:12,319 num4 D5 vec1 r1 L15, Loss: -0.329903771684, Fideltiy: 0.329903771684, 66/500, 106.92
2025-02-26 19:14:14,114 num4 D5 vec1 r1 L15, Loss: -0.330855257077, Fideltiy: 0.330855257077, 67/500, 108.71
2025-02-26 19:14:15,164 num4 D5 vec1 r1 L15, Loss: -0.331753865688, Fideltiy: 0.331753865688, 68/500, 110.27
2025-02-26 19:14:16,599 num4 D5 vec1 r1 L15, Loss: -0.332736894155, Fideltiy: 0.332736894155, 69/500, 111.71
2025-02-26 19:14:17,968 num4 D5 vec1 r1 L15, Loss: -0.333519175124, Fideltiy: 0.333519175124, 70/500, 113.08
2025-02-26 19:14:19,542 num4 D5 vec1 r1 L15, Loss: -0.334207828423, Fideltiy: 0.334207828423, 71/500, 114.65
2025-02-26 19:14:20,662 num4 D5 vec1 r1 L15, Loss: -0.334533811815, Fideltiy: 0.334533811815, 72/500, 116.27
2025-02-26 19:14:21,991 num4 D5 vec1 r1 L15, Loss: -0.335014191069, Fideltiy: 0.335014191069, 73/500, 117.60
2025-02-26 19:14:23,545 num4 D5 vec1 r1 L15, Loss: -0.335545309135, Fideltiy: 0.335545309135, 74/500, 119.16
2025-02-26 19:14:31,420 num4 D5 vec1 r1 L15, Loss: -0.335910390515, Fideltiy: 0.335910390515, 75/500, 120.99
2025-02-26 19:14:26,533 num4 D5 vec1 r1 L15, Loss: -0.336311685236, Fideltiy: 0.336311685236, 76/500, 122.64
2025-02-26 19:14:28,038 num4 D5 vec1 r1 L15, Loss: -0.336716538702, Fideltiy: 0.336716538702, 77/500, 124.14
2025-02-26 19:14:29,596 num4 D5 vec1 r1 L15, Loss: -0.336976472874, Fideltiy: 0.336976472874, 78/500, 125.70
2025-02-26 19:14:30,755 num4 D5 vec1 r1 L15, Loss: -0.337323300746, Fideltiy: 0.337323300746, 79/500, 127.37
2025-02-26 19:14:32,403 num4 D5 vec1 r1 L15, Loss: -0.337628162157, Fideltiy: 0.337628162157, 80/500, 129.02
2025-02-26 19:14:33,967 num4 D5 vec1 r1 L15, Loss: -0.337889611952, Fideltiy: 0.337889611952, 81/500, 130.59
2025-02-26 19:14:41,573 num4 D5 vec1 r1 L15, Loss: -0.338080306719, Fideltiy: 0.338080306719, 82/500, 132.15
2025-02-26 19:14:36,676 num4 D5 vec1 r1 L15, Loss: -0.338341036154, Fideltiy: 0.338341036154, 83/500, 133.79
2025-02-26 19:14:38,342 num4 D5 vec1 r1 L15, Loss: -0.338673902132, Fideltiy: 0.338673902132, 84/500, 135.45
2025-02-26 19:14:40,114 num4 D5 vec1 r1 L15, Loss: -0.338984200738, Fideltiy: 0.338984200738, 85/500, 137.23
2025-02-26 19:14:41,287 num4 D5 vec1 r1 L15, Loss: -0.339228809530, Fideltiy: 0.339228809530, 86/500, 138.90
2025-02-26 19:14:42,957 num4 D5 vec1 r1 L15, Loss: -0.339474267738, Fideltiy: 0.339474267738, 87/500, 140.57
2025-02-26 19:14:44,573 num4 D5 vec1 r1 L15, Loss: -0.339711882661, Fideltiy: 0.339711882661, 88/500, 142.19
2025-02-26 19:14:45,745 num4 D5 vec1 r1 L15, Loss: -0.339873908447, Fideltiy: 0.339873908447, 89/500, 143.86
2025-02-26 19:14:47,552 num4 D5 vec1 r1 L15, Loss: -0.340079703527, Fideltiy: 0.340079703527, 90/500, 145.67
2025-02-26 19:14:49,197 num4 D5 vec1 r1 L15, Loss: -0.340280416853, Fideltiy: 0.340280416853, 91/500, 147.31
2025-02-26 19:14:50,337 num4 D5 vec1 r1 L15, Loss: -0.340482065630, Fideltiy: 0.340482065630, 92/500, 148.95
2025-02-26 19:14:51,945 num4 D5 vec1 r1 L15, Loss: -0.340586409012, Fideltiy: 0.340586409012, 93/500, 150.56
2025-02-26 19:14:53,728 num4 D5 vec1 r1 L15, Loss: -0.340747882264, Fideltiy: 0.340747882264, 94/500, 152.34
2025-02-26 19:15:01,382 num4 D5 vec1 r1 L15, Loss: -0.340930862535, Fideltiy: 0.340930862535, 95/500, 153.96
2025-02-26 19:14:56,474 num4 D5 vec1 r1 L15, Loss: -0.341092815089, Fideltiy: 0.341092815089, 96/500, 155.60
2025-02-26 19:14:58,065 num4 D5 vec1 r1 L15, Loss: -0.341171768050, Fideltiy: 0.341171768050, 97/500, 157.19
2025-02-26 19:14:59,566 num4 D5 vec1 r1 L15, Loss: -0.341297178710, Fideltiy: 0.341297178710, 98/500, 158.69
2025-02-26 19:15:00,782 num4 D5 vec1 r1 L15, Loss: -0.341487082157, Fideltiy: 0.341487082157, 99/500, 160.40
2025-02-26 19:15:01,980 num4 D5 vec1 r1 L15, Loss: -0.341669232543, Fideltiy: 0.341669232543, 100/500, 161.60
2025-02-26 19:15:03,592 num4 D5 vec1 r1 L15, Loss: -0.341821381667, Fideltiy: 0.341821381667, 101/500, 163.21
2025-02-26 19:15:11,440 num4 D5 vec1 r1 L15, Loss: -0.341965311339, Fideltiy: 0.341965311339, 102/500, 165.02
2025-02-26 19:15:06,518 num4 D5 vec1 r1 L15, Loss: -0.342118515796, Fideltiy: 0.342118515796, 103/500, 166.63
2025-02-26 19:15:07,819 num4 D5 vec1 r1 L15, Loss: -0.342250114482, Fideltiy: 0.342250114482, 104/500, 167.93
2025-02-26 19:15:09,650 num4 D5 vec1 r1 L15, Loss: -0.342359237806, Fideltiy: 0.342359237806, 105/500, 169.76
2025-02-26 19:15:10,695 num4 D5 vec1 r1 L15, Loss: -0.342453916278, Fideltiy: 0.342453916278, 106/500, 171.31
2025-02-26 19:15:12,359 num4 D5 vec1 r1 L15, Loss: -0.342558551476, Fideltiy: 0.342558551476, 107/500, 172.97
2025-02-26 19:15:14,024 num4 D5 vec1 r1 L15, Loss: -0.342659667123, Fideltiy: 0.342659667123, 108/500, 174.64
2025-02-26 19:15:21,571 num4 D5 vec1 r1 L15, Loss: -0.342749252362, Fideltiy: 0.342749252362, 109/500, 176.16
2025-02-26 19:15:16,905 num4 D5 vec1 r1 L15, Loss: -0.342866479072, Fideltiy: 0.342866479072, 110/500, 178.03
2025-02-26 19:15:18,566 num4 D5 vec1 r1 L15, Loss: -0.343005237983, Fideltiy: 0.343005237983, 111/500, 179.69
2025-02-26 19:15:20,334 num4 D5 vec1 r1 L15, Loss: -0.343184318010, Fideltiy: 0.343184318010, 112/500, 181.46
2025-02-26 19:15:21,543 num4 D5 vec1 r1 L15, Loss: -0.343374415346, Fideltiy: 0.343374415346, 113/500, 183.17
2025-02-26 19:15:23,122 num4 D5 vec1 r1 L15, Loss: -0.343572746203, Fideltiy: 0.343572746203, 114/500, 184.75
2025-02-26 19:15:24,940 num4 D5 vec1 r1 L15, Loss: -0.343677930697, Fideltiy: 0.343677930697, 115/500, 186.56
2025-02-26 19:15:26,099 num4 D5 vec1 r1 L15, Loss: -0.343825944275, Fideltiy: 0.343825944275, 116/500, 188.22
2025-02-26 19:15:27,833 num4 D5 vec1 r1 L15, Loss: -0.343967827078, Fideltiy: 0.343967827078, 117/500, 189.96
2025-02-26 19:15:29,369 num4 D5 vec1 r1 L15, Loss: -0.344091253012, Fideltiy: 0.344091253012, 118/500, 191.49
2025-02-26 19:15:36,728 num4 D5 vec1 r1 L15, Loss: -0.344248515093, Fideltiy: 0.344248515093, 119/500, 192.82
2025-02-26 19:15:32,085 num4 D5 vec1 r1 L15, Loss: -0.344427888747, Fideltiy: 0.344427888747, 120/500, 194.70
2025-02-26 19:15:33,802 num4 D5 vec1 r1 L15, Loss: -0.344544219628, Fideltiy: 0.344544219628, 121/500, 196.42
2025-02-26 19:15:41,554 num4 D5 vec1 r1 L15, Loss: -0.344677929895, Fideltiy: 0.344677929895, 122/500, 198.14
2025-02-26 19:15:36,716 num4 D5 vec1 r1 L15, Loss: -0.344822424711, Fideltiy: 0.344822424711, 123/500, 199.84
2025-02-26 19:15:38,354 num4 D5 vec1 r1 L15, Loss: -0.344951345985, Fideltiy: 0.344951345985, 124/500, 201.48
2025-02-26 19:15:40,042 num4 D5 vec1 r1 L15, Loss: -0.345053347057, Fideltiy: 0.345053347057, 125/500, 203.16
2025-02-26 19:15:41,183 num4 D5 vec1 r1 L15, Loss: -0.345175995944, Fideltiy: 0.345175995944, 126/500, 204.81
2025-02-26 19:15:42,829 num4 D5 vec1 r1 L15, Loss: -0.345310631189, Fideltiy: 0.345310631189, 127/500, 206.45
2025-02-26 19:15:44,495 num4 D5 vec1 r1 L15, Loss: -0.345462445226, Fideltiy: 0.345462445226, 128/500, 208.12
2025-02-26 19:15:45,572 num4 D5 vec1 r1 L15, Loss: -0.345607415366, Fideltiy: 0.345607415366, 129/500, 209.71
2025-02-26 19:15:47,191 num4 D5 vec1 r1 L15, Loss: -0.345735239749, Fideltiy: 0.345735239749, 130/500, 211.33
2025-02-26 19:15:48,817 num4 D5 vec1 r1 L15, Loss: -0.345793816038, Fideltiy: 0.345793816038, 131/500, 212.95
2025-02-26 19:15:56,501 num4 D5 vec1 r1 L15, Loss: -0.345887465171, Fideltiy: 0.345887465171, 132/500, 214.59
2025-02-26 19:15:51,532 num4 D5 vec1 r1 L15, Loss: -0.346028323644, Fideltiy: 0.346028323644, 133/500, 216.17
2025-02-26 19:15:53,100 num4 D5 vec1 r1 L15, Loss: -0.346154393230, Fideltiy: 0.346154393230, 134/500, 217.74
2025-02-26 19:15:54,594 num4 D5 vec1 r1 L15, Loss: -0.346270799469, Fideltiy: 0.346270799469, 135/500, 219.23
2025-02-26 19:15:55,711 num4 D5 vec1 r1 L15, Loss: -0.346390988728, Fideltiy: 0.346390988728, 136/500, 220.85
2025-02-26 19:15:57,390 num4 D5 vec1 r1 L15, Loss: -0.346529071323, Fideltiy: 0.346529071323, 137/500, 222.53
2025-02-26 19:15:58,791 num4 D5 vec1 r1 L15, Loss: -0.346667052805, Fideltiy: 0.346667052805, 138/500, 223.93
2025-02-26 19:16:00,450 num4 D5 vec1 r1 L15, Loss: -0.346715890411, Fideltiy: 0.346715890411, 139/500, 225.59
2025-02-26 19:16:01,648 num4 D5 vec1 r1 L15, Loss: -0.346793724805, Fideltiy: 0.346793724805, 140/500, 227.28
2025-02-26 19:16:03,051 num4 D5 vec1 r1 L15, Loss: -0.346902779692, Fideltiy: 0.346902779692, 141/500, 228.68
2025-02-26 19:16:04,743 num4 D5 vec1 r1 L15, Loss: -0.347014873607, Fideltiy: 0.347014873607, 142/500, 230.37
2025-02-26 19:16:06,064 num4 D5 vec1 r1 L15, Loss: -0.347104176145, Fideltiy: 0.347104176145, 143/500, 232.21
2025-02-26 19:16:07,772 num4 D5 vec1 r1 L15, Loss: -0.347218280428, Fideltiy: 0.347218280428, 144/500, 233.92
2025-02-26 19:16:09,584 num4 D5 vec1 r1 L15, Loss: -0.347344991492, Fideltiy: 0.347344991492, 145/500, 235.73
2025-02-26 19:16:10,851 num4 D5 vec1 r1 L15, Loss: -0.347438946489, Fideltiy: 0.347438946489, 146/500, 237.49
2025-02-26 19:16:12,651 num4 D5 vec1 r1 L15, Loss: -0.347517829894, Fideltiy: 0.347517829894, 147/500, 239.29
2025-02-26 19:16:14,310 num4 D5 vec1 r1 L15, Loss: -0.347603454074, Fideltiy: 0.347603454074, 148/500, 240.94
2025-02-26 19:16:15,428 num4 D5 vec1 r1 L15, Loss: -0.347682978887, Fideltiy: 0.347682978887, 149/500, 242.57
2025-02-26 19:16:17,185 num4 D5 vec1 r1 L15, Loss: -0.347776153396, Fideltiy: 0.347776153396, 150/500, 244.33
2025-02-26 19:16:18,908 num4 D5 vec1 r1 L15, Loss: -0.347827851497, Fideltiy: 0.347827851497, 151/500, 246.05
2025-02-26 19:16:20,480 num4 D5 vec1 r1 L15, Loss: -0.347891095714, Fideltiy: 0.347891095714, 152/500, 247.62
2025-02-26 19:16:21,586 num4 D5 vec1 r1 L15, Loss: -0.347951151615, Fideltiy: 0.347951151615, 153/500, 249.22
2025-02-26 19:16:23,404 num4 D5 vec1 r1 L15, Loss: -0.348002147895, Fideltiy: 0.348002147895, 154/500, 251.04
2025-02-26 19:16:25,151 num4 D5 vec1 r1 L15, Loss: -0.348066150368, Fideltiy: 0.348066150368, 155/500, 252.79
2025-02-26 19:16:26,297 num4 D5 vec1 r1 L15, Loss: -0.348110149905, Fideltiy: 0.348110149905, 156/500, 254.43
2025-02-26 19:16:27,995 num4 D5 vec1 r1 L15, Loss: -0.348151885919, Fideltiy: 0.348151885919, 157/500, 256.13
2025-02-26 19:16:29,560 num4 D5 vec1 r1 L15, Loss: -0.348194190275, Fideltiy: 0.348194190275, 158/500, 257.70
2025-02-26 19:16:30,726 num4 D5 vec1 r1 L15, Loss: -0.348241222037, Fideltiy: 0.348241222037, 159/500, 259.36
2025-02-26 19:16:32,427 num4 D5 vec1 r1 L15, Loss: -0.348298488556, Fideltiy: 0.348298488556, 160/500, 261.06
2025-02-26 19:16:34,291 num4 D5 vec1 r1 L15, Loss: -0.348315774713, Fideltiy: 0.348315774713, 161/500, 262.93
2025-02-26 19:16:41,853 num4 D5 vec1 r1 L15, Loss: -0.348345813317, Fideltiy: 0.348345813317, 162/500, 264.45
2025-02-26 19:16:36,962 num4 D5 vec1 r1 L15, Loss: -0.348392613889, Fideltiy: 0.348392613889, 163/500, 266.13
2025-02-26 19:16:38,810 num4 D5 vec1 r1 L15, Loss: -0.348436023382, Fideltiy: 0.348436023382, 164/500, 267.98
2025-02-26 19:16:40,380 num4 D5 vec1 r1 L15, Loss: -0.348466117366, Fideltiy: 0.348466117366, 165/500, 269.55
2025-02-26 19:16:41,749 num4 D5 vec1 r1 L15, Loss: -0.348500017734, Fideltiy: 0.348500017734, 166/500, 271.39
2025-02-26 19:16:43,179 num4 D5 vec1 r1 L15, Loss: -0.348537022513, Fideltiy: 0.348537022513, 167/500, 272.82
2025-02-26 19:16:44,921 num4 D5 vec1 r1 L15, Loss: -0.348577761447, Fideltiy: 0.348577761447, 168/500, 274.56
2025-02-26 19:16:46,116 num4 D5 vec1 r1 L15, Loss: -0.348613847397, Fideltiy: 0.348613847397, 169/500, 276.26
2025-02-26 19:16:47,851 num4 D5 vec1 r1 L15, Loss: -0.348662931497, Fideltiy: 0.348662931497, 170/500, 278.00
2025-02-26 19:16:49,583 num4 D5 vec1 r1 L15, Loss: -0.348717372622, Fideltiy: 0.348717372622, 171/500, 279.73
2025-02-26 19:16:56,885 num4 D5 vec1 r1 L15, Loss: -0.348766046594, Fideltiy: 0.348766046594, 172/500, 280.99
2025-02-26 19:16:51,982 num4 D5 vec1 r1 L15, Loss: -0.348810438071, Fideltiy: 0.348810438071, 173/500, 282.62
2025-02-26 19:16:53,859 num4 D5 vec1 r1 L15, Loss: -0.348870793628, Fideltiy: 0.348870793628, 174/500, 284.49
2025-02-26 19:17:01,613 num4 D5 vec1 r1 L15, Loss: -0.348930561023, Fideltiy: 0.348930561023, 175/500, 286.22
2025-02-26 19:16:56,816 num4 D5 vec1 r1 L15, Loss: -0.348967199253, Fideltiy: 0.348967199253, 176/500, 287.96
2025-02-26 19:16:58,431 num4 D5 vec1 r1 L15, Loss: -0.349005851655, Fideltiy: 0.349005851655, 177/500, 289.58
2025-02-26 19:17:00,053 num4 D5 vec1 r1 L15, Loss: -0.349059589603, Fideltiy: 0.349059589603, 178/500, 291.20
2025-02-26 19:17:01,244 num4 D5 vec1 r1 L15, Loss: -0.349122670389, Fideltiy: 0.349122670389, 179/500, 292.90
2025-02-26 19:17:02,987 num4 D5 vec1 r1 L15, Loss: -0.349172737439, Fideltiy: 0.349172737439, 180/500, 294.64
2025-02-26 19:17:04,789 num4 D5 vec1 r1 L15, Loss: -0.349227919559, Fideltiy: 0.349227919559, 181/500, 296.44
2025-02-26 19:17:05,894 num4 D5 vec1 r1 L15, Loss: -0.349282636751, Fideltiy: 0.349282636751, 182/500, 298.04
2025-02-26 19:17:07,645 num4 D5 vec1 r1 L15, Loss: -0.349319285992, Fideltiy: 0.349319285992, 183/500, 299.79
2025-02-26 19:17:09,384 num4 D5 vec1 r1 L15, Loss: -0.349367200954, Fideltiy: 0.349367200954, 184/500, 301.53
2025-02-26 19:17:10,543 num4 D5 vec1 r1 L15, Loss: -0.349413964140, Fideltiy: 0.349413964140, 185/500, 303.19
2025-02-26 19:17:12,278 num4 D5 vec1 r1 L15, Loss: -0.349439924892, Fideltiy: 0.349439924892, 186/500, 304.93
2025-02-26 19:17:13,868 num4 D5 vec1 r1 L15, Loss: -0.349472860807, Fideltiy: 0.349472860807, 187/500, 306.52
2025-02-26 19:17:15,541 num4 D5 vec1 r1 L15, Loss: -0.349513861135, Fideltiy: 0.349513861135, 188/500, 308.19
2025-02-26 19:17:16,650 num4 D5 vec1 r1 L15, Loss: -0.349551444909, Fideltiy: 0.349551444909, 189/500, 309.80
2025-02-26 19:17:18,408 num4 D5 vec1 r1 L15, Loss: -0.349596759354, Fideltiy: 0.349596759354, 190/500, 311.56
2025-02-26 19:17:20,055 num4 D5 vec1 r1 L15, Loss: -0.349630108696, Fideltiy: 0.349630108696, 191/500, 313.20
2025-02-26 19:17:21,166 num4 D5 vec1 r1 L15, Loss: -0.349669529331, Fideltiy: 0.349669529331, 192/500, 314.81
2025-02-26 19:17:22,887 num4 D5 vec1 r1 L15, Loss: -0.349711685465, Fideltiy: 0.349711685465, 193/500, 316.54
2025-02-26 19:17:24,121 num4 D5 vec1 r1 L15, Loss: -0.349764245664, Fideltiy: 0.349764245664, 194/500, 317.77
2025-02-26 19:17:31,904 num4 D5 vec1 r1 L15, Loss: -0.349824939323, Fideltiy: 0.349824939323, 195/500, 319.51
2025-02-26 19:17:26,902 num4 D5 vec1 r1 L15, Loss: -0.349865846123, Fideltiy: 0.349865846123, 196/500, 321.05
2025-02-26 19:17:28,468 num4 D5 vec1 r1 L15, Loss: -0.349908894106, Fideltiy: 0.349908894106, 197/500, 322.61
2025-02-26 19:17:29,938 num4 D5 vec1 r1 L15, Loss: -0.349947463792, Fideltiy: 0.349947463792, 198/500, 324.08
2025-02-26 19:17:31,070 num4 D5 vec1 r1 L15, Loss: -0.349989950121, Fideltiy: 0.349989950121, 199/500, 325.73
2025-02-26 19:17:32,705 num4 D5 vec1 r1 L15, Loss: -0.350034503070, Fideltiy: 0.350034503070, 200/500, 327.37
2025-02-26 19:17:34,443 num4 D5 vec1 r1 L15, Loss: -0.350066649640, Fideltiy: 0.350066649640, 201/500, 329.10
2025-02-26 19:17:35,495 num4 D5 vec1 r1 L15, Loss: -0.350101653620, Fideltiy: 0.350101653620, 202/500, 330.65
2025-02-26 19:17:37,121 num4 D5 vec1 r1 L15, Loss: -0.350140285128, Fideltiy: 0.350140285128, 203/500, 332.28
2025-02-26 19:17:38,902 num4 D5 vec1 r1 L15, Loss: -0.350180434959, Fideltiy: 0.350180434959, 204/500, 334.06
2025-02-26 19:17:40,451 num4 D5 vec1 r1 L15, Loss: -0.350215027109, Fideltiy: 0.350215027109, 205/500, 335.61
2025-02-26 19:17:41,706 num4 D5 vec1 r1 L15, Loss: -0.350247700086, Fideltiy: 0.350247700086, 206/500, 337.37
2025-02-26 19:17:43,306 num4 D5 vec1 r1 L15, Loss: -0.350282192930, Fideltiy: 0.350282192930, 207/500, 338.97
2025-02-26 19:17:45,042 num4 D5 vec1 r1 L15, Loss: -0.350326511795, Fideltiy: 0.350326511795, 208/500, 340.70
2025-02-26 19:17:45,933 num4 D5 vec1 r1 L15, Loss: -0.350380101885, Fideltiy: 0.350380101885, 209/500, 342.09
2025-02-26 19:17:47,477 num4 D5 vec1 r1 L15, Loss: -0.350415030506, Fideltiy: 0.350415030506, 210/500, 343.64
2025-02-26 19:17:49,282 num4 D5 vec1 r1 L15, Loss: -0.350456411885, Fideltiy: 0.350456411885, 211/500, 345.44
2025-02-26 19:17:56,861 num4 D5 vec1 r1 L15, Loss: -0.350496155647, Fideltiy: 0.350496155647, 212/500, 346.98
2025-02-26 19:17:51,974 num4 D5 vec1 r1 L15, Loss: -0.350536063890, Fideltiy: 0.350536063890, 213/500, 348.62
2025-02-26 19:17:53,727 num4 D5 vec1 r1 L15, Loss: -0.350570024211, Fideltiy: 0.350570024211, 214/500, 350.37
2025-02-26 19:17:55,327 num4 D5 vec1 r1 L15, Loss: -0.350587751601, Fideltiy: 0.350587751601, 215/500, 351.97
2025-02-26 19:17:56,543 num4 D5 vec1 r1 L15, Loss: -0.350614066112, Fideltiy: 0.350614066112, 216/500, 353.69
2025-02-26 19:17:58,213 num4 D5 vec1 r1 L15, Loss: -0.350647523918, Fideltiy: 0.350647523918, 217/500, 355.36
2025-02-26 19:17:59,963 num4 D5 vec1 r1 L15, Loss: -0.350672847578, Fideltiy: 0.350672847578, 218/500, 357.11
2025-02-26 19:18:01,053 num4 D5 vec1 r1 L15, Loss: -0.350698022690, Fideltiy: 0.350698022690, 219/500, 358.72
2025-02-26 19:18:02,773 num4 D5 vec1 r1 L15, Loss: -0.350726240395, Fideltiy: 0.350726240395, 220/500, 360.44
2025-02-26 19:18:04,433 num4 D5 vec1 r1 L15, Loss: -0.350749158026, Fideltiy: 0.350749158026, 221/500, 362.10
2025-02-26 19:18:05,653 num4 D5 vec1 r1 L15, Loss: -0.350765725503, Fideltiy: 0.350765725503, 222/500, 363.82
2025-02-26 19:18:07,386 num4 D5 vec1 r1 L15, Loss: -0.350786905950, Fideltiy: 0.350786905950, 223/500, 365.55
2025-02-26 19:18:08,964 num4 D5 vec1 r1 L15, Loss: -0.350811096602, Fideltiy: 0.350811096602, 224/500, 367.13
2025-02-26 19:18:10,329 num4 D5 vec1 r1 L15, Loss: -0.350835259820, Fideltiy: 0.350835259820, 225/500, 368.49
2025-02-26 19:18:11,585 num4 D5 vec1 r1 L15, Loss: -0.350861861343, Fideltiy: 0.350861861343, 226/500, 370.25
2025-02-26 19:18:13,223 num4 D5 vec1 r1 L15, Loss: -0.350894420874, Fideltiy: 0.350894420874, 227/500, 371.89
2025-02-26 19:18:15,028 num4 D5 vec1 r1 L15, Loss: -0.350923249097, Fideltiy: 0.350923249097, 228/500, 373.69
2025-02-26 19:18:16,131 num4 D5 vec1 r1 L15, Loss: -0.350951992537, Fideltiy: 0.350951992537, 229/500, 375.30
2025-02-26 19:18:17,883 num4 D5 vec1 r1 L15, Loss: -0.350980614696, Fideltiy: 0.350980614696, 230/500, 377.05
2025-02-26 19:18:19,463 num4 D5 vec1 r1 L15, Loss: -0.351004775635, Fideltiy: 0.351004775635, 231/500, 378.63
2025-02-26 19:18:20,716 num4 D5 vec1 r1 L15, Loss: -0.351028698083, Fideltiy: 0.351028698083, 232/500, 380.38
2025-02-26 19:18:22,371 num4 D5 vec1 r1 L15, Loss: -0.351051587631, Fideltiy: 0.351051587631, 233/500, 382.03
2025-02-26 19:18:23,803 num4 D5 vec1 r1 L15, Loss: -0.351072395877, Fideltiy: 0.351072395877, 234/500, 383.46
2025-02-26 19:18:25,616 num4 D5 vec1 r1 L15, Loss: -0.351095265206, Fideltiy: 0.351095265206, 235/500, 385.28
2025-02-26 19:18:26,619 num4 D5 vec1 r1 L15, Loss: -0.351119937888, Fideltiy: 0.351119937888, 236/500, 386.78
2025-02-26 19:18:28,349 num4 D5 vec1 r1 L15, Loss: -0.351144919256, Fideltiy: 0.351144919256, 237/500, 388.51
2025-02-26 19:18:30,085 num4 D5 vec1 r1 L15, Loss: -0.351167763551, Fideltiy: 0.351167763551, 238/500, 390.24
2025-02-26 19:18:31,180 num4 D5 vec1 r1 L15, Loss: -0.351193352872, Fideltiy: 0.351193352872, 239/500, 391.85
2025-02-26 19:18:32,883 num4 D5 vec1 r1 L15, Loss: -0.351215724113, Fideltiy: 0.351215724113, 240/500, 393.55
2025-02-26 19:18:34,468 num4 D5 vec1 r1 L15, Loss: -0.351235939694, Fideltiy: 0.351235939694, 241/500, 395.14
2025-02-26 19:18:35,597 num4 D5 vec1 r1 L15, Loss: -0.351260729347, Fideltiy: 0.351260729347, 242/500, 396.76
2025-02-26 19:18:37,253 num4 D5 vec1 r1 L15, Loss: -0.351281426815, Fideltiy: 0.351281426815, 243/500, 398.42
2025-02-26 19:18:38,799 num4 D5 vec1 r1 L15, Loss: -0.351301398168, Fideltiy: 0.351301398168, 244/500, 399.97
2025-02-26 19:18:40,413 num4 D5 vec1 r1 L15, Loss: -0.351324228098, Fideltiy: 0.351324228098, 245/500, 401.58
2025-02-26 19:18:41,491 num4 D5 vec1 r1 L15, Loss: -0.351345700048, Fideltiy: 0.351345700048, 246/500, 403.15
2025-02-26 19:18:43,207 num4 D5 vec1 r1 L15, Loss: -0.351366121175, Fideltiy: 0.351366121175, 247/500, 404.86
2025-02-26 19:18:44,882 num4 D5 vec1 r1 L15, Loss: -0.351389730461, Fideltiy: 0.351389730461, 248/500, 406.54
2025-02-26 19:18:45,928 num4 D5 vec1 r1 L15, Loss: -0.351412091368, Fideltiy: 0.351412091368, 249/500, 408.10
2025-02-26 19:18:47,583 num4 D5 vec1 r1 L15, Loss: -0.351424194497, Fideltiy: 0.351424194497, 250/500, 409.75
2025-02-26 19:18:49,224 num4 D5 vec1 r1 L15, Loss: -0.351440203773, Fideltiy: 0.351440203773, 251/500, 411.40
2025-02-26 19:18:56,893 num4 D5 vec1 r1 L15, Loss: -0.351452549643, Fideltiy: 0.351452549643, 252/500, 413.02
2025-02-26 19:18:51,831 num4 D5 vec1 r1 L15, Loss: -0.351464647185, Fideltiy: 0.351464647185, 253/500, 414.50
2025-02-26 19:18:53,471 num4 D5 vec1 r1 L15, Loss: -0.351479622371, Fideltiy: 0.351479622371, 254/500, 416.14
2025-02-26 19:18:54,918 num4 D5 vec1 r1 L15, Loss: -0.351497860690, Fideltiy: 0.351497860690, 255/500, 417.59
2025-02-26 19:18:56,055 num4 D5 vec1 r1 L15, Loss: -0.351513056942, Fideltiy: 0.351513056942, 256/500, 419.23
2025-02-26 19:18:57,791 num4 D5 vec1 r1 L15, Loss: -0.351525346027, Fideltiy: 0.351525346027, 257/500, 420.97
2025-02-26 19:18:59,368 num4 D5 vec1 r1 L15, Loss: -0.351537848142, Fideltiy: 0.351537848142, 258/500, 422.55
2025-02-26 19:19:07,065 num4 D5 vec1 r1 L15, Loss: -0.351549600931, Fideltiy: 0.351549600931, 259/500, 424.19
2025-02-26 19:19:02,115 num4 D5 vec1 r1 L15, Loss: -0.351564000864, Fideltiy: 0.351564000864, 260/500, 425.79
2025-02-26 19:19:03,685 num4 D5 vec1 r1 L15, Loss: -0.351575470583, Fideltiy: 0.351575470583, 261/500, 427.36
2025-02-26 19:19:05,210 num4 D5 vec1 r1 L15, Loss: -0.351588636083, Fideltiy: 0.351588636083, 262/500, 428.88
2025-02-26 19:19:06,289 num4 D5 vec1 r1 L15, Loss: -0.351600675166, Fideltiy: 0.351600675166, 263/500, 430.46
2025-02-26 19:19:07,886 num4 D5 vec1 r1 L15, Loss: -0.351613655078, Fideltiy: 0.351613655078, 264/500, 432.06
2025-02-26 19:19:09,575 num4 D5 vec1 r1 L15, Loss: -0.351625077037, Fideltiy: 0.351625077037, 265/500, 433.75
2025-02-26 19:19:17,133 num4 D5 vec1 r1 L15, Loss: -0.351637419191, Fideltiy: 0.351637419191, 266/500, 435.26
2025-02-26 19:19:12,426 num4 D5 vec1 r1 L15, Loss: -0.351649556202, Fideltiy: 0.351649556202, 267/500, 437.11
2025-02-26 19:19:14,082 num4 D5 vec1 r1 L15, Loss: -0.351659074549, Fideltiy: 0.351659074549, 268/500, 438.77
2025-02-26 19:19:21,909 num4 D5 vec1 r1 L15, Loss: -0.351670098511, Fideltiy: 0.351670098511, 269/500, 440.54
2025-02-26 19:19:17,007 num4 D5 vec1 r1 L15, Loss: -0.351682465927, Fideltiy: 0.351682465927, 270/500, 442.18
2025-02-26 19:19:18,488 num4 D5 vec1 r1 L15, Loss: -0.351693770298, Fideltiy: 0.351693770298, 271/500, 443.66
2025-02-26 19:19:20,309 num4 D5 vec1 r1 L15, Loss: -0.351705782286, Fideltiy: 0.351705782286, 272/500, 445.48
2025-02-26 19:19:21,435 num4 D5 vec1 r1 L15, Loss: -0.351718103820, Fideltiy: 0.351718103820, 273/500, 447.11
2025-02-26 19:19:23,138 num4 D5 vec1 r1 L15, Loss: -0.351733096658, Fideltiy: 0.351733096658, 274/500, 448.81
2025-02-26 19:19:24,784 num4 D5 vec1 r1 L15, Loss: -0.351747443534, Fideltiy: 0.351747443534, 275/500, 450.45
2025-02-26 19:19:25,894 num4 D5 vec1 r1 L15, Loss: -0.351757635127, Fideltiy: 0.351757635127, 276/500, 452.07
2025-02-26 19:19:27,687 num4 D5 vec1 r1 L15, Loss: -0.351770644023, Fideltiy: 0.351770644023, 277/500, 453.87
2025-02-26 19:19:29,349 num4 D5 vec1 r1 L15, Loss: -0.351785633904, Fideltiy: 0.351785633904, 278/500, 455.53
2025-02-26 19:19:37,090 num4 D5 vec1 r1 L15, Loss: -0.351799566375, Fideltiy: 0.351799566375, 279/500, 457.22
2025-02-26 19:19:31,966 num4 D5 vec1 r1 L15, Loss: -0.351810733722, Fideltiy: 0.351810733722, 280/500, 458.64
2025-02-26 19:19:33,740 num4 D5 vec1 r1 L15, Loss: -0.351818997370, Fideltiy: 0.351818997370, 281/500, 460.41
2025-02-26 19:19:35,239 num4 D5 vec1 r1 L15, Loss: -0.351829768003, Fideltiy: 0.351829768003, 282/500, 461.91
2025-02-26 19:19:36,383 num4 D5 vec1 r1 L15, Loss: -0.351844094761, Fideltiy: 0.351844094761, 283/500, 463.57
2025-02-26 19:19:38,078 num4 D5 vec1 r1 L15, Loss: -0.351858354425, Fideltiy: 0.351858354425, 284/500, 465.27
2025-02-26 19:19:39,490 num4 D5 vec1 r1 L15, Loss: -0.351873623412, Fideltiy: 0.351873623412, 285/500, 466.68
2025-02-26 19:19:47,157 num4 D5 vec1 r1 L15, Loss: -0.351888104600, Fideltiy: 0.351888104600, 286/500, 468.29
2025-02-26 19:19:42,272 num4 D5 vec1 r1 L15, Loss: -0.351898593124, Fideltiy: 0.351898593124, 287/500, 469.96
2025-02-26 19:19:43,842 num4 D5 vec1 r1 L15, Loss: -0.351909670412, Fideltiy: 0.351909670412, 288/500, 471.53
2025-02-26 19:19:45,447 num4 D5 vec1 r1 L15, Loss: -0.351920355614, Fideltiy: 0.351920355614, 289/500, 473.13
2025-02-26 19:19:46,530 num4 D5 vec1 r1 L15, Loss: -0.351932515085, Fideltiy: 0.351932515085, 290/500, 474.71
2025-02-26 19:19:48,196 num4 D5 vec1 r1 L15, Loss: -0.351941116229, Fideltiy: 0.351941116229, 291/500, 476.37
2025-02-26 19:19:49,706 num4 D5 vec1 r1 L15, Loss: -0.351950309149, Fideltiy: 0.351950309149, 292/500, 477.88
2025-02-26 19:19:57,127 num4 D5 vec1 r1 L15, Loss: -0.351959981786, Fideltiy: 0.351959981786, 293/500, 479.26
2025-02-26 19:19:52,408 num4 D5 vec1 r1 L15, Loss: -0.351969856382, Fideltiy: 0.351969856382, 294/500, 481.10
2025-02-26 19:19:53,899 num4 D5 vec1 r1 L15, Loss: -0.351975872449, Fideltiy: 0.351975872449, 295/500, 482.59
2025-02-26 19:19:55,476 num4 D5 vec1 r1 L15, Loss: -0.351983319503, Fideltiy: 0.351983319503, 296/500, 484.16
2025-02-26 19:19:56,639 num4 D5 vec1 r1 L15, Loss: -0.351991368437, Fideltiy: 0.351991368437, 297/500, 485.83
2025-02-26 19:19:58,304 num4 D5 vec1 r1 L15, Loss: -0.351999864813, Fideltiy: 0.351999864813, 298/500, 487.49
2025-02-26 19:20:00,017 num4 D5 vec1 r1 L15, Loss: -0.352009420274, Fideltiy: 0.352009420274, 299/500, 489.21
2025-02-26 19:20:01,227 num4 D5 vec1 r1 L15, Loss: -0.352020494856, Fideltiy: 0.352020494856, 300/500, 490.91
2025-02-26 19:20:02,992 num4 D5 vec1 r1 L15, Loss: -0.352028615252, Fideltiy: 0.352028615252, 301/500, 492.68
2025-02-26 19:20:04,528 num4 D5 vec1 r1 L15, Loss: -0.352037553299, Fideltiy: 0.352037553299, 302/500, 494.21
2025-02-26 19:20:12,117 num4 D5 vec1 r1 L15, Loss: -0.352048610577, Fideltiy: 0.352048610577, 303/500, 495.76
2025-02-26 19:20:07,298 num4 D5 vec1 r1 L15, Loss: -0.352059975058, Fideltiy: 0.352059975058, 304/500, 497.48
2025-02-26 19:20:08,978 num4 D5 vec1 r1 L15, Loss: -0.352069326820, Fideltiy: 0.352069326820, 305/500, 499.16
2025-02-26 19:20:10,710 num4 D5 vec1 r1 L15, Loss: -0.352080223666, Fideltiy: 0.352080223666, 306/500, 500.89
2025-02-26 19:20:11,807 num4 D5 vec1 r1 L15, Loss: -0.352092159037, Fideltiy: 0.352092159037, 307/500, 502.49
2025-02-26 19:20:13,416 num4 D5 vec1 r1 L15, Loss: -0.352103682862, Fideltiy: 0.352103682862, 308/500, 504.10
2025-02-26 19:20:15,070 num4 D5 vec1 r1 L15, Loss: -0.352113484739, Fideltiy: 0.352113484739, 309/500, 505.75
2025-02-26 19:20:16,102 num4 D5 vec1 r1 L15, Loss: -0.352123437446, Fideltiy: 0.352123437446, 310/500, 507.29
2025-02-26 19:20:17,686 num4 D5 vec1 r1 L15, Loss: -0.352133461732, Fideltiy: 0.352133461732, 311/500, 508.87
2025-02-26 19:20:19,294 num4 D5 vec1 r1 L15, Loss: -0.352142294715, Fideltiy: 0.352142294715, 312/500, 510.48
2025-02-26 19:20:27,058 num4 D5 vec1 r1 L15, Loss: -0.352149890765, Fideltiy: 0.352149890765, 313/500, 512.20
2025-02-26 19:20:22,238 num4 D5 vec1 r1 L15, Loss: -0.352158392825, Fideltiy: 0.352158392825, 314/500, 513.93
2025-02-26 19:20:23,891 num4 D5 vec1 r1 L15, Loss: -0.352168636508, Fideltiy: 0.352168636508, 315/500, 515.58
2025-02-26 19:20:25,721 num4 D5 vec1 r1 L15, Loss: -0.352179049420, Fideltiy: 0.352179049420, 316/500, 517.41
2025-02-26 19:20:26,375 num4 D5 vec1 r1 L15, Loss: -0.352186801737, Fideltiy: 0.352186801737, 317/500, 518.57
2025-02-26 19:20:28,101 num4 D5 vec1 r1 L15, Loss: -0.352194526272, Fideltiy: 0.352194526272, 318/500, 520.30
2025-02-26 19:20:29,777 num4 D5 vec1 r1 L15, Loss: -0.352201742910, Fideltiy: 0.352201742910, 319/500, 521.97
2025-02-26 19:20:30,787 num4 D5 vec1 r1 L15, Loss: -0.352209884077, Fideltiy: 0.352209884077, 320/500, 523.47
2025-02-26 19:20:32,388 num4 D5 vec1 r1 L15, Loss: -0.352220103564, Fideltiy: 0.352220103564, 321/500, 525.07
2025-02-26 19:20:34,037 num4 D5 vec1 r1 L15, Loss: -0.352229040948, Fideltiy: 0.352229040948, 322/500, 526.72
2025-02-26 19:20:35,568 num4 D5 vec1 r1 L15, Loss: -0.352239378100, Fideltiy: 0.352239378100, 323/500, 528.25
2025-02-26 19:20:36,741 num4 D5 vec1 r1 L15, Loss: -0.352249927816, Fideltiy: 0.352249927816, 324/500, 529.93
2025-02-26 19:20:38,434 num4 D5 vec1 r1 L15, Loss: -0.352258903019, Fideltiy: 0.352258903019, 325/500, 531.62
2025-02-26 19:20:39,883 num4 D5 vec1 r1 L15, Loss: -0.352268573735, Fideltiy: 0.352268573735, 326/500, 533.07
2025-02-26 19:20:41,056 num4 D5 vec1 r1 L15, Loss: -0.352280330371, Fideltiy: 0.352280330371, 327/500, 534.77
2025-02-26 19:20:42,550 num4 D5 vec1 r1 L15, Loss: -0.352288244179, Fideltiy: 0.352288244179, 328/500, 536.27
2025-02-26 19:20:44,287 num4 D5 vec1 r1 L15, Loss: -0.352297395801, Fideltiy: 0.352297395801, 329/500, 538.00
2025-02-26 19:20:52,099 num4 D5 vec1 r1 L15, Loss: -0.352305725096, Fideltiy: 0.352305725096, 330/500, 539.74
2025-02-26 19:20:47,237 num4 D5 vec1 r1 L15, Loss: -0.352313378380, Fideltiy: 0.352313378380, 331/500, 541.43
2025-02-26 19:20:48,753 num4 D5 vec1 r1 L15, Loss: -0.352319550785, Fideltiy: 0.352319550785, 332/500, 542.94
2025-02-26 19:20:50,370 num4 D5 vec1 r1 L15, Loss: -0.352327951259, Fideltiy: 0.352327951259, 333/500, 544.56
2025-02-26 19:20:51,465 num4 D5 vec1 r1 L15, Loss: -0.352338768429, Fideltiy: 0.352338768429, 334/500, 546.17
2025-02-26 19:20:53,145 num4 D5 vec1 r1 L15, Loss: -0.352350774119, Fideltiy: 0.352350774119, 335/500, 547.85
2025-02-26 19:20:54,774 num4 D5 vec1 r1 L15, Loss: -0.352364773820, Fideltiy: 0.352364773820, 336/500, 549.48
2025-02-26 19:20:55,880 num4 D5 vec1 r1 L15, Loss: -0.352380149178, Fideltiy: 0.352380149178, 337/500, 551.08
2025-02-26 19:20:57,652 num4 D5 vec1 r1 L15, Loss: -0.352389733021, Fideltiy: 0.352389733021, 338/500, 552.85
2025-02-26 19:20:59,350 num4 D5 vec1 r1 L15, Loss: -0.352401478966, Fideltiy: 0.352401478966, 339/500, 554.55
2025-02-26 19:21:07,101 num4 D5 vec1 r1 L15, Loss: -0.352412677981, Fideltiy: 0.352412677981, 340/500, 556.25
2025-02-26 19:21:02,173 num4 D5 vec1 r1 L15, Loss: -0.352424255154, Fideltiy: 0.352424255154, 341/500, 557.88
2025-02-26 19:21:03,909 num4 D5 vec1 r1 L15, Loss: -0.352435490676, Fideltiy: 0.352435490676, 342/500, 559.62
2025-02-26 19:21:05,513 num4 D5 vec1 r1 L15, Loss: -0.352447392655, Fideltiy: 0.352447392655, 343/500, 561.22
2025-02-26 19:21:06,737 num4 D5 vec1 r1 L15, Loss: -0.352457995039, Fideltiy: 0.352457995039, 344/500, 562.94
2025-02-26 19:21:08,341 num4 D5 vec1 r1 L15, Loss: -0.352468330190, Fideltiy: 0.352468330190, 345/500, 564.55
2025-02-26 19:21:10,010 num4 D5 vec1 r1 L15, Loss: -0.352477083395, Fideltiy: 0.352477083395, 346/500, 566.22
2025-02-26 19:21:11,294 num4 D5 vec1 r1 L15, Loss: -0.352486901808, Fideltiy: 0.352486901808, 347/500, 567.99
2025-02-26 19:21:12,821 num4 D5 vec1 r1 L15, Loss: -0.352497633710, Fideltiy: 0.352497633710, 348/500, 569.52
2025-02-26 19:21:14,605 num4 D5 vec1 r1 L15, Loss: -0.352507787917, Fideltiy: 0.352507787917, 349/500, 571.31
2025-02-26 19:21:22,127 num4 D5 vec1 r1 L15, Loss: -0.352518237810, Fideltiy: 0.352518237810, 350/500, 572.78
2025-02-26 19:21:17,360 num4 D5 vec1 r1 L15, Loss: -0.352527309858, Fideltiy: 0.352527309858, 351/500, 574.56
2025-02-26 19:21:18,907 num4 D5 vec1 r1 L15, Loss: -0.352537759768, Fideltiy: 0.352537759768, 352/500, 576.11
2025-02-26 19:21:20,511 num4 D5 vec1 r1 L15, Loss: -0.352547817908, Fideltiy: 0.352547817908, 353/500, 577.71
2025-02-26 19:21:21,637 num4 D5 vec1 r1 L15, Loss: -0.352559462171, Fideltiy: 0.352559462171, 354/500, 579.35
2025-02-26 19:21:23,312 num4 D5 vec1 r1 L15, Loss: -0.352572146080, Fideltiy: 0.352572146080, 355/500, 581.02
2025-02-26 19:21:24,961 num4 D5 vec1 r1 L15, Loss: -0.352584715587, Fideltiy: 0.352584715587, 356/500, 582.67
2025-02-26 19:21:26,151 num4 D5 vec1 r1 L15, Loss: -0.352595916369, Fideltiy: 0.352595916369, 357/500, 584.37
2025-02-26 19:21:27,753 num4 D5 vec1 r1 L15, Loss: -0.352604465640, Fideltiy: 0.352604465640, 358/500, 585.97
2025-02-26 19:21:29,290 num4 D5 vec1 r1 L15, Loss: -0.352613028234, Fideltiy: 0.352613028234, 359/500, 587.51
2025-02-26 19:21:31,010 num4 D5 vec1 r1 L15, Loss: -0.352621173489, Fideltiy: 0.352621173489, 360/500, 589.23
2025-02-26 19:21:31,839 num4 D5 vec1 r1 L15, Loss: -0.352630410537, Fideltiy: 0.352630410537, 361/500, 590.55
2025-02-26 19:21:33,646 num4 D5 vec1 r1 L15, Loss: -0.352637260750, Fideltiy: 0.352637260750, 362/500, 592.36
2025-02-26 19:21:35,318 num4 D5 vec1 r1 L15, Loss: -0.352642067397, Fideltiy: 0.352642067397, 363/500, 594.03
2025-02-26 19:21:36,488 num4 D5 vec1 r1 L15, Loss: -0.352647756242, Fideltiy: 0.352647756242, 364/500, 595.71
2025-02-26 19:21:38,184 num4 D5 vec1 r1 L15, Loss: -0.352653882283, Fideltiy: 0.352653882283, 365/500, 597.40
2025-02-26 19:21:39,832 num4 D5 vec1 r1 L15, Loss: -0.352660448151, Fideltiy: 0.352660448151, 366/500, 599.05
2025-02-26 19:21:41,130 num4 D5 vec1 r1 L15, Loss: -0.352667470501, Fideltiy: 0.352667470501, 367/500, 600.83
2025-02-26 19:21:42,801 num4 D5 vec1 r1 L15, Loss: -0.352674773860, Fideltiy: 0.352674773860, 368/500, 602.50
2025-02-26 19:21:44,427 num4 D5 vec1 r1 L15, Loss: -0.352682358960, Fideltiy: 0.352682358960, 369/500, 604.13
2025-02-26 19:21:45,347 num4 D5 vec1 r1 L15, Loss: -0.352689044144, Fideltiy: 0.352689044144, 370/500, 605.05
2025-02-26 19:21:52,298 num4 D5 vec1 r1 L15, Loss: -0.352695424917, Fideltiy: 0.352695424917, 371/500, 605.96
2025-02-26 19:21:46,925 num4 D5 vec1 r1 L15, Loss: -0.352701265884, Fideltiy: 0.352701265884, 372/500, 607.13
2025-02-26 19:21:47,814 num4 D5 vec1 r1 L15, Loss: -0.352706742723, Fideltiy: 0.352706742723, 373/500, 608.02
2025-02-26 19:21:48,810 num4 D5 vec1 r1 L15, Loss: -0.352711955340, Fideltiy: 0.352711955340, 374/500, 609.02
2025-02-26 19:21:49,721 num4 D5 vec1 r1 L15, Loss: -0.352716596317, Fideltiy: 0.352716596317, 375/500, 609.93
2025-02-26 19:21:50,642 num4 D5 vec1 r1 L15, Loss: -0.352721261735, Fideltiy: 0.352721261735, 376/500, 610.85
2025-02-26 19:21:51,348 num4 D5 vec1 r1 L15, Loss: -0.352725210818, Fideltiy: 0.352725210818, 377/500, 612.07
2025-02-26 19:21:52,272 num4 D5 vec1 r1 L15, Loss: -0.352728843984, Fideltiy: 0.352728843984, 378/500, 612.99
2025-02-26 19:21:53,224 num4 D5 vec1 r1 L15, Loss: -0.352732009907, Fideltiy: 0.352732009907, 379/500, 613.95
2025-02-26 19:21:54,564 num4 D5 vec1 r1 L15, Loss: -0.352735310053, Fideltiy: 0.352735310053, 380/500, 615.29
2025-02-26 19:21:55,593 num4 D5 vec1 r1 L15, Loss: -0.352738966712, Fideltiy: 0.352738966712, 381/500, 616.32
2025-02-26 19:22:02,445 num4 D5 vec1 r1 L15, Loss: -0.352742145562, Fideltiy: 0.352742145562, 382/500, 617.11
2025-02-26 19:21:56,797 num4 D5 vec1 r1 L15, Loss: -0.352746187417, Fideltiy: 0.352746187417, 383/500, 618.02
2025-02-26 19:21:57,642 num4 D5 vec1 r1 L15, Loss: -0.352750229794, Fideltiy: 0.352750229794, 384/500, 618.86
2025-02-26 19:21:58,819 num4 D5 vec1 r1 L15, Loss: -0.352754184639, Fideltiy: 0.352754184639, 385/500, 620.04
2025-02-26 19:21:59,765 num4 D5 vec1 r1 L15, Loss: -0.352759283072, Fideltiy: 0.352759283072, 386/500, 620.99
2025-02-26 19:22:00,417 num4 D5 vec1 r1 L15, Loss: -0.352764036932, Fideltiy: 0.352764036932, 387/500, 621.64
2025-02-26 19:22:07,347 num4 D5 vec1 r1 L15, Loss: -0.352767973807, Fideltiy: 0.352767973807, 388/500, 622.51
2025-02-26 19:22:01,843 num4 D5 vec1 r1 L15, Loss: -0.352772249925, Fideltiy: 0.352772249925, 389/500, 623.55
2025-02-26 19:22:02,896 num4 D5 vec1 r1 L15, Loss: -0.352776858220, Fideltiy: 0.352776858220, 390/500, 624.61
2025-02-26 19:22:03,720 num4 D5 vec1 r1 L15, Loss: -0.352780912975, Fideltiy: 0.352780912975, 391/500, 625.43
2025-02-26 19:22:04,566 num4 D5 vec1 r1 L15, Loss: -0.352783885089, Fideltiy: 0.352783885089, 392/500, 626.28
2025-02-26 19:22:05,725 num4 D5 vec1 r1 L15, Loss: -0.352786819617, Fideltiy: 0.352786819617, 393/500, 627.43
2025-02-26 19:22:06,090 num4 D5 vec1 r1 L15, Loss: -0.352790026654, Fideltiy: 0.352790026654, 394/500, 628.30
2025-02-26 19:22:07,019 num4 D5 vec1 r1 L15, Loss: -0.352793499789, Fideltiy: 0.352793499789, 395/500, 629.23
2025-02-26 19:22:08,335 num4 D5 vec1 r1 L15, Loss: -0.352797700175, Fideltiy: 0.352797700175, 396/500, 630.55
2025-02-26 19:22:09,365 num4 D5 vec1 r1 L15, Loss: -0.352801295389, Fideltiy: 0.352801295389, 397/500, 631.58
2025-02-26 19:22:10,197 num4 D5 vec1 r1 L15, Loss: -0.352804225178, Fideltiy: 0.352804225178, 398/500, 632.41
2025-02-26 19:22:11,152 num4 D5 vec1 r1 L15, Loss: -0.352807375469, Fideltiy: 0.352807375469, 399/500, 633.36
2025-02-26 19:22:12,015 num4 D5 vec1 r1 L15, Loss: -0.352810198319, Fideltiy: 0.352810198319, 400/500, 634.73
2025-02-26 19:22:12,758 num4 D5 vec1 r1 L15, Loss: -0.352813000990, Fideltiy: 0.352813000990, 401/500, 635.47
2025-02-26 19:22:13,675 num4 D5 vec1 r1 L15, Loss: -0.352815850345, Fideltiy: 0.352815850345, 402/500, 636.39
2025-02-26 19:22:14,396 num4 D5 vec1 r1 L15, Loss: -0.352818001378, Fideltiy: 0.352818001378, 403/500, 637.11
2025-02-26 19:22:15,248 num4 D5 vec1 r1 L15, Loss: -0.352820106184, Fideltiy: 0.352820106184, 404/500, 637.96
2025-02-26 19:22:16,170 num4 D5 vec1 r1 L15, Loss: -0.352822362527, Fideltiy: 0.352822362527, 405/500, 638.88
2025-02-26 19:22:16,876 num4 D5 vec1 r1 L15, Loss: -0.352824995878, Fideltiy: 0.352824995878, 406/500, 640.11
2025-02-26 19:22:17,692 num4 D5 vec1 r1 L15, Loss: -0.352827954435, Fideltiy: 0.352827954435, 407/500, 640.92
2025-02-26 19:22:18,497 num4 D5 vec1 r1 L15, Loss: -0.352830838222, Fideltiy: 0.352830838222, 408/500, 641.73
2025-02-26 19:22:19,318 num4 D5 vec1 r1 L15, Loss: -0.352833398624, Fideltiy: 0.352833398624, 409/500, 642.55
2025-02-26 19:22:20,093 num4 D5 vec1 r1 L15, Loss: -0.352835984270, Fideltiy: 0.352835984270, 410/500, 643.32
2025-02-26 19:22:21,037 num4 D5 vec1 r1 L15, Loss: -0.352838577777, Fideltiy: 0.352838577777, 411/500, 644.27
2025-02-26 19:22:21,946 num4 D5 vec1 r1 L15, Loss: -0.352840432066, Fideltiy: 0.352840432066, 412/500, 645.66
2025-02-26 19:22:22,719 num4 D5 vec1 r1 L15, Loss: -0.352842981129, Fideltiy: 0.352842981129, 413/500, 646.44
2025-02-26 19:22:23,562 num4 D5 vec1 r1 L15, Loss: -0.352846567312, Fideltiy: 0.352846567312, 414/500, 647.28
2025-02-26 19:22:24,778 num4 D5 vec1 r1 L15, Loss: -0.352850231969, Fideltiy: 0.352850231969, 415/500, 648.50
2025-02-26 19:22:25,527 num4 D5 vec1 r1 L15, Loss: -0.352853808545, Fideltiy: 0.352853808545, 416/500, 649.25
2025-02-26 19:22:32,389 num4 D5 vec1 r1 L15, Loss: -0.352857342020, Fideltiy: 0.352857342020, 417/500, 650.06
2025-02-26 19:22:26,614 num4 D5 vec1 r1 L15, Loss: -0.352860360170, Fideltiy: 0.352860360170, 418/500, 650.84
2025-02-26 19:22:27,505 num4 D5 vec1 r1 L15, Loss: -0.352862889266, Fideltiy: 0.352862889266, 419/500, 651.73
2025-02-26 19:22:28,735 num4 D5 vec1 r1 L15, Loss: -0.352866425887, Fideltiy: 0.352866425887, 420/500, 652.96
2025-02-26 19:22:29,747 num4 D5 vec1 r1 L15, Loss: -0.352870876710, Fideltiy: 0.352870876710, 421/500, 653.97
2025-02-26 19:22:30,479 num4 D5 vec1 r1 L15, Loss: -0.352873689440, Fideltiy: 0.352873689440, 422/500, 654.71
2025-02-26 19:22:37,396 num4 D5 vec1 r1 L15, Loss: -0.352876642172, Fideltiy: 0.352876642172, 423/500, 655.57
2025-02-26 19:22:31,988 num4 D5 vec1 r1 L15, Loss: -0.352880223757, Fideltiy: 0.352880223757, 424/500, 656.72
2025-02-26 19:22:32,663 num4 D5 vec1 r1 L15, Loss: -0.352885117292, Fideltiy: 0.352885117292, 425/500, 657.39
2025-02-26 19:22:33,468 num4 D5 vec1 r1 L15, Loss: -0.352889991910, Fideltiy: 0.352889991910, 426/500, 658.20
2025-02-26 19:22:34,337 num4 D5 vec1 r1 L15, Loss: -0.352892811260, Fideltiy: 0.352892811260, 427/500, 659.07
2025-02-26 19:22:35,619 num4 D5 vec1 r1 L15, Loss: -0.352895593253, Fideltiy: 0.352895593253, 428/500, 660.35
2025-02-26 19:22:42,400 num4 D5 vec1 r1 L15, Loss: -0.352897981265, Fideltiy: 0.352897981265, 429/500, 661.08
2025-02-26 19:22:36,743 num4 D5 vec1 r1 L15, Loss: -0.352900396318, Fideltiy: 0.352900396318, 430/500, 661.96
2025-02-26 19:22:37,538 num4 D5 vec1 r1 L15, Loss: -0.352902782247, Fideltiy: 0.352902782247, 431/500, 662.76
2025-02-26 19:22:38,524 num4 D5 vec1 r1 L15, Loss: -0.352905153635, Fideltiy: 0.352905153635, 432/500, 663.74
2025-02-26 19:22:39,734 num4 D5 vec1 r1 L15, Loss: -0.352907558463, Fideltiy: 0.352907558463, 433/500, 664.95
2025-02-26 19:22:40,588 num4 D5 vec1 r1 L15, Loss: -0.352910325185, Fideltiy: 0.352910325185, 434/500, 665.81
2025-02-26 19:22:41,275 num4 D5 vec1 r1 L15, Loss: -0.352912693412, Fideltiy: 0.352912693412, 435/500, 667.01
2025-02-26 19:22:42,192 num4 D5 vec1 r1 L15, Loss: -0.352915573448, Fideltiy: 0.352915573448, 436/500, 667.93
2025-02-26 19:22:42,958 num4 D5 vec1 r1 L15, Loss: -0.352918452472, Fideltiy: 0.352918452472, 437/500, 668.69
2025-02-26 19:22:43,763 num4 D5 vec1 r1 L15, Loss: -0.352920409345, Fideltiy: 0.352920409345, 438/500, 669.50
2025-02-26 19:22:44,578 num4 D5 vec1 r1 L15, Loss: -0.352922603407, Fideltiy: 0.352922603407, 439/500, 670.31
2025-02-26 19:22:45,435 num4 D5 vec1 r1 L15, Loss: -0.352924843560, Fideltiy: 0.352924843560, 440/500, 671.17
2025-02-26 19:22:46,084 num4 D5 vec1 r1 L15, Loss: -0.352927288239, Fideltiy: 0.352927288239, 441/500, 672.32
2025-02-26 19:22:46,829 num4 D5 vec1 r1 L15, Loss: -0.352930337122, Fideltiy: 0.352930337122, 442/500, 673.07
2025-02-26 19:22:47,602 num4 D5 vec1 r1 L15, Loss: -0.352933091759, Fideltiy: 0.352933091759, 443/500, 673.84
2025-02-26 19:22:48,412 num4 D5 vec1 r1 L15, Loss: -0.352935272776, Fideltiy: 0.352935272776, 444/500, 674.65
2025-02-26 19:22:49,356 num4 D5 vec1 r1 L15, Loss: -0.352937604489, Fideltiy: 0.352937604489, 445/500, 675.59
2025-02-26 19:22:50,636 num4 D5 vec1 r1 L15, Loss: -0.352940101569, Fideltiy: 0.352940101569, 446/500, 676.87
2025-02-26 19:22:57,449 num4 D5 vec1 r1 L15, Loss: -0.352942717911, Fideltiy: 0.352942717911, 447/500, 677.63
2025-02-26 19:22:51,753 num4 D5 vec1 r1 L15, Loss: -0.352945192521, Fideltiy: 0.352945192521, 448/500, 678.49
2025-02-26 19:22:52,444 num4 D5 vec1 r1 L15, Loss: -0.352947780613, Fideltiy: 0.352947780613, 449/500, 679.18
2025-02-26 19:22:52,884 num4 D5 vec1 r1 L15, Loss: -0.352950945516, Fideltiy: 0.352950945516, 450/500, 679.62
2025-02-26 19:22:53,382 num4 D5 vec1 r1 L15, Loss: -0.352953331386, Fideltiy: 0.352953331386, 451/500, 680.12
2025-02-26 19:22:53,824 num4 D5 vec1 r1 L15, Loss: -0.352955523960, Fideltiy: 0.352955523960, 452/500, 680.56
2025-02-26 19:22:55,049 num4 D5 vec1 r1 L15, Loss: -0.352957497787, Fideltiy: 0.352957497787, 453/500, 681.79
2025-02-26 19:22:55,640 num4 D5 vec1 r1 L15, Loss: -0.352959577408, Fideltiy: 0.352959577408, 454/500, 682.38
2025-02-26 19:23:02,611 num4 D5 vec1 r1 L15, Loss: -0.352961929464, Fideltiy: 0.352961929464, 455/500, 683.29
2025-02-26 19:22:57,069 num4 D5 vec1 r1 L15, Loss: -0.352964689857, Fideltiy: 0.352964689857, 456/500, 684.31
2025-02-26 19:22:58,009 num4 D5 vec1 r1 L15, Loss: -0.352966632389, Fideltiy: 0.352966632389, 457/500, 685.25
2025-02-26 19:22:59,173 num4 D5 vec1 r1 L15, Loss: -0.352968400925, Fideltiy: 0.352968400925, 458/500, 686.41
2025-02-26 19:23:00,328 num4 D5 vec1 r1 L15, Loss: -0.352970179326, Fideltiy: 0.352970179326, 459/500, 687.57
2025-02-26 19:23:07,415 num4 D5 vec1 r1 L15, Loss: -0.352972564875, Fideltiy: 0.352972564875, 460/500, 688.59
2025-02-26 19:23:01,516 num4 D5 vec1 r1 L15, Loss: -0.352975356509, Fideltiy: 0.352975356509, 461/500, 689.25
2025-02-26 19:23:02,434 num4 D5 vec1 r1 L15, Loss: -0.352977947329, Fideltiy: 0.352977947329, 462/500, 690.16
2025-02-26 19:23:03,616 num4 D5 vec1 r1 L15, Loss: -0.352980798898, Fideltiy: 0.352980798898, 463/500, 691.35
2025-02-26 19:23:04,500 num4 D5 vec1 r1 L15, Loss: -0.352983592412, Fideltiy: 0.352983592412, 464/500, 692.23
2025-02-26 19:23:05,499 num4 D5 vec1 r1 L15, Loss: -0.352986085254, Fideltiy: 0.352986085254, 465/500, 693.23
2025-02-26 19:23:12,604 num4 D5 vec1 r1 L15, Loss: -0.352988380063, Fideltiy: 0.352988380063, 466/500, 694.29
2025-02-26 19:23:06,755 num4 D5 vec1 r1 L15, Loss: -0.352990817449, Fideltiy: 0.352990817449, 467/500, 695.00
2025-02-26 19:23:07,594 num4 D5 vec1 r1 L15, Loss: -0.352993858486, Fideltiy: 0.352993858486, 468/500, 695.83
2025-02-26 19:23:08,808 num4 D5 vec1 r1 L15, Loss: -0.352997189894, Fideltiy: 0.352997189894, 469/500, 697.05
2025-02-26 19:23:09,723 num4 D5 vec1 r1 L15, Loss: -0.353000061836, Fideltiy: 0.353000061836, 470/500, 697.96
2025-02-26 19:23:10,493 num4 D5 vec1 r1 L15, Loss: -0.353002509514, Fideltiy: 0.353002509514, 471/500, 698.73
2025-02-26 19:23:11,355 num4 D5 vec1 r1 L15, Loss: -0.353004545552, Fideltiy: 0.353004545552, 472/500, 699.59
2025-02-26 19:23:11,701 num4 D5 vec1 r1 L15, Loss: -0.353006466631, Fideltiy: 0.353006466631, 473/500, 700.43
2025-02-26 19:23:12,890 num4 D5 vec1 r1 L15, Loss: -0.353008433826, Fideltiy: 0.353008433826, 474/500, 701.62
2025-02-26 19:23:13,767 num4 D5 vec1 r1 L15, Loss: -0.353010041576, Fideltiy: 0.353010041576, 475/500, 702.50
2025-02-26 19:23:14,564 num4 D5 vec1 r1 L15, Loss: -0.353011412214, Fideltiy: 0.353011412214, 476/500, 703.29
2025-02-26 19:23:15,387 num4 D5 vec1 r1 L15, Loss: -0.353012792209, Fideltiy: 0.353012792209, 477/500, 704.11
2025-02-26 19:23:22,578 num4 D5 vec1 r1 L15, Loss: -0.353014164990, Fideltiy: 0.353014164990, 478/500, 705.27
2025-02-26 19:23:17,052 num4 D5 vec1 r1 L15, Loss: -0.353016039170, Fideltiy: 0.353016039170, 479/500, 706.31
2025-02-26 19:23:17,830 num4 D5 vec1 r1 L15, Loss: -0.353018153885, Fideltiy: 0.353018153885, 480/500, 707.08
2025-02-26 19:23:18,574 num4 D5 vec1 r1 L15, Loss: -0.353019974896, Fideltiy: 0.353019974896, 481/500, 707.83
2025-02-26 19:23:19,568 num4 D5 vec1 r1 L15, Loss: -0.353022110262, Fideltiy: 0.353022110262, 482/500, 708.82
2025-02-26 19:23:20,717 num4 D5 vec1 r1 L15, Loss: -0.353024125478, Fideltiy: 0.353024125478, 483/500, 709.97
2025-02-26 19:23:21,387 num4 D5 vec1 r1 L15, Loss: -0.353026178792, Fideltiy: 0.353026178792, 484/500, 710.64
2025-02-26 19:23:21,711 num4 D5 vec1 r1 L15, Loss: -0.353028681366, Fideltiy: 0.353028681366, 485/500, 711.45
2025-02-26 19:23:22,553 num4 D5 vec1 r1 L15, Loss: -0.353031255535, Fideltiy: 0.353031255535, 486/500, 712.29
2025-02-26 19:23:23,754 num4 D5 vec1 r1 L15, Loss: -0.353033774436, Fideltiy: 0.353033774436, 487/500, 713.49
2025-02-26 19:23:24,629 num4 D5 vec1 r1 L15, Loss: -0.353036005964, Fideltiy: 0.353036005964, 488/500, 714.37
2025-02-26 19:23:25,708 num4 D5 vec1 r1 L15, Loss: -0.353038071657, Fideltiy: 0.353038071657, 489/500, 715.45
2025-02-26 19:23:26,302 num4 D5 vec1 r1 L15, Loss: -0.353040528610, Fideltiy: 0.353040528610, 490/500, 716.54
2025-02-26 19:23:27,059 num4 D5 vec1 r1 L15, Loss: -0.353043421528, Fideltiy: 0.353043421528, 491/500, 717.30
2025-02-26 19:23:27,937 num4 D5 vec1 r1 L15, Loss: -0.353046530902, Fideltiy: 0.353046530902, 492/500, 718.18
2025-02-26 19:23:29,138 num4 D5 vec1 r1 L15, Loss: -0.353049338237, Fideltiy: 0.353049338237, 493/500, 719.38
2025-02-26 19:23:30,026 num4 D5 vec1 r1 L15, Loss: -0.353051360983, Fideltiy: 0.353051360983, 494/500, 720.27
2025-02-26 19:23:30,776 num4 D5 vec1 r1 L15, Loss: -0.353052867621, Fideltiy: 0.353052867621, 495/500, 721.02
2025-02-26 19:23:37,587 num4 D5 vec1 r1 L15, Loss: -0.353054570663, Fideltiy: 0.353054570663, 496/500, 721.78
2025-02-26 19:23:31,863 num4 D5 vec1 r1 L15, Loss: -0.353056473578, Fideltiy: 0.353056473578, 497/500, 722.62
2025-02-26 19:23:32,728 num4 D5 vec1 r1 L15, Loss: -0.353057847873, Fideltiy: 0.353057847873, 498/500, 723.49
2025-02-26 19:23:33,804 num4 D5 vec1 r1 L15, Loss: -0.353058935608, Fideltiy: 0.353058935608, 499/500, 724.57
2025-02-26 19:23:34,858 num4 D5 vec1 r1 L15, Loss: -0.353060289081, Fideltiy: 0.353060289081, 500/500, 725.62
2025-02-26 19:23:35,621 num4 D5 vec1 r1 L15, Loss: -0.353061866417, Fideltiy: 0.353061866417, 501/500, 726.38
2025-02-26 19:23:36,435 num4 D5 vec1 r1 L15, Loss: -0.353063961973, Fideltiy: 0.353063961973, 502/500, 727.20
2025-02-26 19:23:36,737 num4 D5 vec1 r1 L15, Loss: -0.353066690424, Fideltiy: 0.353066690424, 503/500, 728.01
2025-02-26 19:23:37,545 num4 D5 vec1 r1 L15, Loss: -0.353069401657, Fideltiy: 0.353069401657, 504/500, 728.82
2025-02-26 19:23:38,394 num4 D5 vec1 r1 L15, Loss: -0.353071981066, Fideltiy: 0.353071981066, 505/500, 729.67
2025-02-26 19:23:39,141 num4 D5 vec1 r1 L15, Loss: -0.353074734540, Fideltiy: 0.353074734540, 506/500, 730.41
2025-02-26 19:23:39,861 num4 D5 vec1 r1 L15, Loss: -0.353076931438, Fideltiy: 0.353076931438, 507/500, 731.13
2025-02-26 19:23:40,592 num4 D5 vec1 r1 L15, Loss: -0.353078642951, Fideltiy: 0.353078642951, 508/500, 731.86
2025-02-26 19:23:41,366 num4 D5 vec1 r1 L15, Loss: -0.353080618078, Fideltiy: 0.353080618078, 509/500, 732.64
2025-02-26 19:23:41,724 num4 D5 vec1 r1 L15, Loss: -0.353082650640, Fideltiy: 0.353082650640, 510/500, 733.48
2025-02-26 19:23:42,829 num4 D5 vec1 r1 L15, Loss: -0.353084833384, Fideltiy: 0.353084833384, 511/500, 734.58
2025-02-26 19:23:43,818 num4 D5 vec1 r1 L15, Loss: -0.353086685266, Fideltiy: 0.353086685266, 512/500, 735.57
2025-02-26 19:23:44,256 Maximum number of iterations has been exceeded.
{'vec1': [512]}
{'vec1': [12.26]}
{'vec1': [0.35308668526554515]}
2025-02-26 19:23:44,256 num4 D5 vec[1, 10, 20, 30, 40] finished
2025-02-26 19:23:52,719 num4 D5 vec10 r1 L15, Loss: -0.000236434969, Fideltiy: 0.000236434969, 1/500, 1.50
2025-02-26 19:23:47,380 num4 D5 vec10 r1 L15, Loss: -0.000257073886, Fideltiy: 0.000257073886, 2/500, 2.71
2025-02-26 19:23:48,205 num4 D5 vec10 r1 L15, Loss: -0.000347766023, Fideltiy: 0.000347766023, 3/500, 3.54
2025-02-26 19:23:48,779 num4 D5 vec10 r1 L15, Loss: -0.000826434219, Fideltiy: 0.000826434219, 4/500, 4.11
2025-02-26 19:23:49,577 num4 D5 vec10 r1 L15, Loss: -0.003149717727, Fideltiy: 0.003149717727, 5/500, 4.91
2025-02-26 19:23:50,388 num4 D5 vec10 r1 L15, Loss: -0.001345714065, Fideltiy: 0.001345714065, 6/500, 5.72
2025-02-26 19:23:57,600 num4 D5 vec10 r1 L15, Loss: -0.003484435541, Fideltiy: 0.003484435541, 7/500, 6.88
2025-02-26 19:23:52,019 num4 D5 vec10 r1 L15, Loss: -0.003574451779, Fideltiy: 0.003574451779, 8/500, 7.86
2025-02-26 19:23:52,916 num4 D5 vec10 r1 L15, Loss: -0.003756466349, Fideltiy: 0.003756466349, 9/500, 8.76
2025-02-26 19:23:53,715 num4 D5 vec10 r1 L15, Loss: -0.004479221932, Fideltiy: 0.004479221932, 10/500, 9.55
2025-02-26 19:23:54,853 num4 D5 vec10 r1 L15, Loss: -0.006720743533, Fideltiy: 0.006720743533, 11/500, 10.69
2025-02-26 19:23:55,682 num4 D5 vec10 r1 L15, Loss: -0.006815033788, Fideltiy: 0.006815033788, 12/500, 11.52
2025-02-26 19:23:56,370 num4 D5 vec10 r1 L15, Loss: -0.006996887892, Fideltiy: 0.006996887892, 13/500, 12.21
2025-02-26 19:23:56,622 num4 D5 vec10 r1 L15, Loss: -0.007524655237, Fideltiy: 0.007524655237, 14/500, 12.97
2025-02-26 19:23:57,578 num4 D5 vec10 r1 L15, Loss: -0.008014996468, Fideltiy: 0.008014996468, 15/500, 13.92
2025-02-26 19:23:58,808 num4 D5 vec10 r1 L15, Loss: -0.008573433287, Fideltiy: 0.008573433287, 16/500, 15.15
2025-02-26 19:23:59,421 num4 D5 vec10 r1 L15, Loss: -0.009572466884, Fideltiy: 0.009572466884, 17/500, 15.76
2025-02-26 19:24:00,107 num4 D5 vec10 r1 L15, Loss: -0.010934681927, Fideltiy: 0.010934681927, 18/500, 16.45
2025-02-26 19:24:00,904 num4 D5 vec10 r1 L15, Loss: -0.011410796594, Fideltiy: 0.011410796594, 19/500, 17.25
2025-02-26 19:24:07,830 num4 D5 vec10 r1 L15, Loss: -0.012035003080, Fideltiy: 0.012035003080, 20/500, 18.11
2025-02-26 19:24:02,394 num4 D5 vec10 r1 L15, Loss: -0.013091674959, Fideltiy: 0.013091674959, 21/500, 19.23
2025-02-26 19:24:03,478 num4 D5 vec10 r1 L15, Loss: -0.014528759524, Fideltiy: 0.014528759524, 22/500, 20.31
2025-02-26 19:24:04,255 num4 D5 vec10 r1 L15, Loss: -0.015481969618, Fideltiy: 0.015481969618, 23/500, 21.09
2025-02-26 19:24:05,087 num4 D5 vec10 r1 L15, Loss: -0.016436532622, Fideltiy: 0.016436532622, 24/500, 21.92
2025-02-26 19:24:06,153 num4 D5 vec10 r1 L15, Loss: -0.017473123807, Fideltiy: 0.017473123807, 25/500, 22.99
2025-02-26 19:24:06,535 num4 D5 vec10 r1 L15, Loss: -0.018716287042, Fideltiy: 0.018716287042, 26/500, 23.89
2025-02-26 19:24:07,810 num4 D5 vec10 r1 L15, Loss: -0.019510582363, Fideltiy: 0.019510582363, 27/500, 25.16
2025-02-26 19:24:08,487 num4 D5 vec10 r1 L15, Loss: -0.020297764071, Fideltiy: 0.020297764071, 28/500, 25.84
2025-02-26 19:24:09,269 num4 D5 vec10 r1 L15, Loss: -0.021113811153, Fideltiy: 0.021113811153, 29/500, 26.62
2025-02-26 19:24:10,077 num4 D5 vec10 r1 L15, Loss: -0.022201399934, Fideltiy: 0.022201399934, 30/500, 27.43
2025-02-26 19:24:10,973 num4 D5 vec10 r1 L15, Loss: -0.022872451370, Fideltiy: 0.022872451370, 31/500, 28.33
2025-02-26 19:24:11,739 num4 D5 vec10 r1 L15, Loss: -0.023575860734, Fideltiy: 0.023575860734, 32/500, 29.58
2025-02-26 19:24:12,577 num4 D5 vec10 r1 L15, Loss: -0.024212554671, Fideltiy: 0.024212554671, 33/500, 30.41
2025-02-26 19:24:13,398 num4 D5 vec10 r1 L15, Loss: -0.024854811671, Fideltiy: 0.024854811671, 34/500, 31.23
2025-02-26 19:24:14,234 num4 D5 vec10 r1 L15, Loss: -0.025434930854, Fideltiy: 0.025434930854, 35/500, 32.07
2025-02-26 19:24:15,446 num4 D5 vec10 r1 L15, Loss: -0.026031397503, Fideltiy: 0.026031397503, 36/500, 33.28
2025-02-26 19:24:16,388 num4 D5 vec10 r1 L15, Loss: -0.026747638633, Fideltiy: 0.026747638633, 37/500, 34.22
2025-02-26 19:24:16,685 num4 D5 vec10 r1 L15, Loss: -0.027385131953, Fideltiy: 0.027385131953, 38/500, 35.03
2025-02-26 19:24:17,452 num4 D5 vec10 r1 L15, Loss: -0.028238349771, Fideltiy: 0.028238349771, 39/500, 35.80
2025-02-26 19:24:18,277 num4 D5 vec10 r1 L15, Loss: -0.029064238903, Fideltiy: 0.029064238903, 40/500, 36.62
2025-02-26 19:24:19,478 num4 D5 vec10 r1 L15, Loss: -0.029903033606, Fideltiy: 0.029903033606, 41/500, 37.82
2025-02-26 19:24:20,487 num4 D5 vec10 r1 L15, Loss: -0.030794204223, Fideltiy: 0.030794204223, 42/500, 38.83
2025-02-26 19:24:21,319 num4 D5 vec10 r1 L15, Loss: -0.031728046215, Fideltiy: 0.031728046215, 43/500, 39.67
2025-02-26 19:24:21,640 num4 D5 vec10 r1 L15, Loss: -0.032802678069, Fideltiy: 0.032802678069, 44/500, 40.48
2025-02-26 19:24:22,550 num4 D5 vec10 r1 L15, Loss: -0.033783483415, Fideltiy: 0.033783483415, 45/500, 41.39
2025-02-26 19:24:23,627 num4 D5 vec10 r1 L15, Loss: -0.035000499563, Fideltiy: 0.035000499563, 46/500, 42.47
2025-02-26 19:24:24,623 num4 D5 vec10 r1 L15, Loss: -0.036258560264, Fideltiy: 0.036258560264, 47/500, 43.46
2025-02-26 19:24:25,355 num4 D5 vec10 r1 L15, Loss: -0.037810835985, Fideltiy: 0.037810835985, 48/500, 44.19
2025-02-26 19:24:26,133 num4 D5 vec10 r1 L15, Loss: -0.039232105598, Fideltiy: 0.039232105598, 49/500, 44.97
2025-02-26 19:24:32,973 num4 D5 vec10 r1 L15, Loss: -0.040761028583, Fideltiy: 0.040761028583, 50/500, 45.76
2025-02-26 19:24:27,312 num4 D5 vec10 r1 L15, Loss: -0.041839326971, Fideltiy: 0.041839326971, 51/500, 46.65
2025-02-26 19:24:28,473 num4 D5 vec10 r1 L15, Loss: -0.043257822995, Fideltiy: 0.043257822995, 52/500, 47.81
2025-02-26 19:24:29,185 num4 D5 vec10 r1 L15, Loss: -0.044264128596, Fideltiy: 0.044264128596, 53/500, 48.53
2025-02-26 19:24:29,998 num4 D5 vec10 r1 L15, Loss: -0.045590772492, Fideltiy: 0.045590772492, 54/500, 49.34
2025-02-26 19:24:30,988 num4 D5 vec10 r1 L15, Loss: -0.047374651384, Fideltiy: 0.047374651384, 55/500, 50.33
2025-02-26 19:24:31,557 num4 D5 vec10 r1 L15, Loss: -0.049551173900, Fideltiy: 0.049551173900, 56/500, 51.41
2025-02-26 19:24:32,330 num4 D5 vec10 r1 L15, Loss: -0.051908815072, Fideltiy: 0.051908815072, 57/500, 52.18
2025-02-26 19:24:33,160 num4 D5 vec10 r1 L15, Loss: -0.055110131941, Fideltiy: 0.055110131941, 58/500, 53.01
2025-02-26 19:24:34,498 num4 D5 vec10 r1 L15, Loss: -0.058509861332, Fideltiy: 0.058509861332, 59/500, 54.35
2025-02-26 19:24:35,409 num4 D5 vec10 r1 L15, Loss: -0.059812100562, Fideltiy: 0.059812100562, 60/500, 55.26
2025-02-26 19:24:36,201 num4 D5 vec10 r1 L15, Loss: -0.062096746959, Fideltiy: 0.062096746959, 61/500, 56.05
2025-02-26 19:24:36,479 num4 D5 vec10 r1 L15, Loss: -0.065836514575, Fideltiy: 0.065836514575, 62/500, 56.83
2025-02-26 19:24:37,283 num4 D5 vec10 r1 L15, Loss: -0.070109290275, Fideltiy: 0.070109290275, 63/500, 57.63
2025-02-26 19:24:38,120 num4 D5 vec10 r1 L15, Loss: -0.072376669651, Fideltiy: 0.072376669651, 64/500, 58.47
2025-02-26 19:24:39,118 num4 D5 vec10 r1 L15, Loss: -0.075341756797, Fideltiy: 0.075341756797, 65/500, 59.47
2025-02-26 19:24:40,399 num4 D5 vec10 r1 L15, Loss: -0.079173955265, Fideltiy: 0.079173955265, 66/500, 60.75
2025-02-26 19:24:41,111 num4 D5 vec10 r1 L15, Loss: -0.081263337871, Fideltiy: 0.081263337871, 67/500, 61.46
2025-02-26 19:24:41,453 num4 D5 vec10 r1 L15, Loss: -0.083826883467, Fideltiy: 0.083826883467, 68/500, 62.30
2025-02-26 19:24:42,633 num4 D5 vec10 r1 L15, Loss: -0.086230592273, Fideltiy: 0.086230592273, 69/500, 63.48
2025-02-26 19:24:43,284 num4 D5 vec10 r1 L15, Loss: -0.088385167143, Fideltiy: 0.088385167143, 70/500, 64.13
2025-02-26 19:24:44,025 num4 D5 vec10 r1 L15, Loss: -0.090434746290, Fideltiy: 0.090434746290, 71/500, 64.87
2025-02-26 19:24:44,945 num4 D5 vec10 r1 L15, Loss: -0.092171998666, Fideltiy: 0.092171998666, 72/500, 65.79
2025-02-26 19:24:46,164 num4 D5 vec10 r1 L15, Loss: -0.094211081532, Fideltiy: 0.094211081532, 73/500, 67.01
2025-02-26 19:24:46,572 num4 D5 vec10 r1 L15, Loss: -0.096097623240, Fideltiy: 0.096097623240, 74/500, 67.93
2025-02-26 19:24:47,596 num4 D5 vec10 r1 L15, Loss: -0.098016892691, Fideltiy: 0.098016892691, 75/500, 68.95
2025-02-26 19:24:48,874 num4 D5 vec10 r1 L15, Loss: -0.099785278619, Fideltiy: 0.099785278619, 76/500, 70.23
2025-02-26 19:24:49,548 num4 D5 vec10 r1 L15, Loss: -0.101501408106, Fideltiy: 0.101501408106, 77/500, 70.90
2025-02-26 19:24:50,463 num4 D5 vec10 r1 L15, Loss: -0.102531434815, Fideltiy: 0.102531434815, 78/500, 71.82
2025-02-26 19:24:57,811 num4 D5 vec10 r1 L15, Loss: -0.103870136115, Fideltiy: 0.103870136115, 79/500, 73.10
2025-02-26 19:24:52,161 num4 D5 vec10 r1 L15, Loss: -0.104976540809, Fideltiy: 0.104976540809, 80/500, 74.00
2025-02-26 19:24:52,948 num4 D5 vec10 r1 L15, Loss: -0.106101396373, Fideltiy: 0.106101396373, 81/500, 74.79
2025-02-26 19:24:54,551 num4 D5 vec10 r1 L15, Loss: -0.107006274243, Fideltiy: 0.107006274243, 82/500, 76.39
2025-02-26 19:24:56,146 num4 D5 vec10 r1 L15, Loss: -0.108124586978, Fideltiy: 0.108124586978, 83/500, 77.99
2025-02-26 19:24:56,548 num4 D5 vec10 r1 L15, Loss: -0.109323980373, Fideltiy: 0.109323980373, 84/500, 78.90
2025-02-26 19:24:57,756 num4 D5 vec10 r1 L15, Loss: -0.110485224833, Fideltiy: 0.110485224833, 85/500, 80.11
2025-02-26 19:24:59,273 num4 D5 vec10 r1 L15, Loss: -0.111790754932, Fideltiy: 0.111790754932, 86/500, 81.63
2025-02-26 19:25:00,255 num4 D5 vec10 r1 L15, Loss: -0.113302978752, Fideltiy: 0.113302978752, 87/500, 82.61
2025-02-26 19:25:01,086 num4 D5 vec10 r1 L15, Loss: -0.114637566576, Fideltiy: 0.114637566576, 88/500, 83.44
2025-02-26 19:25:02,328 num4 D5 vec10 r1 L15, Loss: -0.115927315018, Fideltiy: 0.115927315018, 89/500, 85.18
2025-02-26 19:25:03,175 num4 D5 vec10 r1 L15, Loss: -0.117567874780, Fideltiy: 0.117567874780, 90/500, 86.03
2025-02-26 19:25:04,245 num4 D5 vec10 r1 L15, Loss: -0.119754688961, Fideltiy: 0.119754688961, 91/500, 87.10
2025-02-26 19:25:05,003 num4 D5 vec10 r1 L15, Loss: -0.122589227642, Fideltiy: 0.122589227642, 92/500, 87.86
2025-02-26 19:25:06,301 num4 D5 vec10 r1 L15, Loss: -0.125660665233, Fideltiy: 0.125660665233, 93/500, 89.16
2025-02-26 19:25:06,562 num4 D5 vec10 r1 L15, Loss: -0.127764254920, Fideltiy: 0.127764254920, 94/500, 89.92
2025-02-26 19:25:07,302 num4 D5 vec10 r1 L15, Loss: -0.130150210347, Fideltiy: 0.130150210347, 95/500, 90.66
2025-02-26 19:25:08,157 num4 D5 vec10 r1 L15, Loss: -0.133092333048, Fideltiy: 0.133092333048, 96/500, 91.52
2025-02-26 19:25:08,981 num4 D5 vec10 r1 L15, Loss: -0.135251479723, Fideltiy: 0.135251479723, 97/500, 92.34
2025-02-26 19:25:09,855 num4 D5 vec10 r1 L15, Loss: -0.137780341003, Fideltiy: 0.137780341003, 98/500, 93.21
2025-02-26 19:25:11,171 num4 D5 vec10 r1 L15, Loss: -0.139920349361, Fideltiy: 0.139920349361, 99/500, 94.53
2025-02-26 19:25:17,987 num4 D5 vec10 r1 L15, Loss: -0.141392472053, Fideltiy: 0.141392472053, 100/500, 95.28
2025-02-26 19:25:12,227 num4 D5 vec10 r1 L15, Loss: -0.143277674513, Fideltiy: 0.143277674513, 101/500, 96.10
2025-02-26 19:25:13,122 num4 D5 vec10 r1 L15, Loss: -0.144544644675, Fideltiy: 0.144544644675, 102/500, 96.99
2025-02-26 19:25:14,031 num4 D5 vec10 r1 L15, Loss: -0.145827183060, Fideltiy: 0.145827183060, 103/500, 97.90
2025-02-26 19:25:14,712 num4 D5 vec10 r1 L15, Loss: -0.146644341298, Fideltiy: 0.146644341298, 104/500, 98.58
2025-02-26 19:25:15,583 num4 D5 vec10 r1 L15, Loss: -0.147699477443, Fideltiy: 0.147699477443, 105/500, 99.45
2025-02-26 19:25:16,425 num4 D5 vec10 r1 L15, Loss: -0.148626087412, Fideltiy: 0.148626087412, 106/500, 100.30
2025-02-26 19:25:16,888 num4 D5 vec10 r1 L15, Loss: -0.149511869516, Fideltiy: 0.149511869516, 107/500, 101.24
2025-02-26 19:25:18,032 num4 D5 vec10 r1 L15, Loss: -0.150247960579, Fideltiy: 0.150247960579, 108/500, 102.38
2025-02-26 19:25:18,687 num4 D5 vec10 r1 L15, Loss: -0.151223888895, Fideltiy: 0.151223888895, 109/500, 103.04
2025-02-26 19:25:19,482 num4 D5 vec10 r1 L15, Loss: -0.152013327805, Fideltiy: 0.152013327805, 110/500, 103.83
2025-02-26 19:25:20,325 num4 D5 vec10 r1 L15, Loss: -0.152893095277, Fideltiy: 0.152893095277, 111/500, 104.68
2025-02-26 19:25:21,498 num4 D5 vec10 r1 L15, Loss: -0.153655919445, Fideltiy: 0.153655919445, 112/500, 105.85
2025-02-26 19:25:22,078 num4 D5 vec10 r1 L15, Loss: -0.154528104309, Fideltiy: 0.154528104309, 113/500, 106.95
2025-02-26 19:25:22,901 num4 D5 vec10 r1 L15, Loss: -0.155467825789, Fideltiy: 0.155467825789, 114/500, 107.77
2025-02-26 19:25:23,766 num4 D5 vec10 r1 L15, Loss: -0.156396102733, Fideltiy: 0.156396102733, 115/500, 108.63
2025-02-26 19:25:25,023 num4 D5 vec10 r1 L15, Loss: -0.157425011525, Fideltiy: 0.157425011525, 116/500, 109.89
2025-02-26 19:25:25,897 num4 D5 vec10 r1 L15, Loss: -0.158145014976, Fideltiy: 0.158145014976, 117/500, 110.76
2025-02-26 19:25:26,631 num4 D5 vec10 r1 L15, Loss: -0.158935798984, Fideltiy: 0.158935798984, 118/500, 111.50
2025-02-26 19:25:26,810 num4 D5 vec10 r1 L15, Loss: -0.159594771740, Fideltiy: 0.159594771740, 119/500, 112.20
2025-02-26 19:25:27,619 num4 D5 vec10 r1 L15, Loss: -0.160094618767, Fideltiy: 0.160094618767, 120/500, 113.01
2025-02-26 19:25:28,898 num4 D5 vec10 r1 L15, Loss: -0.160636704503, Fideltiy: 0.160636704503, 121/500, 114.29
2025-02-26 19:25:29,819 num4 D5 vec10 r1 L15, Loss: -0.161194934662, Fideltiy: 0.161194934662, 122/500, 115.21
2025-02-26 19:25:30,617 num4 D5 vec10 r1 L15, Loss: -0.161750502143, Fideltiy: 0.161750502143, 123/500, 116.00
2025-02-26 19:25:31,475 num4 D5 vec10 r1 L15, Loss: -0.162427922042, Fideltiy: 0.162427922042, 124/500, 116.86
2025-02-26 19:25:32,192 num4 D5 vec10 r1 L15, Loss: -0.162884970288, Fideltiy: 0.162884970288, 125/500, 118.05
2025-02-26 19:25:33,103 num4 D5 vec10 r1 L15, Loss: -0.163187880787, Fideltiy: 0.163187880787, 126/500, 118.96
2025-02-26 19:25:33,908 num4 D5 vec10 r1 L15, Loss: -0.163604031361, Fideltiy: 0.163604031361, 127/500, 119.77
2025-02-26 19:25:34,700 num4 D5 vec10 r1 L15, Loss: -0.164032263218, Fideltiy: 0.164032263218, 128/500, 120.56
2025-02-26 19:25:35,553 num4 D5 vec10 r1 L15, Loss: -0.164440104144, Fideltiy: 0.164440104144, 129/500, 121.41
2025-02-26 19:25:42,841 num4 D5 vec10 r1 L15, Loss: -0.164863145793, Fideltiy: 0.164863145793, 130/500, 122.64
2025-02-26 19:25:37,044 num4 D5 vec10 r1 L15, Loss: -0.165375506722, Fideltiy: 0.165375506722, 131/500, 123.41
2025-02-26 19:25:37,884 num4 D5 vec10 r1 L15, Loss: -0.165959416284, Fideltiy: 0.165959416284, 132/500, 124.25
2025-02-26 19:25:39,042 num4 D5 vec10 r1 L15, Loss: -0.166606498828, Fideltiy: 0.166606498828, 133/500, 125.41
2025-02-26 19:25:39,897 num4 D5 vec10 r1 L15, Loss: -0.167356780041, Fideltiy: 0.167356780041, 134/500, 126.26
2025-02-26 19:25:40,642 num4 D5 vec10 r1 L15, Loss: -0.167871226294, Fideltiy: 0.167871226294, 135/500, 127.01
2025-02-26 19:25:41,528 num4 D5 vec10 r1 L15, Loss: -0.168379458848, Fideltiy: 0.168379458848, 136/500, 127.89
2025-02-26 19:25:41,782 num4 D5 vec10 r1 L15, Loss: -0.168992922824, Fideltiy: 0.168992922824, 137/500, 128.63
2025-02-26 19:25:42,610 num4 D5 vec10 r1 L15, Loss: -0.169564739805, Fideltiy: 0.169564739805, 138/500, 129.46
2025-02-26 19:25:43,668 num4 D5 vec10 r1 L15, Loss: -0.170170459658, Fideltiy: 0.170170459658, 139/500, 130.52
2025-02-26 19:25:44,710 num4 D5 vec10 r1 L15, Loss: -0.170719930492, Fideltiy: 0.170719930492, 140/500, 131.56
2025-02-26 19:25:45,396 num4 D5 vec10 r1 L15, Loss: -0.171342548720, Fideltiy: 0.171342548720, 141/500, 132.25
2025-02-26 19:25:46,182 num4 D5 vec10 r1 L15, Loss: -0.172122225485, Fideltiy: 0.172122225485, 142/500, 133.03
2025-02-26 19:25:52,899 num4 D5 vec10 r1 L15, Loss: -0.173056919966, Fideltiy: 0.173056919966, 143/500, 133.70
2025-02-26 19:25:47,246 num4 D5 vec10 r1 L15, Loss: -0.174392594523, Fideltiy: 0.174392594523, 144/500, 134.61
2025-02-26 19:25:48,410 num4 D5 vec10 r1 L15, Loss: -0.176262195664, Fideltiy: 0.176262195664, 145/500, 135.77
2025-02-26 19:25:49,293 num4 D5 vec10 r1 L15, Loss: -0.177031478275, Fideltiy: 0.177031478275, 146/500, 136.66
2025-02-26 19:25:49,968 num4 D5 vec10 r1 L15, Loss: -0.178275774007, Fideltiy: 0.178275774007, 147/500, 137.33
2025-02-26 19:25:50,769 num4 D5 vec10 r1 L15, Loss: -0.180188013306, Fideltiy: 0.180188013306, 148/500, 138.13
2025-02-26 19:25:51,572 num4 D5 vec10 r1 L15, Loss: -0.182562000099, Fideltiy: 0.182562000099, 149/500, 138.93
2025-02-26 19:25:52,008 num4 D5 vec10 r1 L15, Loss: -0.183933256261, Fideltiy: 0.183933256261, 150/500, 139.88
2025-02-26 19:25:53,113 num4 D5 vec10 r1 L15, Loss: -0.185512784118, Fideltiy: 0.185512784118, 151/500, 140.98
2025-02-26 19:25:54,095 num4 D5 vec10 r1 L15, Loss: -0.186729648749, Fideltiy: 0.186729648749, 152/500, 141.96
2025-02-26 19:25:54,855 num4 D5 vec10 r1 L15, Loss: -0.187949150945, Fideltiy: 0.187949150945, 153/500, 142.72
2025-02-26 19:25:55,754 num4 D5 vec10 r1 L15, Loss: -0.189064813928, Fideltiy: 0.189064813928, 154/500, 143.62
2025-02-26 19:25:56,651 num4 D5 vec10 r1 L15, Loss: -0.189679551398, Fideltiy: 0.189679551398, 155/500, 144.52
2025-02-26 19:25:56,940 num4 D5 vec10 r1 L15, Loss: -0.190455250082, Fideltiy: 0.190455250082, 156/500, 145.30
2025-02-26 19:25:58,184 num4 D5 vec10 r1 L15, Loss: -0.191244316992, Fideltiy: 0.191244316992, 157/500, 146.55
2025-02-26 19:25:59,041 num4 D5 vec10 r1 L15, Loss: -0.191572675711, Fideltiy: 0.191572675711, 158/500, 147.40
2025-02-26 19:25:59,720 num4 D5 vec10 r1 L15, Loss: -0.192087987834, Fideltiy: 0.192087987834, 159/500, 148.08
2025-02-26 19:26:00,502 num4 D5 vec10 r1 L15, Loss: -0.192739443245, Fideltiy: 0.192739443245, 160/500, 148.87
2025-02-26 19:26:07,852 num4 D5 vec10 r1 L15, Loss: -0.193198746924, Fideltiy: 0.193198746924, 161/500, 150.16
2025-02-26 19:26:02,181 num4 D5 vec10 r1 L15, Loss: -0.193729268925, Fideltiy: 0.193729268925, 162/500, 151.05
2025-02-26 19:26:03,407 num4 D5 vec10 r1 L15, Loss: -0.194162614289, Fideltiy: 0.194162614289, 163/500, 152.28
2025-02-26 19:26:04,188 num4 D5 vec10 r1 L15, Loss: -0.194574106473, Fideltiy: 0.194574106473, 164/500, 153.06
2025-02-26 19:26:04,943 num4 D5 vec10 r1 L15, Loss: -0.194838484878, Fideltiy: 0.194838484878, 165/500, 153.82
2025-02-26 19:26:05,842 num4 D5 vec10 r1 L15, Loss: -0.195169019889, Fideltiy: 0.195169019889, 166/500, 154.72
2025-02-26 19:26:13,111 num4 D5 vec10 r1 L15, Loss: -0.195511400631, Fideltiy: 0.195511400631, 167/500, 155.92
2025-02-26 19:26:07,505 num4 D5 vec10 r1 L15, Loss: -0.195825689361, Fideltiy: 0.195825689361, 168/500, 156.88
2025-02-26 19:26:08,345 num4 D5 vec10 r1 L15, Loss: -0.196131168199, Fideltiy: 0.196131168199, 169/500, 157.72
2025-02-26 19:26:09,128 num4 D5 vec10 r1 L15, Loss: -0.196469714854, Fideltiy: 0.196469714854, 170/500, 158.50
2025-02-26 19:26:10,338 num4 D5 vec10 r1 L15, Loss: -0.196689511540, Fideltiy: 0.196689511540, 171/500, 159.71
2025-02-26 19:26:11,504 num4 D5 vec10 r1 L15, Loss: -0.196970634068, Fideltiy: 0.196970634068, 172/500, 160.87
2025-02-26 19:26:12,557 num4 D5 vec10 r1 L15, Loss: -0.197233786051, Fideltiy: 0.197233786051, 173/500, 162.42
2025-02-26 19:26:13,832 num4 D5 vec10 r1 L15, Loss: -0.197509700965, Fideltiy: 0.197509700965, 174/500, 163.70
2025-02-26 19:26:14,582 num4 D5 vec10 r1 L15, Loss: -0.197802012962, Fideltiy: 0.197802012962, 175/500, 164.45
2025-02-26 19:26:15,638 num4 D5 vec10 r1 L15, Loss: -0.198155820016, Fideltiy: 0.198155820016, 176/500, 165.50
2025-02-26 19:26:16,404 num4 D5 vec10 r1 L15, Loss: -0.198455579096, Fideltiy: 0.198455579096, 177/500, 166.27
2025-02-26 19:26:16,997 num4 D5 vec10 r1 L15, Loss: -0.198731662352, Fideltiy: 0.198731662352, 178/500, 167.36
2025-02-26 19:26:17,831 num4 D5 vec10 r1 L15, Loss: -0.199064095163, Fideltiy: 0.199064095163, 179/500, 168.20
2025-02-26 19:26:18,664 num4 D5 vec10 r1 L15, Loss: -0.199388552659, Fideltiy: 0.199388552659, 180/500, 169.03
2025-02-26 19:26:19,539 num4 D5 vec10 r1 L15, Loss: -0.199683481125, Fideltiy: 0.199683481125, 181/500, 169.91
2025-02-26 19:26:20,737 num4 D5 vec10 r1 L15, Loss: -0.199980858309, Fideltiy: 0.199980858309, 182/500, 171.10
2025-02-26 19:26:21,633 num4 D5 vec10 r1 L15, Loss: -0.200299483564, Fideltiy: 0.200299483564, 183/500, 172.00
2025-02-26 19:26:28,915 num4 D5 vec10 r1 L15, Loss: -0.200508845888, Fideltiy: 0.200508845888, 184/500, 173.22
2025-02-26 19:26:29,888 num4 D5 vec10 r1 L15, Loss: -0.200787514680, Fideltiy: 0.200787514680, 185/500, 174.20
2025-02-26 19:26:30,841 num4 D5 vec10 r1 L15, Loss: -0.201102813199, Fideltiy: 0.201102813199, 186/500, 175.15
2025-02-26 19:26:32,387 num4 D5 vec10 r1 L15, Loss: -0.201187415701, Fideltiy: 0.201187415701, 187/500, 176.69
2025-02-26 19:26:33,995 num4 D5 vec10 r1 L15, Loss: -0.201333314659, Fideltiy: 0.201333314659, 188/500, 178.30
2025-02-26 19:26:35,435 num4 D5 vec10 r1 L15, Loss: -0.201567146288, Fideltiy: 0.201567146288, 189/500, 179.74
2025-02-26 19:26:36,592 num4 D5 vec10 r1 L15, Loss: -0.201858676820, Fideltiy: 0.201858676820, 190/500, 180.90
2025-02-26 19:26:37,248 num4 D5 vec10 r1 L15, Loss: -0.202000748258, Fideltiy: 0.202000748258, 191/500, 181.56
2025-02-26 19:26:38,086 num4 D5 vec10 r1 L15, Loss: -0.202202385260, Fideltiy: 0.202202385260, 192/500, 182.39
2025-02-26 19:26:38,991 num4 D5 vec10 r1 L15, Loss: -0.202451119499, Fideltiy: 0.202451119499, 193/500, 183.30
2025-02-26 19:26:40,234 num4 D5 vec10 r1 L15, Loss: -0.202614106982, Fideltiy: 0.202614106982, 194/500, 184.54
2025-02-26 19:26:41,282 num4 D5 vec10 r1 L15, Loss: -0.202777031949, Fideltiy: 0.202777031949, 195/500, 185.59
2025-02-26 19:26:42,112 num4 D5 vec10 r1 L15, Loss: -0.202909206656, Fideltiy: 0.202909206656, 196/500, 186.42
2025-02-26 19:26:42,929 num4 D5 vec10 r1 L15, Loss: -0.203069926085, Fideltiy: 0.203069926085, 197/500, 187.24
2025-02-26 19:26:36,059 num4 D5 vec10 r1 L15, Loss: -0.203256298458, Fideltiy: 0.203256298458, 198/500, 188.30
2025-02-26 19:26:37,722 num4 D5 vec10 r1 L15, Loss: -0.203401375309, Fideltiy: 0.203401375309, 199/500, 190.09
2025-02-26 19:26:39,313 num4 D5 vec10 r1 L15, Loss: -0.203563316056, Fideltiy: 0.203563316056, 200/500, 191.68
2025-02-26 19:26:40,350 num4 D5 vec10 r1 L15, Loss: -0.203663171999, Fideltiy: 0.203663171999, 201/500, 192.72
2025-02-26 19:26:41,158 num4 D5 vec10 r1 L15, Loss: -0.203804607187, Fideltiy: 0.203804607187, 202/500, 193.53
2025-02-26 19:26:48,060 num4 D5 vec10 r1 L15, Loss: -0.203990408474, Fideltiy: 0.203990408474, 203/500, 194.37
2025-02-26 19:26:42,409 num4 D5 vec10 r1 L15, Loss: -0.204148985368, Fideltiy: 0.204148985368, 204/500, 195.28
2025-02-26 19:26:43,646 num4 D5 vec10 r1 L15, Loss: -0.204318988291, Fideltiy: 0.204318988291, 205/500, 196.52
2025-02-26 19:26:44,571 num4 D5 vec10 r1 L15, Loss: -0.204517623845, Fideltiy: 0.204517623845, 206/500, 197.44
2025-02-26 19:26:45,328 num4 D5 vec10 r1 L15, Loss: -0.204723350415, Fideltiy: 0.204723350415, 207/500, 198.20
2025-02-26 19:26:46,242 num4 D5 vec10 r1 L15, Loss: -0.204925888539, Fideltiy: 0.204925888539, 208/500, 199.11
2025-02-26 19:26:46,813 num4 D5 vec10 r1 L15, Loss: -0.205187239379, Fideltiy: 0.205187239379, 209/500, 200.18
2025-02-26 19:26:47,723 num4 D5 vec10 r1 L15, Loss: -0.205403287796, Fideltiy: 0.205403287796, 210/500, 201.09
2025-02-26 19:26:48,584 num4 D5 vec10 r1 L15, Loss: -0.205610415439, Fideltiy: 0.205610415439, 211/500, 201.95
2025-02-26 19:26:49,470 num4 D5 vec10 r1 L15, Loss: -0.205857751357, Fideltiy: 0.205857751357, 212/500, 202.84
2025-02-26 19:26:50,379 num4 D5 vec10 r1 L15, Loss: -0.206113989345, Fideltiy: 0.206113989345, 213/500, 203.75
2025-02-26 19:26:51,560 num4 D5 vec10 r1 L15, Loss: -0.206365622343, Fideltiy: 0.206365622343, 214/500, 204.93
2025-02-26 19:26:51,908 num4 D5 vec10 r1 L15, Loss: -0.206643729740, Fideltiy: 0.206643729740, 215/500, 205.79
2025-02-26 19:26:52,620 num4 D5 vec10 r1 L15, Loss: -0.206970322941, Fideltiy: 0.206970322941, 216/500, 206.50
2025-02-26 19:26:53,487 num4 D5 vec10 r1 L15, Loss: -0.207286923849, Fideltiy: 0.207286923849, 217/500, 207.37
2025-02-26 19:26:54,531 num4 D5 vec10 r1 L15, Loss: -0.207558875408, Fideltiy: 0.207558875408, 218/500, 208.41
2025-02-26 19:26:55,590 num4 D5 vec10 r1 L15, Loss: -0.207853616588, Fideltiy: 0.207853616588, 219/500, 209.47
2025-02-26 19:26:56,340 num4 D5 vec10 r1 L15, Loss: -0.208069609380, Fideltiy: 0.208069609380, 220/500, 210.22
2025-02-26 19:26:56,710 num4 D5 vec10 r1 L15, Loss: -0.208325451143, Fideltiy: 0.208325451143, 221/500, 211.09
2025-02-26 19:26:57,601 num4 D5 vec10 r1 L15, Loss: -0.208611717768, Fideltiy: 0.208611717768, 222/500, 211.98
2025-02-26 19:26:58,768 num4 D5 vec10 r1 L15, Loss: -0.208878820197, Fideltiy: 0.208878820197, 223/500, 213.15
2025-02-26 19:26:59,454 num4 D5 vec10 r1 L15, Loss: -0.209144129260, Fideltiy: 0.209144129260, 224/500, 213.84
2025-02-26 19:27:00,428 num4 D5 vec10 r1 L15, Loss: -0.209383945540, Fideltiy: 0.209383945540, 225/500, 214.81
2025-02-26 19:27:01,694 num4 D5 vec10 r1 L15, Loss: -0.209628722358, Fideltiy: 0.209628722358, 226/500, 216.08
2025-02-26 19:27:01,879 num4 D5 vec10 r1 L15, Loss: -0.209841459649, Fideltiy: 0.209841459649, 227/500, 216.75
2025-02-26 19:27:02,734 num4 D5 vec10 r1 L15, Loss: -0.210087347636, Fideltiy: 0.210087347636, 228/500, 217.61
2025-02-26 19:27:03,609 num4 D5 vec10 r1 L15, Loss: -0.210311996025, Fideltiy: 0.210311996025, 229/500, 218.48
2025-02-26 19:27:04,851 num4 D5 vec10 r1 L15, Loss: -0.210522252033, Fideltiy: 0.210522252033, 230/500, 219.72
2025-02-26 19:27:05,804 num4 D5 vec10 r1 L15, Loss: -0.210749837717, Fideltiy: 0.210749837717, 231/500, 220.68
2025-02-26 19:27:06,600 num4 D5 vec10 r1 L15, Loss: -0.210982841739, Fideltiy: 0.210982841739, 232/500, 221.47
2025-02-26 19:27:06,940 num4 D5 vec10 r1 L15, Loss: -0.211130205023, Fideltiy: 0.211130205023, 233/500, 222.32
2025-02-26 19:27:08,052 num4 D5 vec10 r1 L15, Loss: -0.211307876241, Fideltiy: 0.211307876241, 234/500, 223.43
2025-02-26 19:27:08,765 num4 D5 vec10 r1 L15, Loss: -0.211461413671, Fideltiy: 0.211461413671, 235/500, 224.15
2025-02-26 19:27:09,583 num4 D5 vec10 r1 L15, Loss: -0.211646711825, Fideltiy: 0.211646711825, 236/500, 224.96
2025-02-26 19:27:10,763 num4 D5 vec10 r1 L15, Loss: -0.211866900859, Fideltiy: 0.211866900859, 237/500, 226.14
2025-02-26 19:27:11,767 num4 D5 vec10 r1 L15, Loss: -0.212079305173, Fideltiy: 0.212079305173, 238/500, 227.15
2025-02-26 19:27:11,941 num4 D5 vec10 r1 L15, Loss: -0.212270384110, Fideltiy: 0.212270384110, 239/500, 227.84
2025-02-26 19:27:12,739 num4 D5 vec10 r1 L15, Loss: -0.212440554086, Fideltiy: 0.212440554086, 240/500, 228.64
2025-02-26 19:27:13,955 num4 D5 vec10 r1 L15, Loss: -0.212662254679, Fideltiy: 0.212662254679, 241/500, 229.86
2025-02-26 19:27:14,910 num4 D5 vec10 r1 L15, Loss: -0.212912174307, Fideltiy: 0.212912174307, 242/500, 230.81
2025-02-26 19:27:15,666 num4 D5 vec10 r1 L15, Loss: -0.213112517231, Fideltiy: 0.213112517231, 243/500, 231.57
2025-02-26 19:27:16,414 num4 D5 vec10 r1 L15, Loss: -0.213309539108, Fideltiy: 0.213309539108, 244/500, 232.32
2025-02-26 19:27:17,038 num4 D5 vec10 r1 L15, Loss: -0.213505455932, Fideltiy: 0.213505455932, 245/500, 233.42
2025-02-26 19:27:18,126 num4 D5 vec10 r1 L15, Loss: -0.213681948211, Fideltiy: 0.213681948211, 246/500, 234.51
2025-02-26 19:27:18,767 num4 D5 vec10 r1 L15, Loss: -0.213923779651, Fideltiy: 0.213923779651, 247/500, 235.15
