2024-01-18 03:24:54 Energy list: [-7.999996898179551]
2024-01-18 03:24:55 Number of qubits: 10
2024-01-18 03:24:55 Number of params: 408
2024-01-18 03:24:55 Number of gates: 2216
2024-01-18 03:24:55 Simulator: mqvector, Method: BFGS
2024-01-18 03:24:55 vec0, Loss: 0.926617709605533, Fidelity: 0.073382290394467, 10, 0.28
2024-01-18 03:24:55 vec0, Loss: 0.535772502290583, Fidelity: 0.464227497709417, 20, 0.65
2024-01-18 03:24:56 vec0, Loss: 0.360644005452836, Fidelity: 0.639355994547164, 30, 0.97
2024-01-18 03:24:56 vec0, Loss: 0.335512811102202, Fidelity: 0.664487188897798, 40, 1.36
2024-01-18 03:24:56 vec0, Loss: 0.331099953792204, Fidelity: 0.668900046207796, 50, 1.72
2024-01-18 03:24:57 vec0, Loss: 0.260577791866813, Fidelity: 0.739422208133187, 60, 2.04
2024-01-18 03:24:57 vec0, Loss: 0.044541993701420, Fidelity: 0.955458006298580, 70, 2.44
2024-01-18 03:24:57 vec0, Loss: 0.007978659839126, Fidelity: 0.992021340160874, 80, 2.83
2024-01-18 03:24:58 vec0, Loss: 0.002700072634681, Fidelity: 0.997299927365319, 90, 3.21
2024-01-18 03:24:58 vec0, Loss: 0.000922826073565, Fidelity: 0.999077173926435, 100, 3.58
2024-01-18 03:24:59 vec0, Loss: 0.000464733692874, Fidelity: 0.999535266307126, 110, 3.93
2024-01-18 03:24:59 vec0, Loss: 0.000314821202289, Fidelity: 0.999685178797711, 120, 4.27
2024-01-18 03:24:59 vec0, Loss: 0.000280803642954, Fidelity: 0.999719196357046, 130, 4.64
2024-01-18 03:25:00 vec0, Loss: 0.000259811840385, Fidelity: 0.999740188159615, 140, 5.02
2024-01-18 03:25:00 vec0, Loss: 0.000242420234574, Fidelity: 0.999757579765426, 150, 5.39
2024-01-18 03:25:00 vec0, Loss: 0.000212364657271, Fidelity: 0.999787635342729, 160, 5.80
2024-01-18 03:25:01 vec0, Loss: 0.000170752700352, Fidelity: 0.999829247299648, 170, 6.23
2024-01-18 03:25:01 vec0, Loss: 0.000144663505656, Fidelity: 0.999855336494344, 180, 6.62
2024-01-18 03:25:02 vec0, Loss: 0.000120246782531, Fidelity: 0.999879753217469, 190, 6.98
2024-01-18 03:25:02 vec0, Loss: 0.000094978153969, Fidelity: 0.999905021846031, 200, 7.38
2024-01-18 03:25:02 vec0, Loss: 0.000074140345490, Fidelity: 0.999925859654510, 210, 7.74
2024-01-18 03:25:03 vec0, Loss: 0.000060914293714, Fidelity: 0.999939085706286, 220, 8.06
2024-01-18 03:25:03 vec0, Loss: 0.000051566817313, Fidelity: 0.999948433182687, 230, 8.41
2024-01-18 03:25:03 vec0, Loss: 0.000042939311046, Fidelity: 0.999957060688954, 240, 8.75
2024-01-18 03:25:04 vec0, Loss: 0.000031138066768, Fidelity: 0.999968861933232, 250, 9.11
2024-01-18 03:25:04 vec0, Loss: 0.000026558916714, Fidelity: 0.999973441083286, 260, 9.48
2024-01-18 03:25:04 vec0, Loss: 0.000024094035162, Fidelity: 0.999975905964838, 270, 9.82
2024-01-18 03:25:05 vec0, Loss: 0.000016876577499, Fidelity: 0.999983123422501, 280, 10.14
2024-01-18 03:25:05 vec0, Loss: 0.000014211399307, Fidelity: 0.999985788600693, 290, 10.49
2024-01-18 03:25:05 vec0, Loss: 0.000012932860788, Fidelity: 0.999987067139212, 300, 10.82
2024-01-18 03:25:06 vec0, Loss: 0.000012451569292, Fidelity: 0.999987548430708, 310, 11.15
2024-01-18 03:25:06 vec0, Loss: 0.000011426984320, Fidelity: 0.999988573015680, 320, 11.49
2024-01-18 03:25:06 vec0, Loss: 0.000007944794129, Fidelity: 0.999992055205871, 330, 11.82
2024-01-18 03:25:07 vec0, Loss: 0.000007575779331, Fidelity: 0.999992424220669, 340, 12.17
2024-01-18 03:25:07 vec0, Loss: 0.000006996912082, Fidelity: 0.999993003087918, 350, 12.53
2024-01-18 03:25:07 vec0, Loss: 0.000006013032407, Fidelity: 0.999993986967593, 360, 12.88
2024-01-18 03:25:08 vec0, Loss: 0.000005955416147, Fidelity: 0.999994044583853, 370, 13.22
2024-01-18 03:25:08 vec0, Loss: 0.000004577440268, Fidelity: 0.999995422559732, 380, 13.57
2024-01-18 03:25:09 vec0, Loss: 0.000004478140547, Fidelity: 0.999995521859453, 390, 13.91
2024-01-18 03:25:09 vec0, Loss: 0.000003762044681, Fidelity: 0.999996237955319, 400, 14.24
2024-01-18 03:25:09 vec0, Loss: 0.000003553321112, Fidelity: 0.999996446678888, 410, 14.58
2024-01-18 03:25:10 vec0, Loss: 0.000003538232943, Fidelity: 0.999996461767057, 420, 14.98
2024-01-18 03:25:10 vec0, Loss: 0.000003043126552, Fidelity: 0.999996956873448, 430, 15.31
2024-01-18 03:25:10 vec0, Loss: 0.000003006578751, Fidelity: 0.999996993421249, 440, 15.67
2024-01-18 03:25:11 vec0, Loss: 0.000002901966978, Fidelity: 0.999997098033022, 450, 15.99
2024-01-18 03:25:11 vec0, Loss: 0.000002292946237, Fidelity: 0.999997707053763, 460, 16.31
2024-01-18 03:25:11 vec0, Loss: 0.000002258669224, Fidelity: 0.999997741330776, 470, 16.66
2024-01-18 03:25:12 vec0, Loss: 0.000002240535727, Fidelity: 0.999997759464273, 480, 16.98
2024-01-18 03:25:12 vec0, Loss: 0.000002089653278, Fidelity: 0.999997910346722, 490, 17.36
2024-01-18 03:25:12 vec0, Loss: 0.000002045749711, Fidelity: 0.999997954250289, 500, 17.71
2024-01-18 03:25:13 vec0, Loss: 0.000001968653823, Fidelity: 0.999998031346177, 510, 18.03
2024-01-18 03:25:13 vec0, Loss: 0.000001945198112, Fidelity: 0.999998054801888, 520, 18.39
2024-01-18 03:25:13 vec0, Loss: 0.000001941917154, Fidelity: 0.999998058082846, 530, 18.71
2024-01-18 03:25:14 vec0, Loss: 0.000001859804822, Fidelity: 0.999998140195178, 540, 19.04
2024-01-18 03:25:14 vec0, Loss: 0.000001850578494, Fidelity: 0.999998149421506, 550, 19.42
2024-01-18 03:25:14 vec0, Loss: 0.000001718161303, Fidelity: 0.999998281838697, 560, 19.79
2024-01-18 03:25:15 vec0, Loss: 0.000001575178616, Fidelity: 0.999998424821384, 570, 20.12
2024-01-18 03:25:15 vec0, Loss: 0.000001516979790, Fidelity: 0.999998483020210, 580, 20.46
2024-01-18 03:25:15 vec0, Loss: 0.000001503329451, Fidelity: 0.999998496670549, 590, 20.78
2024-01-18 03:25:16 vec0, Loss: 0.000001498365563, Fidelity: 0.999998501634437, 600, 21.11
2024-01-18 03:25:16 vec0, Loss: 0.000001487504741, Fidelity: 0.999998512495259, 610, 21.43
2024-01-18 03:25:16 vec0, Loss: 0.000001344706629, Fidelity: 0.999998655293371, 620, 21.75
2024-01-18 03:25:17 vec0, Loss: 0.000001196249909, Fidelity: 0.999998803750091, 630, 22.08
2024-01-18 03:25:17 vec0, Loss: 0.000001146946388, Fidelity: 0.999998853053612, 640, 22.42
2024-01-18 03:25:17 vec0, Loss: 0.000001130951480, Fidelity: 0.999998869048520, 650, 22.77
2024-01-18 03:25:18 vec0, Loss: 0.000001119284601, Fidelity: 0.999998880715399, 660, 23.14
2024-01-18 03:25:18 vec0, Loss: 0.000001065581600, Fidelity: 0.999998934418400, 670, 23.49
2024-01-18 03:25:18 vec0, Loss: 0.000001017775176, Fidelity: 0.999998982224824, 680, 23.83
2024-01-18 03:25:19 vec0, Loss: 0.000000982169804, Fidelity: 0.999999017830196, 690, 24.19
2024-01-18 03:25:19 vec0, Loss: 0.000000928701558, Fidelity: 0.999999071298442, 700, 24.52
2024-01-18 03:25:19 vec0, Loss: 0.000000800903112, Fidelity: 0.999999199096888, 710, 24.84
2024-01-18 03:25:20 vec0, Loss: 0.000000730320542, Fidelity: 0.999999269679458, 720, 25.14
2024-01-18 03:25:20 vec0, Loss: 0.000000670198857, Fidelity: 0.999999329801143, 730, 25.47
2024-01-18 03:25:20 vec0, Loss: 0.000000630680121, Fidelity: 0.999999369319879, 740, 25.78
2024-01-18 03:25:21 vec0, Loss: 0.000000593288754, Fidelity: 0.999999406711246, 750, 26.08
2024-01-18 03:25:21 vec0, Loss: 0.000000563236662, Fidelity: 0.999999436763338, 760, 26.44
2024-01-18 03:25:21 vec0, Loss: 0.000000535291794, Fidelity: 0.999999464708206, 770, 26.76
2024-01-18 03:25:22 vec0, Loss: 0.000000503462987, Fidelity: 0.999999496537013, 780, 27.07
2024-01-18 03:25:22 vec0, Loss: 0.000000458107283, Fidelity: 0.999999541892717, 790, 27.39
2024-01-18 03:25:22 vec0, Loss: 0.000000423314943, Fidelity: 0.999999576685057, 800, 27.74
2024-01-18 03:25:23 vec0, Loss: 0.000000386119247, Fidelity: 0.999999613880753, 810, 28.09
2024-01-18 03:25:23 vec0, Loss: 0.000000363217720, Fidelity: 0.999999636782280, 820, 28.44
2024-01-18 03:25:23 vec0, Loss: 0.000000360456417, Fidelity: 0.999999639543583, 830, 28.78
2024-01-18 03:25:24 vec0, Loss: 0.000000357977536, Fidelity: 0.999999642022464, 840, 29.13
2024-01-18 03:25:24 vec0, Loss: 0.000000356494002, Fidelity: 0.999999643505998, 850, 29.48
2024-01-18 03:25:24 vec0, Loss: 0.000000352963415, Fidelity: 0.999999647036585, 860, 29.85
2024-01-18 03:25:25 vec0, Loss: 0.000000350858610, Fidelity: 0.999999649141390, 870, 30.22
2024-01-18 03:25:25 vec0, Loss: 0.000000343980504, Fidelity: 0.999999656019496, 880, 30.56
2024-01-18 03:25:25 vec0, Loss: 0.000000342301087, Fidelity: 0.999999657698913, 890, 30.88
2024-01-18 03:25:26 vec0, Loss: 0.000000341650041, Fidelity: 0.999999658349959, 900, 31.21
2024-01-18 03:25:26 vec0, Loss: 0.000000328060213, Fidelity: 0.999999671939787, 910, 31.53
2024-01-18 03:25:26 vec0, Loss: 0.000000314545316, Fidelity: 0.999999685454684, 920, 31.86
2024-01-18 03:25:27 vec0, Loss: 0.000000308120630, Fidelity: 0.999999691879370, 930, 32.17
2024-01-18 03:25:27 vec0, Loss: 0.000000306066501, Fidelity: 0.999999693933499, 940, 32.52
2024-01-18 03:25:28 vec0, Loss: 0.000000305498877, Fidelity: 0.999999694501123, 950, 32.88
2024-01-18 03:25:28 vec0, Loss: 0.000000305268920, Fidelity: 0.999999694731080, 960, 33.22
2024-01-18 03:25:28 vec0, Loss: 0.000000304882627, Fidelity: 0.999999695117373, 970, 33.55
2024-01-18 03:25:29 vec0, Loss: 0.000000300040412, Fidelity: 0.999999699959588, 980, 33.89
2024-01-18 03:25:29 vec0, Loss: 0.000000296731045, Fidelity: 0.999999703268955, 990, 34.23
2024-01-18 03:25:29 vec0, Loss: 0.000000296112273, Fidelity: 0.999999703887727, 1000, 34.57
2024-01-18 03:25:29 vec0, Loss: 0.000000293491824, Fidelity: 0.999999706508176, 1010, 34.87
2024-01-18 03:25:30 vec0, Loss: 0.000000287816538, Fidelity: 0.999999712183462, 1020, 35.20
2024-01-18 03:25:30 Maximum number of iterations has been exceeded.
2024-01-18 03:25:30 Optimal: 2.751144918544668e-07, Fidelity: 0.99999972488550814553
2024-01-18 03:25:30 vec0: [0.9999997248855081]
2024-01-18 03:25:30 Runtime: 35.4792s, 0.5913m, 0.0099h, Iter: 1028
