2024-01-14 19:07:58 RDM2 Rank: 9
2024-01-14 19:07:59 Number of qubits: 12
2024-01-14 19:07:59 Number of params: 4080
2024-01-14 19:07:59 Number of gates: 22160
2024-01-14 19:07:59 Hamiltonian Dimension: (4096, 4096)
2024-01-14 19:07:59 rdm2 & rho norm L2:  0.00000000000000049176
2024-01-14 19:07:59 rdm2 & rho fidelity: 0.99999999999948774310
2024-01-14 19:07:59 Simulator: mqvector, Method: BFGS
2024-01-14 19:08:05 Loss: 0.926923544906573, Fidelity: 0.073076455093427, 10, 6.45
2024-01-14 19:08:18 Loss: 0.505135404598166, Fidelity: 0.494864595401834, 20, 19.24
2024-01-14 19:08:34 Loss: 0.238852089487458, Fidelity: 0.761147910512542, 30, 35.29
2024-01-14 19:08:50 Loss: 0.135154678907295, Fidelity: 0.864845321092705, 40, 51.46
2024-01-14 19:09:07 Loss: 0.083194323613934, Fidelity: 0.916805676386066, 50, 68.18
2024-01-14 19:09:24 Loss: 0.053824916717177, Fidelity: 0.946175083282823, 60, 84.91
2024-01-14 19:09:41 Loss: 0.036631372476582, Fidelity: 0.963368627523418, 70, 101.59
2024-01-14 19:09:55 Loss: 0.024813273459937, Fidelity: 0.975186726540063, 80, 116.48
2024-01-14 19:10:11 Loss: 0.017626608241687, Fidelity: 0.982373391758313, 90, 132.18
2024-01-14 19:10:28 Loss: 0.013060394589475, Fidelity: 0.986939605410525, 100, 148.50
2024-01-14 19:10:43 Loss: 0.009742453494282, Fidelity: 0.990257546505718, 110, 163.64
2024-01-14 19:10:58 Loss: 0.007608810144380, Fidelity: 0.992391189855620, 120, 179.24
2024-01-14 19:11:14 Loss: 0.006027397863056, Fidelity: 0.993972602136944, 130, 194.74
2024-01-14 19:11:31 Loss: 0.004880456357475, Fidelity: 0.995119543642525, 140, 211.57
2024-01-14 19:11:47 Loss: 0.003807263152088, Fidelity: 0.996192736847912, 150, 228.11
2024-01-14 19:12:04 Loss: 0.003147028905183, Fidelity: 0.996852971094817, 160, 245.17
2024-01-14 19:12:21 Loss: 0.002584668756412, Fidelity: 0.997415331243588, 170, 261.59
2024-01-14 19:12:38 Loss: 0.002195538962151, Fidelity: 0.997804461037849, 180, 278.84
2024-01-14 19:12:55 Loss: 0.001898263233679, Fidelity: 0.998101736766321, 190, 295.98
2024-01-14 19:13:12 Loss: 0.001633186189210, Fidelity: 0.998366813810790, 200, 313.31
2024-01-14 19:13:29 Loss: 0.001398972929403, Fidelity: 0.998601027070597, 210, 330.33
2024-01-14 19:13:46 Loss: 0.001177044066869, Fidelity: 0.998822955933131, 220, 347.30
2024-01-14 19:14:03 Loss: 0.001006246413872, Fidelity: 0.998993753586128, 230, 363.69
2024-01-14 19:14:19 Loss: 0.000860034097258, Fidelity: 0.999139965902742, 240, 379.75
2024-01-14 19:14:36 Loss: 0.000743961943232, Fidelity: 0.999256038056768, 250, 396.73
2024-01-14 19:14:52 Loss: 0.000650020211540, Fidelity: 0.999349979788460, 260, 413.48
2024-01-14 19:15:09 Loss: 0.000568046720790, Fidelity: 0.999431953279210, 270, 430.10
2024-01-14 19:15:26 Loss: 0.000497083055286, Fidelity: 0.999502916944714, 280, 446.80
2024-01-14 19:15:42 Loss: 0.000432616128712, Fidelity: 0.999567383871288, 290, 463.40
2024-01-14 19:15:59 Loss: 0.000378373698499, Fidelity: 0.999621626301501, 300, 480.02
2024-01-14 19:16:16 Loss: 0.000337755200827, Fidelity: 0.999662244799173, 310, 496.92
2024-01-14 19:16:33 Loss: 0.000303119587700, Fidelity: 0.999696880412300, 320, 514.16
2024-01-14 19:16:50 Loss: 0.000276355871625, Fidelity: 0.999723644128375, 330, 531.26
2024-01-14 19:17:07 Loss: 0.000252166767137, Fidelity: 0.999747833232863, 340, 548.19
2024-01-14 19:17:24 Loss: 0.000230656906968, Fidelity: 0.999769343093032, 350, 565.14
2024-01-14 19:17:41 Loss: 0.000209993960995, Fidelity: 0.999790006039005, 360, 581.80
2024-01-14 19:17:57 Loss: 0.000191915626406, Fidelity: 0.999808084373594, 370, 597.60
2024-01-14 19:18:13 Loss: 0.000174907616594, Fidelity: 0.999825092383406, 380, 614.35
2024-01-14 19:18:30 Loss: 0.000161855113590, Fidelity: 0.999838144886410, 390, 630.54
2024-01-14 19:18:46 Loss: 0.000149357374927, Fidelity: 0.999850642625073, 400, 647.08
2024-01-14 19:19:03 Loss: 0.000137925489562, Fidelity: 0.999862074510438, 410, 663.75
2024-01-14 19:19:20 Loss: 0.000126778651943, Fidelity: 0.999873221348057, 420, 680.82
2024-01-14 19:19:36 Loss: 0.000116343559181, Fidelity: 0.999883656440819, 430, 697.32
2024-01-14 19:19:53 Loss: 0.000107869660249, Fidelity: 0.999892130339751, 440, 714.37
2024-01-14 19:20:10 Loss: 0.000098221331973, Fidelity: 0.999901778668027, 450, 731.17
2024-01-14 19:20:27 Loss: 0.000090323410304, Fidelity: 0.999909676589696, 460, 748.05
2024-01-14 19:20:43 Loss: 0.000083360604951, Fidelity: 0.999916639395049, 470, 764.38
2024-01-14 19:21:00 Loss: 0.000078352742937, Fidelity: 0.999921647257063, 480, 781.15
2024-01-14 19:21:17 Loss: 0.000073922271598, Fidelity: 0.999926077728402, 490, 798.12
2024-01-14 19:21:34 Loss: 0.000069256691375, Fidelity: 0.999930743308625, 500, 815.15
2024-01-14 19:21:50 Loss: 0.000064906960375, Fidelity: 0.999935093039625, 510, 831.06
2024-01-14 19:22:07 Loss: 0.000060867205340, Fidelity: 0.999939132794660, 520, 847.76
2024-01-14 19:22:24 Loss: 0.000057310403029, Fidelity: 0.999942689596971, 530, 864.90
2024-01-14 19:22:41 Loss: 0.000053886152405, Fidelity: 0.999946113847595, 540, 881.95
2024-01-14 19:22:58 Loss: 0.000050583376434, Fidelity: 0.999949416623566, 550, 898.51
2024-01-14 19:23:14 Loss: 0.000047883386707, Fidelity: 0.999952116613293, 560, 915.31
2024-01-14 19:23:31 Loss: 0.000045316364834, Fidelity: 0.999954683635166, 570, 932.21
2024-01-14 19:23:48 Loss: 0.000042633725001, Fidelity: 0.999957366274999, 580, 949.05
2024-01-14 19:24:05 Loss: 0.000040140532042, Fidelity: 0.999959859467958, 590, 966.12
2024-01-14 19:24:22 Loss: 0.000037971835355, Fidelity: 0.999962028164645, 600, 983.07
2024-01-14 19:24:39 Loss: 0.000035859773845, Fidelity: 0.999964140226155, 610, 1000.05
2024-01-14 19:24:56 Loss: 0.000033747651525, Fidelity: 0.999966252348475, 620, 1016.80
2024-01-14 19:25:13 Loss: 0.000031923546083, Fidelity: 0.999968076453917, 630, 1033.63
2024-01-14 19:25:29 Loss: 0.000030208400759, Fidelity: 0.999969791599241, 640, 1050.48
2024-01-14 19:25:46 Loss: 0.000028695786659, Fidelity: 0.999971304213341, 650, 1067.30
2024-01-14 19:26:04 Loss: 0.000027141424420, Fidelity: 0.999972858575580, 660, 1084.75
2024-01-14 19:26:20 Loss: 0.000025799624122, Fidelity: 0.999974200375878, 670, 1101.46
2024-01-14 19:26:37 Loss: 0.000024607903082, Fidelity: 0.999975392096918, 680, 1118.27
2024-01-14 19:26:55 Loss: 0.000023566334465, Fidelity: 0.999976433665535, 690, 1135.73
2024-01-14 19:27:11 Loss: 0.000022470393961, Fidelity: 0.999977529606039, 700, 1152.38
2024-01-14 19:27:28 Loss: 0.000021400564915, Fidelity: 0.999978599435085, 710, 1169.21
2024-01-14 19:27:44 Loss: 0.000020529471345, Fidelity: 0.999979470528655, 720, 1185.17
2024-01-14 19:28:00 Loss: 0.000019711127659, Fidelity: 0.999980288872341, 730, 1200.69
2024-01-14 19:28:15 Loss: 0.000018993634179, Fidelity: 0.999981006365821, 740, 1215.63
2024-01-14 19:28:31 Loss: 0.000018343639592, Fidelity: 0.999981656360408, 750, 1231.88
2024-01-14 19:28:48 Loss: 0.000017618648331, Fidelity: 0.999982381351669, 760, 1248.68
2024-01-14 19:29:05 Loss: 0.000016964011790, Fidelity: 0.999983035988210, 770, 1265.95
2024-01-14 19:29:22 Loss: 0.000016273943369, Fidelity: 0.999983726056631, 780, 1282.55
2024-01-14 19:29:38 Loss: 0.000015640797107, Fidelity: 0.999984359202893, 790, 1299.27
2024-01-14 19:29:54 Loss: 0.000015059247342, Fidelity: 0.999984940752658, 800, 1314.59
2024-01-14 19:30:09 Loss: 0.000014536437632, Fidelity: 0.999985463562368, 810, 1330.48
2024-01-14 19:30:26 Loss: 0.000013967067975, Fidelity: 0.999986032932025, 820, 1347.37
2024-01-14 19:30:43 Loss: 0.000013450865655, Fidelity: 0.999986549134345, 830, 1364.21
2024-01-14 19:31:00 Loss: 0.000013007836793, Fidelity: 0.999986992163207, 840, 1381.24
2024-01-14 19:31:17 Loss: 0.000012546209972, Fidelity: 0.999987453790028, 850, 1397.65
2024-01-14 19:31:33 Loss: 0.000012100013431, Fidelity: 0.999987899986569, 860, 1414.37
2024-01-14 19:31:50 Loss: 0.000011692988402, Fidelity: 0.999988307011598, 870, 1431.13
2024-01-14 19:32:06 Loss: 0.000011359720244, Fidelity: 0.999988640279756, 880, 1447.19
2024-01-14 19:32:23 Loss: 0.000011053174846, Fidelity: 0.999988946825154, 890, 1463.57
2024-01-14 19:32:39 Loss: 0.000010709860174, Fidelity: 0.999989290139826, 900, 1480.42
2024-01-14 19:32:56 Loss: 0.000010371252512, Fidelity: 0.999989628747488, 910, 1497.17
2024-01-14 19:33:12 Loss: 0.000010045038586, Fidelity: 0.999989954961414, 920, 1513.32
2024-01-14 19:33:29 Loss: 0.000009707061908, Fidelity: 0.999990292938092, 930, 1530.40
2024-01-14 19:33:47 Loss: 0.000009394679415, Fidelity: 0.999990605320585, 940, 1547.75
2024-01-14 19:34:04 Loss: 0.000009070247712, Fidelity: 0.999990929752288, 950, 1564.86
2024-01-14 19:34:21 Loss: 0.000008795878710, Fidelity: 0.999991204121290, 960, 1581.83
2024-01-14 19:34:38 Loss: 0.000008549241055, Fidelity: 0.999991450758945, 970, 1599.08
2024-01-14 19:34:55 Loss: 0.000008319917006, Fidelity: 0.999991680082994, 980, 1615.94
2024-01-14 19:35:12 Loss: 0.000008083120763, Fidelity: 0.999991916879237, 990, 1632.73
2024-01-14 19:35:29 Loss: 0.000007838143859, Fidelity: 0.999992161856141, 1000, 1649.61
2024-01-14 19:35:46 Loss: 0.000007614993046, Fidelity: 0.999992385006954, 1010, 1666.60
2024-01-14 19:36:03 Loss: 0.000007397328766, Fidelity: 0.999992602671234, 1020, 1683.63
2024-01-14 19:36:19 Loss: 0.000007187649628, Fidelity: 0.999992812350372, 1030, 1700.47
2024-01-14 19:36:36 Loss: 0.000007007372884, Fidelity: 0.999992992627116, 1040, 1717.04
2024-01-14 19:36:53 Loss: 0.000006788250706, Fidelity: 0.999993211749294, 1050, 1733.71
2024-01-14 19:37:09 Loss: 0.000006591156080, Fidelity: 0.999993408843920, 1060, 1749.78
2024-01-14 19:37:25 Loss: 0.000006401413754, Fidelity: 0.999993598586246, 1070, 1766.50
2024-01-14 19:37:43 Loss: 0.000006226193821, Fidelity: 0.999993773806179, 1080, 1783.53
2024-01-14 19:37:59 Loss: 0.000006055068547, Fidelity: 0.999993944931453, 1090, 1800.25
2024-01-14 19:38:16 Loss: 0.000005894569638, Fidelity: 0.999994105430362, 1100, 1816.86
2024-01-14 19:38:33 Loss: 0.000005750388489, Fidelity: 0.999994249611511, 1110, 1833.91
2024-01-14 19:38:50 Loss: 0.000005627765822, Fidelity: 0.999994372234178, 1120, 1850.78
2024-01-14 19:39:07 Loss: 0.000005495673078, Fidelity: 0.999994504326922, 1130, 1867.69
2024-01-14 19:39:23 Loss: 0.000005371665042, Fidelity: 0.999994628334958, 1140, 1884.13
2024-01-14 19:39:39 Loss: 0.000005247578685, Fidelity: 0.999994752421315, 1150, 1900.36
2024-01-14 19:39:55 Loss: 0.000005126980135, Fidelity: 0.999994873019865, 1160, 1915.85
2024-01-14 19:40:12 Loss: 0.000005008948770, Fidelity: 0.999994991051230, 1170, 1933.16
2024-01-14 19:40:29 Loss: 0.000004901047787, Fidelity: 0.999995098952213, 1180, 1949.91
2024-01-14 19:40:46 Loss: 0.000004805555104, Fidelity: 0.999995194444896, 1190, 1967.29
2024-01-14 19:41:03 Loss: 0.000004689158801, Fidelity: 0.999995310841199, 1200, 1983.92
2024-01-14 19:41:19 Loss: 0.000004579900411, Fidelity: 0.999995420099589, 1210, 1999.90
2024-01-14 19:41:35 Loss: 0.000004468094875, Fidelity: 0.999995531905125, 1220, 2015.61
2024-01-14 19:41:51 Loss: 0.000004362956958, Fidelity: 0.999995637043042, 1230, 2032.19
2024-01-14 19:42:07 Loss: 0.000004261369649, Fidelity: 0.999995738630351, 1240, 2047.95
2024-01-14 19:42:24 Loss: 0.000004172305494, Fidelity: 0.999995827694506, 1250, 2064.55
2024-01-14 19:42:40 Loss: 0.000004079144645, Fidelity: 0.999995920855355, 1260, 2081.36
2024-01-14 19:42:58 Loss: 0.000003995217412, Fidelity: 0.999996004782588, 1270, 2098.58
2024-01-14 19:43:15 Loss: 0.000003914065467, Fidelity: 0.999996085934533, 1280, 2115.79
2024-01-14 19:43:32 Loss: 0.000003840583057, Fidelity: 0.999996159416943, 1290, 2132.54
2024-01-14 19:43:48 Loss: 0.000003766749560, Fidelity: 0.999996233250440, 1300, 2149.39
2024-01-14 19:44:06 Loss: 0.000003696782208, Fidelity: 0.999996303217792, 1310, 2166.53
2024-01-14 19:44:22 Loss: 0.000003625542647, Fidelity: 0.999996374457353, 1320, 2182.99
2024-01-14 19:44:39 Loss: 0.000003557547199, Fidelity: 0.999996442452801, 1330, 2199.52
2024-01-14 19:44:55 Loss: 0.000003493925104, Fidelity: 0.999996506074896, 1340, 2216.27
2024-01-14 19:45:12 Loss: 0.000003420826565, Fidelity: 0.999996579173435, 1350, 2233.25
2024-01-14 19:45:30 Loss: 0.000003358499123, Fidelity: 0.999996641500877, 1360, 2250.64
2024-01-14 19:45:46 Loss: 0.000003299697767, Fidelity: 0.999996700302233, 1370, 2267.26
2024-01-14 19:46:03 Loss: 0.000003235196832, Fidelity: 0.999996764803168, 1380, 2284.15
2024-01-14 19:46:20 Loss: 0.000003165897911, Fidelity: 0.999996834102089, 1390, 2300.81
2024-01-14 19:46:37 Loss: 0.000003099841225, Fidelity: 0.999996900158775, 1400, 2318.04
2024-01-14 19:46:54 Loss: 0.000003036349081, Fidelity: 0.999996963650919, 1410, 2335.18
2024-01-14 19:47:11 Loss: 0.000002977232790, Fidelity: 0.999997022767210, 1420, 2352.02
2024-01-14 19:47:27 Loss: 0.000002922076469, Fidelity: 0.999997077923531, 1430, 2368.35
2024-01-14 19:47:44 Loss: 0.000002865826291, Fidelity: 0.999997134173709, 1440, 2385.41
2024-01-14 19:48:01 Loss: 0.000002810348689, Fidelity: 0.999997189651311, 1450, 2402.08
2024-01-14 19:48:18 Loss: 0.000002760689057, Fidelity: 0.999997239310943, 1460, 2419.23
2024-01-14 19:48:36 Loss: 0.000002703080198, Fidelity: 0.999997296919802, 1470, 2436.84
2024-01-14 19:48:53 Loss: 0.000002654016943, Fidelity: 0.999997345983057, 1480, 2453.53
2024-01-14 19:49:09 Loss: 0.000002607612080, Fidelity: 0.999997392387920, 1490, 2469.95
2024-01-14 19:49:26 Loss: 0.000002564074352, Fidelity: 0.999997435925648, 1500, 2486.89
2024-01-14 19:49:43 Loss: 0.000002525027376, Fidelity: 0.999997474972624, 1510, 2503.95
2024-01-14 19:50:00 Loss: 0.000002480719760, Fidelity: 0.999997519280240, 1520, 2521.03
2024-01-14 19:50:17 Loss: 0.000002438896170, Fidelity: 0.999997561103830, 1530, 2537.77
2024-01-14 19:50:33 Loss: 0.000002398709182, Fidelity: 0.999997601290818, 1540, 2554.49
2024-01-14 19:50:51 Loss: 0.000002357837534, Fidelity: 0.999997642162466, 1550, 2571.63
2024-01-14 19:51:08 Loss: 0.000002325386643, Fidelity: 0.999997674613357, 1560, 2588.59
2024-01-14 19:51:25 Loss: 0.000002290855106, Fidelity: 0.999997709144894, 1570, 2605.69
2024-01-14 19:51:42 Loss: 0.000002254164761, Fidelity: 0.999997745835239, 1580, 2622.62
2024-01-14 19:51:59 Loss: 0.000002219509431, Fidelity: 0.999997780490569, 1590, 2639.73
2024-01-14 19:52:16 Loss: 0.000002185861019, Fidelity: 0.999997814138981, 1600, 2656.75
2024-01-14 19:52:33 Loss: 0.000002149361721, Fidelity: 0.999997850638279, 1610, 2673.84
2024-01-14 19:52:50 Loss: 0.000002118404273, Fidelity: 0.999997881595727, 1620, 2690.53
2024-01-14 19:53:07 Loss: 0.000002082676406, Fidelity: 0.999997917323594, 1630, 2707.60
2024-01-14 19:53:24 Loss: 0.000002052669142, Fidelity: 0.999997947330858, 1640, 2724.65
2024-01-14 19:53:41 Loss: 0.000002019845144, Fidelity: 0.999997980154856, 1650, 2741.75
2024-01-14 19:53:58 Loss: 0.000001996502255, Fidelity: 0.999998003497745, 1660, 2758.69
2024-01-14 19:54:15 Loss: 0.000001969718291, Fidelity: 0.999998030281709, 1670, 2775.60
2024-01-14 19:54:32 Loss: 0.000001938219586, Fidelity: 0.999998061780414, 1680, 2792.79
2024-01-14 19:54:49 Loss: 0.000001910750954, Fidelity: 0.999998089249046, 1690, 2809.96
2024-01-14 19:55:06 Loss: 0.000001883362415, Fidelity: 0.999998116637585, 1700, 2826.71
2024-01-14 19:55:23 Loss: 0.000001854514647, Fidelity: 0.999998145485353, 1710, 2843.97
2024-01-14 19:55:40 Loss: 0.000001826577419, Fidelity: 0.999998173422581, 1720, 2861.16
2024-01-14 19:55:57 Loss: 0.000001800804820, Fidelity: 0.999998199195180, 1730, 2878.29
2024-01-14 19:56:14 Loss: 0.000001774935052, Fidelity: 0.999998225064948, 1740, 2895.18
2024-01-14 19:56:31 Loss: 0.000001750685098, Fidelity: 0.999998249314902, 1750, 2911.91
2024-01-14 19:56:48 Loss: 0.000001728272450, Fidelity: 0.999998271727550, 1760, 2929.16
2024-01-14 19:57:05 Loss: 0.000001704900311, Fidelity: 0.999998295099689, 1770, 2946.18
2024-01-14 19:57:22 Loss: 0.000001682020339, Fidelity: 0.999998317979661, 1780, 2962.74
2024-01-14 19:57:39 Loss: 0.000001659651167, Fidelity: 0.999998340348833, 1790, 2979.93
2024-01-14 19:57:56 Loss: 0.000001635424119, Fidelity: 0.999998364575881, 1800, 2996.82
2024-01-14 19:58:12 Loss: 0.000001613061324, Fidelity: 0.999998386938676, 1810, 3013.39
2024-01-14 19:58:29 Loss: 0.000001591548848, Fidelity: 0.999998408451152, 1820, 3029.94
2024-01-14 19:58:46 Loss: 0.000001575173945, Fidelity: 0.999998424826055, 1830, 3046.97
2024-01-14 19:59:03 Loss: 0.000001556181277, Fidelity: 0.999998443818723, 1840, 3063.88
2024-01-14 19:59:20 Loss: 0.000001537632579, Fidelity: 0.999998462367421, 1850, 3081.08
2024-01-14 19:59:37 Loss: 0.000001520708233, Fidelity: 0.999998479291767, 1860, 3098.41
2024-01-14 19:59:54 Loss: 0.000001505802101, Fidelity: 0.999998494197899, 1870, 3114.97
2024-01-14 20:00:11 Loss: 0.000001490761327, Fidelity: 0.999998509238673, 1880, 3131.65
2024-01-14 20:00:28 Loss: 0.000001476411171, Fidelity: 0.999998523588829, 1890, 3148.85
2024-01-14 20:00:45 Loss: 0.000001462407842, Fidelity: 0.999998537592158, 1900, 3165.80
2024-01-14 20:01:02 Loss: 0.000001446732385, Fidelity: 0.999998553267615, 1910, 3183.04
2024-01-14 20:01:19 Loss: 0.000001430195080, Fidelity: 0.999998569804920, 1920, 3199.93
2024-01-14 20:01:36 Loss: 0.000001414793031, Fidelity: 0.999998585206969, 1930, 3216.89
2024-01-14 20:01:53 Loss: 0.000001397473307, Fidelity: 0.999998602526693, 1940, 3233.58
2024-01-14 20:02:09 Loss: 0.000001383032623, Fidelity: 0.999998616967377, 1950, 3250.18
2024-01-14 20:02:25 Loss: 0.000001368472951, Fidelity: 0.999998631527049, 1960, 3266.22
2024-01-14 20:02:42 Loss: 0.000001348300803, Fidelity: 0.999998651699197, 1970, 3283.36
2024-01-14 20:02:59 Loss: 0.000001332796819, Fidelity: 0.999998667203181, 1980, 3300.17
2024-01-14 20:03:16 Loss: 0.000001318364470, Fidelity: 0.999998681635530, 1990, 3316.99
2024-01-14 20:03:33 Loss: 0.000001302851612, Fidelity: 0.999998697148388, 2000, 3333.66
2024-01-14 20:03:49 Loss: 0.000001287272543, Fidelity: 0.999998712727457, 2010, 3349.96
2024-01-14 20:04:06 Loss: 0.000001273414851, Fidelity: 0.999998726585149, 2020, 3367.38
2024-01-14 20:04:23 Loss: 0.000001259407644, Fidelity: 0.999998740592356, 2030, 3384.33
2024-01-14 20:04:40 Loss: 0.000001245001938, Fidelity: 0.999998754998062, 2040, 3400.97
2024-01-14 20:04:57 Loss: 0.000001230955199, Fidelity: 0.999998769044801, 2050, 3417.94
2024-01-14 20:05:14 Loss: 0.000001218899032, Fidelity: 0.999998781100968, 2060, 3435.07
2024-01-14 20:05:31 Loss: 0.000001206620971, Fidelity: 0.999998793379029, 2070, 3452.45
2024-01-14 20:05:48 Loss: 0.000001193504300, Fidelity: 0.999998806495700, 2080, 3469.44
2024-01-14 20:06:05 Loss: 0.000001180047474, Fidelity: 0.999998819952526, 2090, 3486.25
2024-01-14 20:06:22 Loss: 0.000001168413027, Fidelity: 0.999998831586973, 2100, 3502.59
2024-01-14 20:06:38 Loss: 0.000001155829570, Fidelity: 0.999998844170430, 2110, 3518.83
2024-01-14 20:06:54 Loss: 0.000001145194142, Fidelity: 0.999998854805858, 2120, 3535.41
2024-01-14 20:07:12 Loss: 0.000001131916479, Fidelity: 0.999998868083521, 2130, 3552.61
2024-01-14 20:07:29 Loss: 0.000001120822086, Fidelity: 0.999998879177914, 2140, 3569.65
2024-01-14 20:07:46 Loss: 0.000001109003434, Fidelity: 0.999998890996566, 2150, 3586.65
2024-01-14 20:08:02 Loss: 0.000001096009260, Fidelity: 0.999998903990740, 2160, 3603.46
2024-01-14 20:08:20 Loss: 0.000001083101166, Fidelity: 0.999998916898834, 2170, 3620.74
2024-01-14 20:08:36 Loss: 0.000001070779436, Fidelity: 0.999998929220564, 2180, 3637.50
2024-01-14 20:08:52 Loss: 0.000001060309682, Fidelity: 0.999998939690318, 2190, 3653.03
2024-01-14 20:09:08 Loss: 0.000001048549423, Fidelity: 0.999998951450577, 2200, 3668.90
2024-01-14 20:09:25 Loss: 0.000001039256663, Fidelity: 0.999998960743337, 2210, 3685.71
2024-01-14 20:09:41 Loss: 0.000001029402493, Fidelity: 0.999998970597507, 2220, 3702.49
2024-01-14 20:09:59 Loss: 0.000001019506839, Fidelity: 0.999998980493161, 2230, 3720.03
2024-01-14 20:10:16 Loss: 0.000001009494346, Fidelity: 0.999998990505654, 2240, 3737.26
2024-01-14 20:10:33 Loss: 0.000001000283636, Fidelity: 0.999998999716364, 2250, 3753.86
2024-01-14 20:10:50 Loss: 0.000000990879946, Fidelity: 0.999999009120054, 2260, 3770.83
2024-01-14 20:11:07 Loss: 0.000000980173502, Fidelity: 0.999999019826498, 2270, 3787.95
2024-01-14 20:11:24 Loss: 0.000000971159755, Fidelity: 0.999999028840245, 2280, 3804.98
2024-01-14 20:11:41 Loss: 0.000000960144555, Fidelity: 0.999999039855445, 2290, 3822.25
2024-01-14 20:11:57 Loss: 0.000000948880606, Fidelity: 0.999999051119394, 2300, 3838.01
2024-01-14 20:12:12 Loss: 0.000000938250875, Fidelity: 0.999999061749125, 2310, 3852.69
2024-01-14 20:12:27 Loss: 0.000000929393549, Fidelity: 0.999999070606451, 2320, 3867.90
2024-01-14 20:12:44 Loss: 0.000000919712472, Fidelity: 0.999999080287528, 2330, 3884.75
2024-01-14 20:13:01 Loss: 0.000000908608425, Fidelity: 0.999999091391575, 2340, 3901.59
2024-01-14 20:13:17 Loss: 0.000000898979841, Fidelity: 0.999999101020159, 2350, 3918.08
2024-01-14 20:13:34 Loss: 0.000000891556227, Fidelity: 0.999999108443773, 2360, 3935.33
2024-01-14 20:13:51 Loss: 0.000000882511233, Fidelity: 0.999999117488767, 2370, 3952.33
2024-01-14 20:14:08 Loss: 0.000000873490854, Fidelity: 0.999999126509146, 2380, 3968.92
2024-01-14 20:14:24 Loss: 0.000000864996298, Fidelity: 0.999999135003702, 2390, 3985.47
2024-01-14 20:14:42 Loss: 0.000000855960065, Fidelity: 0.999999144039935, 2400, 4002.52
2024-01-14 20:14:58 Loss: 0.000000847136139, Fidelity: 0.999999152863861, 2410, 4019.44
2024-01-14 20:15:16 Loss: 0.000000837159139, Fidelity: 0.999999162840861, 2420, 4036.52
2024-01-14 20:15:32 Loss: 0.000000828807185, Fidelity: 0.999999171192815, 2430, 4053.41
2024-01-14 20:15:50 Loss: 0.000000821290860, Fidelity: 0.999999178709140, 2440, 4070.84
2024-01-14 20:16:07 Loss: 0.000000813579976, Fidelity: 0.999999186420024, 2450, 4087.91
2024-01-14 20:16:24 Loss: 0.000000805118970, Fidelity: 0.999999194881030, 2460, 4104.90
2024-01-14 20:16:41 Loss: 0.000000797312073, Fidelity: 0.999999202687927, 2470, 4121.84
2024-01-14 20:16:58 Loss: 0.000000789513577, Fidelity: 0.999999210486423, 2480, 4138.96
2024-01-14 20:17:15 Loss: 0.000000780627208, Fidelity: 0.999999219372792, 2490, 4155.82
2024-01-14 20:17:32 Loss: 0.000000773604969, Fidelity: 0.999999226395031, 2500, 4172.84
2024-01-14 20:17:49 Loss: 0.000000766303208, Fidelity: 0.999999233696792, 2510, 4189.80
2024-01-14 20:18:05 Loss: 0.000000758926977, Fidelity: 0.999999241073023, 2520, 4206.34
2024-01-14 20:18:22 Loss: 0.000000751804955, Fidelity: 0.999999248195045, 2530, 4222.99
2024-01-14 20:18:39 Loss: 0.000000745249947, Fidelity: 0.999999254750053, 2540, 4239.74
2024-01-14 20:18:55 Loss: 0.000000739097683, Fidelity: 0.999999260902317, 2550, 4256.48
2024-01-14 20:19:13 Loss: 0.000000732567138, Fidelity: 0.999999267432862, 2560, 4273.62
2024-01-14 20:19:29 Loss: 0.000000725947196, Fidelity: 0.999999274052804, 2570, 4290.36
2024-01-14 20:19:46 Loss: 0.000000719287976, Fidelity: 0.999999280712024, 2580, 4307.43
2024-01-14 20:20:02 Loss: 0.000000713203049, Fidelity: 0.999999286796951, 2590, 4323.22
2024-01-14 20:20:18 Loss: 0.000000706351714, Fidelity: 0.999999293648286, 2600, 4339.43
2024-01-14 20:20:34 Loss: 0.000000699426497, Fidelity: 0.999999300573503, 2610, 4355.33
2024-01-14 20:20:52 Loss: 0.000000691492123, Fidelity: 0.999999308507877, 2620, 4372.66
2024-01-14 20:21:09 Loss: 0.000000684271867, Fidelity: 0.999999315728133, 2630, 4389.53
2024-01-14 20:21:26 Loss: 0.000000677103074, Fidelity: 0.999999322896926, 2640, 4406.97
2024-01-14 20:21:43 Loss: 0.000000672540896, Fidelity: 0.999999327459104, 2650, 4423.70
2024-01-14 20:21:58 Loss: 0.000000665930624, Fidelity: 0.999999334069376, 2660, 4439.32
2024-01-14 20:22:15 Loss: 0.000000659378680, Fidelity: 0.999999340621320, 2670, 4456.28
2024-01-14 20:22:31 Loss: 0.000000651903432, Fidelity: 0.999999348096568, 2680, 4472.50
2024-01-14 20:22:48 Loss: 0.000000644161615, Fidelity: 0.999999355838385, 2690, 4489.19
2024-01-14 20:23:05 Loss: 0.000000636639156, Fidelity: 0.999999363360844, 2700, 4506.12
2024-01-14 20:23:22 Loss: 0.000000630595804, Fidelity: 0.999999369404196, 2710, 4522.58
2024-01-14 20:23:37 Loss: 0.000000625286744, Fidelity: 0.999999374713256, 2720, 4538.35
2024-01-14 20:23:55 Loss: 0.000000620143683, Fidelity: 0.999999379856317, 2730, 4555.75
2024-01-14 20:24:12 Loss: 0.000000614350332, Fidelity: 0.999999385649668, 2740, 4573.18
2024-01-14 20:24:29 Loss: 0.000000608067732, Fidelity: 0.999999391932268, 2750, 4590.34
2024-01-14 20:24:46 Loss: 0.000000603529336, Fidelity: 0.999999396470664, 2760, 4607.45
2024-01-14 20:25:03 Loss: 0.000000598395336, Fidelity: 0.999999401604664, 2770, 4624.38
2024-01-14 20:25:20 Loss: 0.000000593055362, Fidelity: 0.999999406944638, 2780, 4640.87
2024-01-14 20:25:36 Loss: 0.000000587350481, Fidelity: 0.999999412649519, 2790, 4656.80
2024-01-14 20:25:52 Loss: 0.000000581196638, Fidelity: 0.999999418803362, 2800, 4672.85
2024-01-14 20:26:09 Loss: 0.000000576077906, Fidelity: 0.999999423922094, 2810, 4689.63
2024-01-14 20:26:26 Loss: 0.000000572586610, Fidelity: 0.999999427413390, 2820, 4706.70
2024-01-14 20:26:43 Loss: 0.000000567252592, Fidelity: 0.999999432747408, 2830, 4723.69
2024-01-14 20:27:00 Loss: 0.000000561728262, Fidelity: 0.999999438271738, 2840, 4740.73
2024-01-14 20:27:17 Loss: 0.000000556124404, Fidelity: 0.999999443875596, 2850, 4757.52
2024-01-14 20:27:34 Loss: 0.000000551988180, Fidelity: 0.999999448011820, 2860, 4774.71
2024-01-14 20:27:51 Loss: 0.000000548702694, Fidelity: 0.999999451297306, 2870, 4791.67
2024-01-14 20:28:08 Loss: 0.000000544198078, Fidelity: 0.999999455801922, 2880, 4808.59
2024-01-14 20:28:25 Loss: 0.000000537535681, Fidelity: 0.999999462464319, 2890, 4825.54
2024-01-14 20:28:41 Loss: 0.000000532687558, Fidelity: 0.999999467312442, 2900, 4841.89
2024-01-14 20:28:58 Loss: 0.000000528470891, Fidelity: 0.999999471529109, 2910, 4858.79
2024-01-14 20:29:15 Loss: 0.000000524596128, Fidelity: 0.999999475403872, 2920, 4876.33
2024-01-14 20:29:33 Loss: 0.000000519206149, Fidelity: 0.999999480793851, 2930, 4893.62
2024-01-14 20:29:50 Loss: 0.000000513869670, Fidelity: 0.999999486130330, 2940, 4911.20
2024-01-14 20:30:08 Loss: 0.000000510389142, Fidelity: 0.999999489610858, 2950, 4928.52
2024-01-14 20:30:25 Loss: 0.000000506880081, Fidelity: 0.999999493119919, 2960, 4945.89
2024-01-14 20:30:42 Loss: 0.000000502383773, Fidelity: 0.999999497616227, 2970, 4963.25
2024-01-14 20:30:59 Loss: 0.000000497593019, Fidelity: 0.999999502406981, 2980, 4980.39
2024-01-14 20:31:17 Loss: 0.000000492672360, Fidelity: 0.999999507327640, 2990, 4997.63
2024-01-14 20:31:33 Loss: 0.000000490011414, Fidelity: 0.999999509988586, 3000, 5014.50
2024-01-14 20:31:50 Loss: 0.000000485654791, Fidelity: 0.999999514345209, 3010, 5031.25
2024-01-14 20:32:06 Loss: 0.000000479957677, Fidelity: 0.999999520042323, 3020, 5047.05
2024-01-14 20:32:21 Loss: 0.000000474832905, Fidelity: 0.999999525167095, 3030, 5062.38
2024-01-14 20:32:37 Loss: 0.000000471656904, Fidelity: 0.999999528343096, 3040, 5077.71
2024-01-14 20:32:52 Loss: 0.000000467274653, Fidelity: 0.999999532725347, 3050, 5093.47
2024-01-14 20:33:09 Loss: 0.000000462468896, Fidelity: 0.999999537531104, 3060, 5110.00
2024-01-14 20:33:26 Loss: 0.000000457829718, Fidelity: 0.999999542170282, 3070, 5127.07
2024-01-14 20:33:42 Loss: 0.000000455262726, Fidelity: 0.999999544737274, 3080, 5143.16
2024-01-14 20:33:59 Loss: 0.000000450285107, Fidelity: 0.999999549714893, 3090, 5159.72
2024-01-14 20:34:15 Loss: 0.000000445997027, Fidelity: 0.999999554002973, 3100, 5175.52
2024-01-14 20:34:30 Loss: 0.000000442760229, Fidelity: 0.999999557239771, 3110, 5191.29
2024-01-14 20:34:46 Loss: 0.000000439457006, Fidelity: 0.999999560542994, 3120, 5207.41
2024-01-14 20:35:01 Loss: 0.000000434370534, Fidelity: 0.999999565629466, 3130, 5221.76
2024-01-14 20:35:14 Loss: 0.000000429276045, Fidelity: 0.999999570723955, 3140, 5235.32
2024-01-14 20:35:28 Loss: 0.000000426602550, Fidelity: 0.999999573397450, 3150, 5248.81
2024-01-14 20:35:41 Loss: 0.000000422492064, Fidelity: 0.999999577507936, 3160, 5262.03
2024-01-14 20:35:54 Loss: 0.000000417959806, Fidelity: 0.999999582040194, 3170, 5275.45
2024-01-14 20:36:08 Loss: 0.000000415515371, Fidelity: 0.999999584484629, 3180, 5289.12
2024-01-14 20:36:22 Loss: 0.000000411746487, Fidelity: 0.999999588253513, 3190, 5302.59
2024-01-14 20:36:35 Loss: 0.000000406073754, Fidelity: 0.999999593926246, 3200, 5315.79
2024-01-14 20:36:48 Loss: 0.000000402132792, Fidelity: 0.999999597867208, 3210, 5328.95
2024-01-14 20:37:02 Loss: 0.000000399811965, Fidelity: 0.999999600188035, 3220, 5342.80
2024-01-14 20:37:15 Loss: 0.000000396051814, Fidelity: 0.999999603948186, 3230, 5356.38
2024-01-14 20:37:29 Loss: 0.000000393070323, Fidelity: 0.999999606929677, 3240, 5369.92
2024-01-14 20:37:43 Loss: 0.000000391223863, Fidelity: 0.999999608776137, 3250, 5383.56
2024-01-14 20:37:56 Loss: 0.000000386581524, Fidelity: 0.999999613418476, 3260, 5397.05
2024-01-14 20:38:10 Loss: 0.000000382616203, Fidelity: 0.999999617383797, 3270, 5410.85
2024-01-14 20:38:23 Loss: 0.000000380607262, Fidelity: 0.999999619392738, 3280, 5424.06
2024-01-14 20:38:36 Loss: 0.000000377059295, Fidelity: 0.999999622940705, 3290, 5437.42
2024-01-14 20:38:50 Loss: 0.000000373148641, Fidelity: 0.999999626851359, 3300, 5450.94
2024-01-14 20:39:03 Loss: 0.000000371585105, Fidelity: 0.999999628414895, 3310, 5464.35
2024-01-14 20:39:17 Loss: 0.000000368220309, Fidelity: 0.999999631779691, 3320, 5477.86
2024-01-14 20:39:31 Loss: 0.000000364950641, Fidelity: 0.999999635049359, 3330, 5491.71
2024-01-14 20:39:44 Loss: 0.000000363602263, Fidelity: 0.999999636397737, 3340, 5505.35
2024-01-14 20:39:58 Loss: 0.000000359793160, Fidelity: 0.999999640206840, 3350, 5519.18
2024-01-14 20:40:11 Loss: 0.000000357131090, Fidelity: 0.999999642868910, 3360, 5532.43
2024-01-14 20:40:25 Loss: 0.000000355037609, Fidelity: 0.999999644962391, 3370, 5545.71
2024-01-14 20:40:38 Loss: 0.000000350657834, Fidelity: 0.999999649342166, 3380, 5559.29
2024-01-14 20:40:52 Loss: 0.000000349323416, Fidelity: 0.999999650676584, 3390, 5573.06
2024-01-14 20:41:06 Loss: 0.000000345983301, Fidelity: 0.999999654016699, 3400, 5586.71
2024-01-14 20:41:19 Loss: 0.000000342676126, Fidelity: 0.999999657323874, 3410, 5600.32
2024-01-14 20:41:33 Loss: 0.000000341459473, Fidelity: 0.999999658540527, 3420, 5613.98
2024-01-14 20:41:47 Loss: 0.000000339066254, Fidelity: 0.999999660933746, 3430, 5627.76
2024-01-14 20:42:00 Loss: 0.000000334940418, Fidelity: 0.999999665059582, 3440, 5641.19
2024-01-14 20:42:14 Loss: 0.000000333716173, Fidelity: 0.999999666283827, 3450, 5654.86
2024-01-14 20:42:27 Loss: 0.000000330473510, Fidelity: 0.999999669526490, 3460, 5668.21
2024-01-14 20:42:41 Loss: 0.000000327698823, Fidelity: 0.999999672301177, 3470, 5681.55
2024-01-14 20:42:54 Loss: 0.000000326146516, Fidelity: 0.999999673853484, 3480, 5695.27
2024-01-14 20:43:08 Loss: 0.000000323429549, Fidelity: 0.999999676570451, 3490, 5708.70
2024-01-14 20:43:21 Loss: 0.000000320500470, Fidelity: 0.999999679499530, 3500, 5722.44
2024-01-14 20:43:35 Loss: 0.000000319065742, Fidelity: 0.999999680934258, 3510, 5736.12
2024-01-14 20:43:49 Loss: 0.000000315457844, Fidelity: 0.999999684542156, 3520, 5749.93
2024-01-14 20:44:02 Loss: 0.000000314172732, Fidelity: 0.999999685827268, 3530, 5763.42
2024-01-14 20:44:16 Loss: 0.000000311047737, Fidelity: 0.999999688952263, 3540, 5777.04
2024-01-14 20:44:29 Loss: 0.000000308943795, Fidelity: 0.999999691056205, 3550, 5790.36
2024-01-14 20:44:43 Loss: 0.000000307196497, Fidelity: 0.999999692803503, 3560, 5804.29
2024-01-14 20:44:57 Loss: 0.000000303755495, Fidelity: 0.999999696244505, 3570, 5817.96
2024-01-14 20:45:10 Loss: 0.000000301099161, Fidelity: 0.999999698900839, 3580, 5831.47
2024-01-14 20:45:24 Loss: 0.000000299663627, Fidelity: 0.999999700336373, 3590, 5845.17
2024-01-14 20:45:38 Loss: 0.000000297124938, Fidelity: 0.999999702875062, 3600, 5858.76
2024-01-14 20:45:52 Loss: 0.000000294585867, Fidelity: 0.999999705414133, 3610, 5872.53
2024-01-14 20:46:05 Loss: 0.000000293232248, Fidelity: 0.999999706767752, 3620, 5886.19
2024-01-14 20:46:19 Loss: 0.000000289881663, Fidelity: 0.999999710118337, 3630, 5900.14
2024-01-14 20:46:33 Loss: 0.000000288220494, Fidelity: 0.999999711779506, 3640, 5914.02
2024-01-14 20:46:47 Loss: 0.000000285616076, Fidelity: 0.999999714383924, 3650, 5928.46
2024-01-14 20:47:01 Loss: 0.000000283416384, Fidelity: 0.999999716583616, 3660, 5942.47
2024-01-14 20:47:15 Loss: 0.000000281959789, Fidelity: 0.999999718040211, 3670, 5956.41
2024-01-14 20:47:29 Loss: 0.000000278884035, Fidelity: 0.999999721115965, 3680, 5970.10
2024-01-14 20:47:43 Loss: 0.000000276939792, Fidelity: 0.999999723060208, 3690, 5984.02
2024-01-14 20:47:57 Loss: 0.000000274800373, Fidelity: 0.999999725199627, 3700, 5997.80
2024-01-14 20:48:13 Loss: 0.000000270933554, Fidelity: 0.999999729066446, 3710, 6013.72
2024-01-14 20:48:27 Loss: 0.000000270053177, Fidelity: 0.999999729946823, 3720, 6027.84
2024-01-14 20:48:41 Loss: 0.000000267416475, Fidelity: 0.999999732583525, 3730, 6041.68
2024-01-14 20:48:55 Loss: 0.000000266133537, Fidelity: 0.999999733866463, 3740, 6055.80
2024-01-14 20:49:09 Loss: 0.000000264361404, Fidelity: 0.999999735638596, 3750, 6070.05
2024-01-14 20:49:23 Loss: 0.000000261795702, Fidelity: 0.999999738204298, 3760, 6083.95
2024-01-14 20:49:37 Loss: 0.000000261010489, Fidelity: 0.999999738989511, 3770, 6097.88
2024-01-14 20:49:51 Loss: 0.000000258629769, Fidelity: 0.999999741370231, 3780, 6111.56
2024-01-14 20:50:04 Loss: 0.000000257037487, Fidelity: 0.999999742962513, 3790, 6124.86
2024-01-14 20:50:17 Loss: 0.000000255550773, Fidelity: 0.999999744449227, 3800, 6138.05
2024-01-14 20:50:31 Loss: 0.000000252414854, Fidelity: 0.999999747585146, 3810, 6151.76
2024-01-14 20:50:44 Loss: 0.000000251547758, Fidelity: 0.999999748452242, 3820, 6165.50
2024-01-14 20:50:58 Loss: 0.000000248397050, Fidelity: 0.999999751602950, 3830, 6179.29
2024-01-14 20:51:12 Loss: 0.000000247365185, Fidelity: 0.999999752634815, 3840, 6192.58
2024-01-14 20:51:26 Loss: 0.000000243858674, Fidelity: 0.999999756141326, 3850, 6206.51
2024-01-14 20:51:39 Loss: 0.000000241088452, Fidelity: 0.999999758911548, 3860, 6219.66
2024-01-14 20:51:52 Loss: 0.000000239519672, Fidelity: 0.999999760480328, 3870, 6232.88
2024-01-14 20:52:06 Loss: 0.000000236404734, Fidelity: 0.999999763595266, 3880, 6246.77
2024-01-14 20:52:20 Loss: 0.000000235557681, Fidelity: 0.999999764442319, 3890, 6260.54
2024-01-14 20:52:33 Loss: 0.000000232538576, Fidelity: 0.999999767461424, 3900, 6274.10
2024-01-14 20:52:47 Loss: 0.000000231847593, Fidelity: 0.999999768152407, 3910, 6287.55
2024-01-14 20:53:00 Loss: 0.000000228682081, Fidelity: 0.999999771317919, 3920, 6301.20
2024-01-14 20:53:14 Loss: 0.000000227646887, Fidelity: 0.999999772353113, 3930, 6314.80
2024-01-14 20:53:28 Loss: 0.000000224769232, Fidelity: 0.999999775230768, 3940, 6328.81
2024-01-14 20:53:42 Loss: 0.000000223471525, Fidelity: 0.999999776528475, 3950, 6342.60
2024-01-14 20:53:55 Loss: 0.000000221308353, Fidelity: 0.999999778691647, 3960, 6356.19
2024-01-14 20:54:09 Loss: 0.000000220494494, Fidelity: 0.999999779505506, 3970, 6370.08
2024-01-14 20:54:23 Loss: 0.000000217708121, Fidelity: 0.999999782291879, 3980, 6383.94
2024-01-14 20:54:37 Loss: 0.000000216807909, Fidelity: 0.999999783192091, 3990, 6397.60
2024-01-14 20:54:51 Loss: 0.000000214409434, Fidelity: 0.999999785590566, 4000, 6411.52
2024-01-14 20:55:04 Loss: 0.000000213327372, Fidelity: 0.999999786672628, 4010, 6425.06
2024-01-14 20:55:18 Loss: 0.000000211036353, Fidelity: 0.999999788963647, 4020, 6438.72
2024-01-14 20:55:31 Loss: 0.000000209594843, Fidelity: 0.999999790405157, 4030, 6451.75
2024-01-14 20:55:44 Loss: 0.000000207697351, Fidelity: 0.999999792302649, 4040, 6465.37
2024-01-14 20:55:58 Loss: 0.000000206763690, Fidelity: 0.999999793236310, 4050, 6479.13
2024-01-14 20:56:12 Loss: 0.000000204024339, Fidelity: 0.999999795975661, 4060, 6492.85
2024-01-14 20:56:26 Loss: 0.000000202460871, Fidelity: 0.999999797539129, 4070, 6507.03
2024-01-14 20:56:40 Loss: 0.000000201074812, Fidelity: 0.999999798925188, 4080, 6520.69
2024-01-14 20:56:53 Loss: 0.000000198865622, Fidelity: 0.999999801134378, 4090, 6534.27
2024-01-14 20:57:07 Loss: 0.000000198057341, Fidelity: 0.999999801942659, 4100, 6547.94
2024-01-14 20:57:20 Loss: 0.000000195089910, Fidelity: 0.999999804910090, 4110, 6561.36
2024-01-14 20:57:34 Loss: 0.000000194313095, Fidelity: 0.999999805686905, 4120, 6575.22
2024-01-14 20:57:48 Loss: 0.000000191737675, Fidelity: 0.999999808262325, 4130, 6588.81
2024-01-14 20:58:02 Loss: 0.000000191242610, Fidelity: 0.999999808757390, 4140, 6602.53
2024-01-14 20:58:15 Loss: 0.000000188928109, Fidelity: 0.999999811071891, 4150, 6615.93
2024-01-14 20:58:29 Loss: 0.000000188450523, Fidelity: 0.999999811549477, 4160, 6629.50
2024-01-14 20:58:42 Loss: 0.000000187350439, Fidelity: 0.999999812649561, 4170, 6643.33
2024-01-14 20:58:57 Loss: 0.000000185421668, Fidelity: 0.999999814578332, 4180, 6657.68
2024-01-14 20:59:10 Loss: 0.000000183635446, Fidelity: 0.999999816364554, 4190, 6670.93
2024-01-14 20:59:23 Loss: 0.000000182755054, Fidelity: 0.999999817244946, 4200, 6684.26
2024-01-14 20:59:37 Loss: 0.000000180563964, Fidelity: 0.999999819436036, 4210, 6697.72
2024-01-14 20:59:50 Loss: 0.000000180103094, Fidelity: 0.999999819896906, 4220, 6711.28
2024-01-14 21:00:04 Loss: 0.000000177398148, Fidelity: 0.999999822601852, 4230, 6724.94
2024-01-14 21:00:18 Loss: 0.000000176920399, Fidelity: 0.999999823079601, 4240, 6738.87
2024-01-14 21:00:31 Loss: 0.000000175020521, Fidelity: 0.999999824979479, 4250, 6752.35
2024-01-14 21:00:45 Loss: 0.000000174394575, Fidelity: 0.999999825605425, 4260, 6766.13
2024-01-14 21:00:59 Loss: 0.000000172595867, Fidelity: 0.999999827404133, 4270, 6779.93
2024-01-14 21:01:12 Loss: 0.000000172294426, Fidelity: 0.999999827705574, 4280, 6793.36
2024-01-14 21:01:26 Loss: 0.000000170615229, Fidelity: 0.999999829384771, 4290, 6806.80
2024-01-14 21:01:39 Loss: 0.000000170347235, Fidelity: 0.999999829652765, 4300, 6820.46
2024-01-14 21:01:53 Loss: 0.000000168556507, Fidelity: 0.999999831443493, 4310, 6834.00
2024-01-14 21:02:07 Loss: 0.000000168300113, Fidelity: 0.999999831699887, 4320, 6847.61
2024-01-14 21:02:20 Loss: 0.000000166762166, Fidelity: 0.999999833237834, 4330, 6861.30
2024-01-14 21:02:34 Loss: 0.000000166452158, Fidelity: 0.999999833547842, 4340, 6875.29
2024-01-14 21:02:48 Loss: 0.000000164869879, Fidelity: 0.999999835130121, 4350, 6888.84
2024-01-14 21:03:02 Loss: 0.000000164562122, Fidelity: 0.999999835437878, 4360, 6902.69
2024-01-14 21:03:15 Loss: 0.000000163168775, Fidelity: 0.999999836831225, 4370, 6916.43
2024-01-14 21:03:29 Loss: 0.000000162902549, Fidelity: 0.999999837097451, 4380, 6930.04
2024-01-14 21:03:43 Loss: 0.000000161353950, Fidelity: 0.999999838646050, 4390, 6943.88
2024-01-14 21:03:57 Loss: 0.000000160902721, Fidelity: 0.999999839097279, 4400, 6957.52
2024-01-14 21:04:10 Loss: 0.000000159232023, Fidelity: 0.999999840767977, 4410, 6971.10
2024-01-14 21:04:24 Loss: 0.000000158711828, Fidelity: 0.999999841288172, 4420, 6984.95
2024-01-14 21:04:38 Loss: 0.000000157475586, Fidelity: 0.999999842524414, 4430, 6998.55
2024-01-14 21:04:51 Loss: 0.000000156701520, Fidelity: 0.999999843298480, 4440, 7011.89
2024-01-14 21:05:05 Loss: 0.000000155451595, Fidelity: 0.999999844548405, 4450, 7025.59
2024-01-14 21:05:18 Loss: 0.000000154676540, Fidelity: 0.999999845323460, 4460, 7039.17
2024-01-14 21:05:32 Loss: 0.000000153361248, Fidelity: 0.999999846638752, 4470, 7052.71
2024-01-14 21:05:45 Loss: 0.000000152450860, Fidelity: 0.999999847549140, 4480, 7066.46
2024-01-14 21:05:59 Loss: 0.000000151456777, Fidelity: 0.999999848543223, 4490, 7080.07
2024-01-14 21:06:13 Loss: 0.000000150610445, Fidelity: 0.999999849389555, 4500, 7093.65
2024-01-14 21:06:26 Loss: 0.000000149479338, Fidelity: 0.999999850520662, 4510, 7107.27
2024-01-14 21:06:40 Loss: 0.000000148703525, Fidelity: 0.999999851296475, 4520, 7120.96
2024-01-14 21:06:53 Loss: 0.000000148008297, Fidelity: 0.999999851991703, 4530, 7134.41
2024-01-14 21:07:07 Loss: 0.000000146815089, Fidelity: 0.999999853184911, 4540, 7148.22
2024-01-14 21:07:21 Loss: 0.000000146583255, Fidelity: 0.999999853416745, 4550, 7161.63
2024-01-14 21:07:34 Loss: 0.000000145016923, Fidelity: 0.999999854983077, 4560, 7175.19
2024-01-14 21:07:48 Loss: 0.000000144749120, Fidelity: 0.999999855250880, 4570, 7188.65
2024-01-14 21:08:01 Loss: 0.000000143029051, Fidelity: 0.999999856970949, 4580, 7202.45
2024-01-14 21:08:15 Loss: 0.000000142776283, Fidelity: 0.999999857223717, 4590, 7216.30
2024-01-14 21:08:29 Loss: 0.000000141048927, Fidelity: 0.999999858951073, 4600, 7229.81
2024-01-14 21:08:42 Loss: 0.000000140757411, Fidelity: 0.999999859242589, 4610, 7243.44
2024-01-14 21:08:56 Loss: 0.000000139678177, Fidelity: 0.999999860321823, 4620, 7256.97
2024-01-14 21:09:09 Loss: 0.000000138997970, Fidelity: 0.999999861002030, 4630, 7270.39
2024-01-14 21:09:23 Loss: 0.000000137974724, Fidelity: 0.999999862025276, 4640, 7283.96
2024-01-14 21:09:37 Loss: 0.000000137131696, Fidelity: 0.999999862868304, 4650, 7297.82
2024-01-14 21:09:50 Loss: 0.000000136374257, Fidelity: 0.999999863625743, 4660, 7311.22
2024-01-14 21:10:03 Loss: 0.000000135897923, Fidelity: 0.999999864102077, 4670, 7324.44
2024-01-14 21:10:17 Loss: 0.000000135359411, Fidelity: 0.999999864640589, 4680, 7337.91
2024-01-14 21:10:31 Loss: 0.000000134030274, Fidelity: 0.999999865969726, 4690, 7351.74
2024-01-14 21:10:44 Loss: 0.000000133857703, Fidelity: 0.999999866142297, 4700, 7365.42
2024-01-14 21:10:58 Loss: 0.000000132464037, Fidelity: 0.999999867535963, 4710, 7379.16
2024-01-14 21:11:12 Loss: 0.000000132258627, Fidelity: 0.999999867741373, 4720, 7392.76
2024-01-14 21:11:25 Loss: 0.000000131096329, Fidelity: 0.999999868903671, 4730, 7406.43
2024-01-14 21:11:39 Loss: 0.000000130823119, Fidelity: 0.999999869176881, 4740, 7420.00
2024-01-14 21:11:53 Loss: 0.000000129941004, Fidelity: 0.999999870058996, 4750, 7433.53
2024-01-14 21:12:06 Loss: 0.000000129447777, Fidelity: 0.999999870552223, 4760, 7447.05
2024-01-14 21:12:19 Loss: 0.000000128193858, Fidelity: 0.999999871806142, 4770, 7460.46
2024-01-14 21:12:33 Loss: 0.000000127823662, Fidelity: 0.999999872176338, 4780, 7474.38
2024-01-14 21:12:47 Loss: 0.000000126934435, Fidelity: 0.999999873065565, 4790, 7487.94
2024-01-14 21:13:01 Loss: 0.000000126149693, Fidelity: 0.999999873850307, 4800, 7501.65
2024-01-14 21:13:15 Loss: 0.000000125656183, Fidelity: 0.999999874343817, 4810, 7515.54
2024-01-14 21:13:28 Loss: 0.000000124590270, Fidelity: 0.999999875409730, 4820, 7529.09
2024-01-14 21:13:42 Loss: 0.000000124442002, Fidelity: 0.999999875557998, 4830, 7542.67
2024-01-14 21:13:55 Loss: 0.000000123158882, Fidelity: 0.999999876841118, 4840, 7555.92
2024-01-14 21:14:09 Loss: 0.000000123000241, Fidelity: 0.999999876999759, 4850, 7569.74
2024-01-14 21:14:23 Loss: 0.000000121801837, Fidelity: 0.999999878198163, 4860, 7583.52
2024-01-14 21:14:36 Loss: 0.000000121648264, Fidelity: 0.999999878351736, 4870, 7597.29
2024-01-14 21:14:50 Loss: 0.000000120413507, Fidelity: 0.999999879586493, 4880, 7611.27
2024-01-14 21:15:04 Loss: 0.000000120243444, Fidelity: 0.999999879756556, 4890, 7624.77
2024-01-14 21:15:17 Loss: 0.000000119178510, Fidelity: 0.999999880821490, 4900, 7638.35
2024-01-14 21:15:31 Loss: 0.000000118783576, Fidelity: 0.999999881216424, 4910, 7651.88
2024-01-14 21:15:44 Loss: 0.000000118143202, Fidelity: 0.999999881856798, 4920, 7665.41
2024-01-14 21:15:58 Loss: 0.000000117169732, Fidelity: 0.999999882830268, 4930, 7678.65
2024-01-14 21:16:11 Loss: 0.000000116862971, Fidelity: 0.999999883137029, 4940, 7692.29
2024-01-14 21:16:25 Loss: 0.000000115772111, Fidelity: 0.999999884227889, 4950, 7705.81
2024-01-14 21:16:38 Loss: 0.000000115498473, Fidelity: 0.999999884501527, 4960, 7719.30
2024-01-14 21:16:52 Loss: 0.000000114341740, Fidelity: 0.999999885658260, 4970, 7732.73
2024-01-14 21:17:06 Loss: 0.000000114186877, Fidelity: 0.999999885813123, 4980, 7746.76
2024-01-14 21:17:19 Loss: 0.000000113419860, Fidelity: 0.999999886580140, 4990, 7760.34
2024-01-14 21:17:33 Loss: 0.000000113145347, Fidelity: 0.999999886854653, 5000, 7773.97
2024-01-14 21:17:47 Loss: 0.000000112467968, Fidelity: 0.999999887532032, 5010, 7787.66
2024-01-14 21:18:00 Loss: 0.000000111944879, Fidelity: 0.999999888055121, 5020, 7800.84
2024-01-14 21:18:14 Loss: 0.000000111126039, Fidelity: 0.999999888873961, 5030, 7814.66
2024-01-14 21:18:28 Loss: 0.000000110639960, Fidelity: 0.999999889360040, 5040, 7828.51
2024-01-14 21:18:41 Loss: 0.000000110170562, Fidelity: 0.999999889829438, 5050, 7842.02
2024-01-14 21:18:55 Loss: 0.000000109348966, Fidelity: 0.999999890651034, 5060, 7855.54
2024-01-14 21:19:08 Loss: 0.000000109186288, Fidelity: 0.999999890813712, 5070, 7869.45
2024-01-14 21:19:22 Loss: 0.000000108213840, Fidelity: 0.999999891786160, 5080, 7882.89
2024-01-14 21:19:36 Loss: 0.000000108105817, Fidelity: 0.999999891894183, 5090, 7896.58
2024-01-14 21:19:50 Loss: 0.000000107054982, Fidelity: 0.999999892945018, 5100, 7910.74
2024-01-14 21:20:03 Loss: 0.000000106857032, Fidelity: 0.999999893142968, 5110, 7924.33
2024-01-14 21:20:17 Loss: 0.000000105684332, Fidelity: 0.999999894315668, 5120, 7937.88
2024-01-14 21:20:30 Loss: 0.000000105485772, Fidelity: 0.999999894514228, 5130, 7951.11
2024-01-14 21:20:44 Loss: 0.000000104724636, Fidelity: 0.999999895275364, 5140, 7964.73
2024-01-14 21:20:58 Loss: 0.000000104254323, Fidelity: 0.999999895745677, 5150, 7978.56
2024-01-14 21:21:12 Loss: 0.000000104047787, Fidelity: 0.999999895952213, 5160, 7992.78
2024-01-14 21:21:26 Loss: 0.000000102935924, Fidelity: 0.999999897064076, 5170, 8006.77
2024-01-14 21:21:39 Loss: 0.000000102827188, Fidelity: 0.999999897172812, 5180, 8020.36
2024-01-14 21:21:53 Loss: 0.000000101618377, Fidelity: 0.999999898381623, 5190, 8034.47
2024-01-14 21:22:08 Loss: 0.000000101485183, Fidelity: 0.999999898514817, 5200, 8048.68
2024-01-14 21:22:21 Loss: 0.000000100540774, Fidelity: 0.999999899459226, 5210, 8062.43
2024-01-14 21:22:35 Loss: 0.000000100329865, Fidelity: 0.999999899670135, 5220, 8076.22
2024-01-14 21:22:49 Loss: 0.000000099960799, Fidelity: 0.999999900039201, 5230, 8089.97
2024-01-14 21:23:02 Loss: 0.000000099073549, Fidelity: 0.999999900926451, 5240, 8102.84
2024-01-14 21:23:16 Loss: 0.000000098758372, Fidelity: 0.999999901241628, 5250, 8116.87
2024-01-14 21:23:29 Loss: 0.000000098435614, Fidelity: 0.999999901564386, 5260, 8130.39
2024-01-14 21:23:43 Loss: 0.000000097228715, Fidelity: 0.999999902771285, 5270, 8143.98
2024-01-14 21:23:57 Loss: 0.000000097121545, Fidelity: 0.999999902878455, 5280, 8157.75
2024-01-14 21:24:10 Loss: 0.000000095985546, Fidelity: 0.999999904014454, 5290, 8170.60
2024-01-14 21:24:24 Loss: 0.000000095507395, Fidelity: 0.999999904492605, 5300, 8184.64
2024-01-14 21:24:37 Loss: 0.000000095344558, Fidelity: 0.999999904655442, 5310, 8198.33
2024-01-14 21:24:51 Loss: 0.000000094222868, Fidelity: 0.999999905777132, 5320, 8212.17
2024-01-14 21:25:05 Loss: 0.000000094120811, Fidelity: 0.999999905879189, 5330, 8225.99
2024-01-14 21:25:19 Loss: 0.000000093365939, Fidelity: 0.999999906634061, 5340, 8239.64
2024-01-14 21:25:33 Loss: 0.000000092817943, Fidelity: 0.999999907182057, 5350, 8253.55
2024-01-14 21:25:46 Loss: 0.000000092667399, Fidelity: 0.999999907332601, 5360, 8267.46
2024-01-14 21:26:00 Loss: 0.000000091576415, Fidelity: 0.999999908423585, 5370, 8281.41
2024-01-14 21:26:14 Loss: 0.000000091463941, Fidelity: 0.999999908536059, 5380, 8295.01
2024-01-14 21:26:27 Loss: 0.000000090784619, Fidelity: 0.999999909215381, 5390, 8307.78
2024-01-14 21:26:40 Loss: 0.000000090268982, Fidelity: 0.999999909731018, 5400, 8321.25
2024-01-14 21:26:54 Loss: 0.000000090158795, Fidelity: 0.999999909841205, 5410, 8334.69
2024-01-14 21:27:07 Loss: 0.000000089355152, Fidelity: 0.999999910644848, 5420, 8348.46
2024-01-14 21:27:21 Loss: 0.000000088640890, Fidelity: 0.999999911359110, 5430, 8362.38
2024-01-14 21:27:35 Loss: 0.000000088483956, Fidelity: 0.999999911516044, 5440, 8376.03
2024-01-14 21:27:49 Loss: 0.000000087494005, Fidelity: 0.999999912505995, 5450, 8389.93
2024-01-14 21:28:03 Loss: 0.000000087395461, Fidelity: 0.999999912604539, 5460, 8403.95
2024-01-14 21:28:16 Loss: 0.000000086305677, Fidelity: 0.999999913694323, 5470, 8417.50
2024-01-14 21:28:30 Loss: 0.000000085797887, Fidelity: 0.999999914202113, 5480, 8430.97
2024-01-14 21:28:44 Loss: 0.000000085653612, Fidelity: 0.999999914346388, 5490, 8444.72
2024-01-14 21:28:58 Loss: 0.000000085015966, Fidelity: 0.999999914984034, 5500, 8458.54
2024-01-14 21:29:11 Loss: 0.000000084493025, Fidelity: 0.999999915506975, 5510, 8472.16
2024-01-14 21:29:25 Loss: 0.000000084330902, Fidelity: 0.999999915669098, 5520, 8485.81
2024-01-14 21:29:39 Loss: 0.000000083218263, Fidelity: 0.999999916781737, 5530, 8500.02
2024-01-14 21:29:52 Loss: 0.000000083128505, Fidelity: 0.999999916871495, 5540, 8513.17
2024-01-14 21:30:05 Loss: 0.000000082348102, Fidelity: 0.999999917651898, 5550, 8526.37
2024-01-14 21:30:19 Loss: 0.000000081765110, Fidelity: 0.999999918234890, 5560, 8540.10
2024-01-14 21:30:33 Loss: 0.000000081597699, Fidelity: 0.999999918402301, 5570, 8554.16
2024-01-14 21:30:46 Loss: 0.000000080631746, Fidelity: 0.999999919368254, 5580, 8567.29
2024-01-14 21:31:00 Loss: 0.000000080554820, Fidelity: 0.999999919445180, 5590, 8581.13
2024-01-14 21:31:13 Loss: 0.000000080191133, Fidelity: 0.999999919808867, 5600, 8594.43
2024-01-14 21:31:27 Loss: 0.000000079523519, Fidelity: 0.999999920476481, 5610, 8607.98
2024-01-14 21:31:41 Loss: 0.000000079258676, Fidelity: 0.999999920741324, 5620, 8621.91
2024-01-14 21:31:55 Loss: 0.000000079083631, Fidelity: 0.999999920916369, 5630, 8635.59
2024-01-14 21:32:09 Loss: 0.000000078252757, Fidelity: 0.999999921747243, 5640, 8649.64
2024-01-14 21:32:23 Loss: 0.000000078180532, Fidelity: 0.999999921819468, 5650, 8663.57
2024-01-14 21:32:36 Loss: 0.000000077091387, Fidelity: 0.999999922908613, 5660, 8677.34
2024-01-14 21:32:50 Loss: 0.000000076908862, Fidelity: 0.999999923091138, 5670, 8690.79
2024-01-14 21:33:03 Loss: 0.000000076564631, Fidelity: 0.999999923435369, 5680, 8704.43
2024-01-14 21:33:17 Loss: 0.000000075719573, Fidelity: 0.999999924280427, 5690, 8718.14
2024-01-14 21:33:31 Loss: 0.000000075623404, Fidelity: 0.999999924376596, 5700, 8731.99
2024-01-14 21:33:45 Loss: 0.000000074697346, Fidelity: 0.999999925302654, 5710, 8745.62
2024-01-14 21:33:58 Loss: 0.000000074430120, Fidelity: 0.999999925569880, 5720, 8759.34
2024-01-14 21:34:13 Loss: 0.000000074313012, Fidelity: 0.999999925686988, 5730, 8773.64
2024-01-14 21:34:26 Loss: 0.000000073368991, Fidelity: 0.999999926631009, 5740, 8787.15
2024-01-14 21:34:40 Loss: 0.000000073294791, Fidelity: 0.999999926705209, 5750, 8800.76
2024-01-14 21:34:54 Loss: 0.000000072833835, Fidelity: 0.999999927166165, 5760, 8814.58
2024-01-14 21:35:08 Loss: 0.000000072133233, Fidelity: 0.999999927866767, 5770, 8828.52
2024-01-14 21:35:21 Loss: 0.000000072069720, Fidelity: 0.999999927930280, 5780, 8841.73
2024-01-14 21:35:34 Loss: 0.000000071227453, Fidelity: 0.999999928772547, 5790, 8855.31
2024-01-14 21:35:48 Loss: 0.000000071002840, Fidelity: 0.999999928997160, 5800, 8868.82
2024-01-14 21:36:02 Loss: 0.000000070917343, Fidelity: 0.999999929082657, 5810, 8883.20
2024-01-14 21:36:16 Loss: 0.000000070177634, Fidelity: 0.999999929822366, 5820, 8897.12
2024-01-14 21:36:30 Loss: 0.000000070073363, Fidelity: 0.999999929926637, 5830, 8910.93
2024-01-14 21:36:44 Loss: 0.000000069626020, Fidelity: 0.999999930373980, 5840, 8924.75
2024-01-14 21:36:57 Loss: 0.000000069085941, Fidelity: 0.999999930914059, 5850, 8938.18
2024-01-14 21:37:11 Loss: 0.000000069017459, Fidelity: 0.999999930982541, 5860, 8952.17
2024-01-14 21:37:25 Loss: 0.000000068242354, Fidelity: 0.999999931757646, 5870, 8965.53
2024-01-14 21:37:38 Loss: 0.000000068123000, Fidelity: 0.999999931877000, 5880, 8978.90
2024-01-14 21:37:52 Loss: 0.000000067779685, Fidelity: 0.999999932220315, 5890, 8992.88
2024-01-14 21:38:05 Loss: 0.000000067111415, Fidelity: 0.999999932888585, 5900, 9006.44
2024-01-14 21:38:19 Loss: 0.000000067034927, Fidelity: 0.999999932965073, 5910, 9020.29
2024-01-14 21:38:33 Loss: 0.000000066580199, Fidelity: 0.999999933419801, 5920, 9034.36
2024-01-14 21:38:47 Loss: 0.000000066331907, Fidelity: 0.999999933668093, 5930, 9048.12
2024-01-14 21:39:01 Loss: 0.000000066272907, Fidelity: 0.999999933727093, 5940, 9061.73
2024-01-14 21:39:14 Loss: 0.000000065675197, Fidelity: 0.999999934324803, 5950, 9075.34
2024-01-14 21:39:28 Loss: 0.000000065431756, Fidelity: 0.999999934568244, 5960, 9089.40
2024-01-14 21:39:42 Loss: 0.000000065360635, Fidelity: 0.999999934639365, 5970, 9102.94
2024-01-14 21:39:55 Loss: 0.000000064456300, Fidelity: 0.999999935543700, 5980, 9116.21
2024-01-14 21:40:09 Loss: 0.000000064384736, Fidelity: 0.999999935615264, 5990, 9129.91
2024-01-14 21:40:23 Loss: 0.000000063895155, Fidelity: 0.999999936104845, 6000, 9143.91
2024-01-14 21:40:37 Loss: 0.000000063457352, Fidelity: 0.999999936542648, 6010, 9157.68
2024-01-14 21:40:50 Loss: 0.000000063391463, Fidelity: 0.999999936608537, 6020, 9171.22
2024-01-14 21:41:03 Loss: 0.000000062988986, Fidelity: 0.999999937011014, 6030, 9183.82
2024-01-14 21:41:16 Loss: 0.000000062576767, Fidelity: 0.999999937423233, 6040, 9197.41
2024-01-14 21:41:30 Loss: 0.000000062522431, Fidelity: 0.999999937477569, 6050, 9211.06
2024-01-14 21:41:44 Loss: 0.000000062138568, Fidelity: 0.999999937861432, 6060, 9225.16
2024-01-14 21:41:57 Loss: 0.000000061597926, Fidelity: 0.999999938402074, 6070, 9238.13
2024-01-14 21:42:11 Loss: 0.000000061535171, Fidelity: 0.999999938464829, 6080, 9251.90
2024-01-14 21:42:24 Loss: 0.000000060526434, Fidelity: 0.999999939473566, 6090, 9265.42
2024-01-14 21:42:38 Loss: 0.000000060441224, Fidelity: 0.999999939558776, 6100, 9278.91
2024-01-14 21:42:52 Loss: 0.000000060079639, Fidelity: 0.999999939920361, 6110, 9292.56
2024-01-14 21:43:06 Loss: 0.000000059494999, Fidelity: 0.999999940505001, 6120, 9306.51
2024-01-14 21:43:19 Loss: 0.000000059445708, Fidelity: 0.999999940554292, 6130, 9320.35
2024-01-14 21:43:33 Loss: 0.000000059143655, Fidelity: 0.999999940856345, 6140, 9334.45
2024-01-14 21:43:47 Loss: 0.000000058573232, Fidelity: 0.999999941426768, 6150, 9348.21
2024-01-14 21:44:01 Loss: 0.000000058528825, Fidelity: 0.999999941471175, 6160, 9362.31
2024-01-14 21:44:15 Loss: 0.000000057858979, Fidelity: 0.999999942141021, 6170, 9376.15
2024-01-14 21:44:29 Loss: 0.000000057712561, Fidelity: 0.999999942287439, 6180, 9389.78
2024-01-14 21:44:43 Loss: 0.000000057595895, Fidelity: 0.999999942404105, 6190, 9403.53
2024-01-14 21:44:57 Loss: 0.000000056824221, Fidelity: 0.999999943175779, 6200, 9417.63
2024-01-14 21:45:10 Loss: 0.000000056750716, Fidelity: 0.999999943249284, 6210, 9430.79
2024-01-14 21:45:23 Loss: 0.000000056697370, Fidelity: 0.999999943302630, 6220, 9444.26
2024-01-14 21:45:37 Loss: 0.000000056199146, Fidelity: 0.999999943800854, 6230, 9457.96
2024-01-14 21:45:51 Loss: 0.000000055969662, Fidelity: 0.999999944030338, 6240, 9471.94
2024-01-14 21:46:05 Loss: 0.000000055919151, Fidelity: 0.999999944080849, 6250, 9485.62
2024-01-14 21:46:18 Loss: 0.000000055062811, Fidelity: 0.999999944937189, 6260, 9499.38
2024-01-14 21:46:32 Loss: 0.000000054981459, Fidelity: 0.999999945018541, 6270, 9512.69
2024-01-14 21:46:45 Loss: 0.000000054806033, Fidelity: 0.999999945193967, 6280, 9526.24
2024-01-14 21:46:59 Loss: 0.000000054148554, Fidelity: 0.999999945851446, 6290, 9540.00
2024-01-14 21:47:13 Loss: 0.000000054117984, Fidelity: 0.999999945882016, 6300, 9553.96
2024-01-14 21:47:27 Loss: 0.000000053809807, Fidelity: 0.999999946190193, 6310, 9567.52
2024-01-14 21:47:40 Loss: 0.000000053348894, Fidelity: 0.999999946651106, 6320, 9580.95
2024-01-14 21:47:54 Loss: 0.000000053288864, Fidelity: 0.999999946711136, 6330, 9594.92
2024-01-14 21:48:08 Loss: 0.000000053158796, Fidelity: 0.999999946841204, 6340, 9608.92
2024-01-14 21:48:22 Loss: 0.000000052473359, Fidelity: 0.999999947526641, 6350, 9622.90
2024-01-14 21:48:36 Loss: 0.000000052430576, Fidelity: 0.999999947569424, 6360, 9636.75
2024-01-14 21:48:49 Loss: 0.000000052241532, Fidelity: 0.999999947758468, 6370, 9650.39
2024-01-14 21:49:03 Loss: 0.000000051621859, Fidelity: 0.999999948378141, 6380, 9663.97
2024-01-14 21:49:17 Loss: 0.000000051593137, Fidelity: 0.999999948406863, 6390, 9677.59
2024-01-14 21:49:30 Loss: 0.000000051326424, Fidelity: 0.999999948673576, 6400, 9691.44
2024-01-14 21:49:44 Loss: 0.000000050803069, Fidelity: 0.999999949196931, 6410, 9705.35
2024-01-14 21:49:58 Loss: 0.000000050758474, Fidelity: 0.999999949241526, 6420, 9719.02
2024-01-14 21:50:12 Loss: 0.000000050695722, Fidelity: 0.999999949304278, 6430, 9732.75
2024-01-14 21:50:26 Loss: 0.000000050274841, Fidelity: 0.999999949725159, 6440, 9746.63
2024-01-14 21:50:39 Loss: 0.000000049948768, Fidelity: 0.999999950051232, 6450, 9760.33
2024-01-14 21:50:53 Loss: 0.000000049920181, Fidelity: 0.999999950079819, 6460, 9774.19
2024-01-14 21:51:07 Loss: 0.000000049314039, Fidelity: 0.999999950685961, 6470, 9788.09
2024-01-14 21:51:21 Loss: 0.000000049052257, Fidelity: 0.999999950947743, 6480, 9801.82
2024-01-14 21:51:35 Loss: 0.000000048998736, Fidelity: 0.999999951001264, 6490, 9815.62
2024-01-14 21:51:48 Loss: 0.000000048203435, Fidelity: 0.999999951796565, 6500, 9829.16
2024-01-14 21:52:02 Loss: 0.000000048035042, Fidelity: 0.999999951964958, 6510, 9843.05
2024-01-14 21:52:15 Loss: 0.000000047992640, Fidelity: 0.999999952007360, 6520, 9856.46
2024-01-14 21:52:29 Loss: 0.000000047801147, Fidelity: 0.999999952198853, 6530, 9869.87
2024-01-14 21:52:43 Loss: 0.000000047192967, Fidelity: 0.999999952807033, 6540, 9883.82
2024-01-14 21:52:57 Loss: 0.000000047132447, Fidelity: 0.999999952867553, 6550, 9897.57
2024-01-14 21:53:10 Loss: 0.000000046965916, Fidelity: 0.999999953034084, 6560, 9911.17
2024-01-14 21:53:24 Loss: 0.000000046390255, Fidelity: 0.999999953609745, 6570, 9924.94
2024-01-14 21:53:38 Loss: 0.000000046342078, Fidelity: 0.999999953657922, 6580, 9938.57
2024-01-14 21:53:51 Loss: 0.000000046252201, Fidelity: 0.999999953747799, 6590, 9952.16
2024-01-14 21:54:05 Loss: 0.000000045616661, Fidelity: 0.999999954383339, 6600, 9965.88
2024-01-14 21:54:19 Loss: 0.000000045562705, Fidelity: 0.999999954437295, 6610, 9980.12
2024-01-14 21:54:33 Loss: 0.000000045523583, Fidelity: 0.999999954476417, 6620, 9994.13
2024-01-14 21:54:47 Loss: 0.000000045285371, Fidelity: 0.999999954714629, 6630, 10007.91
2024-01-14 21:55:01 Loss: 0.000000044839992, Fidelity: 0.999999955160008, 6640, 10021.84
2024-01-14 21:55:15 Loss: 0.000000044759221, Fidelity: 0.999999955240779, 6650, 10035.97
2024-01-14 21:55:29 Loss: 0.000000044692528, Fidelity: 0.999999955307472, 6660, 10049.80
2024-01-14 21:55:42 Loss: 0.000000044004656, Fidelity: 0.999999955995344, 6670, 10063.42
2024-01-14 21:55:56 Loss: 0.000000043824991, Fidelity: 0.999999956175009, 6680, 10076.88
2024-01-14 21:56:10 Loss: 0.000000043787249, Fidelity: 0.999999956212751, 6690, 10090.83
2024-01-14 21:56:24 Loss: 0.000000043368144, Fidelity: 0.999999956631856, 6700, 10104.68
2024-01-14 21:56:37 Loss: 0.000000043008569, Fidelity: 0.999999956991431, 6710, 10118.37
2024-01-14 21:56:51 Loss: 0.000000042984740, Fidelity: 0.999999957015260, 6720, 10131.88
2024-01-14 21:57:05 Loss: 0.000000042754243, Fidelity: 0.999999957245757, 6730, 10145.66
2024-01-14 21:57:18 Loss: 0.000000042533121, Fidelity: 0.999999957466879, 6740, 10159.40
2024-01-14 21:57:32 Loss: 0.000000042274887, Fidelity: 0.999999957725113, 6750, 10173.15
2024-01-14 21:57:46 Loss: 0.000000042240882, Fidelity: 0.999999957759118, 6760, 10186.78
2024-01-14 21:58:00 Loss: 0.000000041953391, Fidelity: 0.999999958046609, 6770, 10200.58
2024-01-14 21:58:14 Loss: 0.000000041341643, Fidelity: 0.999999958658357, 6780, 10214.59
2024-01-14 21:58:28 Loss: 0.000000041317357, Fidelity: 0.999999958682643, 6790, 10228.58
2024-01-14 21:58:41 Loss: 0.000000040986855, Fidelity: 0.999999959013145, 6800, 10242.24
2024-01-14 21:58:55 Loss: 0.000000040582094, Fidelity: 0.999999959417906, 6810, 10256.11
2024-01-14 21:59:09 Loss: 0.000000040557508, Fidelity: 0.999999959442492, 6820, 10270.02
2024-01-14 21:59:23 Loss: 0.000000040317673, Fidelity: 0.999999959682327, 6830, 10283.60
2024-01-14 21:59:36 Loss: 0.000000039824859, Fidelity: 0.999999960175141, 6840, 10297.34
2024-01-14 21:59:50 Loss: 0.000000039737764, Fidelity: 0.999999960262236, 6850, 10311.10
2024-01-14 22:00:04 Loss: 0.000000039706122, Fidelity: 0.999999960293878, 6860, 10324.87
2024-01-14 22:00:17 Loss: 0.000000039551709, Fidelity: 0.999999960448291, 6870, 10338.49
2024-01-14 22:00:31 Loss: 0.000000038977832, Fidelity: 0.999999961022168, 6880, 10352.22
2024-01-14 22:00:45 Loss: 0.000000038936580, Fidelity: 0.999999961063420, 6890, 10366.15
2024-01-14 22:00:59 Loss: 0.000000038825206, Fidelity: 0.999999961174794, 6900, 10379.92
2024-01-14 22:01:13 Loss: 0.000000038220694, Fidelity: 0.999999961779306, 6910, 10393.50
2024-01-14 22:01:26 Loss: 0.000000038175684, Fidelity: 0.999999961824316, 6920, 10407.44
2024-01-14 22:01:40 Loss: 0.000000038022809, Fidelity: 0.999999961977191, 6930, 10421.26
2024-01-14 22:01:54 Loss: 0.000000037440154, Fidelity: 0.999999962559846, 6940, 10435.45
2024-01-14 22:02:08 Loss: 0.000000037377032, Fidelity: 0.999999962622968, 6950, 10448.89
2024-01-14 22:02:22 Loss: 0.000000037325222, Fidelity: 0.999999962674778, 6960, 10462.70
2024-01-14 22:02:35 Loss: 0.000000037003062, Fidelity: 0.999999962996938, 6970, 10476.16
2024-01-14 22:02:49 Loss: 0.000000036760859, Fidelity: 0.999999963239141, 6980, 10489.83
2024-01-14 22:03:03 Loss: 0.000000036742062, Fidelity: 0.999999963257938, 6990, 10503.61
2024-01-14 22:03:16 Loss: 0.000000036478525, Fidelity: 0.999999963521475, 7000, 10517.40
2024-01-14 22:03:30 Loss: 0.000000036040856, Fidelity: 0.999999963959144, 7010, 10531.19
2024-01-14 22:03:44 Loss: 0.000000036012847, Fidelity: 0.999999963987153, 7020, 10544.83
2024-01-14 22:03:57 Loss: 0.000000035891914, Fidelity: 0.999999964108086, 7030, 10558.42
2024-01-14 22:04:11 Loss: 0.000000035417299, Fidelity: 0.999999964582701, 7040, 10571.83
2024-01-14 22:04:25 Loss: 0.000000035387374, Fidelity: 0.999999964612626, 7050, 10585.73
2024-01-14 22:04:38 Loss: 0.000000035351017, Fidelity: 0.999999964648983, 7060, 10599.13
2024-01-14 22:04:52 Loss: 0.000000034926079, Fidelity: 0.999999965073921, 7070, 10612.77
2024-01-14 22:05:05 Loss: 0.000000034840799, Fidelity: 0.999999965159201, 7080, 10626.45
2024-01-14 22:05:19 Loss: 0.000000034824996, Fidelity: 0.999999965175004, 7090, 10640.22
2024-01-14 22:05:33 Loss: 0.000000034598383, Fidelity: 0.999999965401617, 7100, 10653.85
2024-01-14 22:05:46 Loss: 0.000000034174762, Fidelity: 0.999999965825238, 7110, 10667.28
2024-01-14 22:06:00 Loss: 0.000000034156290, Fidelity: 0.999999965843710, 7120, 10681.25
2024-01-14 22:06:14 Loss: 0.000000033944112, Fidelity: 0.999999966055888, 7130, 10695.24
2024-01-14 22:06:28 Loss: 0.000000033561476, Fidelity: 0.999999966438524, 7140, 10708.91
2024-01-14 22:06:42 Loss: 0.000000033544688, Fidelity: 0.999999966455312, 7150, 10722.71
2024-01-14 22:06:56 Loss: 0.000000033415439, Fidelity: 0.999999966584561, 7160, 10736.61
2024-01-14 22:07:10 Loss: 0.000000032918981, Fidelity: 0.999999967081019, 7170, 10750.53
2024-01-14 22:07:23 Loss: 0.000000032894523, Fidelity: 0.999999967105477, 7180, 10764.30
2024-01-14 22:07:37 Loss: 0.000000032788796, Fidelity: 0.999999967211204, 7190, 10778.15
2024-01-14 22:07:50 Loss: 0.000000032539939, Fidelity: 0.999999967460061, 7200, 10790.68
2024-01-14 22:08:04 Loss: 0.000000032296435, Fidelity: 0.999999967703565, 7210, 10804.62
2024-01-14 22:08:17 Loss: 0.000000032260745, Fidelity: 0.999999967739255, 7220, 10818.36
2024-01-14 22:08:31 Loss: 0.000000032205850, Fidelity: 0.999999967794150, 7230, 10831.97
2024-01-14 22:08:45 Loss: 0.000000031711226, Fidelity: 0.999999968288774, 7240, 10845.79
2024-01-14 22:08:58 Loss: 0.000000031653062, Fidelity: 0.999999968346938, 7250, 10859.32
2024-01-14 22:09:12 Loss: 0.000000031611247, Fidelity: 0.999999968388753, 7260, 10873.12
2024-01-14 22:09:26 Loss: 0.000000031242088, Fidelity: 0.999999968757912, 7270, 10887.09
2024-01-14 22:09:40 Loss: 0.000000031145482, Fidelity: 0.999999968854518, 7280, 10900.79
2024-01-14 22:09:53 Loss: 0.000000031127061, Fidelity: 0.999999968872939, 7290, 10914.33
2024-01-14 22:10:07 Loss: 0.000000030882558, Fidelity: 0.999999969117442, 7300, 10928.23
2024-01-14 22:10:21 Loss: 0.000000030454091, Fidelity: 0.999999969545909, 7310, 10941.77
2024-01-14 22:10:34 Loss: 0.000000030432264, Fidelity: 0.999999969567736, 7320, 10955.41
2024-01-14 22:10:48 Loss: 0.000000030332683, Fidelity: 0.999999969667317, 7330, 10968.97
2024-01-14 22:11:02 Loss: 0.000000029889285, Fidelity: 0.999999970110715, 7340, 10982.52
2024-01-14 22:11:15 Loss: 0.000000029854493, Fidelity: 0.999999970145507, 7350, 10996.33
2024-01-14 22:11:29 Loss: 0.000000029802601, Fidelity: 0.999999970197399, 7360, 11010.11
2024-01-14 22:11:43 Loss: 0.000000029377733, Fidelity: 0.999999970622267, 7370, 11024.36
2024-01-14 22:11:57 Loss: 0.000000029337742, Fidelity: 0.999999970662258, 7380, 11038.02
2024-01-14 22:12:11 Loss: 0.000000029293857, Fidelity: 0.999999970706143, 7390, 11051.96
2024-01-14 22:12:25 Loss: 0.000000028955992, Fidelity: 0.999999971044008, 7400, 11066.04
2024-01-14 22:12:39 Loss: 0.000000028799773, Fidelity: 0.999999971200227, 7410, 11079.63
2024-01-14 22:12:53 Loss: 0.000000028738656, Fidelity: 0.999999971261344, 7420, 11093.61
2024-01-14 22:13:07 Loss: 0.000000028727244, Fidelity: 0.999999971272756, 7430, 11107.79
2024-01-14 22:13:20 Loss: 0.000000028439070, Fidelity: 0.999999971560930, 7440, 11121.41
2024-01-14 22:13:34 Loss: 0.000000028287314, Fidelity: 0.999999971712686, 7450, 11135.05
2024-01-14 22:13:48 Loss: 0.000000028273292, Fidelity: 0.999999971726708, 7460, 11148.69
2024-01-14 22:14:01 Loss: 0.000000027921450, Fidelity: 0.999999972078550, 7470, 11162.38
2024-01-14 22:14:15 Loss: 0.000000027792397, Fidelity: 0.999999972207603, 7480, 11175.88
2024-01-14 22:14:29 Loss: 0.000000027777633, Fidelity: 0.999999972222367, 7490, 11189.54
2024-01-14 22:14:42 Loss: 0.000000027470524, Fidelity: 0.999999972529476, 7500, 11203.49
2024-01-14 22:14:57 Loss: 0.000000027267107, Fidelity: 0.999999972732893, 7510, 11217.56
2024-01-14 22:15:10 Loss: 0.000000027253364, Fidelity: 0.999999972746636, 7520, 11231.23
2024-01-14 22:15:24 Loss: 0.000000027189657, Fidelity: 0.999999972810343, 7530, 11245.11
2024-01-14 22:15:37 Loss: 0.000000026716411, Fidelity: 0.999999973283589, 7540, 11258.38
2024-01-14 22:15:51 Loss: 0.000000026674457, Fidelity: 0.999999973325543, 7550, 11271.81
2024-01-14 22:16:05 Loss: 0.000000026621768, Fidelity: 0.999999973378232, 7560, 11285.83
2024-01-14 22:16:19 Loss: 0.000000026241259, Fidelity: 0.999999973758741, 7570, 11299.62
2024-01-14 22:16:32 Loss: 0.000000026206712, Fidelity: 0.999999973793288, 7580, 11313.24
2024-01-14 22:16:46 Loss: 0.000000026155936, Fidelity: 0.999999973844064, 7590, 11327.05
2024-01-14 22:17:00 Loss: 0.000000025769039, Fidelity: 0.999999974230961, 7600, 11340.70
2024-01-14 22:17:13 Loss: 0.000000025740492, Fidelity: 0.999999974259508, 7610, 11354.14
2024-01-14 22:17:27 Loss: 0.000000025705227, Fidelity: 0.999999974294773, 7620, 11367.96
2024-01-14 22:17:41 Loss: 0.000000025486891, Fidelity: 0.999999974513109, 7630, 11381.95
2024-01-14 22:17:54 Loss: 0.000000025296557, Fidelity: 0.999999974703443, 7640, 11395.32
2024-01-14 22:18:08 Loss: 0.000000025281934, Fidelity: 0.999999974718066, 7650, 11408.98
2024-01-14 22:18:22 Loss: 0.000000025186932, Fidelity: 0.999999974813068, 7660, 11422.88
2024-01-14 22:18:35 Loss: 0.000000024835955, Fidelity: 0.999999975164045, 7670, 11436.49
2024-01-14 22:18:49 Loss: 0.000000024827519, Fidelity: 0.999999975172481, 7680, 11450.03
2024-01-14 22:19:03 Loss: 0.000000024634660, Fidelity: 0.999999975365340, 7690, 11463.86
2024-01-14 22:19:17 Loss: 0.000000024427565, Fidelity: 0.999999975572435, 7700, 11477.80
2024-01-14 22:19:30 Loss: 0.000000024420841, Fidelity: 0.999999975579159, 7710, 11491.02
2024-01-14 22:19:43 Loss: 0.000000024216654, Fidelity: 0.999999975783346, 7720, 11504.21
2024-01-14 22:19:57 Loss: 0.000000024080436, Fidelity: 0.999999975919564, 7730, 11517.85
2024-01-14 22:20:11 Loss: 0.000000024072562, Fidelity: 0.999999975927438, 7740, 11532.16
2024-01-14 22:20:25 Loss: 0.000000023944555, Fidelity: 0.999999976055445, 7750, 11545.78
2024-01-14 22:20:39 Loss: 0.000000023658897, Fidelity: 0.999999976341103, 7760, 11559.70
2024-01-14 22:20:52 Loss: 0.000000023624102, Fidelity: 0.999999976375898, 7770, 11573.36
2024-01-14 22:21:06 Loss: 0.000000023613174, Fidelity: 0.999999976386826, 7780, 11586.98
2024-01-14 22:21:19 Loss: 0.000000023328408, Fidelity: 0.999999976671592, 7790, 11600.21
2024-01-14 22:21:33 Loss: 0.000000023250174, Fidelity: 0.999999976749826, 7800, 11613.78
2024-01-14 22:21:47 Loss: 0.000000023232601, Fidelity: 0.999999976767399, 7810, 11627.52
2024-01-14 22:22:00 Loss: 0.000000022977781, Fidelity: 0.999999977022219, 7820, 11641.18
2024-01-14 22:22:14 Loss: 0.000000022869723, Fidelity: 0.999999977130277, 7830, 11654.60
2024-01-14 22:22:27 Loss: 0.000000022861950, Fidelity: 0.999999977138050, 7840, 11668.38
2024-01-14 22:22:41 Loss: 0.000000022679953, Fidelity: 0.999999977320047, 7850, 11682.06
2024-01-14 22:22:55 Loss: 0.000000022535028, Fidelity: 0.999999977464972, 7860, 11695.80
2024-01-14 22:23:08 Loss: 0.000000022526845, Fidelity: 0.999999977473155, 7870, 11709.35
2024-01-14 22:23:22 Loss: 0.000000022413009, Fidelity: 0.999999977586991, 7880, 11722.72
2024-01-14 22:23:35 Loss: 0.000000022196613, Fidelity: 0.999999977803387, 7890, 11736.22
2024-01-14 22:23:49 Loss: 0.000000022178821, Fidelity: 0.999999977821179, 7900, 11749.79
2024-01-14 22:24:02 Loss: 0.000000022139369, Fidelity: 0.999999977860631, 7910, 11763.43
2024-01-14 22:24:16 Loss: 0.000000021805065, Fidelity: 0.999999978194935, 7920, 11776.87
2024-01-14 22:24:28 Loss: 0.000000021779820, Fidelity: 0.999999978220180, 7930, 11789.39
2024-01-14 22:24:42 Loss: 0.000000021763305, Fidelity: 0.999999978236695, 7940, 11802.97
2024-01-14 22:24:55 Loss: 0.000000021446537, Fidelity: 0.999999978553463, 7950, 11816.48
2024-01-14 22:25:09 Loss: 0.000000021394022, Fidelity: 0.999999978605978, 7960, 11830.34
2024-01-14 22:25:23 Loss: 0.000000021381289, Fidelity: 0.999999978618711, 7970, 11844.07
2024-01-14 22:25:37 Loss: 0.000000021240684, Fidelity: 0.999999978759316, 7980, 11857.68
2024-01-14 22:25:51 Loss: 0.000000021134915, Fidelity: 0.999999978865085, 7990, 11871.86
2024-01-14 22:26:04 Loss: 0.000000021073735, Fidelity: 0.999999978926265, 8000, 11885.37
2024-01-14 22:26:18 Loss: 0.000000021068783, Fidelity: 0.999999978931217, 8010, 11899.13
2024-01-14 22:26:32 Loss: 0.000000020911505, Fidelity: 0.999999979088495, 8020, 11912.60
2024-01-14 22:26:45 Loss: 0.000000020797581, Fidelity: 0.999999979202419, 8030, 11926.22
2024-01-14 22:26:59 Loss: 0.000000020792705, Fidelity: 0.999999979207295, 8040, 11940.35
2024-01-14 22:27:13 Loss: 0.000000020712719, Fidelity: 0.999999979287281, 8050, 11954.38
2024-01-14 22:27:27 Loss: 0.000000020518405, Fidelity: 0.999999979481595, 8060, 11968.28
2024-01-14 22:27:41 Loss: 0.000000020512523, Fidelity: 0.999999979487477, 8070, 11982.11
2024-01-14 22:27:55 Loss: 0.000000020405239, Fidelity: 0.999999979594761, 8080, 11995.64
2024-01-14 22:28:08 Loss: 0.000000020278329, Fidelity: 0.999999979721671, 8090, 12008.95
2024-01-14 22:28:22 Loss: 0.000000020265662, Fidelity: 0.999999979734338, 8100, 12022.67
2024-01-14 22:28:36 Loss: 0.000000020260321, Fidelity: 0.999999979739679, 8110, 12036.53
2024-01-14 22:28:50 Loss: 0.000000020111304, Fidelity: 0.999999979888696, 8120, 12050.75
2024-01-14 22:29:04 Loss: 0.000000019998663, Fidelity: 0.999999980001337, 8130, 12064.51
2024-01-14 22:29:17 Loss: 0.000000019994461, Fidelity: 0.999999980005539, 8140, 12078.40
2024-01-14 22:29:31 Loss: 0.000000019866777, Fidelity: 0.999999980133223, 8150, 12092.05
2024-01-14 22:29:44 Loss: 0.000000019692316, Fidelity: 0.999999980307684, 8160, 12105.33
2024-01-14 22:29:58 Loss: 0.000000019687627, Fidelity: 0.999999980312373, 8170, 12118.71
2024-01-14 22:30:11 Loss: 0.000000019597917, Fidelity: 0.999999980402083, 8180, 12132.35
2024-01-14 22:30:25 Loss: 0.000000019412503, Fidelity: 0.999999980587497, 8190, 12146.09
2024-01-14 22:30:39 Loss: 0.000000019405393, Fidelity: 0.999999980594607, 8200, 12159.87
2024-01-14 22:30:52 Loss: 0.000000019373623, Fidelity: 0.999999980626377, 8210, 12173.25
2024-01-14 22:31:06 Loss: 0.000000019155619, Fidelity: 0.999999980844381, 8220, 12187.12
2024-01-14 22:31:20 Loss: 0.000000019097776, Fidelity: 0.999999980902224, 8230, 12200.64
2024-01-14 22:31:33 Loss: 0.000000019091274, Fidelity: 0.999999980908726, 8240, 12214.20
2024-01-14 22:31:47 Loss: 0.000000018976546, Fidelity: 0.999999981023454, 8250, 12227.81
2024-01-14 22:32:00 Loss: 0.000000018805094, Fidelity: 0.999999981194906, 8260, 12241.28
2024-01-14 22:32:14 Loss: 0.000000018781381, Fidelity: 0.999999981218619, 8270, 12255.12
2024-01-14 22:32:28 Loss: 0.000000018773918, Fidelity: 0.999999981226082, 8280, 12268.66
2024-01-14 22:32:41 Loss: 0.000000018574921, Fidelity: 0.999999981425079, 8290, 12282.02
2024-01-14 22:32:55 Loss: 0.000000018488958, Fidelity: 0.999999981511042, 8300, 12295.57
2024-01-14 22:33:08 Loss: 0.000000018481756, Fidelity: 0.999999981518244, 8310, 12309.36
2024-01-14 22:33:22 Loss: 0.000000018285043, Fidelity: 0.999999981714957, 8320, 12323.02
2024-01-14 22:33:36 Loss: 0.000000018241936, Fidelity: 0.999999981758064, 8330, 12336.67
2024-01-14 22:33:49 Loss: 0.000000018237740, Fidelity: 0.999999981762260, 8340, 12349.82
2024-01-14 22:34:03 Loss: 0.000000018205005, Fidelity: 0.999999981794995, 8350, 12363.54
2024-01-14 22:34:16 Loss: 0.000000017987675, Fidelity: 0.999999982012325, 8360, 12377.28
2024-01-14 22:34:30 Loss: 0.000000017966094, Fidelity: 0.999999982033906, 8370, 12390.78
2024-01-14 22:34:43 Loss: 0.000000017961097, Fidelity: 0.999999982038903, 8380, 12404.27
2024-01-14 22:34:57 Loss: 0.000000017855380, Fidelity: 0.999999982144620, 8390, 12417.92
2024-01-14 22:35:11 Loss: 0.000000017754205, Fidelity: 0.999999982245795, 8400, 12431.63
2024-01-14 22:35:24 Loss: 0.000000017750114, Fidelity: 0.999999982249886, 8410, 12445.35
2024-01-14 22:35:38 Loss: 0.000000017662158, Fidelity: 0.999999982337842, 8420, 12458.99
2024-01-14 22:35:52 Loss: 0.000000017503627, Fidelity: 0.999999982496373, 8430, 12472.71
2024-01-14 22:36:05 Loss: 0.000000017484057, Fidelity: 0.999999982515943, 8440, 12486.45
2024-01-14 22:36:19 Loss: 0.000000017478374, Fidelity: 0.999999982521626, 8450, 12499.72
2024-01-14 22:36:32 Loss: 0.000000017443383, Fidelity: 0.999999982556617, 8460, 12513.10
2024-01-14 22:36:46 Loss: 0.000000017277021, Fidelity: 0.999999982722979, 8470, 12526.61
2024-01-14 22:36:59 Loss: 0.000000017267565, Fidelity: 0.999999982732435, 8480, 12540.27
2024-01-14 22:37:13 Loss: 0.000000017256046, Fidelity: 0.999999982743954, 8490, 12553.93
2024-01-14 22:37:27 Loss: 0.000000017085818, Fidelity: 0.999999982914182, 8500, 12568.10
2024-01-14 22:37:40 Loss: 0.000000017023454, Fidelity: 0.999999982976546, 8510, 12581.40
2024-01-14 22:37:54 Loss: 0.000000017020179, Fidelity: 0.999999982979821, 8520, 12595.18
2024-01-14 22:38:08 Loss: 0.000000016970636, Fidelity: 0.999999983029364, 8530, 12609.24
2024-01-14 22:38:22 Loss: 0.000000016813447, Fidelity: 0.999999983186553, 8540, 12623.24
2024-01-14 22:38:36 Loss: 0.000000016809345, Fidelity: 0.999999983190655, 8550, 12637.20
2024-01-14 22:38:50 Loss: 0.000000016796728, Fidelity: 0.999999983203272, 8560, 12651.15
2024-01-14 22:39:04 Loss: 0.000000016657194, Fidelity: 0.999999983342806, 8570, 12665.27
2024-01-14 22:39:18 Loss: 0.000000016612283, Fidelity: 0.999999983387717, 8580, 12679.31
2024-01-14 22:39:32 Loss: 0.000000016608142, Fidelity: 0.999999983391858, 8590, 12693.28
2024-01-14 22:39:46 Loss: 0.000000016481984, Fidelity: 0.999999983518016, 8600, 12707.08
2024-01-14 22:40:00 Loss: 0.000000016376683, Fidelity: 0.999999983623317, 8610, 12720.72
2024-01-14 22:40:13 Loss: 0.000000016372949, Fidelity: 0.999999983627051, 8620, 12734.13
2024-01-14 22:40:26 Loss: 0.000000016335229, Fidelity: 0.999999983664771, 8630, 12747.49
2024-01-14 22:40:40 Loss: 0.000000016193389, Fidelity: 0.999999983806611, 8640, 12761.05
2024-01-14 22:40:54 Loss: 0.000000016133413, Fidelity: 0.999999983866587, 8650, 12774.76
2024-01-14 22:41:08 Loss: 0.000000016129053, Fidelity: 0.999999983870947, 8660, 12788.59
2024-01-14 22:41:21 Loss: 0.000000016080167, Fidelity: 0.999999983919833, 8670, 12802.24
2024-01-14 22:41:35 Loss: 0.000000015852302, Fidelity: 0.999999984147698, 8680, 12815.83
2024-01-14 22:41:48 Loss: 0.000000015842612, Fidelity: 0.999999984157388, 8690, 12829.27
2024-01-14 22:42:02 Loss: 0.000000015829272, Fidelity: 0.999999984170728, 8700, 12842.93
2024-01-14 22:42:16 Loss: 0.000000015700211, Fidelity: 0.999999984299789, 8710, 12856.56
2024-01-14 22:42:29 Loss: 0.000000015613918, Fidelity: 0.999999984386082, 8720, 12870.13
2024-01-14 22:42:43 Loss: 0.000000015573783, Fidelity: 0.999999984426217, 8730, 12883.65
2024-01-14 22:42:57 Loss: 0.000000015568771, Fidelity: 0.999999984431229, 8740, 12897.53
2024-01-14 22:43:10 Loss: 0.000000015546294, Fidelity: 0.999999984453706, 8750, 12910.95
2024-01-14 22:43:23 Loss: 0.000000015341400, Fidelity: 0.999999984658600, 8760, 12924.45
2024-01-14 22:43:37 Loss: 0.000000015316920, Fidelity: 0.999999984683080, 8770, 12937.80
2024-01-14 22:43:50 Loss: 0.000000015309642, Fidelity: 0.999999984690358, 8780, 12951.39
2024-01-14 22:44:04 Loss: 0.000000015189593, Fidelity: 0.999999984810407, 8790, 12965.37
2024-01-14 22:44:18 Loss: 0.000000015097924, Fidelity: 0.999999984902076, 8800, 12978.61
2024-01-14 22:44:31 Loss: 0.000000015094082, Fidelity: 0.999999984905918, 8810, 12992.15
2024-01-14 22:44:45 Loss: 0.000000015080892, Fidelity: 0.999999984919108, 8820, 13005.98
2024-01-14 22:44:59 Loss: 0.000000014891212, Fidelity: 0.999999985108788, 8830, 13019.76
2024-01-14 22:45:12 Loss: 0.000000014851712, Fidelity: 0.999999985148288, 8840, 13033.08
2024-01-14 22:45:26 Loss: 0.000000014846443, Fidelity: 0.999999985153557, 8850, 13046.60
2024-01-14 22:45:38 Loss: 0.000000014808263, Fidelity: 0.999999985191737, 8860, 13059.00
2024-01-14 22:45:51 Loss: 0.000000014730399, Fidelity: 0.999999985269601, 8870, 13072.35
2024-01-14 22:46:05 Loss: 0.000000014644500, Fidelity: 0.999999985355500, 8880, 13086.09
2024-01-14 22:46:19 Loss: 0.000000014612378, Fidelity: 0.999999985387622, 8890, 13100.50
2024-01-14 22:46:33 Loss: 0.000000014608765, Fidelity: 0.999999985391235, 8900, 13114.39
2024-01-14 22:46:47 Loss: 0.000000014482609, Fidelity: 0.999999985517391, 8910, 13127.84
2024-01-14 22:47:00 Loss: 0.000000014369861, Fidelity: 0.999999985630139, 8920, 13141.25
2024-01-14 22:47:14 Loss: 0.000000014366963, Fidelity: 0.999999985633037, 8930, 13154.91
2024-01-14 22:47:27 Loss: 0.000000014317759, Fidelity: 0.999999985682241, 8940, 13168.47
2024-01-14 22:47:41 Loss: 0.000000014134189, Fidelity: 0.999999985865811, 8950, 13182.42
2024-01-14 22:47:55 Loss: 0.000000014116484, Fidelity: 0.999999985883516, 8960, 13196.35
2024-01-14 22:48:09 Loss: 0.000000014111269, Fidelity: 0.999999985888731, 8970, 13209.74
2024-01-14 22:48:22 Loss: 0.000000014092764, Fidelity: 0.999999985907236, 8980, 13223.25
2024-01-14 22:48:34 Loss: 0.000000013880639, Fidelity: 0.999999986119361, 8990, 13234.51
2024-01-14 22:48:45 Loss: 0.000000013834802, Fidelity: 0.999999986165198, 9000, 13245.82
2024-01-14 22:48:56 Loss: 0.000000013830306, Fidelity: 0.999999986169694, 9010, 13257.03
2024-01-14 22:49:07 Loss: 0.000000013817117, Fidelity: 0.999999986182883, 9020, 13268.29
2024-01-14 22:49:17 Loss: 0.000000013731125, Fidelity: 0.999999986268875, 9030, 13278.45
2024-01-14 22:49:29 Loss: 0.000000013613262, Fidelity: 0.999999986386738, 9040, 13289.64
2024-01-14 22:49:40 Loss: 0.000000013572505, Fidelity: 0.999999986427495, 9050, 13300.82
2024-01-14 22:49:51 Loss: 0.000000013544274, Fidelity: 0.999999986455726, 9060, 13312.01
2024-01-14 22:50:02 Loss: 0.000000013540068, Fidelity: 0.999999986459932, 9070, 13323.09
2024-01-14 22:50:13 Loss: 0.000000013527830, Fidelity: 0.999999986472170, 9080, 13334.19
2024-01-14 22:50:24 Loss: 0.000000013363448, Fidelity: 0.999999986636552, 9090, 13345.46
2024-01-14 22:50:36 Loss: 0.000000013268901, Fidelity: 0.999999986731099, 9100, 13356.66
2024-01-14 22:50:47 Loss: 0.000000013265162, Fidelity: 0.999999986734838, 9110, 13368.04
2024-01-14 22:50:58 Loss: 0.000000013249670, Fidelity: 0.999999986750330, 9120, 13379.15
2024-01-14 22:51:10 Loss: 0.000000013089075, Fidelity: 0.999999986910925, 9130, 13390.54
2024-01-14 22:51:21 Loss: 0.000000013002689, Fidelity: 0.999999986997311, 9140, 13401.65
2024-01-14 22:51:32 Loss: 0.000000012997452, Fidelity: 0.999999987002548, 9150, 13412.99
2024-01-14 22:51:43 Loss: 0.000000012993007, Fidelity: 0.999999987006993, 9160, 13424.22
2024-01-14 22:51:54 Loss: 0.000000012928514, Fidelity: 0.999999987071486, 9170, 13435.30
2024-01-14 22:52:06 Loss: 0.000000012747931, Fidelity: 0.999999987252069, 9180, 13446.66
2024-01-14 22:52:17 Loss: 0.000000012728657, Fidelity: 0.999999987271343, 9190, 13457.83
2024-01-14 22:52:28 Loss: 0.000000012722879, Fidelity: 0.999999987277121, 9200, 13469.14
2024-01-14 22:52:39 Loss: 0.000000012590188, Fidelity: 0.999999987409812, 9210, 13480.35
2024-01-14 22:52:51 Loss: 0.000000012486426, Fidelity: 0.999999987513574, 9220, 13491.55
2024-01-14 22:53:02 Loss: 0.000000012480230, Fidelity: 0.999999987519770, 9230, 13502.82
2024-01-14 22:53:13 Loss: 0.000000012475144, Fidelity: 0.999999987524856, 9240, 13514.10
2024-01-14 22:53:24 Loss: 0.000000012446486, Fidelity: 0.999999987553514, 9250, 13525.22
2024-01-14 22:53:35 Loss: 0.000000012286636, Fidelity: 0.999999987713364, 9260, 13536.35
2024-01-14 22:53:47 Loss: 0.000000012260619, Fidelity: 0.999999987739381, 9270, 13547.58
2024-01-14 22:53:58 Loss: 0.000000012258189, Fidelity: 0.999999987741811, 9280, 13558.86
2024-01-14 22:54:09 Loss: 0.000000012215897, Fidelity: 0.999999987784103, 9290, 13570.07
2024-01-14 22:54:20 Loss: 0.000000012035912, Fidelity: 0.999999987964088, 9300, 13581.34
2024-01-14 22:54:32 Loss: 0.000000012013969, Fidelity: 0.999999987986031, 9310, 13592.67
2024-01-14 22:54:43 Loss: 0.000000012011682, Fidelity: 0.999999987988318, 9320, 13603.95
2024-01-14 22:54:54 Loss: 0.000000011985973, Fidelity: 0.999999988014027, 9330, 13615.30
2024-01-14 22:55:06 Loss: 0.000000011847639, Fidelity: 0.999999988152361, 9340, 13626.68
2024-01-14 22:55:17 Loss: 0.000000011779779, Fidelity: 0.999999988220221, 9350, 13637.80
2024-01-14 22:55:28 Loss: 0.000000011774181, Fidelity: 0.999999988225819, 9360, 13649.03
2024-01-14 22:55:39 Loss: 0.000000011771209, Fidelity: 0.999999988228791, 9370, 13660.27
2024-01-14 22:55:51 Loss: 0.000000011753098, Fidelity: 0.999999988246902, 9380, 13671.63
2024-01-14 22:56:02 Loss: 0.000000011627603, Fidelity: 0.999999988372397, 9390, 13682.94
2024-01-14 22:56:13 Loss: 0.000000011585800, Fidelity: 0.999999988414200, 9400, 13694.33
2024-01-14 22:56:25 Loss: 0.000000011583492, Fidelity: 0.999999988416508, 9410, 13705.82
2024-01-14 22:56:36 Loss: 0.000000011564020, Fidelity: 0.999999988435980, 9420, 13717.17
2024-01-14 22:56:48 Loss: 0.000000011439828, Fidelity: 0.999999988560172, 9430, 13728.57
2024-01-14 22:56:59 Loss: 0.000000011355811, Fidelity: 0.999999988644189, 9440, 13740.02
2024-01-14 22:57:11 Loss: 0.000000011350832, Fidelity: 0.999999988649168, 9450, 13751.52
2024-01-14 22:57:22 Loss: 0.000000011345503, Fidelity: 0.999999988654497, 9460, 13762.98
2024-01-14 22:57:33 Loss: 0.000000011218621, Fidelity: 0.999999988781379, 9470, 13774.31
2024-01-14 22:57:45 Loss: 0.000000011096682, Fidelity: 0.999999988903318, 9480, 13785.69
2024-01-14 22:57:56 Loss: 0.000000011077353, Fidelity: 0.999999988922647, 9490, 13797.19
2024-01-14 22:58:08 Loss: 0.000000011074701, Fidelity: 0.999999988925299, 9500, 13808.52
2024-01-14 22:58:19 Loss: 0.000000011058454, Fidelity: 0.999999988941546, 9510, 13819.83
2024-01-14 22:58:30 Loss: 0.000000010994039, Fidelity: 0.999999989005961, 9520, 13831.22
2024-01-14 22:58:42 Loss: 0.000000010906498, Fidelity: 0.999999989093502, 9530, 13842.57
2024-01-14 22:58:53 Loss: 0.000000010892412, Fidelity: 0.999999989107588, 9540, 13853.96
2024-01-14 22:59:04 Loss: 0.000000010890417, Fidelity: 0.999999989109583, 9550, 13865.49
2024-01-14 22:59:16 Loss: 0.000000010873944, Fidelity: 0.999999989126056, 9560, 13876.88
2024-01-14 22:59:28 Loss: 0.000000010757079, Fidelity: 0.999999989242921, 9570, 13888.87
2024-01-14 22:59:40 Loss: 0.000000010654830, Fidelity: 0.999999989345170, 9580, 13901.15
2024-01-14 22:59:52 Loss: 0.000000010647553, Fidelity: 0.999999989352447, 9590, 13912.58
2024-01-14 23:00:03 Loss: 0.000000010640774, Fidelity: 0.999999989359226, 9600, 13924.07
2024-01-14 23:00:15 Loss: 0.000000010575016, Fidelity: 0.999999989424984, 9610, 13935.61
2024-01-14 23:00:26 Loss: 0.000000010505638, Fidelity: 0.999999989494362, 9620, 13946.93
2024-01-14 23:00:37 Loss: 0.000000010471367, Fidelity: 0.999999989528633, 9630, 13958.05
2024-01-14 23:00:47 Loss: 0.000000010438043, Fidelity: 0.999999989561957, 9640, 13968.35
2024-01-14 23:00:58 Loss: 0.000000010430300, Fidelity: 0.999999989569700, 9650, 13979.40
2024-01-14 23:01:10 Loss: 0.000000010427249, Fidelity: 0.999999989572751, 9660, 13990.60
2024-01-14 23:01:21 Loss: 0.000000010372229, Fidelity: 0.999999989627771, 9670, 14001.97
2024-01-14 23:01:32 Loss: 0.000000010248341, Fidelity: 0.999999989751659, 9680, 14013.15
2024-01-14 23:01:43 Loss: 0.000000010242344, Fidelity: 0.999999989757656, 9690, 14024.32
2024-01-14 23:01:55 Loss: 0.000000010237552, Fidelity: 0.999999989762448, 9700, 14035.69
2024-01-14 23:02:06 Loss: 0.000000010127725, Fidelity: 0.999999989872275, 9710, 14046.91
2024-01-14 23:02:17 Loss: 0.000000010054864, Fidelity: 0.999999989945136, 9720, 14058.03
2024-01-14 23:02:28 Loss: 0.000000010051056, Fidelity: 0.999999989948944, 9730, 14069.26
2024-01-14 23:02:39 Loss: 0.000000010048142, Fidelity: 0.999999989951858, 9740, 14080.42
2024-01-14 23:02:51 Loss: 0.000000010019942, Fidelity: 0.999999989980058, 9750, 14091.58
2024-01-14 23:02:53 `callback` raised `StopIteration`.
2024-01-14 23:02:53 Number of layers: 8
2024-01-14 23:02:53 Optimal: 0.00000000999443050542, 9.994430505422258e-09
2024-01-14 23:02:54 state & psi_res norm L2:  1.56937175196719214121
2024-01-14 23:02:54 state & psi_res fidelity: 0.99999999000556649698
2024-01-14 23:02:54 rdm2 & rho_res norm L2:  0.00000069207981882675
2024-01-14 23:02:54 rdm2 & rho_res fidelity: 0.99999999999428967890
2024-01-14 23:02:54 Runtime: 14095.3060s, 234.9218m, 3.9154h, Iter: 9752
