2024-01-14 12:16:07 RDM2 Rank: 9
2024-01-14 12:16:08 Number of qubits: 12
2024-01-14 12:16:08 Number of params: 3060
2024-01-14 12:16:08 Number of gates: 16620
2024-01-14 12:16:08 Hamiltonian Dimension: (4096, 4096)
2024-01-14 12:16:08 rdm2 & rho norm L2:  0.00000000000000016397
2024-01-14 12:16:08 rdm2 & rho fidelity: 1.00000000350011486461
2024-01-14 12:16:08 Simulator: mqvector, Method: BFGS
2024-01-14 12:16:13 Loss: 0.947692296374226, Fidelity: 0.052307703625774, 10, 4.36
2024-01-14 12:16:20 Loss: 0.547161661801970, Fidelity: 0.452838338198030, 20, 11.66
2024-01-14 12:16:29 Loss: 0.272444271467534, Fidelity: 0.727555728532466, 30, 20.47
2024-01-14 12:16:37 Loss: 0.149759703863823, Fidelity: 0.850240296136177, 40, 29.20
2024-01-14 12:16:46 Loss: 0.103383293131069, Fidelity: 0.896616706868931, 50, 37.50
2024-01-14 12:16:54 Loss: 0.078769268868436, Fidelity: 0.921230731131564, 60, 45.88
2024-01-14 12:17:02 Loss: 0.063290746317121, Fidelity: 0.936709253682879, 70, 53.62
2024-01-14 12:17:10 Loss: 0.053799058196304, Fidelity: 0.946200941803696, 80, 61.67
2024-01-14 12:17:19 Loss: 0.045746943720449, Fidelity: 0.954253056279551, 90, 70.24
2024-01-14 12:17:27 Loss: 0.038644346662578, Fidelity: 0.961355653337422, 100, 78.88
2024-01-14 12:17:35 Loss: 0.032590533030119, Fidelity: 0.967409466969881, 110, 86.88
2024-01-14 12:17:43 Loss: 0.027723405497368, Fidelity: 0.972276594502632, 120, 95.05
2024-01-14 12:17:52 Loss: 0.023888684937564, Fidelity: 0.976111315062436, 130, 103.86
2024-01-14 12:18:01 Loss: 0.020608218600089, Fidelity: 0.979391781399911, 140, 112.66
2024-01-14 12:18:10 Loss: 0.018102689027635, Fidelity: 0.981897310972365, 150, 121.42
2024-01-14 12:18:19 Loss: 0.016081517350473, Fidelity: 0.983918482649527, 160, 130.41
2024-01-14 12:18:28 Loss: 0.014365830475460, Fidelity: 0.985634169524540, 170, 139.54
2024-01-14 12:18:36 Loss: 0.012858971068793, Fidelity: 0.987141028931207, 180, 147.49
2024-01-14 12:18:44 Loss: 0.011652584996570, Fidelity: 0.988347415003430, 190, 155.69
2024-01-14 12:18:52 Loss: 0.010577865980137, Fidelity: 0.989422134019863, 200, 163.64
2024-01-14 12:19:01 Loss: 0.009590297906772, Fidelity: 0.990409702093228, 210, 172.22
2024-01-14 12:19:09 Loss: 0.008668880379436, Fidelity: 0.991331119620564, 220, 180.51
2024-01-14 12:19:17 Loss: 0.007781811163020, Fidelity: 0.992218188836980, 230, 188.61
2024-01-14 12:19:24 Loss: 0.006972316908388, Fidelity: 0.993027683091612, 240, 196.18
2024-01-14 12:19:33 Loss: 0.006273469296002, Fidelity: 0.993726530703998, 250, 204.21
2024-01-14 12:19:40 Loss: 0.005666120686734, Fidelity: 0.994333879313266, 260, 212.09
2024-01-14 12:19:49 Loss: 0.005202699952244, Fidelity: 0.994797300047756, 270, 220.30
2024-01-14 12:19:57 Loss: 0.004817942527986, Fidelity: 0.995182057472014, 280, 228.99
2024-01-14 12:20:06 Loss: 0.004457365253352, Fidelity: 0.995542634746648, 290, 237.91
2024-01-14 12:20:14 Loss: 0.004113796156628, Fidelity: 0.995886203843372, 300, 245.41
2024-01-14 12:20:22 Loss: 0.003832411868726, Fidelity: 0.996167588131274, 310, 254.00
2024-01-14 12:20:31 Loss: 0.003560628677141, Fidelity: 0.996439371322859, 320, 263.09
2024-01-14 12:20:39 Loss: 0.003319934228433, Fidelity: 0.996680065771567, 330, 271.16
2024-01-14 12:20:48 Loss: 0.003083648440162, Fidelity: 0.996916351559838, 340, 279.90
2024-01-14 12:20:56 Loss: 0.002873534054676, Fidelity: 0.997126465945324, 350, 288.06
2024-01-14 12:21:05 Loss: 0.002681115817982, Fidelity: 0.997318884182018, 360, 296.83
2024-01-14 12:21:14 Loss: 0.002495406015996, Fidelity: 0.997504593984004, 370, 305.97
2024-01-14 12:21:22 Loss: 0.002323250618317, Fidelity: 0.997676749381683, 380, 313.59
2024-01-14 12:21:30 Loss: 0.002174843920299, Fidelity: 0.997825156079701, 390, 321.98
2024-01-14 12:21:39 Loss: 0.002027253303731, Fidelity: 0.997972746696269, 400, 330.43
2024-01-14 12:21:47 Loss: 0.001892472865134, Fidelity: 0.998107527134866, 410, 339.08
2024-01-14 12:21:55 Loss: 0.001775346097936, Fidelity: 0.998224653902064, 420, 347.04
2024-01-14 12:22:03 Loss: 0.001664044113177, Fidelity: 0.998335955886823, 430, 354.76
2024-01-14 12:22:11 Loss: 0.001566971274226, Fidelity: 0.998433028725774, 440, 362.74
2024-01-14 12:22:20 Loss: 0.001480209666462, Fidelity: 0.998519790333538, 450, 371.22
2024-01-14 12:22:28 Loss: 0.001399932612172, Fidelity: 0.998600067387828, 460, 379.60
2024-01-14 12:22:36 Loss: 0.001324329035402, Fidelity: 0.998675670964598, 470, 388.18
2024-01-14 12:22:45 Loss: 0.001254900648593, Fidelity: 0.998745099351407, 480, 396.37
2024-01-14 12:22:53 Loss: 0.001193067194497, Fidelity: 0.998806932805503, 490, 404.65
2024-01-14 12:23:02 Loss: 0.001127608459235, Fidelity: 0.998872391540765, 500, 413.68
2024-01-14 12:23:11 Loss: 0.001075813424150, Fidelity: 0.998924186575850, 510, 422.77
2024-01-14 12:23:19 Loss: 0.001028878702391, Fidelity: 0.998971121297609, 520, 430.29
2024-01-14 12:23:26 Loss: 0.000984179842306, Fidelity: 0.999015820157694, 530, 437.68
2024-01-14 12:23:34 Loss: 0.000938271707219, Fidelity: 0.999061728292781, 540, 445.31
2024-01-14 12:23:41 Loss: 0.000899807740190, Fidelity: 0.999100192259810, 550, 452.84
2024-01-14 12:23:49 Loss: 0.000866697323261, Fidelity: 0.999133302676739, 560, 460.76
2024-01-14 12:23:57 Loss: 0.000836177600298, Fidelity: 0.999163822399702, 570, 468.81
2024-01-14 12:24:05 Loss: 0.000806198389567, Fidelity: 0.999193801610433, 580, 476.87
2024-01-14 12:24:14 Loss: 0.000777624955902, Fidelity: 0.999222375044098, 590, 485.73
2024-01-14 12:24:23 Loss: 0.000752371812722, Fidelity: 0.999247628187278, 600, 494.76
2024-01-14 12:24:32 Loss: 0.000726725514634, Fidelity: 0.999273274485366, 610, 504.06
2024-01-14 12:24:41 Loss: 0.000705332583419, Fidelity: 0.999294667416581, 620, 512.47
2024-01-14 12:24:49 Loss: 0.000681601730351, Fidelity: 0.999318398269649, 630, 521.12
2024-01-14 12:24:59 Loss: 0.000658049640437, Fidelity: 0.999341950359563, 640, 531.09
2024-01-14 12:25:09 Loss: 0.000636693117545, Fidelity: 0.999363306882455, 650, 540.32
2024-01-14 12:25:17 Loss: 0.000619545958643, Fidelity: 0.999380454041357, 660, 548.86
2024-01-14 12:25:26 Loss: 0.000602137764268, Fidelity: 0.999397862235732, 670, 557.46
2024-01-14 12:25:33 Loss: 0.000584288609402, Fidelity: 0.999415711390598, 680, 564.99
2024-01-14 12:25:42 Loss: 0.000566470635077, Fidelity: 0.999433529364923, 690, 573.58
2024-01-14 12:25:52 Loss: 0.000547778784762, Fidelity: 0.999452221215238, 700, 583.29
2024-01-14 12:26:01 Loss: 0.000529662897929, Fidelity: 0.999470337102071, 710, 593.03
2024-01-14 12:26:10 Loss: 0.000511549889391, Fidelity: 0.999488450110609, 720, 601.53
2024-01-14 12:26:18 Loss: 0.000494551314671, Fidelity: 0.999505448685329, 730, 609.98
2024-01-14 12:26:27 Loss: 0.000477770934628, Fidelity: 0.999522229065372, 740, 618.84
2024-01-14 12:26:35 Loss: 0.000462732906492, Fidelity: 0.999537267093508, 750, 627.01
2024-01-14 12:26:44 Loss: 0.000448485748163, Fidelity: 0.999551514251837, 760, 635.40
2024-01-14 12:26:52 Loss: 0.000433425084508, Fidelity: 0.999566574915492, 770, 643.92
2024-01-14 12:27:00 Loss: 0.000419975772133, Fidelity: 0.999580024227867, 780, 651.78
2024-01-14 12:27:08 Loss: 0.000406955340387, Fidelity: 0.999593044659613, 790, 659.75
2024-01-14 12:27:16 Loss: 0.000395412969627, Fidelity: 0.999604587030373, 800, 667.60
2024-01-14 12:27:25 Loss: 0.000384560499191, Fidelity: 0.999615439500809, 810, 676.49
2024-01-14 12:27:33 Loss: 0.000374073991778, Fidelity: 0.999625926008222, 820, 684.90
2024-01-14 12:27:42 Loss: 0.000362824425879, Fidelity: 0.999637175574121, 830, 693.90
2024-01-14 12:27:51 Loss: 0.000352943568935, Fidelity: 0.999647056431065, 840, 703.12
2024-01-14 12:27:59 Loss: 0.000343559435353, Fidelity: 0.999656440564647, 850, 710.96
2024-01-14 12:28:07 Loss: 0.000334927374613, Fidelity: 0.999665072625387, 860, 718.58
2024-01-14 12:28:16 Loss: 0.000326200736695, Fidelity: 0.999673799263305, 870, 727.83
2024-01-14 12:28:25 Loss: 0.000317535943924, Fidelity: 0.999682464056076, 880, 736.35
2024-01-14 12:28:34 Loss: 0.000309373342301, Fidelity: 0.999690626657699, 890, 745.72
2024-01-14 12:28:43 Loss: 0.000301558036962, Fidelity: 0.999698441963038, 900, 754.38
2024-01-14 12:28:51 Loss: 0.000292291525754, Fidelity: 0.999707708474246, 910, 762.59
2024-01-14 12:28:59 Loss: 0.000283849057610, Fidelity: 0.999716150942390, 920, 770.49
2024-01-14 12:29:07 Loss: 0.000276098102656, Fidelity: 0.999723901897344, 930, 779.18
2024-01-14 12:29:16 Loss: 0.000268692932656, Fidelity: 0.999731307067344, 940, 787.50
2024-01-14 12:29:25 Loss: 0.000261860832906, Fidelity: 0.999738139167094, 950, 796.86
2024-01-14 12:29:34 Loss: 0.000255454869441, Fidelity: 0.999744545130559, 960, 806.06
2024-01-14 12:29:43 Loss: 0.000249513008345, Fidelity: 0.999750486991655, 970, 814.21
2024-01-14 12:29:51 Loss: 0.000244014586274, Fidelity: 0.999755985413726, 980, 822.90
2024-01-14 12:30:00 Loss: 0.000238641323084, Fidelity: 0.999761358676916, 990, 831.36
2024-01-14 12:30:08 Loss: 0.000233307849750, Fidelity: 0.999766692150250, 1000, 839.33
2024-01-14 12:30:17 Loss: 0.000227977350918, Fidelity: 0.999772022649082, 1010, 848.34
2024-01-14 12:30:25 Loss: 0.000222754950760, Fidelity: 0.999777245049240, 1020, 857.14
2024-01-14 12:30:34 Loss: 0.000217415962573, Fidelity: 0.999782584037427, 1030, 866.06
2024-01-14 12:30:43 Loss: 0.000212521269574, Fidelity: 0.999787478730426, 1040, 874.26
2024-01-14 12:30:50 Loss: 0.000207765944127, Fidelity: 0.999792234055873, 1050, 881.94
2024-01-14 12:30:58 Loss: 0.000203510208647, Fidelity: 0.999796489791353, 1060, 889.85
2024-01-14 12:31:06 Loss: 0.000199549334508, Fidelity: 0.999800450665492, 1070, 897.48
2024-01-14 12:31:14 Loss: 0.000195422329223, Fidelity: 0.999804577670777, 1080, 905.27
2024-01-14 12:31:23 Loss: 0.000191397331683, Fidelity: 0.999808602668317, 1090, 914.52
2024-01-14 12:31:32 Loss: 0.000187379099836, Fidelity: 0.999812620900164, 1100, 923.39
2024-01-14 12:31:40 Loss: 0.000183361929249, Fidelity: 0.999816638070751, 1110, 932.08
2024-01-14 12:31:49 Loss: 0.000179575945970, Fidelity: 0.999820424054030, 1120, 940.25
2024-01-14 12:31:57 Loss: 0.000176153823780, Fidelity: 0.999823846176220, 1130, 949.02
2024-01-14 12:32:06 Loss: 0.000172276801696, Fidelity: 0.999827723198304, 1140, 957.70
2024-01-14 12:32:14 Loss: 0.000168683491753, Fidelity: 0.999831316508247, 1150, 965.81
2024-01-14 12:32:23 Loss: 0.000165379215197, Fidelity: 0.999834620784803, 1160, 974.54
2024-01-14 12:32:31 Loss: 0.000161800465622, Fidelity: 0.999838199534378, 1170, 983.18
2024-01-14 12:32:40 Loss: 0.000158733626304, Fidelity: 0.999841266373696, 1180, 991.67
2024-01-14 12:32:48 Loss: 0.000155693655268, Fidelity: 0.999844306344732, 1190, 999.99
2024-01-14 12:32:56 Loss: 0.000152707797101, Fidelity: 0.999847292202899, 1200, 1008.15
2024-01-14 12:33:05 Loss: 0.000149795693752, Fidelity: 0.999850204306248, 1210, 1016.34
2024-01-14 12:33:13 Loss: 0.000146596398070, Fidelity: 0.999853403601930, 1220, 1025.16
2024-01-14 12:33:23 Loss: 0.000143805825188, Fidelity: 0.999856194174812, 1230, 1034.23
2024-01-14 12:33:32 Loss: 0.000141008799881, Fidelity: 0.999858991200119, 1240, 1043.42
2024-01-14 12:33:41 Loss: 0.000138201702239, Fidelity: 0.999861798297761, 1250, 1053.00
2024-01-14 12:33:51 Loss: 0.000135363698574, Fidelity: 0.999864636301426, 1260, 1062.25
2024-01-14 12:33:59 Loss: 0.000132470355581, Fidelity: 0.999867529644419, 1270, 1070.43
2024-01-14 12:34:07 Loss: 0.000129567221283, Fidelity: 0.999870432778717, 1280, 1078.75
2024-01-14 12:34:16 Loss: 0.000127016241776, Fidelity: 0.999872983758224, 1290, 1087.59
2024-01-14 12:34:25 Loss: 0.000124412266338, Fidelity: 0.999875587733662, 1300, 1096.37
2024-01-14 12:34:34 Loss: 0.000122053865481, Fidelity: 0.999877946134519, 1310, 1105.27
2024-01-14 12:34:42 Loss: 0.000119677848183, Fidelity: 0.999880322151817, 1320, 1113.77
2024-01-14 12:34:50 Loss: 0.000117190940701, Fidelity: 0.999882809059299, 1330, 1121.92
2024-01-14 12:34:58 Loss: 0.000114893567882, Fidelity: 0.999885106432118, 1340, 1129.99
2024-01-14 12:35:07 Loss: 0.000112475873316, Fidelity: 0.999887524126684, 1350, 1139.17
2024-01-14 12:35:16 Loss: 0.000109848950565, Fidelity: 0.999890151049435, 1360, 1147.31
2024-01-14 12:35:24 Loss: 0.000107120889466, Fidelity: 0.999892879110534, 1370, 1155.78
2024-01-14 12:35:32 Loss: 0.000104506618687, Fidelity: 0.999895493381313, 1380, 1164.09
2024-01-14 12:35:42 Loss: 0.000101709496165, Fidelity: 0.999898290503835, 1390, 1173.38
2024-01-14 12:35:50 Loss: 0.000099129651369, Fidelity: 0.999900870348631, 1400, 1181.68
2024-01-14 12:35:59 Loss: 0.000096655890717, Fidelity: 0.999903344109283, 1410, 1190.50
2024-01-14 12:36:07 Loss: 0.000094283608745, Fidelity: 0.999905716391255, 1420, 1198.67
2024-01-14 12:36:15 Loss: 0.000092159466794, Fidelity: 0.999907840533206, 1430, 1207.00
2024-01-14 12:36:24 Loss: 0.000090115471476, Fidelity: 0.999909884528524, 1440, 1215.44
2024-01-14 12:36:32 Loss: 0.000088077717231, Fidelity: 0.999911922282769, 1450, 1223.94
2024-01-14 12:36:40 Loss: 0.000086046417783, Fidelity: 0.999913953582217, 1460, 1231.59
2024-01-14 12:36:48 Loss: 0.000084134433827, Fidelity: 0.999915865566173, 1470, 1239.67
2024-01-14 12:36:57 Loss: 0.000082324758040, Fidelity: 0.999917675241960, 1480, 1248.83
2024-01-14 12:37:06 Loss: 0.000080570732146, Fidelity: 0.999919429267854, 1490, 1258.00
2024-01-14 12:37:15 Loss: 0.000078787336453, Fidelity: 0.999921212663547, 1500, 1266.32
2024-01-14 12:37:23 Loss: 0.000076873532279, Fidelity: 0.999923126467721, 1510, 1275.17
2024-01-14 12:37:32 Loss: 0.000075073481034, Fidelity: 0.999924926518966, 1520, 1283.77
2024-01-14 12:37:41 Loss: 0.000073287731035, Fidelity: 0.999926712268965, 1530, 1292.37
2024-01-14 12:37:50 Loss: 0.000071579255034, Fidelity: 0.999928420744966, 1540, 1301.54
2024-01-14 12:37:59 Loss: 0.000070036681745, Fidelity: 0.999929963318255, 1550, 1310.22
2024-01-14 12:38:07 Loss: 0.000068486583440, Fidelity: 0.999931513416560, 1560, 1319.11
2024-01-14 12:38:16 Loss: 0.000066967626854, Fidelity: 0.999933032373146, 1570, 1327.37
2024-01-14 12:38:24 Loss: 0.000065639584310, Fidelity: 0.999934360415690, 1580, 1336.18
2024-01-14 12:38:33 Loss: 0.000064261465884, Fidelity: 0.999935738534116, 1590, 1344.51
2024-01-14 12:38:41 Loss: 0.000062955367798, Fidelity: 0.999937044632202, 1600, 1352.50
2024-01-14 12:38:48 Loss: 0.000061652705753, Fidelity: 0.999938347294247, 1610, 1359.89
2024-01-14 12:38:56 Loss: 0.000060454268375, Fidelity: 0.999939545731625, 1620, 1367.39
2024-01-14 12:39:03 Loss: 0.000059275725271, Fidelity: 0.999940724274729, 1630, 1375.19
2024-01-14 12:39:12 Loss: 0.000058081021571, Fidelity: 0.999941918978429, 1640, 1384.09
2024-01-14 12:39:22 Loss: 0.000056991238870, Fidelity: 0.999943008761130, 1650, 1393.91
2024-01-14 12:39:31 Loss: 0.000055883284077, Fidelity: 0.999944116715923, 1660, 1402.57
2024-01-14 12:39:39 Loss: 0.000054866934492, Fidelity: 0.999945133065508, 1670, 1410.78
2024-01-14 12:39:48 Loss: 0.000053842256116, Fidelity: 0.999946157743884, 1680, 1419.42
2024-01-14 12:39:56 Loss: 0.000052755338722, Fidelity: 0.999947244661278, 1690, 1428.18
2024-01-14 12:40:05 Loss: 0.000051785551282, Fidelity: 0.999948214448718, 1700, 1436.65
2024-01-14 12:40:14 Loss: 0.000050877081958, Fidelity: 0.999949122918042, 1710, 1445.48
2024-01-14 12:40:21 Loss: 0.000050112633159, Fidelity: 0.999949887366841, 1720, 1453.02
2024-01-14 12:40:30 Loss: 0.000049483240574, Fidelity: 0.999950516759426, 1730, 1462.00
2024-01-14 12:40:39 Loss: 0.000048783101241, Fidelity: 0.999951216898759, 1740, 1470.66
2024-01-14 12:40:48 Loss: 0.000048079561339, Fidelity: 0.999951920438661, 1750, 1479.67
2024-01-14 12:40:57 Loss: 0.000047342405840, Fidelity: 0.999952657594160, 1760, 1488.48
2024-01-14 12:41:05 Loss: 0.000046457580604, Fidelity: 0.999953542419396, 1770, 1496.78
2024-01-14 12:41:14 Loss: 0.000045634153515, Fidelity: 0.999954365846485, 1780, 1505.91
2024-01-14 12:41:23 Loss: 0.000044760515663, Fidelity: 0.999955239484337, 1790, 1514.73
2024-01-14 12:41:32 Loss: 0.000043941583587, Fidelity: 0.999956058416413, 1800, 1523.26
2024-01-14 12:41:40 Loss: 0.000043115509239, Fidelity: 0.999956884490761, 1810, 1532.08
2024-01-14 12:41:49 Loss: 0.000042331594966, Fidelity: 0.999957668405034, 1820, 1540.71
2024-01-14 12:41:58 Loss: 0.000041470943010, Fidelity: 0.999958529056990, 1830, 1549.55
2024-01-14 12:42:06 Loss: 0.000040677086412, Fidelity: 0.999959322913588, 1840, 1557.74
2024-01-14 12:42:15 Loss: 0.000039919113755, Fidelity: 0.999960080886245, 1850, 1566.32
2024-01-14 12:42:23 Loss: 0.000039203204872, Fidelity: 0.999960796795128, 1860, 1574.96
2024-01-14 12:42:31 Loss: 0.000038546511551, Fidelity: 0.999961453488449, 1870, 1583.15
2024-01-14 12:42:41 Loss: 0.000037864199711, Fidelity: 0.999962135800289, 1880, 1592.21
2024-01-14 12:42:49 Loss: 0.000037191058036, Fidelity: 0.999962808941964, 1890, 1600.97
2024-01-14 12:42:58 Loss: 0.000036484575622, Fidelity: 0.999963515424378, 1900, 1609.97
2024-01-14 12:43:07 Loss: 0.000035862154684, Fidelity: 0.999964137845316, 1910, 1619.00
2024-01-14 12:43:15 Loss: 0.000035252353131, Fidelity: 0.999964747646869, 1920, 1626.71
2024-01-14 12:43:24 Loss: 0.000034614694475, Fidelity: 0.999965385305525, 1930, 1635.58
2024-01-14 12:43:33 Loss: 0.000033896866551, Fidelity: 0.999966103133449, 1940, 1644.38
2024-01-14 12:43:41 Loss: 0.000033167475529, Fidelity: 0.999966832524471, 1950, 1652.78
2024-01-14 12:43:50 Loss: 0.000032491931973, Fidelity: 0.999967508068027, 1960, 1661.34
2024-01-14 12:43:58 Loss: 0.000031766405156, Fidelity: 0.999968233594844, 1970, 1669.45
2024-01-14 12:44:07 Loss: 0.000031095518066, Fidelity: 0.999968904481934, 1980, 1678.24
2024-01-14 12:44:15 Loss: 0.000030529802132, Fidelity: 0.999969470197868, 1990, 1687.15
2024-01-14 12:44:23 Loss: 0.000029955872716, Fidelity: 0.999970044127284, 2000, 1695.18
2024-01-14 12:44:32 Loss: 0.000029371315973, Fidelity: 0.999970628684027, 2010, 1703.43
2024-01-14 12:44:41 Loss: 0.000028788377326, Fidelity: 0.999971211622674, 2020, 1712.35
2024-01-14 12:44:50 Loss: 0.000028209187483, Fidelity: 0.999971790812517, 2030, 1721.40
2024-01-14 12:44:58 Loss: 0.000027680921330, Fidelity: 0.999972319078670, 2040, 1729.97
2024-01-14 12:45:06 Loss: 0.000027156447625, Fidelity: 0.999972843552375, 2050, 1737.91
2024-01-14 12:45:15 Loss: 0.000026563618874, Fidelity: 0.999973436381126, 2060, 1746.32
2024-01-14 12:45:24 Loss: 0.000025965527532, Fidelity: 0.999974034472468, 2070, 1755.38
2024-01-14 12:45:32 Loss: 0.000025521024517, Fidelity: 0.999974478975483, 2080, 1763.40
2024-01-14 12:45:41 Loss: 0.000025058172838, Fidelity: 0.999974941827162, 2090, 1772.41
2024-01-14 12:45:49 Loss: 0.000024560704627, Fidelity: 0.999975439295373, 2100, 1780.22
2024-01-14 12:45:57 Loss: 0.000024047671359, Fidelity: 0.999975952328641, 2110, 1788.30
2024-01-14 12:46:05 Loss: 0.000023518237659, Fidelity: 0.999976481762341, 2120, 1796.27
2024-01-14 12:46:13 Loss: 0.000022965922473, Fidelity: 0.999977034077527, 2130, 1804.88
2024-01-14 12:46:21 Loss: 0.000022418102514, Fidelity: 0.999977581897486, 2140, 1813.04
2024-01-14 12:46:29 Loss: 0.000021953579998, Fidelity: 0.999978046420002, 2150, 1821.09
2024-01-14 12:46:38 Loss: 0.000021441025039, Fidelity: 0.999978558974961, 2160, 1829.74
2024-01-14 12:46:46 Loss: 0.000020946534703, Fidelity: 0.999979053465297, 2170, 1837.93
2024-01-14 12:46:55 Loss: 0.000020508894076, Fidelity: 0.999979491105924, 2180, 1846.82
2024-01-14 12:47:03 Loss: 0.000020045466146, Fidelity: 0.999979954533854, 2190, 1855.04
2024-01-14 12:47:12 Loss: 0.000019633784266, Fidelity: 0.999980366215734, 2200, 1863.98
2024-01-14 12:47:21 Loss: 0.000019206650730, Fidelity: 0.999980793349270, 2210, 1872.86
2024-01-14 12:47:30 Loss: 0.000018817242348, Fidelity: 0.999981182757652, 2220, 1881.96
2024-01-14 12:47:39 Loss: 0.000018439056365, Fidelity: 0.999981560943635, 2230, 1890.74
2024-01-14 12:47:47 Loss: 0.000018044931338, Fidelity: 0.999981955068662, 2240, 1899.16
2024-01-14 12:47:55 Loss: 0.000017633604233, Fidelity: 0.999982366395767, 2250, 1906.97
2024-01-14 12:48:03 Loss: 0.000017269668997, Fidelity: 0.999982730331003, 2260, 1914.97
2024-01-14 12:48:11 Loss: 0.000016873040646, Fidelity: 0.999983126959354, 2270, 1922.84
2024-01-14 12:48:19 Loss: 0.000016529576324, Fidelity: 0.999983470423676, 2280, 1930.90
2024-01-14 12:48:29 Loss: 0.000016222555008, Fidelity: 0.999983777444992, 2290, 1940.77
2024-01-14 12:48:37 Loss: 0.000015906104407, Fidelity: 0.999984093895593, 2300, 1948.88
2024-01-14 12:48:46 Loss: 0.000015596870553, Fidelity: 0.999984403129447, 2310, 1957.76
2024-01-14 12:48:54 Loss: 0.000015285540473, Fidelity: 0.999984714459527, 2320, 1965.77
2024-01-14 12:49:03 Loss: 0.000015012228641, Fidelity: 0.999984987771359, 2330, 1974.59
2024-01-14 12:49:11 Loss: 0.000014737345643, Fidelity: 0.999985262654357, 2340, 1982.62
2024-01-14 12:49:19 Loss: 0.000014445525361, Fidelity: 0.999985554474639, 2350, 1990.43
2024-01-14 12:49:27 Loss: 0.000014159630009, Fidelity: 0.999985840369991, 2360, 1999.15
2024-01-14 12:49:36 Loss: 0.000013862178891, Fidelity: 0.999986137821109, 2370, 2007.66
2024-01-14 12:49:44 Loss: 0.000013570197136, Fidelity: 0.999986429802864, 2380, 2016.05
2024-01-14 12:49:53 Loss: 0.000013281176032, Fidelity: 0.999986718823968, 2390, 2024.90
2024-01-14 12:50:02 Loss: 0.000013016604288, Fidelity: 0.999986983395712, 2400, 2033.79
2024-01-14 12:50:11 Loss: 0.000012764783000, Fidelity: 0.999987235217000, 2410, 2042.72
2024-01-14 12:50:20 Loss: 0.000012501393021, Fidelity: 0.999987498606979, 2420, 2051.83
2024-01-14 12:50:29 Loss: 0.000012252796922, Fidelity: 0.999987747203078, 2430, 2060.64
2024-01-14 12:50:37 Loss: 0.000011979729280, Fidelity: 0.999988020270720, 2440, 2068.33
2024-01-14 12:50:45 Loss: 0.000011700449718, Fidelity: 0.999988299550282, 2450, 2077.21
2024-01-14 12:50:54 Loss: 0.000011439887120, Fidelity: 0.999988560112880, 2460, 2085.21
2024-01-14 12:51:02 Loss: 0.000011207995797, Fidelity: 0.999988792004203, 2470, 2094.09
2024-01-14 12:51:10 Loss: 0.000010960582024, Fidelity: 0.999989039417976, 2480, 2101.74
2024-01-14 12:51:19 Loss: 0.000010718983158, Fidelity: 0.999989281016842, 2490, 2110.62
2024-01-14 12:51:27 Loss: 0.000010457420341, Fidelity: 0.999989542579659, 2500, 2118.86
2024-01-14 12:51:36 Loss: 0.000010187607173, Fidelity: 0.999989812392827, 2510, 2127.62
2024-01-14 12:51:45 Loss: 0.000009926091695, Fidelity: 0.999990073908305, 2520, 2136.76
2024-01-14 12:51:53 Loss: 0.000009700031771, Fidelity: 0.999990299968229, 2530, 2144.84
2024-01-14 12:52:02 Loss: 0.000009472256048, Fidelity: 0.999990527743952, 2540, 2153.33
2024-01-14 12:52:09 Loss: 0.000009262727490, Fidelity: 0.999990737272510, 2550, 2161.19
2024-01-14 12:52:18 Loss: 0.000009067728741, Fidelity: 0.999990932271259, 2560, 2169.99
2024-01-14 12:52:26 Loss: 0.000008866947448, Fidelity: 0.999991133052552, 2570, 2178.08
2024-01-14 12:52:35 Loss: 0.000008686002553, Fidelity: 0.999991313997447, 2580, 2186.46
2024-01-14 12:52:43 Loss: 0.000008510333803, Fidelity: 0.999991489666197, 2590, 2194.22
2024-01-14 12:52:51 Loss: 0.000008298680521, Fidelity: 0.999991701319479, 2600, 2202.97
2024-01-14 12:53:00 Loss: 0.000008115241206, Fidelity: 0.999991884758794, 2610, 2211.90
2024-01-14 12:53:08 Loss: 0.000007925016077, Fidelity: 0.999992074983923, 2620, 2219.97
2024-01-14 12:53:17 Loss: 0.000007739600765, Fidelity: 0.999992260399235, 2630, 2228.96
2024-01-14 12:53:25 Loss: 0.000007562034575, Fidelity: 0.999992437965425, 2640, 2236.74
2024-01-14 12:53:33 Loss: 0.000007365025249, Fidelity: 0.999992634974751, 2650, 2244.98
2024-01-14 12:53:42 Loss: 0.000007195109431, Fidelity: 0.999992804890569, 2660, 2253.80
2024-01-14 12:53:51 Loss: 0.000007035551888, Fidelity: 0.999992964448112, 2670, 2262.45
2024-01-14 12:53:59 Loss: 0.000006865299316, Fidelity: 0.999993134700684, 2680, 2270.64
2024-01-14 12:54:08 Loss: 0.000006693353255, Fidelity: 0.999993306646745, 2690, 2279.80
2024-01-14 12:54:17 Loss: 0.000006527811661, Fidelity: 0.999993472188339, 2700, 2288.76
2024-01-14 12:54:25 Loss: 0.000006376980255, Fidelity: 0.999993623019745, 2710, 2297.05
2024-01-14 12:54:34 Loss: 0.000006231072102, Fidelity: 0.999993768927898, 2720, 2305.74
2024-01-14 12:54:43 Loss: 0.000006082565106, Fidelity: 0.999993917434894, 2730, 2314.38
2024-01-14 12:54:51 Loss: 0.000005933406331, Fidelity: 0.999994066593669, 2740, 2322.92
2024-01-14 12:55:00 Loss: 0.000005808179241, Fidelity: 0.999994191820759, 2750, 2331.42
2024-01-14 12:55:08 Loss: 0.000005694962596, Fidelity: 0.999994305037404, 2760, 2340.21
2024-01-14 12:55:17 Loss: 0.000005572317023, Fidelity: 0.999994427682977, 2770, 2348.70
2024-01-14 12:55:25 Loss: 0.000005468879775, Fidelity: 0.999994531120225, 2780, 2356.97
2024-01-14 12:55:33 Loss: 0.000005352717536, Fidelity: 0.999994647282464, 2790, 2364.97
2024-01-14 12:55:41 Loss: 0.000005250290439, Fidelity: 0.999994749709561, 2800, 2372.63
2024-01-14 12:55:49 Loss: 0.000005137021650, Fidelity: 0.999994862978350, 2810, 2380.48
2024-01-14 12:55:57 Loss: 0.000005032993253, Fidelity: 0.999994967006747, 2820, 2388.37
2024-01-14 12:56:05 Loss: 0.000004927782299, Fidelity: 0.999995072217701, 2830, 2396.86
2024-01-14 12:56:13 Loss: 0.000004835926523, Fidelity: 0.999995164073477, 2840, 2404.49
2024-01-14 12:56:20 Loss: 0.000004738720454, Fidelity: 0.999995261279546, 2850, 2411.95
2024-01-14 12:56:28 Loss: 0.000004636395156, Fidelity: 0.999995363604844, 2860, 2420.15
2024-01-14 12:56:37 Loss: 0.000004539707998, Fidelity: 0.999995460292002, 2870, 2428.44
2024-01-14 12:56:45 Loss: 0.000004445464700, Fidelity: 0.999995554535300, 2880, 2436.48
2024-01-14 12:56:55 Loss: 0.000004354552816, Fidelity: 0.999995645447184, 2890, 2446.32
2024-01-14 12:57:03 Loss: 0.000004264518398, Fidelity: 0.999995735481602, 2900, 2454.66
2024-01-14 12:57:12 Loss: 0.000004183349076, Fidelity: 0.999995816650924, 2910, 2463.99
2024-01-14 12:57:21 Loss: 0.000004093434292, Fidelity: 0.999995906565708, 2920, 2472.58
2024-01-14 12:57:29 Loss: 0.000004009829438, Fidelity: 0.999995990170562, 2930, 2480.30
2024-01-14 12:57:37 Loss: 0.000003923090921, Fidelity: 0.999996076909079, 2940, 2489.19
2024-01-14 12:57:46 Loss: 0.000003852489688, Fidelity: 0.999996147510312, 2950, 2497.84
2024-01-14 12:57:55 Loss: 0.000003782315577, Fidelity: 0.999996217684423, 2960, 2506.65
2024-01-14 12:58:04 Loss: 0.000003693889482, Fidelity: 0.999996306110518, 2970, 2515.36
2024-01-14 12:58:12 Loss: 0.000003610841240, Fidelity: 0.999996389158760, 2980, 2524.01
2024-01-14 12:58:21 Loss: 0.000003533796758, Fidelity: 0.999996466203242, 2990, 2532.63
2024-01-14 12:58:29 Loss: 0.000003458329452, Fidelity: 0.999996541670548, 3000, 2540.89
2024-01-14 12:58:38 Loss: 0.000003389711297, Fidelity: 0.999996610288703, 3010, 2550.12
2024-01-14 12:58:47 Loss: 0.000003313437034, Fidelity: 0.999996686562966, 3020, 2558.50
2024-01-14 12:58:55 Loss: 0.000003235072085, Fidelity: 0.999996764927915, 3030, 2566.61
2024-01-14 12:59:02 Loss: 0.000003164623791, Fidelity: 0.999996835376209, 3040, 2574.07
2024-01-14 12:59:11 Loss: 0.000003096317576, Fidelity: 0.999996903682424, 3050, 2582.97
2024-01-14 12:59:20 Loss: 0.000003018927282, Fidelity: 0.999996981072718, 3060, 2591.25
2024-01-14 12:59:29 Loss: 0.000002947912426, Fidelity: 0.999997052087574, 3070, 2600.22
2024-01-14 12:59:37 Loss: 0.000002882988523, Fidelity: 0.999997117011477, 3080, 2608.60
2024-01-14 12:59:46 Loss: 0.000002820015852, Fidelity: 0.999997179984148, 3090, 2617.47
2024-01-14 12:59:54 Loss: 0.000002762291749, Fidelity: 0.999997237708251, 3100, 2625.58
2024-01-14 13:00:02 Loss: 0.000002708037868, Fidelity: 0.999997291962132, 3110, 2633.92
2024-01-14 13:00:11 Loss: 0.000002652265516, Fidelity: 0.999997347734484, 3120, 2642.43
2024-01-14 13:00:19 Loss: 0.000002600350295, Fidelity: 0.999997399649705, 3130, 2650.41
2024-01-14 13:00:27 Loss: 0.000002553004464, Fidelity: 0.999997446995536, 3140, 2658.93
2024-01-14 13:00:35 Loss: 0.000002503717064, Fidelity: 0.999997496282936, 3150, 2666.57
2024-01-14 13:00:43 Loss: 0.000002455485615, Fidelity: 0.999997544514385, 3160, 2674.89
2024-01-14 13:00:52 Loss: 0.000002405481606, Fidelity: 0.999997594518394, 3170, 2683.65
2024-01-14 13:01:01 Loss: 0.000002342733278, Fidelity: 0.999997657266722, 3180, 2692.99
2024-01-14 13:01:09 Loss: 0.000002287809820, Fidelity: 0.999997712190180, 3190, 2700.91
2024-01-14 13:01:18 Loss: 0.000002232358290, Fidelity: 0.999997767641710, 3200, 2709.72
2024-01-14 13:01:26 Loss: 0.000002184155540, Fidelity: 0.999997815844460, 3210, 2717.82
2024-01-14 13:01:35 Loss: 0.000002129929283, Fidelity: 0.999997870070717, 3220, 2726.26
2024-01-14 13:01:43 Loss: 0.000002072104396, Fidelity: 0.999997927895604, 3230, 2735.10
2024-01-14 13:01:52 Loss: 0.000002028131454, Fidelity: 0.999997971868546, 3240, 2744.11
2024-01-14 13:02:00 Loss: 0.000001978000220, Fidelity: 0.999998021999780, 3250, 2752.20
2024-01-14 13:02:09 Loss: 0.000001923176716, Fidelity: 0.999998076823284, 3260, 2760.93
2024-01-14 13:02:18 Loss: 0.000001878165287, Fidelity: 0.999998121834713, 3270, 2769.72
2024-01-14 13:02:27 Loss: 0.000001842255452, Fidelity: 0.999998157744548, 3280, 2778.44
2024-01-14 13:02:36 Loss: 0.000001804093857, Fidelity: 0.999998195906143, 3290, 2787.43
2024-01-14 13:02:44 Loss: 0.000001765314218, Fidelity: 0.999998234685782, 3300, 2796.13
2024-01-14 13:02:53 Loss: 0.000001736160423, Fidelity: 0.999998263839577, 3310, 2805.17
2024-01-14 13:03:03 Loss: 0.000001704286699, Fidelity: 0.999998295713301, 3320, 2814.66
2024-01-14 13:03:12 Loss: 0.000001665729136, Fidelity: 0.999998334270864, 3330, 2823.81
2024-01-14 13:03:20 Loss: 0.000001634994591, Fidelity: 0.999998365005409, 3340, 2832.10
2024-01-14 13:03:29 Loss: 0.000001603120749, Fidelity: 0.999998396879251, 3350, 2840.72
2024-01-14 13:03:38 Loss: 0.000001569516714, Fidelity: 0.999998430483286, 3360, 2849.47
2024-01-14 13:03:46 Loss: 0.000001543006036, Fidelity: 0.999998456993964, 3370, 2857.90
2024-01-14 13:03:55 Loss: 0.000001519330533, Fidelity: 0.999998480669467, 3380, 2866.24
2024-01-14 13:04:03 Loss: 0.000001486511776, Fidelity: 0.999998513488224, 3390, 2874.85
2024-01-14 13:04:12 Loss: 0.000001454951371, Fidelity: 0.999998545048629, 3400, 2883.33
2024-01-14 13:04:21 Loss: 0.000001426536571, Fidelity: 0.999998573463429, 3410, 2892.27
2024-01-14 13:04:29 Loss: 0.000001398185591, Fidelity: 0.999998601814409, 3420, 2900.51
2024-01-14 13:04:37 Loss: 0.000001366098796, Fidelity: 0.999998633901204, 3430, 2908.99
2024-01-14 13:04:46 Loss: 0.000001337165909, Fidelity: 0.999998662834091, 3440, 2917.60
2024-01-14 13:04:54 Loss: 0.000001311990600, Fidelity: 0.999998688009400, 3450, 2926.10
2024-01-14 13:05:04 Loss: 0.000001288977120, Fidelity: 0.999998711022880, 3460, 2935.77
2024-01-14 13:05:13 Loss: 0.000001263803643, Fidelity: 0.999998736196357, 3470, 2944.63
2024-01-14 13:05:21 Loss: 0.000001233895698, Fidelity: 0.999998766104302, 3480, 2952.49
2024-01-14 13:05:30 Loss: 0.000001211220092, Fidelity: 0.999998788779908, 3490, 2961.45
2024-01-14 13:05:38 Loss: 0.000001187269867, Fidelity: 0.999998812730133, 3500, 2969.66
2024-01-14 13:05:47 Loss: 0.000001162914844, Fidelity: 0.999998837085156, 3510, 2978.83
2024-01-14 13:05:56 Loss: 0.000001139482624, Fidelity: 0.999998860517376, 3520, 2987.78
2024-01-14 13:06:05 Loss: 0.000001118376720, Fidelity: 0.999998881623280, 3530, 2996.59
2024-01-14 13:06:13 Loss: 0.000001099742888, Fidelity: 0.999998900257112, 3540, 3004.63
2024-01-14 13:06:21 Loss: 0.000001075758300, Fidelity: 0.999998924241700, 3550, 3012.53
2024-01-14 13:06:30 Loss: 0.000001046904023, Fidelity: 0.999998953095977, 3560, 3021.50
2024-01-14 13:06:39 Loss: 0.000001027179797, Fidelity: 0.999998972820203, 3570, 3030.37
2024-01-14 13:06:47 Loss: 0.000001007820527, Fidelity: 0.999998992179473, 3580, 3038.76
2024-01-14 13:06:56 Loss: 0.000000987110240, Fidelity: 0.999999012889760, 3590, 3047.54
2024-01-14 13:07:04 Loss: 0.000000964314320, Fidelity: 0.999999035685680, 3600, 3055.28
2024-01-14 13:07:13 Loss: 0.000000948125645, Fidelity: 0.999999051874355, 3610, 3064.36
2024-01-14 13:07:22 Loss: 0.000000932256028, Fidelity: 0.999999067743972, 3620, 3073.28
2024-01-14 13:07:30 Loss: 0.000000915473204, Fidelity: 0.999999084526796, 3630, 3081.40
2024-01-14 13:07:37 Loss: 0.000000895284532, Fidelity: 0.999999104715468, 3640, 3089.18
2024-01-14 13:07:46 Loss: 0.000000876687630, Fidelity: 0.999999123312370, 3650, 3097.57
2024-01-14 13:07:54 Loss: 0.000000861586469, Fidelity: 0.999999138413531, 3660, 3106.12
2024-01-14 13:08:03 Loss: 0.000000848469195, Fidelity: 0.999999151530805, 3670, 3114.70
2024-01-14 13:08:12 Loss: 0.000000832951956, Fidelity: 0.999999167048044, 3680, 3123.31
2024-01-14 13:08:20 Loss: 0.000000816463833, Fidelity: 0.999999183536167, 3690, 3131.51
2024-01-14 13:08:28 Loss: 0.000000799002731, Fidelity: 0.999999200997269, 3700, 3140.13
2024-01-14 13:08:37 Loss: 0.000000785708625, Fidelity: 0.999999214291375, 3710, 3148.73
2024-01-14 13:08:45 Loss: 0.000000773798509, Fidelity: 0.999999226201491, 3720, 3156.90
2024-01-14 13:08:53 Loss: 0.000000762648773, Fidelity: 0.999999237351227, 3730, 3164.35
2024-01-14 13:09:01 Loss: 0.000000750521671, Fidelity: 0.999999249478329, 3740, 3172.30
2024-01-14 13:09:09 Loss: 0.000000737121916, Fidelity: 0.999999262878084, 3750, 3180.95
2024-01-14 13:09:18 Loss: 0.000000722630869, Fidelity: 0.999999277369131, 3760, 3189.74
2024-01-14 13:09:27 Loss: 0.000000708129535, Fidelity: 0.999999291870465, 3770, 3198.50
2024-01-14 13:09:36 Loss: 0.000000695918744, Fidelity: 0.999999304081256, 3780, 3207.60
2024-01-14 13:09:45 Loss: 0.000000681851076, Fidelity: 0.999999318148924, 3790, 3216.96
2024-01-14 13:09:54 Loss: 0.000000667249390, Fidelity: 0.999999332750610, 3800, 3225.83
2024-01-14 13:10:03 Loss: 0.000000653017952, Fidelity: 0.999999346982048, 3810, 3234.65
2024-01-14 13:10:12 Loss: 0.000000639317091, Fidelity: 0.999999360682909, 3820, 3243.45
2024-01-14 13:10:21 Loss: 0.000000625219627, Fidelity: 0.999999374780373, 3830, 3252.46
2024-01-14 13:10:30 Loss: 0.000000613497149, Fidelity: 0.999999386502851, 3840, 3261.49
2024-01-14 13:10:38 Loss: 0.000000602741936, Fidelity: 0.999999397258064, 3850, 3269.65
2024-01-14 13:10:47 Loss: 0.000000592575665, Fidelity: 0.999999407424335, 3860, 3278.66
2024-01-14 13:10:55 Loss: 0.000000581756530, Fidelity: 0.999999418243470, 3870, 3286.47
2024-01-14 13:11:04 Loss: 0.000000570215553, Fidelity: 0.999999429784447, 3880, 3295.21
2024-01-14 13:11:12 Loss: 0.000000557708052, Fidelity: 0.999999442291948, 3890, 3303.49
2024-01-14 13:11:20 Loss: 0.000000544723455, Fidelity: 0.999999455276545, 3900, 3311.73
2024-01-14 13:11:29 Loss: 0.000000533202100, Fidelity: 0.999999466797900, 3910, 3320.72
2024-01-14 13:11:37 Loss: 0.000000522702633, Fidelity: 0.999999477297367, 3920, 3328.83
2024-01-14 13:11:46 Loss: 0.000000512776431, Fidelity: 0.999999487223569, 3930, 3337.37
2024-01-14 13:11:54 Loss: 0.000000501732168, Fidelity: 0.999999498267832, 3940, 3345.81
2024-01-14 13:12:03 Loss: 0.000000490293181, Fidelity: 0.999999509706819, 3950, 3354.51
2024-01-14 13:12:10 Loss: 0.000000478993723, Fidelity: 0.999999521006277, 3960, 3362.09
2024-01-14 13:12:18 Loss: 0.000000468353950, Fidelity: 0.999999531646050, 3970, 3370.16
2024-01-14 13:12:27 Loss: 0.000000458968633, Fidelity: 0.999999541031367, 3980, 3378.80
2024-01-14 13:12:36 Loss: 0.000000449606878, Fidelity: 0.999999550393122, 3990, 3387.49
2024-01-14 13:12:44 Loss: 0.000000440595933, Fidelity: 0.999999559404067, 4000, 3395.68
2024-01-14 13:12:52 Loss: 0.000000430374020, Fidelity: 0.999999569625980, 4010, 3403.62
2024-01-14 13:13:00 Loss: 0.000000419882071, Fidelity: 0.999999580117929, 4020, 3412.19
2024-01-14 13:13:09 Loss: 0.000000409750944, Fidelity: 0.999999590249056, 4030, 3420.68
2024-01-14 13:13:18 Loss: 0.000000399086515, Fidelity: 0.999999600913485, 4040, 3429.75
2024-01-14 13:13:26 Loss: 0.000000389021580, Fidelity: 0.999999610978420, 4050, 3437.58
2024-01-14 13:13:35 Loss: 0.000000380681249, Fidelity: 0.999999619318751, 4060, 3446.55
2024-01-14 13:13:43 Loss: 0.000000373184680, Fidelity: 0.999999626815320, 4070, 3454.71
2024-01-14 13:13:52 Loss: 0.000000365960134, Fidelity: 0.999999634039866, 4080, 3463.60
2024-01-14 13:14:01 Loss: 0.000000358594544, Fidelity: 0.999999641405456, 4090, 3472.33
2024-01-14 13:14:09 Loss: 0.000000351480951, Fidelity: 0.999999648519049, 4100, 3480.74
2024-01-14 13:14:18 Loss: 0.000000344041597, Fidelity: 0.999999655958403, 4110, 3489.36
2024-01-14 13:14:25 Loss: 0.000000337036063, Fidelity: 0.999999662963937, 4120, 3497.14
2024-01-14 13:14:35 Loss: 0.000000329928484, Fidelity: 0.999999670071516, 4130, 3506.64
2024-01-14 13:14:43 Loss: 0.000000323030637, Fidelity: 0.999999676969363, 4140, 3514.77
2024-01-14 13:14:52 Loss: 0.000000316043531, Fidelity: 0.999999683956469, 4150, 3523.94
2024-01-14 13:15:01 Loss: 0.000000308780933, Fidelity: 0.999999691219067, 4160, 3532.32
2024-01-14 13:15:08 Loss: 0.000000301192300, Fidelity: 0.999999698807700, 4170, 3540.09
2024-01-14 13:15:17 Loss: 0.000000294377926, Fidelity: 0.999999705622074, 4180, 3549.04
2024-01-14 13:15:26 Loss: 0.000000287238016, Fidelity: 0.999999712761984, 4190, 3557.24
2024-01-14 13:15:33 Loss: 0.000000280120814, Fidelity: 0.999999719879186, 4200, 3565.08
2024-01-14 13:15:41 Loss: 0.000000273761873, Fidelity: 0.999999726238127, 4210, 3572.79
2024-01-14 13:15:50 Loss: 0.000000267551818, Fidelity: 0.999999732448182, 4220, 3581.95
2024-01-14 13:15:58 Loss: 0.000000261453794, Fidelity: 0.999999738546206, 4230, 3590.08
2024-01-14 13:16:06 Loss: 0.000000254599058, Fidelity: 0.999999745400942, 4240, 3597.68
2024-01-14 13:16:15 Loss: 0.000000248065174, Fidelity: 0.999999751934826, 4250, 3606.32
2024-01-14 13:16:23 Loss: 0.000000240864737, Fidelity: 0.999999759135263, 4260, 3614.52
2024-01-14 13:16:31 Loss: 0.000000234095124, Fidelity: 0.999999765904876, 4270, 3622.48
2024-01-14 13:16:39 Loss: 0.000000227759018, Fidelity: 0.999999772240982, 4280, 3630.77
2024-01-14 13:16:48 Loss: 0.000000221546076, Fidelity: 0.999999778453924, 4290, 3639.20
2024-01-14 13:16:56 Loss: 0.000000215554437, Fidelity: 0.999999784445563, 4300, 3647.46
2024-01-14 13:17:05 Loss: 0.000000210283356, Fidelity: 0.999999789716644, 4310, 3656.23
2024-01-14 13:17:13 Loss: 0.000000204219574, Fidelity: 0.999999795780426, 4320, 3664.30
2024-01-14 13:17:21 Loss: 0.000000199664057, Fidelity: 0.999999800335943, 4330, 3673.04
2024-01-14 13:17:29 Loss: 0.000000194735055, Fidelity: 0.999999805264945, 4340, 3680.94
2024-01-14 13:17:38 Loss: 0.000000188558012, Fidelity: 0.999999811441988, 4350, 3689.84
2024-01-14 13:17:47 Loss: 0.000000183292432, Fidelity: 0.999999816707568, 4360, 3698.92
2024-01-14 13:17:56 Loss: 0.000000178018451, Fidelity: 0.999999821981549, 4370, 3707.59
2024-01-14 13:18:04 Loss: 0.000000173860616, Fidelity: 0.999999826139384, 4380, 3715.95
2024-01-14 13:18:14 Loss: 0.000000169253420, Fidelity: 0.999999830746580, 4390, 3725.37
2024-01-14 13:18:22 Loss: 0.000000165070478, Fidelity: 0.999999834929522, 4400, 3734.12
2024-01-14 13:18:31 Loss: 0.000000160434199, Fidelity: 0.999999839565801, 4410, 3742.70
2024-01-14 13:18:39 Loss: 0.000000156513159, Fidelity: 0.999999843486841, 4420, 3750.59
2024-01-14 13:18:47 Loss: 0.000000152218672, Fidelity: 0.999999847781328, 4430, 3758.48
2024-01-14 13:18:55 Loss: 0.000000147977798, Fidelity: 0.999999852022202, 4440, 3766.88
2024-01-14 13:19:03 Loss: 0.000000143960495, Fidelity: 0.999999856039505, 4450, 3775.18
2024-01-14 13:19:12 Loss: 0.000000140055940, Fidelity: 0.999999859944060, 4460, 3783.83
2024-01-14 13:19:21 Loss: 0.000000136168961, Fidelity: 0.999999863831039, 4470, 3792.57
2024-01-14 13:19:30 Loss: 0.000000131982776, Fidelity: 0.999999868017224, 4480, 3801.72
2024-01-14 13:19:39 Loss: 0.000000128021890, Fidelity: 0.999999871978110, 4490, 3810.43
2024-01-14 13:19:47 Loss: 0.000000124775108, Fidelity: 0.999999875224892, 4500, 3818.38
2024-01-14 13:19:55 Loss: 0.000000122059340, Fidelity: 0.999999877940660, 4510, 3826.98
2024-01-14 13:20:04 Loss: 0.000000119105747, Fidelity: 0.999999880894253, 4520, 3835.53
2024-01-14 13:20:13 Loss: 0.000000116070942, Fidelity: 0.999999883929058, 4530, 3844.60
2024-01-14 13:20:21 Loss: 0.000000113326305, Fidelity: 0.999999886673695, 4540, 3852.78
2024-01-14 13:20:30 Loss: 0.000000110411599, Fidelity: 0.999999889588401, 4550, 3861.70
2024-01-14 13:20:39 Loss: 0.000000107278115, Fidelity: 0.999999892721885, 4560, 3870.44
2024-01-14 13:20:47 Loss: 0.000000104482225, Fidelity: 0.999999895517775, 4570, 3878.79
2024-01-14 13:20:56 Loss: 0.000000101572968, Fidelity: 0.999999898427032, 4580, 3888.06
2024-01-14 13:21:04 Loss: 0.000000098887196, Fidelity: 0.999999901112804, 4590, 3896.01
2024-01-14 13:21:13 Loss: 0.000000096328077, Fidelity: 0.999999903671923, 4600, 3904.56
2024-01-14 13:21:22 Loss: 0.000000093860712, Fidelity: 0.999999906139288, 4610, 3913.42
2024-01-14 13:21:30 Loss: 0.000000091339556, Fidelity: 0.999999908660444, 4620, 3921.95
2024-01-14 13:21:39 Loss: 0.000000089032702, Fidelity: 0.999999910967298, 4630, 3930.93
2024-01-14 13:21:48 Loss: 0.000000086947984, Fidelity: 0.999999913052016, 4640, 3939.32
2024-01-14 13:21:55 Loss: 0.000000084999253, Fidelity: 0.999999915000747, 4650, 3946.95
2024-01-14 13:22:03 Loss: 0.000000082947248, Fidelity: 0.999999917052752, 4660, 3954.91
2024-01-14 13:22:11 Loss: 0.000000081212212, Fidelity: 0.999999918787788, 4670, 3962.87
2024-01-14 13:22:20 Loss: 0.000000079409920, Fidelity: 0.999999920590080, 4680, 3971.26
2024-01-14 13:22:27 Loss: 0.000000077409778, Fidelity: 0.999999922590222, 4690, 3978.91
2024-01-14 13:22:36 Loss: 0.000000075588588, Fidelity: 0.999999924411412, 4700, 3987.79
2024-01-14 13:22:45 Loss: 0.000000073594442, Fidelity: 0.999999926405558, 4710, 3996.39
2024-01-14 13:22:54 Loss: 0.000000071921229, Fidelity: 0.999999928078771, 4720, 4005.23
2024-01-14 13:23:02 Loss: 0.000000070032199, Fidelity: 0.999999929967801, 4730, 4014.20
2024-01-14 13:23:11 Loss: 0.000000068445779, Fidelity: 0.999999931554221, 4740, 4022.24
2024-01-14 13:23:18 Loss: 0.000000066825671, Fidelity: 0.999999933174329, 4750, 4030.15
2024-01-14 13:23:27 Loss: 0.000000065238678, Fidelity: 0.999999934761322, 4760, 4038.76
2024-01-14 13:23:35 Loss: 0.000000063607189, Fidelity: 0.999999936392811, 4770, 4046.69
2024-01-14 13:23:42 Loss: 0.000000062003990, Fidelity: 0.999999937996010, 4780, 4053.98
2024-01-14 13:23:49 Loss: 0.000000060506072, Fidelity: 0.999999939493928, 4790, 4060.93
2024-01-14 13:23:56 Loss: 0.000000059290769, Fidelity: 0.999999940709231, 4800, 4067.81
2024-01-14 13:24:03 Loss: 0.000000058138814, Fidelity: 0.999999941861186, 4810, 4074.83
2024-01-14 13:24:10 Loss: 0.000000056906412, Fidelity: 0.999999943093588, 4820, 4082.19
2024-01-14 13:24:18 Loss: 0.000000055731195, Fidelity: 0.999999944268805, 4830, 4089.27
2024-01-14 13:24:25 Loss: 0.000000054611291, Fidelity: 0.999999945388709, 4840, 4096.24
2024-01-14 13:24:31 Loss: 0.000000053457438, Fidelity: 0.999999946542562, 4850, 4103.19
2024-01-14 13:24:38 Loss: 0.000000052468385, Fidelity: 0.999999947531615, 4860, 4110.13
2024-01-14 13:24:45 Loss: 0.000000051387649, Fidelity: 0.999999948612351, 4870, 4117.07
2024-01-14 13:24:52 Loss: 0.000000050282581, Fidelity: 0.999999949717419, 4880, 4123.96
2024-01-14 13:24:59 Loss: 0.000000049273902, Fidelity: 0.999999950726098, 4890, 4130.80
2024-01-14 13:25:06 Loss: 0.000000048074555, Fidelity: 0.999999951925445, 4900, 4137.70
2024-01-14 13:25:13 Loss: 0.000000046992055, Fidelity: 0.999999953007945, 4910, 4144.64
2024-01-14 13:25:20 Loss: 0.000000045843678, Fidelity: 0.999999954156322, 4920, 4151.64
2024-01-14 13:25:27 Loss: 0.000000044677375, Fidelity: 0.999999955322625, 4930, 4158.60
2024-01-14 13:25:34 Loss: 0.000000043668112, Fidelity: 0.999999956331888, 4940, 4165.47
2024-01-14 13:25:41 Loss: 0.000000042743085, Fidelity: 0.999999957256915, 4950, 4172.41
2024-01-14 13:25:48 Loss: 0.000000041822637, Fidelity: 0.999999958177363, 4960, 4179.36
2024-01-14 13:25:55 Loss: 0.000000040972821, Fidelity: 0.999999959027179, 4970, 4186.29
2024-01-14 13:26:02 Loss: 0.000000040106511, Fidelity: 0.999999959893489, 4980, 4193.24
2024-01-14 13:26:08 Loss: 0.000000039250919, Fidelity: 0.999999960749081, 4990, 4200.14
2024-01-14 13:26:15 Loss: 0.000000038336870, Fidelity: 0.999999961663130, 5000, 4207.10
2024-01-14 13:26:22 Loss: 0.000000037320891, Fidelity: 0.999999962679109, 5010, 4214.02
2024-01-14 13:26:29 Loss: 0.000000036339355, Fidelity: 0.999999963660645, 5020, 4220.97
2024-01-14 13:26:36 Loss: 0.000000035554716, Fidelity: 0.999999964445284, 5030, 4227.88
2024-01-14 13:26:43 Loss: 0.000000034779989, Fidelity: 0.999999965220011, 5040, 4234.87
2024-01-14 13:26:50 Loss: 0.000000034030227, Fidelity: 0.999999965969773, 5050, 4241.79
2024-01-14 13:26:57 Loss: 0.000000033344095, Fidelity: 0.999999966655905, 5060, 4248.79
2024-01-14 13:27:04 Loss: 0.000000032541917, Fidelity: 0.999999967458083, 5070, 4255.76
2024-01-14 13:27:11 Loss: 0.000000031798666, Fidelity: 0.999999968201334, 5080, 4262.68
2024-01-14 13:27:18 Loss: 0.000000030969408, Fidelity: 0.999999969030592, 5090, 4269.58
2024-01-14 13:27:25 Loss: 0.000000030257470, Fidelity: 0.999999969742530, 5100, 4276.49
2024-01-14 13:27:32 Loss: 0.000000029530014, Fidelity: 0.999999970469986, 5110, 4283.44
2024-01-14 13:27:39 Loss: 0.000000028868390, Fidelity: 0.999999971131610, 5120, 4290.35
2024-01-14 13:27:46 Loss: 0.000000028115587, Fidelity: 0.999999971884413, 5130, 4297.23
2024-01-14 13:27:52 Loss: 0.000000027432060, Fidelity: 0.999999972567940, 5140, 4304.16
2024-01-14 13:28:00 Loss: 0.000000026612410, Fidelity: 0.999999973387590, 5150, 4311.31
2024-01-14 13:28:07 Loss: 0.000000025859967, Fidelity: 0.999999974140033, 5160, 4318.30
2024-01-14 13:28:14 Loss: 0.000000025143618, Fidelity: 0.999999974856382, 5170, 4325.24
2024-01-14 13:28:20 Loss: 0.000000024468676, Fidelity: 0.999999975531324, 5180, 4332.17
2024-01-14 13:28:27 Loss: 0.000000023850464, Fidelity: 0.999999976149536, 5190, 4339.14
2024-01-14 13:28:34 Loss: 0.000000023207296, Fidelity: 0.999999976792704, 5200, 4346.12
2024-01-14 13:28:41 Loss: 0.000000022544203, Fidelity: 0.999999977455797, 5210, 4353.01
2024-01-14 13:28:48 Loss: 0.000000021759459, Fidelity: 0.999999978240541, 5220, 4359.99
2024-01-14 13:28:55 Loss: 0.000000021062442, Fidelity: 0.999999978937558, 5230, 4366.92
2024-01-14 13:29:02 Loss: 0.000000020422405, Fidelity: 0.999999979577595, 5240, 4373.86
2024-01-14 13:29:09 Loss: 0.000000019733918, Fidelity: 0.999999980266082, 5250, 4380.80
2024-01-14 13:29:16 Loss: 0.000000019043376, Fidelity: 0.999999980956624, 5260, 4387.78
2024-01-14 13:29:23 Loss: 0.000000018234321, Fidelity: 0.999999981765679, 5270, 4394.90
2024-01-14 13:29:31 Loss: 0.000000017556599, Fidelity: 0.999999982443401, 5280, 4402.24
2024-01-14 13:29:38 Loss: 0.000000017032852, Fidelity: 0.999999982967148, 5290, 4409.48
2024-01-14 13:29:45 Loss: 0.000000016528208, Fidelity: 0.999999983471792, 5300, 4416.45
2024-01-14 13:29:52 Loss: 0.000000016058952, Fidelity: 0.999999983941048, 5310, 4423.41
2024-01-14 13:29:59 Loss: 0.000000015552604, Fidelity: 0.999999984447396, 5320, 4430.63
2024-01-14 13:30:07 Loss: 0.000000015109556, Fidelity: 0.999999984890444, 5330, 4438.22
2024-01-14 13:30:14 Loss: 0.000000014632508, Fidelity: 0.999999985367492, 5340, 4445.73
2024-01-14 13:30:21 Loss: 0.000000014144836, Fidelity: 0.999999985855164, 5350, 4453.07
2024-01-14 13:30:29 Loss: 0.000000013711688, Fidelity: 0.999999986288312, 5360, 4460.70
2024-01-14 13:30:37 Loss: 0.000000013330803, Fidelity: 0.999999986669197, 5370, 4468.32
2024-01-14 13:30:44 Loss: 0.000000012974306, Fidelity: 0.999999987025694, 5380, 4475.86
2024-01-14 13:30:52 Loss: 0.000000012637951, Fidelity: 0.999999987362049, 5390, 4483.31
2024-01-14 13:30:59 Loss: 0.000000012289062, Fidelity: 0.999999987710938, 5400, 4490.29
2024-01-14 13:31:05 Loss: 0.000000012006270, Fidelity: 0.999999987993730, 5410, 4497.19
2024-01-14 13:31:12 Loss: 0.000000011734348, Fidelity: 0.999999988265652, 5420, 4504.14
2024-01-14 13:31:19 Loss: 0.000000011452246, Fidelity: 0.999999988547754, 5430, 4511.10
2024-01-14 13:31:26 Loss: 0.000000011099370, Fidelity: 0.999999988900630, 5440, 4518.03
2024-01-14 13:31:33 Loss: 0.000000010785301, Fidelity: 0.999999989214699, 5450, 4524.96
2024-01-14 13:31:40 Loss: 0.000000010446223, Fidelity: 0.999999989553777, 5460, 4531.88
2024-01-14 13:31:47 Loss: 0.000000010135649, Fidelity: 0.999999989864351, 5470, 4538.81
2024-01-14 13:31:52 `callback` raised `StopIteration`.
2024-01-14 13:31:52 Number of layers: 6
2024-01-14 13:31:52 Optimal: 0.00000000999547078440, 9.995470784396332e-09
2024-01-14 13:31:53 state & psi_res norm L2:  0.31528320489249761494
2024-01-14 13:31:53 state & psi_res fidelity: 0.99999999000452999276
2024-01-14 13:31:53 rdm2 & rho_res norm L2:  0.00000500325572392502
2024-01-14 13:31:53 rdm2 & rho_res fidelity: 0.99999999933143102204
2024-01-14 13:31:53 Runtime: 4544.6688s, 75.7445m, 1.2624h, Iter: 5477
