2024-01-14 19:07:30 RDM2 Rank: 9
2024-01-14 19:07:31 Number of qubits: 12
2024-01-14 19:07:31 Number of params: 3570
2024-01-14 19:07:31 Number of gates: 19390
2024-01-14 19:07:31 Hamiltonian Dimension: (4096, 4096)
2024-01-14 19:07:31 rdm2 & rho norm L2:  0.00000000000000024494
2024-01-14 19:07:31 rdm2 & rho fidelity: 0.99999999999999222844
2024-01-14 19:07:31 Simulator: mqvector, Method: BFGS
2024-01-14 19:07:37 Loss: 0.915925118090908, Fidelity: 0.084074881909092, 10, 5.68
2024-01-14 19:07:47 Loss: 0.481138462574134, Fidelity: 0.518861537425866, 20, 15.85
2024-01-14 19:07:57 Loss: 0.245256395074445, Fidelity: 0.754743604925555, 30, 25.97
2024-01-14 19:08:08 Loss: 0.136500780868164, Fidelity: 0.863499219131836, 40, 37.06
2024-01-14 19:08:20 Loss: 0.085145253353806, Fidelity: 0.914854746646194, 50, 49.33
2024-01-14 19:08:34 Loss: 0.054252592184654, Fidelity: 0.945747407815346, 60, 62.89
2024-01-14 19:08:47 Loss: 0.036261601607840, Fidelity: 0.963738398392160, 70, 76.17
2024-01-14 19:09:00 Loss: 0.025861484489082, Fidelity: 0.974138515510918, 80, 89.36
2024-01-14 19:09:14 Loss: 0.018799146676427, Fidelity: 0.981200853323573, 90, 102.83
2024-01-14 19:09:27 Loss: 0.013768498464061, Fidelity: 0.986231501535939, 100, 116.43
2024-01-14 19:09:41 Loss: 0.010127231020798, Fidelity: 0.989872768979202, 110, 130.26
2024-01-14 19:09:55 Loss: 0.008088399490322, Fidelity: 0.991911600509678, 120, 143.71
2024-01-14 19:10:08 Loss: 0.006412615332231, Fidelity: 0.993587384667769, 130, 157.09
2024-01-14 19:10:21 Loss: 0.005196331595467, Fidelity: 0.994803668404533, 140, 170.28
2024-01-14 19:10:35 Loss: 0.004272084086138, Fidelity: 0.995727915913862, 150, 183.93
2024-01-14 19:10:49 Loss: 0.003534322603629, Fidelity: 0.996465677396371, 160, 197.46
2024-01-14 19:11:02 Loss: 0.002913046825855, Fidelity: 0.997086953174145, 170, 210.76
2024-01-14 19:11:15 Loss: 0.002459566282778, Fidelity: 0.997540433717222, 180, 224.29
2024-01-14 19:11:29 Loss: 0.002067374766109, Fidelity: 0.997932625233891, 190, 237.78
2024-01-14 19:11:42 Loss: 0.001791520541430, Fidelity: 0.998208479458570, 200, 251.08
2024-01-14 19:11:55 Loss: 0.001565102755655, Fidelity: 0.998434897244345, 210, 264.44
2024-01-14 19:12:10 Loss: 0.001370875539686, Fidelity: 0.998629124460314, 220, 278.52
2024-01-14 19:12:24 Loss: 0.001201831047815, Fidelity: 0.998798168952185, 230, 292.70
2024-01-14 19:12:38 Loss: 0.001061873916437, Fidelity: 0.998938126083563, 240, 306.63
2024-01-14 19:12:51 Loss: 0.000931746465529, Fidelity: 0.999068253534471, 250, 319.66
2024-01-14 19:13:04 Loss: 0.000825508194729, Fidelity: 0.999174491805271, 260, 332.74
2024-01-14 19:13:18 Loss: 0.000742353515503, Fidelity: 0.999257646484497, 270, 346.52
2024-01-14 19:13:31 Loss: 0.000667932693496, Fidelity: 0.999332067306504, 280, 360.29
2024-01-14 19:13:45 Loss: 0.000601036394582, Fidelity: 0.999398963605418, 290, 373.99
2024-01-14 19:13:59 Loss: 0.000538203473091, Fidelity: 0.999461796526909, 300, 388.23
2024-01-14 19:14:13 Loss: 0.000489543916256, Fidelity: 0.999510456083744, 310, 401.80
2024-01-14 19:14:27 Loss: 0.000436871450570, Fidelity: 0.999563128549430, 320, 415.93
2024-01-14 19:14:41 Loss: 0.000393520710605, Fidelity: 0.999606479289395, 330, 429.67
2024-01-14 19:14:54 Loss: 0.000353987847999, Fidelity: 0.999646012152001, 340, 443.08
2024-01-14 19:15:08 Loss: 0.000323092411810, Fidelity: 0.999676907588190, 350, 456.63
2024-01-14 19:15:22 Loss: 0.000297405126727, Fidelity: 0.999702594873273, 360, 470.56
2024-01-14 19:15:35 Loss: 0.000275124985953, Fidelity: 0.999724875014047, 370, 484.00
2024-01-14 19:15:49 Loss: 0.000256890968741, Fidelity: 0.999743109031259, 380, 497.95
2024-01-14 19:16:02 Loss: 0.000236806526725, Fidelity: 0.999763193473275, 390, 511.38
2024-01-14 19:16:16 Loss: 0.000222142342211, Fidelity: 0.999777857657789, 400, 524.74
2024-01-14 19:16:28 Loss: 0.000207806689644, Fidelity: 0.999792193310356, 410, 537.36
2024-01-14 19:16:42 Loss: 0.000195428748358, Fidelity: 0.999804571251642, 420, 550.57
2024-01-14 19:16:55 Loss: 0.000183968838666, Fidelity: 0.999816031161334, 430, 563.63
2024-01-14 19:17:09 Loss: 0.000173184330638, Fidelity: 0.999826815669362, 440, 577.65
2024-01-14 19:17:22 Loss: 0.000164548074956, Fidelity: 0.999835451925044, 450, 591.16
2024-01-14 19:17:36 Loss: 0.000156776465757, Fidelity: 0.999843223534243, 460, 604.70
2024-01-14 19:17:49 Loss: 0.000149049770164, Fidelity: 0.999850950229836, 470, 617.55
2024-01-14 19:18:02 Loss: 0.000142371817219, Fidelity: 0.999857628182781, 480, 631.01
2024-01-14 19:18:16 Loss: 0.000136218252890, Fidelity: 0.999863781747110, 490, 644.82
2024-01-14 19:18:29 Loss: 0.000130739030098, Fidelity: 0.999869260969902, 500, 658.39
2024-01-14 19:18:43 Loss: 0.000125869644877, Fidelity: 0.999874130355123, 510, 671.89
2024-01-14 19:18:57 Loss: 0.000120909777215, Fidelity: 0.999879090222785, 520, 685.74
2024-01-14 19:19:10 Loss: 0.000115970685872, Fidelity: 0.999884029314128, 530, 699.00
2024-01-14 19:19:23 Loss: 0.000111236516452, Fidelity: 0.999888763483548, 540, 712.29
2024-01-14 19:19:37 Loss: 0.000107281932922, Fidelity: 0.999892718067078, 550, 726.09
2024-01-14 19:19:51 Loss: 0.000102631977266, Fidelity: 0.999897368022734, 560, 739.49
2024-01-14 19:20:05 Loss: 0.000098795749977, Fidelity: 0.999901204250023, 570, 753.48
2024-01-14 19:20:19 Loss: 0.000095541287587, Fidelity: 0.999904458712413, 580, 767.55
2024-01-14 19:20:32 Loss: 0.000092550316466, Fidelity: 0.999907449683534, 590, 780.85
2024-01-14 19:20:45 Loss: 0.000089649622196, Fidelity: 0.999910350377804, 600, 794.02
2024-01-14 19:20:58 Loss: 0.000086781525366, Fidelity: 0.999913218474634, 610, 807.38
2024-01-14 19:21:12 Loss: 0.000084065052429, Fidelity: 0.999915934947571, 620, 820.91
2024-01-14 19:21:25 Loss: 0.000081391798335, Fidelity: 0.999918608201665, 630, 833.80
2024-01-14 19:21:39 Loss: 0.000078661476091, Fidelity: 0.999921338523909, 640, 847.81
2024-01-14 19:21:53 Loss: 0.000075952680844, Fidelity: 0.999924047319156, 650, 861.77
2024-01-14 19:22:07 Loss: 0.000073713783149, Fidelity: 0.999926286216851, 660, 875.65
2024-01-14 19:22:20 Loss: 0.000071270678187, Fidelity: 0.999928729321813, 670, 889.29
2024-01-14 19:22:34 Loss: 0.000069041584948, Fidelity: 0.999930958415052, 680, 903.14
2024-01-14 19:22:48 Loss: 0.000067184766778, Fidelity: 0.999932815233222, 690, 916.47
2024-01-14 19:23:01 Loss: 0.000065431479181, Fidelity: 0.999934568520819, 700, 930.13
2024-01-14 19:23:14 Loss: 0.000063576278102, Fidelity: 0.999936423721898, 710, 943.32
2024-01-14 19:23:28 Loss: 0.000062006268639, Fidelity: 0.999937993731361, 720, 956.87
2024-01-14 19:23:42 Loss: 0.000060367793897, Fidelity: 0.999939632206103, 730, 970.69
2024-01-14 19:23:55 Loss: 0.000058876127421, Fidelity: 0.999941123872579, 740, 983.79
2024-01-14 19:24:08 Loss: 0.000057383915457, Fidelity: 0.999942616084543, 750, 996.94
2024-01-14 19:24:22 Loss: 0.000055935218045, Fidelity: 0.999944064781955, 760, 1010.74
2024-01-14 19:24:35 Loss: 0.000054666962816, Fidelity: 0.999945333037184, 770, 1024.00
2024-01-14 19:24:49 Loss: 0.000053316180526, Fidelity: 0.999946683819474, 780, 1037.93
2024-01-14 19:25:03 Loss: 0.000052117624537, Fidelity: 0.999947882375463, 790, 1051.54
2024-01-14 19:25:17 Loss: 0.000050971843766, Fidelity: 0.999949028156234, 800, 1066.06
2024-01-14 19:25:31 Loss: 0.000049751533848, Fidelity: 0.999950248466152, 810, 1079.76
2024-01-14 19:25:44 Loss: 0.000048607501293, Fidelity: 0.999951392498707, 820, 1093.26
2024-01-14 19:25:57 Loss: 0.000047594847236, Fidelity: 0.999952405152764, 830, 1106.10
2024-01-14 19:26:10 Loss: 0.000046501243106, Fidelity: 0.999953498756894, 840, 1119.40
2024-01-14 19:26:24 Loss: 0.000045524189073, Fidelity: 0.999954475810927, 850, 1132.93
2024-01-14 19:26:38 Loss: 0.000044374951953, Fidelity: 0.999955625048047, 860, 1146.67
2024-01-14 19:26:51 Loss: 0.000043201513163, Fidelity: 0.999956798486837, 870, 1160.32
2024-01-14 19:27:05 Loss: 0.000042100218459, Fidelity: 0.999957899781541, 880, 1173.91
2024-01-14 19:27:19 Loss: 0.000041167076393, Fidelity: 0.999958832923607, 890, 1187.51
2024-01-14 19:27:33 Loss: 0.000040245001444, Fidelity: 0.999959754998556, 900, 1201.89
2024-01-14 19:27:46 Loss: 0.000039418660958, Fidelity: 0.999960581339042, 910, 1214.83
2024-01-14 19:27:59 Loss: 0.000038507169682, Fidelity: 0.999961492830318, 920, 1228.44
2024-01-14 19:28:13 Loss: 0.000037558465566, Fidelity: 0.999962441534434, 930, 1241.81
2024-01-14 19:28:26 Loss: 0.000036637588182, Fidelity: 0.999963362411818, 940, 1255.38
2024-01-14 19:28:41 Loss: 0.000035800068493, Fidelity: 0.999964199931507, 950, 1269.64
2024-01-14 19:28:55 Loss: 0.000034954723640, Fidelity: 0.999965045276360, 960, 1283.56
2024-01-14 19:29:08 Loss: 0.000034185152023, Fidelity: 0.999965814847977, 970, 1297.22
2024-01-14 19:29:22 Loss: 0.000033432872102, Fidelity: 0.999966567127898, 980, 1311.39
2024-01-14 19:29:36 Loss: 0.000032760278564, Fidelity: 0.999967239721436, 990, 1325.31
2024-01-14 19:29:50 Loss: 0.000032046354300, Fidelity: 0.999967953645700, 1000, 1339.10
2024-01-14 19:30:04 Loss: 0.000031457480100, Fidelity: 0.999968542519900, 1010, 1352.48
2024-01-14 19:30:18 Loss: 0.000030821970878, Fidelity: 0.999969178029122, 1020, 1366.86
2024-01-14 19:30:31 Loss: 0.000030244206737, Fidelity: 0.999969755793263, 1030, 1380.29
2024-01-14 19:30:45 Loss: 0.000029712593533, Fidelity: 0.999970287406467, 1040, 1393.93
2024-01-14 19:30:59 Loss: 0.000029223897341, Fidelity: 0.999970776102659, 1050, 1407.88
2024-01-14 19:31:13 Loss: 0.000028755868283, Fidelity: 0.999971244131717, 1060, 1421.93
2024-01-14 19:31:26 Loss: 0.000028327953206, Fidelity: 0.999971672046794, 1070, 1435.32
2024-01-14 19:31:40 Loss: 0.000027894328441, Fidelity: 0.999972105671559, 1080, 1448.47
2024-01-14 19:31:53 Loss: 0.000027539703831, Fidelity: 0.999972460296169, 1090, 1461.65
2024-01-14 19:32:06 Loss: 0.000027203603676, Fidelity: 0.999972796396324, 1100, 1474.64
2024-01-14 19:32:19 Loss: 0.000026827680459, Fidelity: 0.999973172319541, 1110, 1487.80
2024-01-14 19:32:33 Loss: 0.000026443116292, Fidelity: 0.999973556883708, 1120, 1501.61
2024-01-14 19:32:47 Loss: 0.000026046516020, Fidelity: 0.999973953483980, 1130, 1515.48
2024-01-14 19:33:01 Loss: 0.000025610050260, Fidelity: 0.999974389949740, 1140, 1529.47
2024-01-14 19:33:14 Loss: 0.000025219985755, Fidelity: 0.999974780014245, 1150, 1542.80
2024-01-14 19:33:28 Loss: 0.000024804290659, Fidelity: 0.999975195709341, 1160, 1556.68
2024-01-14 19:33:42 Loss: 0.000024393889480, Fidelity: 0.999975606110520, 1170, 1570.56
2024-01-14 19:33:55 Loss: 0.000023985723738, Fidelity: 0.999976014276262, 1180, 1584.26
2024-01-14 19:34:09 Loss: 0.000023657382595, Fidelity: 0.999976342617405, 1190, 1597.85
2024-01-14 19:34:22 Loss: 0.000023347854790, Fidelity: 0.999976652145210, 1200, 1610.99
2024-01-14 19:34:35 Loss: 0.000023020818726, Fidelity: 0.999976979181274, 1210, 1623.73
2024-01-14 19:34:48 Loss: 0.000022693137221, Fidelity: 0.999977306862779, 1220, 1637.41
2024-01-14 19:35:02 Loss: 0.000022360000450, Fidelity: 0.999977639999550, 1230, 1651.23
2024-01-14 19:35:16 Loss: 0.000022021619396, Fidelity: 0.999977978380604, 1240, 1664.60
2024-01-14 19:35:30 Loss: 0.000021727623334, Fidelity: 0.999978272376666, 1250, 1679.05
2024-01-14 19:35:44 Loss: 0.000021449411237, Fidelity: 0.999978550588763, 1260, 1692.95
2024-01-14 19:35:57 Loss: 0.000021128040197, Fidelity: 0.999978871959803, 1270, 1706.35
2024-01-14 19:36:11 Loss: 0.000020806633383, Fidelity: 0.999979193366617, 1280, 1719.96
2024-01-14 19:36:25 Loss: 0.000020449919693, Fidelity: 0.999979550080307, 1290, 1733.88
2024-01-14 19:36:39 Loss: 0.000020091884860, Fidelity: 0.999979908115140, 1300, 1747.53
2024-01-14 19:36:53 Loss: 0.000019790748653, Fidelity: 0.999980209251347, 1310, 1761.47
2024-01-14 19:37:06 Loss: 0.000019545221589, Fidelity: 0.999980454778411, 1320, 1774.46
2024-01-14 19:37:20 Loss: 0.000019285852034, Fidelity: 0.999980714147966, 1330, 1789.14
2024-01-14 19:37:34 Loss: 0.000018989055214, Fidelity: 0.999981010944786, 1340, 1802.67
2024-01-14 19:37:47 Loss: 0.000018704282078, Fidelity: 0.999981295717922, 1350, 1816.18
2024-01-14 19:38:00 Loss: 0.000018415302315, Fidelity: 0.999981584697685, 1360, 1829.26
2024-01-14 19:38:14 Loss: 0.000018148758285, Fidelity: 0.999981851241715, 1370, 1842.60
2024-01-14 19:38:28 Loss: 0.000017906865038, Fidelity: 0.999982093134962, 1380, 1856.61
2024-01-14 19:38:41 Loss: 0.000017666721769, Fidelity: 0.999982333278231, 1390, 1870.23
2024-01-14 19:38:55 Loss: 0.000017448224464, Fidelity: 0.999982551775536, 1400, 1883.76
2024-01-14 19:39:08 Loss: 0.000017256589939, Fidelity: 0.999982743410061, 1410, 1897.20
2024-01-14 19:39:22 Loss: 0.000017048769228, Fidelity: 0.999982951230772, 1420, 1910.75
2024-01-14 19:39:35 Loss: 0.000016846841160, Fidelity: 0.999983153158840, 1430, 1924.36
2024-01-14 19:39:49 Loss: 0.000016670360360, Fidelity: 0.999983329639640, 1440, 1937.68
2024-01-14 19:40:02 Loss: 0.000016495518886, Fidelity: 0.999983504481114, 1450, 1950.90
2024-01-14 19:40:16 Loss: 0.000016309859084, Fidelity: 0.999983690140916, 1460, 1964.80
2024-01-14 19:40:30 Loss: 0.000016107477835, Fidelity: 0.999983892522165, 1470, 1979.08
2024-01-14 19:40:44 Loss: 0.000015928059570, Fidelity: 0.999984071940430, 1480, 1992.73
2024-01-14 19:40:57 Loss: 0.000015739969728, Fidelity: 0.999984260030272, 1490, 2006.30
2024-01-14 19:41:10 Loss: 0.000015536581948, Fidelity: 0.999984463418052, 1500, 2019.04
2024-01-14 19:41:24 Loss: 0.000015316530454, Fidelity: 0.999984683469546, 1510, 2032.50
2024-01-14 19:41:37 Loss: 0.000015143572085, Fidelity: 0.999984856427915, 1520, 2045.61
2024-01-14 19:41:50 Loss: 0.000014961207315, Fidelity: 0.999985038792685, 1530, 2059.08
2024-01-14 19:42:04 Loss: 0.000014784214831, Fidelity: 0.999985215785169, 1540, 2072.70
2024-01-14 19:42:17 Loss: 0.000014642066258, Fidelity: 0.999985357933742, 1550, 2086.13
2024-01-14 19:42:32 Loss: 0.000014492128676, Fidelity: 0.999985507871324, 1560, 2100.48
2024-01-14 19:42:45 Loss: 0.000014333554687, Fidelity: 0.999985666445313, 1570, 2114.28
2024-01-14 19:42:59 Loss: 0.000014168778175, Fidelity: 0.999985831221825, 1580, 2128.11
2024-01-14 19:43:13 Loss: 0.000013999675096, Fidelity: 0.999986000324904, 1590, 2141.76
2024-01-14 19:43:26 Loss: 0.000013838602747, Fidelity: 0.999986161397253, 1600, 2155.27
2024-01-14 19:43:40 Loss: 0.000013681817231, Fidelity: 0.999986318182769, 1610, 2169.09
2024-01-14 19:43:53 Loss: 0.000013525475303, Fidelity: 0.999986474524697, 1620, 2182.32
2024-01-14 19:44:07 Loss: 0.000013359644102, Fidelity: 0.999986640355898, 1630, 2195.95
2024-01-14 19:44:21 Loss: 0.000013198000349, Fidelity: 0.999986801999651, 1640, 2209.91
2024-01-14 19:44:35 Loss: 0.000013046242020, Fidelity: 0.999986953757980, 1650, 2223.96
2024-01-14 19:44:48 Loss: 0.000012894928186, Fidelity: 0.999987105071814, 1660, 2237.40
2024-01-14 19:45:02 Loss: 0.000012737788386, Fidelity: 0.999987262211614, 1670, 2250.84
2024-01-14 19:45:15 Loss: 0.000012575413984, Fidelity: 0.999987424586016, 1680, 2264.19
2024-01-14 19:45:29 Loss: 0.000012422542699, Fidelity: 0.999987577457301, 1690, 2277.53
2024-01-14 19:45:43 Loss: 0.000012280286274, Fidelity: 0.999987719713726, 1700, 2291.91
2024-01-14 19:45:57 Loss: 0.000012153920718, Fidelity: 0.999987846079282, 1710, 2305.53
2024-01-14 19:46:10 Loss: 0.000012031171168, Fidelity: 0.999987968828832, 1720, 2318.91
2024-01-14 19:46:25 Loss: 0.000011898728738, Fidelity: 0.999988101271262, 1730, 2333.45
2024-01-14 19:46:38 Loss: 0.000011762182498, Fidelity: 0.999988237817502, 1740, 2346.54
2024-01-14 19:46:51 Loss: 0.000011614045673, Fidelity: 0.999988385954327, 1750, 2359.78
2024-01-14 19:47:05 Loss: 0.000011488046929, Fidelity: 0.999988511953071, 1760, 2373.62
2024-01-14 19:47:19 Loss: 0.000011383982941, Fidelity: 0.999988616017059, 1770, 2387.94
2024-01-14 19:47:33 Loss: 0.000011284485592, Fidelity: 0.999988715514408, 1780, 2401.47
2024-01-14 19:47:46 Loss: 0.000011164789157, Fidelity: 0.999988835210843, 1790, 2414.95
2024-01-14 19:47:59 Loss: 0.000011043154863, Fidelity: 0.999988956845137, 1800, 2427.91
2024-01-14 19:48:12 Loss: 0.000010942083996, Fidelity: 0.999989057916004, 1810, 2440.54
2024-01-14 19:48:25 Loss: 0.000010827977639, Fidelity: 0.999989172022361, 1820, 2454.31
2024-01-14 19:48:39 Loss: 0.000010724202422, Fidelity: 0.999989275797578, 1830, 2468.01
2024-01-14 19:48:52 Loss: 0.000010615258339, Fidelity: 0.999989384741661, 1840, 2481.43
2024-01-14 19:49:06 Loss: 0.000010516094491, Fidelity: 0.999989483905509, 1850, 2494.86
2024-01-14 19:49:19 Loss: 0.000010414269971, Fidelity: 0.999989585730029, 1860, 2508.03
2024-01-14 19:49:33 Loss: 0.000010299749923, Fidelity: 0.999989700250077, 1870, 2521.55
2024-01-14 19:49:46 Loss: 0.000010200376001, Fidelity: 0.999989799623999, 1880, 2535.03
2024-01-14 19:49:59 Loss: 0.000010097334046, Fidelity: 0.999989902665954, 1890, 2548.24
2024-01-14 19:50:13 Loss: 0.000010008957560, Fidelity: 0.999989991042440, 1900, 2562.12
2024-01-14 19:50:27 Loss: 0.000009912747909, Fidelity: 0.999990087252091, 1910, 2575.61
2024-01-14 19:50:40 Loss: 0.000009826225266, Fidelity: 0.999990173774734, 1920, 2588.96
2024-01-14 19:50:54 Loss: 0.000009737533041, Fidelity: 0.999990262466959, 1930, 2602.79
2024-01-14 19:51:08 Loss: 0.000009649232580, Fidelity: 0.999990350767420, 1940, 2616.45
2024-01-14 19:51:21 Loss: 0.000009555854607, Fidelity: 0.999990444145393, 1950, 2629.89
2024-01-14 19:51:35 Loss: 0.000009470712820, Fidelity: 0.999990529287180, 1960, 2643.65
2024-01-14 19:51:48 Loss: 0.000009376354069, Fidelity: 0.999990623645931, 1970, 2656.86
2024-01-14 19:52:01 Loss: 0.000009280039877, Fidelity: 0.999990719960123, 1980, 2670.22
2024-01-14 19:52:15 Loss: 0.000009183961122, Fidelity: 0.999990816038878, 1990, 2683.66
2024-01-14 19:52:29 Loss: 0.000009101127870, Fidelity: 0.999990898872130, 2000, 2697.51
2024-01-14 19:52:43 Loss: 0.000009018701649, Fidelity: 0.999990981298351, 2010, 2711.64
2024-01-14 19:52:56 Loss: 0.000008923382860, Fidelity: 0.999991076617140, 2020, 2725.27
2024-01-14 19:53:10 Loss: 0.000008847567908, Fidelity: 0.999991152432092, 2030, 2738.89
2024-01-14 19:53:23 Loss: 0.000008769287411, Fidelity: 0.999991230712589, 2040, 2751.79
2024-01-14 19:53:36 Loss: 0.000008677196319, Fidelity: 0.999991322803681, 2050, 2764.65
2024-01-14 19:53:49 Loss: 0.000008591470210, Fidelity: 0.999991408529790, 2060, 2778.06
2024-01-14 19:54:03 Loss: 0.000008504502946, Fidelity: 0.999991495497054, 2070, 2791.84
2024-01-14 19:54:16 Loss: 0.000008426283564, Fidelity: 0.999991573716436, 2080, 2805.36
2024-01-14 19:54:30 Loss: 0.000008343761699, Fidelity: 0.999991656238301, 2090, 2818.99
2024-01-14 19:54:44 Loss: 0.000008262082348, Fidelity: 0.999991737917652, 2100, 2832.84
2024-01-14 19:54:57 Loss: 0.000008160062162, Fidelity: 0.999991839937838, 2110, 2846.36
2024-01-14 19:55:11 Loss: 0.000008048022179, Fidelity: 0.999991951977821, 2120, 2859.80
2024-01-14 19:55:25 Loss: 0.000007952535438, Fidelity: 0.999992047464562, 2130, 2873.45
2024-01-14 19:55:38 Loss: 0.000007833777713, Fidelity: 0.999992166222287, 2140, 2886.73
2024-01-14 19:55:51 Loss: 0.000007736445172, Fidelity: 0.999992263554828, 2150, 2899.86
2024-01-14 19:56:04 Loss: 0.000007630786081, Fidelity: 0.999992369213919, 2160, 2912.92
2024-01-14 19:56:17 Loss: 0.000007531867449, Fidelity: 0.999992468132551, 2170, 2926.36
2024-01-14 19:56:31 Loss: 0.000007449657344, Fidelity: 0.999992550342656, 2180, 2939.76
2024-01-14 19:56:45 Loss: 0.000007358301422, Fidelity: 0.999992641698578, 2190, 2953.51
2024-01-14 19:56:58 Loss: 0.000007270094179, Fidelity: 0.999992729905821, 2200, 2966.77
2024-01-14 19:57:12 Loss: 0.000007181189900, Fidelity: 0.999992818810100, 2210, 2980.48
2024-01-14 19:57:25 Loss: 0.000007091281390, Fidelity: 0.999992908718610, 2220, 2994.26
2024-01-14 19:57:39 Loss: 0.000007001742598, Fidelity: 0.999992998257402, 2230, 3007.86
2024-01-14 19:57:52 Loss: 0.000006921614992, Fidelity: 0.999993078385008, 2240, 3021.30
2024-01-14 19:58:06 Loss: 0.000006842296149, Fidelity: 0.999993157703851, 2250, 3034.78
2024-01-14 19:58:19 Loss: 0.000006766941940, Fidelity: 0.999993233058060, 2260, 3047.86
2024-01-14 19:58:32 Loss: 0.000006671078468, Fidelity: 0.999993328921532, 2270, 3061.37
2024-01-14 19:58:46 Loss: 0.000006592232378, Fidelity: 0.999993407767622, 2280, 3074.76
2024-01-14 19:58:59 Loss: 0.000006524223560, Fidelity: 0.999993475776440, 2290, 3087.57
2024-01-14 19:59:12 Loss: 0.000006459652808, Fidelity: 0.999993540347192, 2300, 3100.75
2024-01-14 19:59:25 Loss: 0.000006378744807, Fidelity: 0.999993621255193, 2310, 3114.31
2024-01-14 19:59:39 Loss: 0.000006310308985, Fidelity: 0.999993689691015, 2320, 3128.15
2024-01-14 19:59:53 Loss: 0.000006253141228, Fidelity: 0.999993746858772, 2330, 3141.47
2024-01-14 20:00:06 Loss: 0.000006185713262, Fidelity: 0.999993814286738, 2340, 3154.87
2024-01-14 20:00:19 Loss: 0.000006111502914, Fidelity: 0.999993888497086, 2350, 3167.98
2024-01-14 20:00:32 Loss: 0.000006044879900, Fidelity: 0.999993955120100, 2360, 3181.31
2024-01-14 20:00:46 Loss: 0.000005989887900, Fidelity: 0.999994010112100, 2370, 3194.71
2024-01-14 20:01:00 Loss: 0.000005940140892, Fidelity: 0.999994059859108, 2380, 3208.84
2024-01-14 20:01:14 Loss: 0.000005876080185, Fidelity: 0.999994123919815, 2390, 3222.78
2024-01-14 20:01:27 Loss: 0.000005811391615, Fidelity: 0.999994188608385, 2400, 3236.22
2024-01-14 20:01:41 Loss: 0.000005743114478, Fidelity: 0.999994256885522, 2410, 3250.05
2024-01-14 20:01:55 Loss: 0.000005687916097, Fidelity: 0.999994312083903, 2420, 3263.75
2024-01-14 20:02:09 Loss: 0.000005619763166, Fidelity: 0.999994380236834, 2430, 3277.79
2024-01-14 20:02:22 Loss: 0.000005553172045, Fidelity: 0.999994446827955, 2440, 3290.94
2024-01-14 20:02:35 Loss: 0.000005493914899, Fidelity: 0.999994506085101, 2450, 3304.22
2024-01-14 20:02:49 Loss: 0.000005446234601, Fidelity: 0.999994553765399, 2460, 3318.01
2024-01-14 20:03:02 Loss: 0.000005388736205, Fidelity: 0.999994611263795, 2470, 3331.41
2024-01-14 20:03:16 Loss: 0.000005333915203, Fidelity: 0.999994666084797, 2480, 3344.70
2024-01-14 20:03:29 Loss: 0.000005262361114, Fidelity: 0.999994737638886, 2490, 3358.28
2024-01-14 20:03:43 Loss: 0.000005213085745, Fidelity: 0.999994786914255, 2500, 3372.06
2024-01-14 20:03:57 Loss: 0.000005154950678, Fidelity: 0.999994845049322, 2510, 3386.20
2024-01-14 20:04:11 Loss: 0.000005090254454, Fidelity: 0.999994909745546, 2520, 3400.12
2024-01-14 20:04:25 Loss: 0.000005050236717, Fidelity: 0.999994949763283, 2530, 3413.87
2024-01-14 20:04:39 Loss: 0.000005007108489, Fidelity: 0.999994992891511, 2540, 3427.52
2024-01-14 20:04:52 Loss: 0.000004947502917, Fidelity: 0.999995052497083, 2550, 3440.89
2024-01-14 20:05:06 Loss: 0.000004899329570, Fidelity: 0.999995100670430, 2560, 3454.71
2024-01-14 20:05:19 Loss: 0.000004859636463, Fidelity: 0.999995140363537, 2570, 3468.25
2024-01-14 20:05:32 Loss: 0.000004804152953, Fidelity: 0.999995195847047, 2580, 3480.65
2024-01-14 20:05:45 Loss: 0.000004746555481, Fidelity: 0.999995253444519, 2590, 3494.31
2024-01-14 20:06:00 Loss: 0.000004696240793, Fidelity: 0.999995303759207, 2600, 3508.95
2024-01-14 20:06:14 Loss: 0.000004654852437, Fidelity: 0.999995345147563, 2610, 3522.55
2024-01-14 20:06:27 Loss: 0.000004605825617, Fidelity: 0.999995394174383, 2620, 3535.61
2024-01-14 20:06:41 Loss: 0.000004540880974, Fidelity: 0.999995459119026, 2630, 3549.65
2024-01-14 20:06:54 Loss: 0.000004498991667, Fidelity: 0.999995501008333, 2640, 3562.89
2024-01-14 20:07:07 Loss: 0.000004452839479, Fidelity: 0.999995547160521, 2650, 3575.72
2024-01-14 20:07:20 Loss: 0.000004401491445, Fidelity: 0.999995598508555, 2660, 3589.08
2024-01-14 20:07:34 Loss: 0.000004372654217, Fidelity: 0.999995627345783, 2670, 3602.67
2024-01-14 20:07:47 Loss: 0.000004330870499, Fidelity: 0.999995669129501, 2680, 3616.01
2024-01-14 20:08:01 Loss: 0.000004279481586, Fidelity: 0.999995720518414, 2690, 3629.50
2024-01-14 20:08:14 Loss: 0.000004236391518, Fidelity: 0.999995763608482, 2700, 3643.11
2024-01-14 20:08:28 Loss: 0.000004207492946, Fidelity: 0.999995792507054, 2710, 3657.06
2024-01-14 20:08:42 Loss: 0.000004163901276, Fidelity: 0.999995836098724, 2720, 3670.99
2024-01-14 20:08:56 Loss: 0.000004110740178, Fidelity: 0.999995889259822, 2730, 3684.51
2024-01-14 20:09:10 Loss: 0.000004081996628, Fidelity: 0.999995918003372, 2740, 3698.59
2024-01-14 20:09:23 Loss: 0.000004053310232, Fidelity: 0.999995946689768, 2750, 3711.99
2024-01-14 20:09:36 Loss: 0.000004008360687, Fidelity: 0.999995991639313, 2760, 3725.43
2024-01-14 20:09:50 Loss: 0.000003970421152, Fidelity: 0.999996029578848, 2770, 3738.79
2024-01-14 20:10:03 Loss: 0.000003937961053, Fidelity: 0.999996062038947, 2780, 3752.35
2024-01-14 20:10:18 Loss: 0.000003894814768, Fidelity: 0.999996105185232, 2790, 3766.70
2024-01-14 20:10:31 Loss: 0.000003840555187, Fidelity: 0.999996159444813, 2800, 3779.51
2024-01-14 20:10:44 Loss: 0.000003790891204, Fidelity: 0.999996209108796, 2810, 3792.57
2024-01-14 20:10:57 Loss: 0.000003759607149, Fidelity: 0.999996240392851, 2820, 3805.72
2024-01-14 20:11:10 Loss: 0.000003719367168, Fidelity: 0.999996280632832, 2830, 3819.16
2024-01-14 20:11:24 Loss: 0.000003680932662, Fidelity: 0.999996319067338, 2840, 3832.86
2024-01-14 20:11:37 Loss: 0.000003653755990, Fidelity: 0.999996346244010, 2850, 3846.37
2024-01-14 20:11:51 Loss: 0.000003617220770, Fidelity: 0.999996382779230, 2860, 3859.98
2024-01-14 20:12:05 Loss: 0.000003570961461, Fidelity: 0.999996429038539, 2870, 3873.57
2024-01-14 20:12:18 Loss: 0.000003533636212, Fidelity: 0.999996466363788, 2880, 3886.70
2024-01-14 20:12:32 Loss: 0.000003512642931, Fidelity: 0.999996487357069, 2890, 3900.52
2024-01-14 20:12:45 Loss: 0.000003475903599, Fidelity: 0.999996524096401, 2900, 3914.11
2024-01-14 20:12:59 Loss: 0.000003451979645, Fidelity: 0.999996548020355, 2910, 3927.71
2024-01-14 20:13:12 Loss: 0.000003421378358, Fidelity: 0.999996578621642, 2920, 3941.00
2024-01-14 20:13:26 Loss: 0.000003378065814, Fidelity: 0.999996621934186, 2930, 3954.50
2024-01-14 20:13:39 Loss: 0.000003358945266, Fidelity: 0.999996641054734, 2940, 3967.54
2024-01-14 20:13:52 Loss: 0.000003323245352, Fidelity: 0.999996676754648, 2950, 3980.55
2024-01-14 20:14:06 Loss: 0.000003281640488, Fidelity: 0.999996718359512, 2960, 3994.90
2024-01-14 20:14:19 Loss: 0.000003243905524, Fidelity: 0.999996756094476, 2970, 4008.09
2024-01-14 20:14:32 Loss: 0.000003217309330, Fidelity: 0.999996782690670, 2980, 4020.57
2024-01-14 20:14:45 Loss: 0.000003181850625, Fidelity: 0.999996818149375, 2990, 4033.87
2024-01-14 20:14:58 Loss: 0.000003148613388, Fidelity: 0.999996851386612, 3000, 4047.31
2024-01-14 20:15:11 Loss: 0.000003126610446, Fidelity: 0.999996873389554, 3010, 4060.29
2024-01-14 20:15:25 Loss: 0.000003084219189, Fidelity: 0.999996915780811, 3020, 4073.46
2024-01-14 20:15:38 Loss: 0.000003060703628, Fidelity: 0.999996939296372, 3030, 4086.62
2024-01-14 20:15:51 Loss: 0.000003039179012, Fidelity: 0.999996960820988, 3040, 4100.28
2024-01-14 20:16:05 Loss: 0.000003005516008, Fidelity: 0.999996994483992, 3050, 4114.09
2024-01-14 20:16:19 Loss: 0.000002981664081, Fidelity: 0.999997018335919, 3060, 4128.01
2024-01-14 20:16:33 Loss: 0.000002967965078, Fidelity: 0.999997032034922, 3070, 4142.35
2024-01-14 20:16:48 Loss: 0.000002940063997, Fidelity: 0.999997059936003, 3080, 4156.63
2024-01-14 20:17:01 Loss: 0.000002915160533, Fidelity: 0.999997084839467, 3090, 4170.26
2024-01-14 20:17:15 Loss: 0.000002894891838, Fidelity: 0.999997105108162, 3100, 4183.77
2024-01-14 20:17:28 Loss: 0.000002862320846, Fidelity: 0.999997137679154, 3110, 4197.16
2024-01-14 20:17:41 Loss: 0.000002826093777, Fidelity: 0.999997173906223, 3120, 4210.16
2024-01-14 20:17:55 Loss: 0.000002808504523, Fidelity: 0.999997191495477, 3130, 4224.40
2024-01-14 20:18:10 Loss: 0.000002789213413, Fidelity: 0.999997210786587, 3140, 4238.51
2024-01-14 20:18:23 Loss: 0.000002759554901, Fidelity: 0.999997240445099, 3150, 4252.40
2024-01-14 20:18:37 Loss: 0.000002746397697, Fidelity: 0.999997253602303, 3160, 4266.35
2024-01-14 20:18:51 Loss: 0.000002724747639, Fidelity: 0.999997275252361, 3170, 4279.91
2024-01-14 20:19:05 Loss: 0.000002696711909, Fidelity: 0.999997303288091, 3180, 4293.50
2024-01-14 20:19:19 Loss: 0.000002681222712, Fidelity: 0.999997318777288, 3190, 4308.05
2024-01-14 20:19:32 Loss: 0.000002665625441, Fidelity: 0.999997334374559, 3200, 4321.41
2024-01-14 20:19:46 Loss: 0.000002638661229, Fidelity: 0.999997361338771, 3210, 4335.30
2024-01-14 20:20:00 Loss: 0.000002619495237, Fidelity: 0.999997380504763, 3220, 4349.39
2024-01-14 20:20:13 Loss: 0.000002607939648, Fidelity: 0.999997392060352, 3230, 4362.28
2024-01-14 20:20:27 Loss: 0.000002586051863, Fidelity: 0.999997413948137, 3240, 4375.68
2024-01-14 20:20:41 Loss: 0.000002564330037, Fidelity: 0.999997435669963, 3250, 4389.69
2024-01-14 20:20:54 Loss: 0.000002553795674, Fidelity: 0.999997446204326, 3260, 4402.70
2024-01-14 20:21:07 Loss: 0.000002530549311, Fidelity: 0.999997469450689, 3270, 4415.71
2024-01-14 20:21:19 Loss: 0.000002501486459, Fidelity: 0.999997498513541, 3280, 4428.44
2024-01-14 20:21:33 Loss: 0.000002486702271, Fidelity: 0.999997513297729, 3290, 4442.11
2024-01-14 20:21:47 Loss: 0.000002466104456, Fidelity: 0.999997533895544, 3300, 4456.08
2024-01-14 20:22:01 Loss: 0.000002437928912, Fidelity: 0.999997562071088, 3310, 4469.57
2024-01-14 20:22:14 Loss: 0.000002420835639, Fidelity: 0.999997579164361, 3320, 4483.11
2024-01-14 20:22:27 Loss: 0.000002404267180, Fidelity: 0.999997595732820, 3330, 4496.37
2024-01-14 20:22:41 Loss: 0.000002374778383, Fidelity: 0.999997625221617, 3340, 4509.68
2024-01-14 20:22:54 Loss: 0.000002357772317, Fidelity: 0.999997642227683, 3350, 4522.57
2024-01-14 20:23:08 Loss: 0.000002343275184, Fidelity: 0.999997656724816, 3360, 4536.96
2024-01-14 20:23:22 Loss: 0.000002321564123, Fidelity: 0.999997678435877, 3370, 4550.52
2024-01-14 20:23:36 Loss: 0.000002302827733, Fidelity: 0.999997697172267, 3380, 4564.62
2024-01-14 20:23:50 Loss: 0.000002290937804, Fidelity: 0.999997709062196, 3390, 4578.66
2024-01-14 20:24:03 Loss: 0.000002266397502, Fidelity: 0.999997733602498, 3400, 4592.39
2024-01-14 20:24:17 Loss: 0.000002248417461, Fidelity: 0.999997751582539, 3410, 4606.17
2024-01-14 20:24:30 Loss: 0.000002231277835, Fidelity: 0.999997768722165, 3420, 4618.67
2024-01-14 20:24:43 Loss: 0.000002205243146, Fidelity: 0.999997794756854, 3430, 4631.86
2024-01-14 20:24:56 Loss: 0.000002190061792, Fidelity: 0.999997809938208, 3440, 4644.95
2024-01-14 20:25:09 Loss: 0.000002173275630, Fidelity: 0.999997826724370, 3450, 4658.27
2024-01-14 20:25:23 Loss: 0.000002148053157, Fidelity: 0.999997851946843, 3460, 4672.27
2024-01-14 20:25:37 Loss: 0.000002139469884, Fidelity: 0.999997860530116, 3470, 4686.08
2024-01-14 20:25:50 Loss: 0.000002118519840, Fidelity: 0.999997881480160, 3480, 4699.36
2024-01-14 20:26:04 Loss: 0.000002092850255, Fidelity: 0.999997907149745, 3490, 4712.90
2024-01-14 20:26:17 Loss: 0.000002082776627, Fidelity: 0.999997917223373, 3500, 4726.20
2024-01-14 20:26:31 Loss: 0.000002059798151, Fidelity: 0.999997940201849, 3510, 4739.84
2024-01-14 20:26:44 Loss: 0.000002036037315, Fidelity: 0.999997963962685, 3520, 4753.39
2024-01-14 20:26:58 Loss: 0.000002025941227, Fidelity: 0.999997974058773, 3530, 4766.98
2024-01-14 20:27:12 Loss: 0.000002002664924, Fidelity: 0.999997997335076, 3540, 4780.89
2024-01-14 20:27:26 Loss: 0.000001993264467, Fidelity: 0.999998006735533, 3550, 4794.75
2024-01-14 20:27:39 Loss: 0.000001976721646, Fidelity: 0.999998023278354, 3560, 4808.27
2024-01-14 20:27:53 Loss: 0.000001960303307, Fidelity: 0.999998039696693, 3570, 4821.56
2024-01-14 20:28:06 Loss: 0.000001954289238, Fidelity: 0.999998045710762, 3580, 4834.90
2024-01-14 20:28:19 Loss: 0.000001936156471, Fidelity: 0.999998063843529, 3590, 4848.07
2024-01-14 20:28:33 Loss: 0.000001921793810, Fidelity: 0.999998078206190, 3600, 4861.58
2024-01-14 20:28:46 Loss: 0.000001914764585, Fidelity: 0.999998085235415, 3610, 4875.18
2024-01-14 20:29:00 Loss: 0.000001894442370, Fidelity: 0.999998105557630, 3620, 4888.98
2024-01-14 20:29:14 Loss: 0.000001887854476, Fidelity: 0.999998112145524, 3630, 4902.56
2024-01-14 20:29:27 Loss: 0.000001871815752, Fidelity: 0.999998128184248, 3640, 4916.26
2024-01-14 20:29:40 Loss: 0.000001861967152, Fidelity: 0.999998138032848, 3650, 4929.24
2024-01-14 20:29:55 Loss: 0.000001848317046, Fidelity: 0.999998151682954, 3660, 4943.44
2024-01-14 20:30:08 Loss: 0.000001825742146, Fidelity: 0.999998174257854, 3670, 4956.77
2024-01-14 20:30:22 Loss: 0.000001819041599, Fidelity: 0.999998180958401, 3680, 4970.50
2024-01-14 20:30:35 Loss: 0.000001800428573, Fidelity: 0.999998199571427, 3690, 4983.86
2024-01-14 20:30:48 Loss: 0.000001783862027, Fidelity: 0.999998216137973, 3700, 4996.93
2024-01-14 20:31:01 Loss: 0.000001778020848, Fidelity: 0.999998221979152, 3710, 5010.17
2024-01-14 20:31:15 Loss: 0.000001760559779, Fidelity: 0.999998239440221, 3720, 5023.87
2024-01-14 20:31:29 Loss: 0.000001749751798, Fidelity: 0.999998250248202, 3730, 5037.82
2024-01-14 20:31:43 Loss: 0.000001735895454, Fidelity: 0.999998264104546, 3740, 5051.60
2024-01-14 20:31:56 Loss: 0.000001719688138, Fidelity: 0.999998280311862, 3750, 5065.40
2024-01-14 20:32:10 Loss: 0.000001714454680, Fidelity: 0.999998285545320, 3760, 5079.08
2024-01-14 20:32:24 Loss: 0.000001696679649, Fidelity: 0.999998303320351, 3770, 5092.50
2024-01-14 20:32:37 Loss: 0.000001687354291, Fidelity: 0.999998312645709, 3780, 5105.61
2024-01-14 20:32:51 Loss: 0.000001678468967, Fidelity: 0.999998321531033, 3790, 5119.46
2024-01-14 20:33:04 Loss: 0.000001661589200, Fidelity: 0.999998338410800, 3800, 5132.75
2024-01-14 20:33:17 Loss: 0.000001656677983, Fidelity: 0.999998343322017, 3810, 5146.00
2024-01-14 20:33:31 Loss: 0.000001643701393, Fidelity: 0.999998356298607, 3820, 5159.71
2024-01-14 20:33:44 Loss: 0.000001632195192, Fidelity: 0.999998367804808, 3830, 5173.35
2024-01-14 20:33:58 Loss: 0.000001625547322, Fidelity: 0.999998374452678, 3840, 5187.12
2024-01-14 20:34:11 Loss: 0.000001611305491, Fidelity: 0.999998388694509, 3850, 5200.35
2024-01-14 20:34:25 Loss: 0.000001602363288, Fidelity: 0.999998397636712, 3860, 5213.73
2024-01-14 20:34:38 Loss: 0.000001593622095, Fidelity: 0.999998406377905, 3870, 5227.05
2024-01-14 20:34:52 Loss: 0.000001577506415, Fidelity: 0.999998422493585, 3880, 5240.57
2024-01-14 20:35:03 Loss: 0.000001573321208, Fidelity: 0.999998426678792, 3890, 5252.15
2024-01-14 20:35:14 Loss: 0.000001560713563, Fidelity: 0.999998439286437, 3900, 5263.11
2024-01-14 20:35:25 Loss: 0.000001553717195, Fidelity: 0.999998446282805, 3910, 5274.13
2024-01-14 20:35:36 Loss: 0.000001545400101, Fidelity: 0.999998454599899, 3920, 5285.22
2024-01-14 20:35:47 Loss: 0.000001530660733, Fidelity: 0.999998469339267, 3930, 5296.32
2024-01-14 20:35:58 Loss: 0.000001525475974, Fidelity: 0.999998474524026, 3940, 5307.04
2024-01-14 20:36:09 Loss: 0.000001517213289, Fidelity: 0.999998482786711, 3950, 5317.78
2024-01-14 20:36:20 Loss: 0.000001506046573, Fidelity: 0.999998493953427, 3960, 5329.04
2024-01-14 20:36:31 Loss: 0.000001502259610, Fidelity: 0.999998497740390, 3970, 5339.97
2024-01-14 20:36:43 Loss: 0.000001489244729, Fidelity: 0.999998510755271, 3980, 5351.55
2024-01-14 20:36:54 Loss: 0.000001480297128, Fidelity: 0.999998519702872, 3990, 5362.50
2024-01-14 20:37:05 Loss: 0.000001472123760, Fidelity: 0.999998527876240, 4000, 5373.54
2024-01-14 20:37:16 Loss: 0.000001457030827, Fidelity: 0.999998542969173, 4010, 5384.78
2024-01-14 20:37:27 Loss: 0.000001452735064, Fidelity: 0.999998547264936, 4020, 5395.79
2024-01-14 20:37:38 Loss: 0.000001441721693, Fidelity: 0.999998558278307, 4030, 5406.69
2024-01-14 20:37:49 Loss: 0.000001430318827, Fidelity: 0.999998569681173, 4040, 5418.13
2024-01-14 20:38:00 Loss: 0.000001426172574, Fidelity: 0.999998573827426, 4050, 5429.17
2024-01-14 20:38:11 Loss: 0.000001412112879, Fidelity: 0.999998587887121, 4060, 5440.18
2024-01-14 20:38:23 Loss: 0.000001407799966, Fidelity: 0.999998592200034, 4070, 5451.60
2024-01-14 20:38:33 Loss: 0.000001394965942, Fidelity: 0.999998605034058, 4080, 5462.40
2024-01-14 20:38:44 Loss: 0.000001380798371, Fidelity: 0.999998619201629, 4090, 5473.28
2024-01-14 20:38:55 Loss: 0.000001377049198, Fidelity: 0.999998622950802, 4100, 5484.23
2024-01-14 20:39:06 Loss: 0.000001362751112, Fidelity: 0.999998637248888, 4110, 5495.25
2024-01-14 20:39:17 Loss: 0.000001357343766, Fidelity: 0.999998642656234, 4120, 5506.23
2024-01-14 20:39:28 Loss: 0.000001345947542, Fidelity: 0.999998654052458, 4130, 5517.38
2024-01-14 20:39:40 Loss: 0.000001338229644, Fidelity: 0.999998661770356, 4140, 5529.20
2024-01-14 20:39:51 Loss: 0.000001330933555, Fidelity: 0.999998669066445, 4150, 5540.33
2024-01-14 20:40:02 Loss: 0.000001319988545, Fidelity: 0.999998680011455, 4160, 5551.19
2024-01-14 20:40:13 Loss: 0.000001316105023, Fidelity: 0.999998683894977, 4170, 5561.98
2024-01-14 20:40:25 Loss: 0.000001307401385, Fidelity: 0.999998692598615, 4180, 5573.55
2024-01-14 20:40:35 Loss: 0.000001295287850, Fidelity: 0.999998704712150, 4190, 5584.40
2024-01-14 20:40:47 Loss: 0.000001291675769, Fidelity: 0.999998708324231, 4200, 5595.48
2024-01-14 20:40:58 Loss: 0.000001281525539, Fidelity: 0.999998718474461, 4210, 5606.70
2024-01-14 20:41:09 Loss: 0.000001277703804, Fidelity: 0.999998722296196, 4220, 5617.95
2024-01-14 20:41:20 Loss: 0.000001263094367, Fidelity: 0.999998736905633, 4230, 5628.88
2024-01-14 20:41:31 Loss: 0.000001259272098, Fidelity: 0.999998740727902, 4240, 5639.77
2024-01-14 20:41:42 Loss: 0.000001250432956, Fidelity: 0.999998749567044, 4250, 5651.09
2024-01-14 20:41:53 Loss: 0.000001241405067, Fidelity: 0.999998758594933, 4260, 5662.37
2024-01-14 20:42:04 Loss: 0.000001236393931, Fidelity: 0.999998763606069, 4270, 5673.27
2024-01-14 20:42:15 Loss: 0.000001225103768, Fidelity: 0.999998774896232, 4280, 5684.14
2024-01-14 20:42:26 Loss: 0.000001222434962, Fidelity: 0.999998777565038, 4290, 5695.34
2024-01-14 20:42:38 Loss: 0.000001210300062, Fidelity: 0.999998789699938, 4300, 5706.92
2024-01-14 20:42:49 Loss: 0.000001206173892, Fidelity: 0.999998793826108, 4310, 5717.84
2024-01-14 20:43:00 Loss: 0.000001193443784, Fidelity: 0.999998806556216, 4320, 5728.46
2024-01-14 20:43:10 Loss: 0.000001185477346, Fidelity: 0.999998814522654, 4330, 5739.29
2024-01-14 20:43:21 Loss: 0.000001178201788, Fidelity: 0.999998821798212, 4340, 5750.12
2024-01-14 20:43:32 Loss: 0.000001164291101, Fidelity: 0.999998835708899, 4350, 5761.06
2024-01-14 20:43:43 Loss: 0.000001160687221, Fidelity: 0.999998839312779, 4360, 5772.13
2024-01-14 20:43:54 Loss: 0.000001149305866, Fidelity: 0.999998850694134, 4370, 5783.11
2024-01-14 20:44:05 Loss: 0.000001146454265, Fidelity: 0.999998853545735, 4380, 5794.21
2024-01-14 20:44:16 Loss: 0.000001135651930, Fidelity: 0.999998864348070, 4390, 5805.24
2024-01-14 20:44:28 Loss: 0.000001132976526, Fidelity: 0.999998867023474, 4400, 5816.89
2024-01-14 20:44:39 Loss: 0.000001121868851, Fidelity: 0.999998878131149, 4410, 5827.75
2024-01-14 20:44:50 Loss: 0.000001117517747, Fidelity: 0.999998882482253, 4420, 5838.76
2024-01-14 20:45:00 Loss: 0.000001108912828, Fidelity: 0.999998891087172, 4430, 5849.40
2024-01-14 20:45:12 Loss: 0.000001100763798, Fidelity: 0.999998899236202, 4440, 5860.70
2024-01-14 20:45:23 Loss: 0.000001096445012, Fidelity: 0.999998903554988, 4450, 5871.67
2024-01-14 20:45:34 Loss: 0.000001083941771, Fidelity: 0.999998916058229, 4460, 5883.05
2024-01-14 20:45:46 Loss: 0.000001080958536, Fidelity: 0.999998919041464, 4470, 5894.65
2024-01-14 20:45:57 Loss: 0.000001069407502, Fidelity: 0.999998930592498, 4480, 5906.01
2024-01-14 20:46:08 Loss: 0.000001065622114, Fidelity: 0.999998934377886, 4490, 5917.04
2024-01-14 20:46:19 Loss: 0.000001056795930, Fidelity: 0.999998943204070, 4500, 5928.15
2024-01-14 20:46:30 Loss: 0.000001053661114, Fidelity: 0.999998946338886, 4510, 5939.37
2024-01-14 20:46:42 Loss: 0.000001042335284, Fidelity: 0.999998957664716, 4520, 5950.55
2024-01-14 20:46:53 Loss: 0.000001039827056, Fidelity: 0.999998960172944, 4530, 5961.97
2024-01-14 20:47:04 Loss: 0.000001027773604, Fidelity: 0.999998972226396, 4540, 5973.36
2024-01-14 20:47:15 Loss: 0.000001024386830, Fidelity: 0.999998975613170, 4550, 5984.41
2024-01-14 20:47:27 Loss: 0.000001014765166, Fidelity: 0.999998985234834, 4560, 5995.48
2024-01-14 20:47:38 Loss: 0.000001009405848, Fidelity: 0.999998990594152, 4570, 6006.53
2024-01-14 20:47:49 Loss: 0.000001003026684, Fidelity: 0.999998996973316, 4580, 6017.52
2024-01-14 20:48:00 Loss: 0.000000997184991, Fidelity: 0.999999002815009, 4590, 6028.55
2024-01-14 20:48:13 Loss: 0.000000991476739, Fidelity: 0.999999008523261, 4600, 6041.88
2024-01-14 20:48:25 Loss: 0.000000988560302, Fidelity: 0.999999011439698, 4610, 6054.19
2024-01-14 20:48:37 Loss: 0.000000977589501, Fidelity: 0.999999022410499, 4620, 6066.27
2024-01-14 20:48:49 Loss: 0.000000973610045, Fidelity: 0.999999026389955, 4630, 6077.84
2024-01-14 20:49:00 Loss: 0.000000963864394, Fidelity: 0.999999036135606, 4640, 6089.43
2024-01-14 20:49:12 Loss: 0.000000957107397, Fidelity: 0.999999042892603, 4650, 6100.84
2024-01-14 20:49:24 Loss: 0.000000950860132, Fidelity: 0.999999049139868, 4660, 6112.52
2024-01-14 20:49:36 Loss: 0.000000941457873, Fidelity: 0.999999058542127, 4670, 6124.49
2024-01-14 20:49:47 Loss: 0.000000936977361, Fidelity: 0.999999063022639, 4680, 6135.48
2024-01-14 20:49:58 Loss: 0.000000926613630, Fidelity: 0.999999073386370, 4690, 6146.52
2024-01-14 20:50:09 Loss: 0.000000922146882, Fidelity: 0.999999077853118, 4700, 6158.28
2024-01-14 20:50:21 Loss: 0.000000914056938, Fidelity: 0.999999085943062, 4710, 6169.57
2024-01-14 20:50:32 Loss: 0.000000908322743, Fidelity: 0.999999091677257, 4720, 6180.48
2024-01-14 20:50:43 Loss: 0.000000901011537, Fidelity: 0.999999098988463, 4730, 6191.59
2024-01-14 20:50:54 Loss: 0.000000896212067, Fidelity: 0.999999103787933, 4740, 6202.89
2024-01-14 20:51:05 Loss: 0.000000887872643, Fidelity: 0.999999112127357, 4750, 6214.05
2024-01-14 20:51:16 Loss: 0.000000883812319, Fidelity: 0.999999116187681, 4760, 6225.32
2024-01-14 20:51:28 Loss: 0.000000877384307, Fidelity: 0.999999122615693, 4770, 6236.64
2024-01-14 20:51:39 Loss: 0.000000873978276, Fidelity: 0.999999126021724, 4780, 6247.60
2024-01-14 20:51:50 Loss: 0.000000866814690, Fidelity: 0.999999133185310, 4790, 6259.42
2024-01-14 20:52:02 Loss: 0.000000863028365, Fidelity: 0.999999136971635, 4800, 6270.53
2024-01-14 20:52:13 Loss: 0.000000855184507, Fidelity: 0.999999144815493, 4810, 6281.76
2024-01-14 20:52:24 Loss: 0.000000852956594, Fidelity: 0.999999147043406, 4820, 6292.91
2024-01-14 20:52:35 Loss: 0.000000841426655, Fidelity: 0.999999158573345, 4830, 6303.69
2024-01-14 20:52:46 Loss: 0.000000839782801, Fidelity: 0.999999160217199, 4840, 6314.89
2024-01-14 20:52:57 Loss: 0.000000828697909, Fidelity: 0.999999171302091, 4850, 6325.85
2024-01-14 20:53:08 Loss: 0.000000827012588, Fidelity: 0.999999172987412, 4860, 6336.87
2024-01-14 20:53:19 Loss: 0.000000817364005, Fidelity: 0.999999182635995, 4870, 6347.65
2024-01-14 20:53:30 Loss: 0.000000814259598, Fidelity: 0.999999185740402, 4880, 6358.69
2024-01-14 20:53:41 Loss: 0.000000806649556, Fidelity: 0.999999193350444, 4890, 6369.60
2024-01-14 20:53:52 Loss: 0.000000803219165, Fidelity: 0.999999196780835, 4900, 6381.25
2024-01-14 20:54:04 Loss: 0.000000793975213, Fidelity: 0.999999206024787, 4910, 6392.45
2024-01-14 20:54:15 Loss: 0.000000790539328, Fidelity: 0.999999209460672, 4920, 6403.64
2024-01-14 20:54:26 Loss: 0.000000783930372, Fidelity: 0.999999216069628, 4930, 6414.86
2024-01-14 20:54:37 Loss: 0.000000778765456, Fidelity: 0.999999221234544, 4940, 6426.08
2024-01-14 20:54:48 Loss: 0.000000774896813, Fidelity: 0.999999225103187, 4950, 6437.09
2024-01-14 20:54:59 Loss: 0.000000768168132, Fidelity: 0.999999231831868, 4960, 6448.34
2024-01-14 20:55:11 Loss: 0.000000766538275, Fidelity: 0.999999233461725, 4970, 6459.76
2024-01-14 20:55:22 Loss: 0.000000757260949, Fidelity: 0.999999242739051, 4980, 6471.29
2024-01-14 20:55:34 Loss: 0.000000755543819, Fidelity: 0.999999244456181, 4990, 6482.58
2024-01-14 20:55:44 Loss: 0.000000745369984, Fidelity: 0.999999254630016, 5000, 6493.42
2024-01-14 20:55:56 Loss: 0.000000743319115, Fidelity: 0.999999256680885, 5010, 6504.49
2024-01-14 20:56:07 Loss: 0.000000732951543, Fidelity: 0.999999267048457, 5020, 6515.77
2024-01-14 20:56:18 Loss: 0.000000731392416, Fidelity: 0.999999268607584, 5030, 6526.71
2024-01-14 20:56:29 Loss: 0.000000722484713, Fidelity: 0.999999277515287, 5040, 6537.85
2024-01-14 20:56:40 Loss: 0.000000720347583, Fidelity: 0.999999279652417, 5050, 6548.64
2024-01-14 20:56:51 Loss: 0.000000712036484, Fidelity: 0.999999287963516, 5060, 6559.84
2024-01-14 20:57:02 Loss: 0.000000709906780, Fidelity: 0.999999290093220, 5070, 6571.25
2024-01-14 20:57:13 Loss: 0.000000702212462, Fidelity: 0.999999297787538, 5080, 6582.00
2024-01-14 20:57:24 Loss: 0.000000700855116, Fidelity: 0.999999299144884, 5090, 6593.16
2024-01-14 20:57:35 Loss: 0.000000692430231, Fidelity: 0.999999307569769, 5100, 6604.32
2024-01-14 20:57:46 Loss: 0.000000691218948, Fidelity: 0.999999308781052, 5110, 6615.38
2024-01-14 20:57:57 Loss: 0.000000682751011, Fidelity: 0.999999317248989, 5120, 6626.41
2024-01-14 20:58:09 Loss: 0.000000681471249, Fidelity: 0.999999318528751, 5130, 6637.72
2024-01-14 20:58:20 Loss: 0.000000674138672, Fidelity: 0.999999325861328, 5140, 6649.00
2024-01-14 20:58:31 Loss: 0.000000672452553, Fidelity: 0.999999327547447, 5150, 6659.83
2024-01-14 20:58:42 Loss: 0.000000666774819, Fidelity: 0.999999333225181, 5160, 6670.93
2024-01-14 20:58:53 Loss: 0.000000662633407, Fidelity: 0.999999337366593, 5170, 6682.22
2024-01-14 20:59:05 Loss: 0.000000659807418, Fidelity: 0.999999340192582, 5180, 6693.53
2024-01-14 20:59:16 Loss: 0.000000653783259, Fidelity: 0.999999346216741, 5190, 6704.68
2024-01-14 20:59:27 Loss: 0.000000652789751, Fidelity: 0.999999347210249, 5200, 6716.03
2024-01-14 20:59:39 Loss: 0.000000645790250, Fidelity: 0.999999354209750, 5210, 6727.46
2024-01-14 20:59:50 Loss: 0.000000644779236, Fidelity: 0.999999355220764, 5220, 6739.05
2024-01-14 21:00:01 Loss: 0.000000637523573, Fidelity: 0.999999362476427, 5230, 6750.21
2024-01-14 21:00:12 Loss: 0.000000636454407, Fidelity: 0.999999363545593, 5240, 6761.24
2024-01-14 21:00:23 Loss: 0.000000628002174, Fidelity: 0.999999371997826, 5250, 6772.26
2024-01-14 21:00:35 Loss: 0.000000626431962, Fidelity: 0.999999373568038, 5260, 6783.79
2024-01-14 21:00:46 Loss: 0.000000619154040, Fidelity: 0.999999380845960, 5270, 6794.96
2024-01-14 21:00:57 Loss: 0.000000618249127, Fidelity: 0.999999381750873, 5280, 6806.14
2024-01-14 21:01:08 Loss: 0.000000612415429, Fidelity: 0.999999387584571, 5290, 6817.40
2024-01-14 21:01:20 Loss: 0.000000609775618, Fidelity: 0.999999390224382, 5300, 6829.14
2024-01-14 21:01:31 Loss: 0.000000608121071, Fidelity: 0.999999391878929, 5310, 6840.19
2024-01-14 21:01:42 Loss: 0.000000601882539, Fidelity: 0.999999398117461, 5320, 6851.18
2024-01-14 21:01:53 Loss: 0.000000601067410, Fidelity: 0.999999398932590, 5330, 6862.25
2024-01-14 21:02:05 Loss: 0.000000594531486, Fidelity: 0.999999405468514, 5340, 6874.03
2024-01-14 21:02:16 Loss: 0.000000593518478, Fidelity: 0.999999406481522, 5350, 6885.11
2024-01-14 21:02:27 Loss: 0.000000586288108, Fidelity: 0.999999413711892, 5360, 6896.08
2024-01-14 21:02:38 Loss: 0.000000585335073, Fidelity: 0.999999414664927, 5370, 6907.44
2024-01-14 21:02:49 Loss: 0.000000578654125, Fidelity: 0.999999421345875, 5380, 6918.33
2024-01-14 21:03:01 Loss: 0.000000577494210, Fidelity: 0.999999422505790, 5390, 6929.69
2024-01-14 21:03:12 Loss: 0.000000569506081, Fidelity: 0.999999430493919, 5400, 6941.05
2024-01-14 21:03:24 Loss: 0.000000568019657, Fidelity: 0.999999431980343, 5410, 6952.59
2024-01-14 21:03:35 Loss: 0.000000562138250, Fidelity: 0.999999437861750, 5420, 6963.49
2024-01-14 21:03:46 Loss: 0.000000559142348, Fidelity: 0.999999440857652, 5430, 6974.68
2024-01-14 21:03:58 Loss: 0.000000554860265, Fidelity: 0.999999445139735, 5440, 6986.72
2024-01-14 21:04:09 Loss: 0.000000551310887, Fidelity: 0.999999448689113, 5450, 6997.68
2024-01-14 21:04:20 Loss: 0.000000548640614, Fidelity: 0.999999451359386, 5460, 7008.72
2024-01-14 21:04:31 Loss: 0.000000544168596, Fidelity: 0.999999455831404, 5470, 7019.79
2024-01-14 21:04:42 Loss: 0.000000541606068, Fidelity: 0.999999458393932, 5480, 7031.15
2024-01-14 21:04:54 Loss: 0.000000536425675, Fidelity: 0.999999463574325, 5490, 7042.71
2024-01-14 21:05:05 Loss: 0.000000534756098, Fidelity: 0.999999465243902, 5500, 7053.57
2024-01-14 21:05:16 Loss: 0.000000527982561, Fidelity: 0.999999472017439, 5510, 7065.16
2024-01-14 21:05:28 Loss: 0.000000526542490, Fidelity: 0.999999473457510, 5520, 7076.70
2024-01-14 21:05:39 Loss: 0.000000519456616, Fidelity: 0.999999480543384, 5530, 7087.57
2024-01-14 21:05:49 Loss: 0.000000518695665, Fidelity: 0.999999481304335, 5540, 7098.42
2024-01-14 21:06:00 Loss: 0.000000513099242, Fidelity: 0.999999486900758, 5550, 7109.36
2024-01-14 21:06:11 Loss: 0.000000512465834, Fidelity: 0.999999487534166, 5560, 7120.22
2024-01-14 21:06:22 Loss: 0.000000506646389, Fidelity: 0.999999493353611, 5570, 7131.14
2024-01-14 21:06:33 Loss: 0.000000505897029, Fidelity: 0.999999494102971, 5580, 7142.06
2024-01-14 21:06:45 Loss: 0.000000502285007, Fidelity: 0.999999497714993, 5590, 7153.75
2024-01-14 21:06:56 Loss: 0.000000498770730, Fidelity: 0.999999501229270, 5600, 7165.13
2024-01-14 21:07:07 Loss: 0.000000497790756, Fidelity: 0.999999502209244, 5610, 7176.41
2024-01-14 21:07:19 Loss: 0.000000493545757, Fidelity: 0.999999506454243, 5620, 7188.27
2024-01-14 21:07:31 Loss: 0.000000492361199, Fidelity: 0.999999507638801, 5630, 7199.60
2024-01-14 21:07:42 Loss: 0.000000486920129, Fidelity: 0.999999513079871, 5640, 7210.49
2024-01-14 21:07:53 Loss: 0.000000485672283, Fidelity: 0.999999514327717, 5650, 7221.47
2024-01-14 21:08:04 Loss: 0.000000479585087, Fidelity: 0.999999520414913, 5660, 7232.71
2024-01-14 21:08:15 Loss: 0.000000478564605, Fidelity: 0.999999521435395, 5670, 7244.13
2024-01-14 21:08:27 Loss: 0.000000473332220, Fidelity: 0.999999526667780, 5680, 7255.48
2024-01-14 21:08:37 Loss: 0.000000472814800, Fidelity: 0.999999527185200, 5690, 7266.43
2024-01-14 21:08:48 Loss: 0.000000468144223, Fidelity: 0.999999531855777, 5700, 7277.44
2024-01-14 21:09:00 Loss: 0.000000467414694, Fidelity: 0.999999532585306, 5710, 7288.88
2024-01-14 21:09:11 Loss: 0.000000463546697, Fidelity: 0.999999536453303, 5720, 7300.03
2024-01-14 21:09:22 Loss: 0.000000462297465, Fidelity: 0.999999537702535, 5730, 7311.11
2024-01-14 21:09:33 Loss: 0.000000460391745, Fidelity: 0.999999539608255, 5740, 7322.18
2024-01-14 21:09:45 Loss: 0.000000455568608, Fidelity: 0.999999544431392, 5750, 7333.56
2024-01-14 21:09:56 Loss: 0.000000454329249, Fidelity: 0.999999545670751, 5760, 7344.55
2024-01-14 21:10:07 Loss: 0.000000449302858, Fidelity: 0.999999550697142, 5770, 7356.42
2024-01-14 21:10:18 Loss: 0.000000448478055, Fidelity: 0.999999551521945, 5780, 7367.29
2024-01-14 21:10:30 Loss: 0.000000443520571, Fidelity: 0.999999556479429, 5790, 7378.48
2024-01-14 21:10:41 Loss: 0.000000442858390, Fidelity: 0.999999557141610, 5800, 7389.45
2024-01-14 21:10:52 Loss: 0.000000436769306, Fidelity: 0.999999563230694, 5810, 7400.86
2024-01-14 21:11:03 Loss: 0.000000436260267, Fidelity: 0.999999563739733, 5820, 7411.97
2024-01-14 21:11:15 Loss: 0.000000432006893, Fidelity: 0.999999567993107, 5830, 7423.53
2024-01-14 21:11:25 Loss: 0.000000430901943, Fidelity: 0.999999569098057, 5840, 7434.29
2024-01-14 21:11:36 Loss: 0.000000427462899, Fidelity: 0.999999572537101, 5850, 7445.24
2024-01-14 21:11:47 Loss: 0.000000425493105, Fidelity: 0.999999574506895, 5860, 7456.13
2024-01-14 21:11:58 Loss: 0.000000424703410, Fidelity: 0.999999575296590, 5870, 7467.25
2024-01-14 21:12:10 Loss: 0.000000420234434, Fidelity: 0.999999579765566, 5880, 7479.06
2024-01-14 21:12:21 Loss: 0.000000419463625, Fidelity: 0.999999580536375, 5890, 7489.85
2024-01-14 21:12:32 Loss: 0.000000414537465, Fidelity: 0.999999585462535, 5900, 7500.86
2024-01-14 21:12:43 Loss: 0.000000413940816, Fidelity: 0.999999586059184, 5910, 7511.94
2024-01-14 21:12:54 Loss: 0.000000409298724, Fidelity: 0.999999590701276, 5920, 7522.91
2024-01-14 21:13:05 Loss: 0.000000408592782, Fidelity: 0.999999591407218, 5930, 7533.80
2024-01-14 21:13:16 Loss: 0.000000404300979, Fidelity: 0.999999595699021, 5940, 7545.04
2024-01-14 21:13:28 Loss: 0.000000403067754, Fidelity: 0.999999596932246, 5950, 7556.45
2024-01-14 21:13:39 Loss: 0.000000398514027, Fidelity: 0.999999601485973, 5960, 7567.98
2024-01-14 21:13:50 Loss: 0.000000397349140, Fidelity: 0.999999602650860, 5970, 7578.74
2024-01-14 21:14:01 Loss: 0.000000394938950, Fidelity: 0.999999605061050, 5980, 7589.99
2024-01-14 21:14:13 Loss: 0.000000392199993, Fidelity: 0.999999607800007, 5990, 7601.72
2024-01-14 21:14:24 Loss: 0.000000391537002, Fidelity: 0.999999608462998, 6000, 7612.59
2024-01-14 21:14:35 Loss: 0.000000388351509, Fidelity: 0.999999611648491, 6010, 7623.61
2024-01-14 21:14:46 Loss: 0.000000385943708, Fidelity: 0.999999614056292, 6020, 7634.56
2024-01-14 21:14:57 Loss: 0.000000383978158, Fidelity: 0.999999616021842, 6030, 7645.80
2024-01-14 21:15:08 Loss: 0.000000381517312, Fidelity: 0.999999618482688, 6040, 7656.92
2024-01-14 21:15:19 Loss: 0.000000380614799, Fidelity: 0.999999619385201, 6050, 7668.02
2024-01-14 21:15:30 Loss: 0.000000376414248, Fidelity: 0.999999623585752, 6060, 7678.84
2024-01-14 21:15:41 Loss: 0.000000375986819, Fidelity: 0.999999624013181, 6070, 7689.69
2024-01-14 21:15:52 Loss: 0.000000371609678, Fidelity: 0.999999628390322, 6080, 7701.31
2024-01-14 21:16:03 Loss: 0.000000371241859, Fidelity: 0.999999628758141, 6090, 7712.38
2024-01-14 21:16:15 Loss: 0.000000367100163, Fidelity: 0.999999632899837, 6100, 7723.52
2024-01-14 21:16:26 Loss: 0.000000366344805, Fidelity: 0.999999633655195, 6110, 7734.74
2024-01-14 21:16:37 Loss: 0.000000363335082, Fidelity: 0.999999636664918, 6120, 7745.88
2024-01-14 21:16:48 Loss: 0.000000359885925, Fidelity: 0.999999640114075, 6130, 7756.62
2024-01-14 21:16:59 Loss: 0.000000359345893, Fidelity: 0.999999640654107, 6140, 7767.60
2024-01-14 21:17:10 Loss: 0.000000354875407, Fidelity: 0.999999645124593, 6150, 7778.82
2024-01-14 21:17:21 Loss: 0.000000354528429, Fidelity: 0.999999645471571, 6160, 7790.15
2024-01-14 21:17:32 Loss: 0.000000350388790, Fidelity: 0.999999649611210, 6170, 7801.03
2024-01-14 21:17:43 Loss: 0.000000349898336, Fidelity: 0.999999650101664, 6180, 7812.26
2024-01-14 21:17:55 Loss: 0.000000346273291, Fidelity: 0.999999653726709, 6190, 7823.57
2024-01-14 21:18:06 Loss: 0.000000344751730, Fidelity: 0.999999655248270, 6200, 7834.76
2024-01-14 21:18:17 Loss: 0.000000344290961, Fidelity: 0.999999655709039, 6210, 7845.76
2024-01-14 21:18:28 Loss: 0.000000339972616, Fidelity: 0.999999660027384, 6220, 7856.95
2024-01-14 21:18:40 Loss: 0.000000339595334, Fidelity: 0.999999660404666, 6230, 7868.46
2024-01-14 21:18:51 Loss: 0.000000335284009, Fidelity: 0.999999664715991, 6240, 7879.46
2024-01-14 21:19:02 Loss: 0.000000334645088, Fidelity: 0.999999665354912, 6250, 7890.52
2024-01-14 21:19:13 Loss: 0.000000332057022, Fidelity: 0.999999667942978, 6260, 7901.96
2024-01-14 21:19:24 Loss: 0.000000329414224, Fidelity: 0.999999670585776, 6270, 7913.31
2024-01-14 21:19:35 Loss: 0.000000329064228, Fidelity: 0.999999670935772, 6280, 7924.08
2024-01-14 21:19:46 Loss: 0.000000325851300, Fidelity: 0.999999674148700, 6290, 7935.12
2024-01-14 21:19:57 Loss: 0.000000325505940, Fidelity: 0.999999674494060, 6300, 7946.16
2024-01-14 21:20:09 Loss: 0.000000321591658, Fidelity: 0.999999678408342, 6310, 7957.62
2024-01-14 21:20:20 Loss: 0.000000320641369, Fidelity: 0.999999679358631, 6320, 7968.82
2024-01-14 21:20:31 Loss: 0.000000319233565, Fidelity: 0.999999680766435, 6330, 7979.84
2024-01-14 21:20:42 Loss: 0.000000315303063, Fidelity: 0.999999684696937, 6340, 7990.92
2024-01-14 21:20:53 Loss: 0.000000314891111, Fidelity: 0.999999685108889, 6350, 8001.62
2024-01-14 21:21:04 Loss: 0.000000311641426, Fidelity: 0.999999688358574, 6360, 8012.88
2024-01-14 21:21:15 Loss: 0.000000310050778, Fidelity: 0.999999689949222, 6370, 8024.26
2024-01-14 21:21:27 Loss: 0.000000309161661, Fidelity: 0.999999690838339, 6380, 8035.91
2024-01-14 21:21:39 Loss: 0.000000305221845, Fidelity: 0.999999694778155, 6390, 8047.45
2024-01-14 21:21:50 Loss: 0.000000304915462, Fidelity: 0.999999695084538, 6400, 8058.68
2024-01-14 21:22:01 Loss: 0.000000301154896, Fidelity: 0.999999698845104, 6410, 8069.62
2024-01-14 21:22:12 Loss: 0.000000300108081, Fidelity: 0.999999699891919, 6420, 8080.79
2024-01-14 21:22:23 Loss: 0.000000298904346, Fidelity: 0.999999701095654, 6430, 8091.86
2024-01-14 21:22:34 Loss: 0.000000295301287, Fidelity: 0.999999704698713, 6440, 8102.87
2024-01-14 21:22:45 Loss: 0.000000294975556, Fidelity: 0.999999705024444, 6450, 8113.98
2024-01-14 21:22:57 Loss: 0.000000290916648, Fidelity: 0.999999709083352, 6460, 8125.50
2024-01-14 21:23:08 Loss: 0.000000289950773, Fidelity: 0.999999710049227, 6470, 8136.48
2024-01-14 21:23:19 Loss: 0.000000289254081, Fidelity: 0.999999710745919, 6480, 8147.74
2024-01-14 21:23:30 Loss: 0.000000285679450, Fidelity: 0.999999714320550, 6490, 8158.99
2024-01-14 21:23:42 Loss: 0.000000285414379, Fidelity: 0.999999714585621, 6500, 8170.55
2024-01-14 21:23:53 Loss: 0.000000282513798, Fidelity: 0.999999717486202, 6510, 8181.67
2024-01-14 21:24:04 Loss: 0.000000281489591, Fidelity: 0.999999718510409, 6520, 8192.87
2024-01-14 21:24:15 Loss: 0.000000280956482, Fidelity: 0.999999719043518, 6530, 8204.28
2024-01-14 21:24:27 Loss: 0.000000277895570, Fidelity: 0.999999722104430, 6540, 8215.49
2024-01-14 21:24:38 Loss: 0.000000277603307, Fidelity: 0.999999722396693, 6550, 8226.60
2024-01-14 21:24:48 Loss: 0.000000274191440, Fidelity: 0.999999725808560, 6560, 8237.45
2024-01-14 21:25:00 Loss: 0.000000273083176, Fidelity: 0.999999726916824, 6570, 8248.81
2024-01-14 21:25:11 Loss: 0.000000272092409, Fidelity: 0.999999727907591, 6580, 8260.22
2024-01-14 21:25:23 Loss: 0.000000269154622, Fidelity: 0.999999730845378, 6590, 8271.86
2024-01-14 21:25:34 Loss: 0.000000268816835, Fidelity: 0.999999731183165, 6600, 8282.89
2024-01-14 21:25:45 Loss: 0.000000264741291, Fidelity: 0.999999735258709, 6610, 8293.98
2024-01-14 21:25:56 Loss: 0.000000264087639, Fidelity: 0.999999735912361, 6620, 8305.24
2024-01-14 21:26:08 Loss: 0.000000262990730, Fidelity: 0.999999737009270, 6630, 8316.48
2024-01-14 21:26:18 Loss: 0.000000260550265, Fidelity: 0.999999739449735, 6640, 8327.43
2024-01-14 21:26:30 Loss: 0.000000260318769, Fidelity: 0.999999739681231, 6650, 8338.55
2024-01-14 21:26:40 Loss: 0.000000257229895, Fidelity: 0.999999742770105, 6660, 8349.35
2024-01-14 21:26:52 Loss: 0.000000256359242, Fidelity: 0.999999743640758, 6670, 8360.55
2024-01-14 21:27:03 Loss: 0.000000254539382, Fidelity: 0.999999745460618, 6680, 8371.78
2024-01-14 21:27:14 Loss: 0.000000251442649, Fidelity: 0.999999748557351, 6690, 8382.75
2024-01-14 21:27:25 Loss: 0.000000250981699, Fidelity: 0.999999749018301, 6700, 8394.38
2024-01-14 21:27:37 Loss: 0.000000246896295, Fidelity: 0.999999753103705, 6710, 8405.59
2024-01-14 21:27:48 Loss: 0.000000246475942, Fidelity: 0.999999753524058, 6720, 8416.73
2024-01-14 21:27:59 Loss: 0.000000246042579, Fidelity: 0.999999753957421, 6730, 8428.08
2024-01-14 21:28:11 Loss: 0.000000241846470, Fidelity: 0.999999758153530, 6740, 8439.87
2024-01-14 21:28:22 Loss: 0.000000241384204, Fidelity: 0.999999758615796, 6750, 8450.87
2024-01-14 21:28:33 Loss: 0.000000238898327, Fidelity: 0.999999761101673, 6760, 8461.80
2024-01-14 21:28:44 Loss: 0.000000236401427, Fidelity: 0.999999763598573, 6770, 8472.69
2024-01-14 21:28:55 Loss: 0.000000236126242, Fidelity: 0.999999763873758, 6780, 8483.80
2024-01-14 21:29:06 Loss: 0.000000232070284, Fidelity: 0.999999767929716, 6790, 8495.06
2024-01-14 21:29:18 Loss: 0.000000231434307, Fidelity: 0.999999768565693, 6800, 8506.52
2024-01-14 21:29:29 Loss: 0.000000230880944, Fidelity: 0.999999769119056, 6810, 8517.62
2024-01-14 21:29:40 Loss: 0.000000227260760, Fidelity: 0.999999772739240, 6820, 8529.13
2024-01-14 21:29:52 Loss: 0.000000226927156, Fidelity: 0.999999773072844, 6830, 8540.89
2024-01-14 21:30:04 Loss: 0.000000226315113, Fidelity: 0.999999773684887, 6840, 8552.48
2024-01-14 21:30:15 Loss: 0.000000222891892, Fidelity: 0.999999777108108, 6850, 8563.84
2024-01-14 21:30:26 Loss: 0.000000222569866, Fidelity: 0.999999777430134, 6860, 8575.05
2024-01-14 21:30:37 Loss: 0.000000221105119, Fidelity: 0.999999778894881, 6870, 8586.19
2024-01-14 21:30:49 Loss: 0.000000218833946, Fidelity: 0.999999781166054, 6880, 8597.99
2024-01-14 21:31:00 Loss: 0.000000218520208, Fidelity: 0.999999781479792, 6890, 8609.09
2024-01-14 21:31:12 Loss: 0.000000215498711, Fidelity: 0.999999784501289, 6900, 8620.56
2024-01-14 21:31:23 Loss: 0.000000214890917, Fidelity: 0.999999785109083, 6910, 8631.90
2024-01-14 21:31:34 Loss: 0.000000214560449, Fidelity: 0.999999785439551, 6920, 8642.93
2024-01-14 21:31:45 Loss: 0.000000211815212, Fidelity: 0.999999788184788, 6930, 8654.00
2024-01-14 21:31:56 Loss: 0.000000211307587, Fidelity: 0.999999788692413, 6940, 8665.02
2024-01-14 21:32:07 Loss: 0.000000210928732, Fidelity: 0.999999789071268, 6950, 8676.13
2024-01-14 21:32:18 Loss: 0.000000207970843, Fidelity: 0.999999792029157, 6960, 8687.31
2024-01-14 21:32:30 Loss: 0.000000207480287, Fidelity: 0.999999792519713, 6970, 8698.81
2024-01-14 21:32:41 Loss: 0.000000206261727, Fidelity: 0.999999793738273, 6980, 8710.19
2024-01-14 21:32:53 Loss: 0.000000203204835, Fidelity: 0.999999796795165, 6990, 8721.51
2024-01-14 21:33:04 Loss: 0.000000203012774, Fidelity: 0.999999796987226, 7000, 8732.54
2024-01-14 21:33:15 Loss: 0.000000201302032, Fidelity: 0.999999798697968, 7010, 8743.77
2024-01-14 21:33:26 Loss: 0.000000199312318, Fidelity: 0.999999800687682, 7020, 8755.12
2024-01-14 21:33:38 Loss: 0.000000199051999, Fidelity: 0.999999800948001, 7030, 8766.68
2024-01-14 21:33:49 Loss: 0.000000195792176, Fidelity: 0.999999804207824, 7040, 8777.69
2024-01-14 21:34:00 Loss: 0.000000194857120, Fidelity: 0.999999805142880, 7050, 8788.83
2024-01-14 21:34:11 Loss: 0.000000194367689, Fidelity: 0.999999805632311, 7060, 8800.01
2024-01-14 21:34:21 Loss: 0.000000191888779, Fidelity: 0.999999808111221, 7070, 8810.12
2024-01-14 21:34:33 Loss: 0.000000190700467, Fidelity: 0.999999809299533, 7080, 8821.83
2024-01-14 21:34:44 Loss: 0.000000190496320, Fidelity: 0.999999809503680, 7090, 8833.00
2024-01-14 21:34:55 Loss: 0.000000187677402, Fidelity: 0.999999812322598, 7100, 8844.00
2024-01-14 21:35:06 Loss: 0.000000187143534, Fidelity: 0.999999812856466, 7110, 8855.14
2024-01-14 21:35:18 Loss: 0.000000186363726, Fidelity: 0.999999813636274, 7120, 8866.82
2024-01-14 21:35:30 Loss: 0.000000184168385, Fidelity: 0.999999815831615, 7130, 8878.45
2024-01-14 21:35:41 Loss: 0.000000183983884, Fidelity: 0.999999816016116, 7140, 8889.64
2024-01-14 21:35:52 Loss: 0.000000182084103, Fidelity: 0.999999817915897, 7150, 8900.77
2024-01-14 21:36:03 Loss: 0.000000180504458, Fidelity: 0.999999819495542, 7160, 8911.91
2024-01-14 21:36:14 Loss: 0.000000180285177, Fidelity: 0.999999819714823, 7170, 8923.45
2024-01-14 21:36:26 Loss: 0.000000177514614, Fidelity: 0.999999822485386, 7180, 8934.92
2024-01-14 21:36:37 Loss: 0.000000176490707, Fidelity: 0.999999823509293, 7190, 8945.77
2024-01-14 21:36:48 Loss: 0.000000176234540, Fidelity: 0.999999823765460, 7200, 8956.74
2024-01-14 21:36:59 Loss: 0.000000174535539, Fidelity: 0.999999825464461, 7210, 8967.66
2024-01-14 21:37:10 Loss: 0.000000173250653, Fidelity: 0.999999826749347, 7220, 8978.83
2024-01-14 21:37:22 Loss: 0.000000173010163, Fidelity: 0.999999826989837, 7230, 8990.73
2024-01-14 21:37:34 Loss: 0.000000170246470, Fidelity: 0.999999829753530, 7240, 9002.55
2024-01-14 21:37:45 Loss: 0.000000169743731, Fidelity: 0.999999830256269, 7250, 9013.91
2024-01-14 21:37:56 Loss: 0.000000169320415, Fidelity: 0.999999830679585, 7260, 9024.97
2024-01-14 21:38:07 Loss: 0.000000165802432, Fidelity: 0.999999834197568, 7270, 9035.92
2024-01-14 21:38:18 Loss: 0.000000165433240, Fidelity: 0.999999834566760, 7280, 9046.87
2024-01-14 21:38:29 Loss: 0.000000164677057, Fidelity: 0.999999835322943, 7290, 9058.02
2024-01-14 21:38:40 Loss: 0.000000162317985, Fidelity: 0.999999837682015, 7300, 9069.34
2024-01-14 21:38:52 Loss: 0.000000162156687, Fidelity: 0.999999837843313, 7310, 9080.60
2024-01-14 21:39:03 Loss: 0.000000161469740, Fidelity: 0.999999838530260, 7320, 9091.58
2024-01-14 21:39:14 Loss: 0.000000159015425, Fidelity: 0.999999840984575, 7330, 9102.87
2024-01-14 21:39:25 Loss: 0.000000158772289, Fidelity: 0.999999841227711, 7340, 9114.02
2024-01-14 21:39:36 Loss: 0.000000157820610, Fidelity: 0.999999842179390, 7350, 9125.29
2024-01-14 21:39:48 Loss: 0.000000155319770, Fidelity: 0.999999844680230, 7360, 9136.79
2024-01-14 21:39:59 Loss: 0.000000155129071, Fidelity: 0.999999844870929, 7370, 9148.24
2024-01-14 21:40:10 Loss: 0.000000154396136, Fidelity: 0.999999845603864, 7380, 9159.28
2024-01-14 21:40:21 Loss: 0.000000152055807, Fidelity: 0.999999847944193, 7390, 9170.36
2024-01-14 21:40:33 Loss: 0.000000151917825, Fidelity: 0.999999848082175, 7400, 9181.62
2024-01-14 21:40:44 Loss: 0.000000150388168, Fidelity: 0.999999849611832, 7410, 9192.96
2024-01-14 21:40:55 Loss: 0.000000148870997, Fidelity: 0.999999851129003, 7420, 9204.13
2024-01-14 21:41:07 Loss: 0.000000148656721, Fidelity: 0.999999851343279, 7430, 9215.82
2024-01-14 21:41:18 Loss: 0.000000148148791, Fidelity: 0.999999851851209, 7440, 9227.04
2024-01-14 21:41:29 Loss: 0.000000145684658, Fidelity: 0.999999854315342, 7450, 9238.08
2024-01-14 21:41:40 Loss: 0.000000145508964, Fidelity: 0.999999854491036, 7460, 9249.37
2024-01-14 21:41:52 Loss: 0.000000144161310, Fidelity: 0.999999855838690, 7470, 9260.98
2024-01-14 21:42:04 Loss: 0.000000141823650, Fidelity: 0.999999858176350, 7480, 9272.71
2024-01-14 21:42:15 Loss: 0.000000141694447, Fidelity: 0.999999858305553, 7490, 9283.89
2024-01-14 21:42:26 Loss: 0.000000141197771, Fidelity: 0.999999858802229, 7500, 9295.34
2024-01-14 21:42:38 Loss: 0.000000139418737, Fidelity: 0.999999860581263, 7510, 9306.60
2024-01-14 21:42:49 Loss: 0.000000139265861, Fidelity: 0.999999860734139, 7520, 9317.66
2024-01-14 21:43:00 Loss: 0.000000138763561, Fidelity: 0.999999861236439, 7530, 9328.90
2024-01-14 21:43:11 Loss: 0.000000136944833, Fidelity: 0.999999863055167, 7540, 9339.72
2024-01-14 21:43:22 Loss: 0.000000136790415, Fidelity: 0.999999863209585, 7550, 9351.07
2024-01-14 21:43:33 Loss: 0.000000135878514, Fidelity: 0.999999864121486, 7560, 9362.38
2024-01-14 21:43:45 Loss: 0.000000134173756, Fidelity: 0.999999865826244, 7570, 9373.45
2024-01-14 21:43:56 Loss: 0.000000134051722, Fidelity: 0.999999865948278, 7580, 9384.53
2024-01-14 21:44:07 Loss: 0.000000132886044, Fidelity: 0.999999867113956, 7590, 9395.75
2024-01-14 21:44:18 Loss: 0.000000131586355, Fidelity: 0.999999868413645, 7600, 9407.03
2024-01-14 21:44:29 Loss: 0.000000131229080, Fidelity: 0.999999868770920, 7610, 9418.12
2024-01-14 21:44:40 Loss: 0.000000131040256, Fidelity: 0.999999868959744, 7620, 9429.38
2024-01-14 21:44:52 Loss: 0.000000128873893, Fidelity: 0.999999871126107, 7630, 9440.81
2024-01-14 21:45:03 Loss: 0.000000128596782, Fidelity: 0.999999871403218, 7640, 9452.26
2024-01-14 21:45:15 Loss: 0.000000128246850, Fidelity: 0.999999871753150, 7650, 9464.16
2024-01-14 21:45:27 Loss: 0.000000126429711, Fidelity: 0.999999873570289, 7660, 9475.56
2024-01-14 21:45:38 Loss: 0.000000126255342, Fidelity: 0.999999873744658, 7670, 9486.48
2024-01-14 21:45:49 Loss: 0.000000125666232, Fidelity: 0.999999874333768, 7680, 9498.08
2024-01-14 21:46:01 Loss: 0.000000123764655, Fidelity: 0.999999876235345, 7690, 9509.59
2024-01-14 21:46:12 Loss: 0.000000123685000, Fidelity: 0.999999876315000, 7700, 9520.53
2024-01-14 21:46:23 Loss: 0.000000123178327, Fidelity: 0.999999876821673, 7710, 9531.75
2024-01-14 21:46:34 Loss: 0.000000121949198, Fidelity: 0.999999878050802, 7720, 9543.30
2024-01-14 21:46:46 Loss: 0.000000121774458, Fidelity: 0.999999878225542, 7730, 9555.02
2024-01-14 21:46:57 Loss: 0.000000121572667, Fidelity: 0.999999878427333, 7740, 9565.96
2024-01-14 21:47:08 Loss: 0.000000119699865, Fidelity: 0.999999880300135, 7750, 9577.21
2024-01-14 21:47:19 Loss: 0.000000119598048, Fidelity: 0.999999880401952, 7760, 9588.38
2024-01-14 21:47:31 Loss: 0.000000118544568, Fidelity: 0.999999881455432, 7770, 9599.53
2024-01-14 21:47:42 Loss: 0.000000117678332, Fidelity: 0.999999882321668, 7780, 9611.36
2024-01-14 21:47:54 Loss: 0.000000117453586, Fidelity: 0.999999882546414, 7790, 9622.49
2024-01-14 21:48:04 Loss: 0.000000115958729, Fidelity: 0.999999884041271, 7800, 9633.37
2024-01-14 21:48:15 Loss: 0.000000115852570, Fidelity: 0.999999884147430, 7810, 9644.40
2024-01-14 21:48:27 Loss: 0.000000115116572, Fidelity: 0.999999884883428, 7820, 9655.45
2024-01-14 21:48:38 Loss: 0.000000113926092, Fidelity: 0.999999886073908, 7830, 9666.60
2024-01-14 21:48:49 Loss: 0.000000113844271, Fidelity: 0.999999886155729, 7840, 9678.20
2024-01-14 21:49:00 Loss: 0.000000112619783, Fidelity: 0.999999887380217, 7850, 9689.27
2024-01-14 21:49:11 Loss: 0.000000111816015, Fidelity: 0.999999888183985, 7860, 9700.13
2024-01-14 21:49:22 Loss: 0.000000111668668, Fidelity: 0.999999888331332, 7870, 9711.37
2024-01-14 21:49:33 Loss: 0.000000110898344, Fidelity: 0.999999889101656, 7880, 9722.31
2024-01-14 21:49:45 Loss: 0.000000109612793, Fidelity: 0.999999890387207, 7890, 9733.77
2024-01-14 21:49:57 Loss: 0.000000109520939, Fidelity: 0.999999890479061, 7900, 9745.68
2024-01-14 21:50:08 Loss: 0.000000108264483, Fidelity: 0.999999891735517, 7910, 9756.62
2024-01-14 21:50:19 Loss: 0.000000108085998, Fidelity: 0.999999891914002, 7920, 9767.71
2024-01-14 21:50:30 Loss: 0.000000107780071, Fidelity: 0.999999892219929, 7930, 9778.67
2024-01-14 21:50:41 Loss: 0.000000106373464, Fidelity: 0.999999893626536, 7940, 9789.66
2024-01-14 21:50:52 Loss: 0.000000106298938, Fidelity: 0.999999893701062, 7950, 9800.65
2024-01-14 21:51:03 Loss: 0.000000105254182, Fidelity: 0.999999894745818, 7960, 9812.02
2024-01-14 21:51:14 Loss: 0.000000104453930, Fidelity: 0.999999895546070, 7970, 9823.25
2024-01-14 21:51:26 Loss: 0.000000104377045, Fidelity: 0.999999895622955, 7980, 9834.62
2024-01-14 21:51:37 Loss: 0.000000103472924, Fidelity: 0.999999896527076, 7990, 9845.60
2024-01-14 21:51:48 Loss: 0.000000102592754, Fidelity: 0.999999897407246, 8000, 9856.80
2024-01-14 21:51:59 Loss: 0.000000102535700, Fidelity: 0.999999897464300, 8010, 9867.96
2024-01-14 21:52:11 Loss: 0.000000101111614, Fidelity: 0.999999898888386, 8020, 9879.90
2024-01-14 21:52:22 Loss: 0.000000100631013, Fidelity: 0.999999899368987, 8030, 9891.26
2024-01-14 21:52:34 Loss: 0.000000100369575, Fidelity: 0.999999899630425, 8040, 9902.96
2024-01-14 21:52:46 Loss: 0.000000098821700, Fidelity: 0.999999901178300, 8050, 9914.55
2024-01-14 21:52:57 Loss: 0.000000098765429, Fidelity: 0.999999901234571, 8060, 9925.71
2024-01-14 21:53:08 Loss: 0.000000098133469, Fidelity: 0.999999901866531, 8070, 9936.73
2024-01-14 21:53:19 Loss: 0.000000097069306, Fidelity: 0.999999902930694, 8080, 9947.82
2024-01-14 21:53:30 Loss: 0.000000096936298, Fidelity: 0.999999903063702, 8090, 9959.34
2024-01-14 21:53:42 Loss: 0.000000096212710, Fidelity: 0.999999903787290, 8100, 9970.74
2024-01-14 21:53:53 Loss: 0.000000095101571, Fidelity: 0.999999904898429, 8110, 9981.94
2024-01-14 21:54:04 Loss: 0.000000095036669, Fidelity: 0.999999904963331, 8120, 9993.25
2024-01-14 21:54:15 Loss: 0.000000093625309, Fidelity: 0.999999906374691, 8130, 10004.22
2024-01-14 21:54:27 Loss: 0.000000093124982, Fidelity: 0.999999906875018, 8140, 10015.92
2024-01-14 21:54:38 Loss: 0.000000092936830, Fidelity: 0.999999907063170, 8150, 10027.31
2024-01-14 21:54:49 Loss: 0.000000091232802, Fidelity: 0.999999908767198, 8160, 10038.33
2024-01-14 21:55:00 Loss: 0.000000091137153, Fidelity: 0.999999908862847, 8170, 10049.43
2024-01-14 21:55:12 Loss: 0.000000090764855, Fidelity: 0.999999909235145, 8180, 10060.46
2024-01-14 21:55:22 Loss: 0.000000089648903, Fidelity: 0.999999910351097, 8190, 10071.36
2024-01-14 21:55:34 Loss: 0.000000089360826, Fidelity: 0.999999910639174, 8200, 10082.57
2024-01-14 21:55:45 Loss: 0.000000089156942, Fidelity: 0.999999910843058, 8210, 10094.05
2024-01-14 21:55:57 Loss: 0.000000087903974, Fidelity: 0.999999912096026, 8220, 10105.54
2024-01-14 21:56:08 Loss: 0.000000087850895, Fidelity: 0.999999912149105, 8230, 10117.23
2024-01-14 21:56:19 Loss: 0.000000086989313, Fidelity: 0.999999913010687, 8240, 10128.12
2024-01-14 21:56:30 Loss: 0.000000086274737, Fidelity: 0.999999913725263, 8250, 10139.11
2024-01-14 21:56:41 Loss: 0.000000086182210, Fidelity: 0.999999913817790, 8260, 10150.20
2024-01-14 21:56:52 Loss: 0.000000084875015, Fidelity: 0.999999915124985, 8270, 10161.24
2024-01-14 21:57:03 Loss: 0.000000084804035, Fidelity: 0.999999915195965, 8280, 10172.21
2024-01-14 21:57:14 Loss: 0.000000084298410, Fidelity: 0.999999915701590, 8290, 10183.34
2024-01-14 21:57:25 Loss: 0.000000083199038, Fidelity: 0.999999916800962, 8300, 10194.29
2024-01-14 21:57:36 Loss: 0.000000083138458, Fidelity: 0.999999916861542, 8310, 10205.30
2024-01-14 21:57:48 Loss: 0.000000082340841, Fidelity: 0.999999917659159, 8320, 10216.51
2024-01-14 21:57:59 Loss: 0.000000080990308, Fidelity: 0.999999919009692, 8330, 10227.92
2024-01-14 21:58:10 Loss: 0.000000080935511, Fidelity: 0.999999919064489, 8340, 10238.73
2024-01-14 21:58:21 Loss: 0.000000079889210, Fidelity: 0.999999920110790, 8350, 10249.94
2024-01-14 21:58:33 Loss: 0.000000079087654, Fidelity: 0.999999920912346, 8360, 10261.61
2024-01-14 21:58:44 Loss: 0.000000079037379, Fidelity: 0.999999920962621, 8370, 10273.09
2024-01-14 21:58:55 Loss: 0.000000078606436, Fidelity: 0.999999921393564, 8380, 10284.08
2024-01-14 21:59:06 Loss: 0.000000077673839, Fidelity: 0.999999922326161, 8390, 10295.17
2024-01-14 21:59:17 Loss: 0.000000077479796, Fidelity: 0.999999922520204, 8400, 10306.36
2024-01-14 21:59:29 Loss: 0.000000077398257, Fidelity: 0.999999922601743, 8410, 10318.45
2024-01-14 21:59:41 Loss: 0.000000076139004, Fidelity: 0.999999923860996, 8420, 10329.49
2024-01-14 21:59:52 Loss: 0.000000075817534, Fidelity: 0.999999924182466, 8430, 10340.55
2024-01-14 22:00:03 Loss: 0.000000075683499, Fidelity: 0.999999924316501, 8440, 10351.47
2024-01-14 22:00:14 Loss: 0.000000074338398, Fidelity: 0.999999925661602, 8450, 10362.49
2024-01-14 22:00:25 Loss: 0.000000074170328, Fidelity: 0.999999925829672, 8460, 10373.78
2024-01-14 22:00:36 Loss: 0.000000074031183, Fidelity: 0.999999925968817, 8470, 10384.79
2024-01-14 22:00:47 Loss: 0.000000072697563, Fidelity: 0.999999927302437, 8480, 10396.06
2024-01-14 22:00:59 Loss: 0.000000072617705, Fidelity: 0.999999927382295, 8490, 10407.73
2024-01-14 22:01:10 Loss: 0.000000072418322, Fidelity: 0.999999927581678, 8500, 10418.87
2024-01-14 22:01:21 Loss: 0.000000071041349, Fidelity: 0.999999928958651, 8510, 10429.78
2024-01-14 22:01:32 Loss: 0.000000070821507, Fidelity: 0.999999929178493, 8520, 10441.04
2024-01-14 22:01:43 Loss: 0.000000070746199, Fidelity: 0.999999929253801, 8530, 10452.19
2024-01-14 22:01:55 Loss: 0.000000069477400, Fidelity: 0.999999930522600, 8540, 10463.77
2024-01-14 22:02:06 Loss: 0.000000069279153, Fidelity: 0.999999930720847, 8550, 10475.42
2024-01-14 22:02:18 Loss: 0.000000069168252, Fidelity: 0.999999930831748, 8560, 10486.70
2024-01-14 22:02:29 Loss: 0.000000068164804, Fidelity: 0.999999931835196, 8570, 10498.21
2024-01-14 22:02:41 Loss: 0.000000067937169, Fidelity: 0.999999932062831, 8580, 10509.46
2024-01-14 22:02:52 Loss: 0.000000067890463, Fidelity: 0.999999932109537, 8590, 10520.76
2024-01-14 22:03:03 Loss: 0.000000067400449, Fidelity: 0.999999932599551, 8600, 10532.32
2024-01-14 22:03:15 Loss: 0.000000066325811, Fidelity: 0.999999933674189, 8610, 10543.96
2024-01-14 22:03:27 Loss: 0.000000066279898, Fidelity: 0.999999933720102, 8620, 10555.48
2024-01-14 22:03:38 Loss: 0.000000065844335, Fidelity: 0.999999934155665, 8630, 10566.53
2024-01-14 22:03:49 Loss: 0.000000064881866, Fidelity: 0.999999935118134, 8640, 10577.66
2024-01-14 22:04:00 Loss: 0.000000064840968, Fidelity: 0.999999935159032, 8650, 10588.96
2024-01-14 22:04:11 Loss: 0.000000064546128, Fidelity: 0.999999935453872, 8660, 10599.90
2024-01-14 22:04:22 Loss: 0.000000063627669, Fidelity: 0.999999936372331, 8670, 10611.11
2024-01-14 22:04:33 Loss: 0.000000063564444, Fidelity: 0.999999936435556, 8680, 10622.07
2024-01-14 22:04:44 Loss: 0.000000063410120, Fidelity: 0.999999936589880, 8690, 10633.30
2024-01-14 22:04:56 Loss: 0.000000062312720, Fidelity: 0.999999937687280, 8700, 10644.58
2024-01-14 22:05:07 Loss: 0.000000062211805, Fidelity: 0.999999937788195, 8710, 10655.73
2024-01-14 22:05:18 Loss: 0.000000061976170, Fidelity: 0.999999938023830, 8720, 10666.79
2024-01-14 22:05:29 Loss: 0.000000060773998, Fidelity: 0.999999939226002, 8730, 10677.96
2024-01-14 22:05:40 Loss: 0.000000060677043, Fidelity: 0.999999939322957, 8740, 10689.32
2024-01-14 22:05:51 Loss: 0.000000060636649, Fidelity: 0.999999939363351, 8750, 10700.14
2024-01-14 22:06:02 Loss: 0.000000059790322, Fidelity: 0.999999940209678, 8760, 10711.13
2024-01-14 22:06:14 Loss: 0.000000059422302, Fidelity: 0.999999940577698, 8770, 10722.56
2024-01-14 22:06:25 Loss: 0.000000059361889, Fidelity: 0.999999940638111, 8780, 10734.00
2024-01-14 22:06:36 Loss: 0.000000058475862, Fidelity: 0.999999941524138, 8790, 10745.01
2024-01-14 22:06:47 Loss: 0.000000058309845, Fidelity: 0.999999941690155, 8800, 10756.00
2024-01-14 22:06:58 Loss: 0.000000058185465, Fidelity: 0.999999941814535, 8810, 10767.02
2024-01-14 22:07:09 Loss: 0.000000057525356, Fidelity: 0.999999942474644, 8820, 10778.31
2024-01-14 22:07:21 Loss: 0.000000057326867, Fidelity: 0.999999942673133, 8830, 10789.51
2024-01-14 22:07:32 Loss: 0.000000057283581, Fidelity: 0.999999942716419, 8840, 10800.72
2024-01-14 22:07:43 Loss: 0.000000056471250, Fidelity: 0.999999943528750, 8850, 10812.09
2024-01-14 22:07:54 Loss: 0.000000056202917, Fidelity: 0.999999943797083, 8860, 10823.29
2024-01-14 22:08:06 Loss: 0.000000056127033, Fidelity: 0.999999943872967, 8870, 10834.57
2024-01-14 22:08:17 Loss: 0.000000055021810, Fidelity: 0.999999944978190, 8880, 10845.87
2024-01-14 22:08:28 Loss: 0.000000054937020, Fidelity: 0.999999945062980, 8890, 10857.28
2024-01-14 22:08:39 Loss: 0.000000054703454, Fidelity: 0.999999945296546, 8900, 10868.38
2024-01-14 22:08:51 Loss: 0.000000053772568, Fidelity: 0.999999946227432, 8910, 10879.52
2024-01-14 22:09:02 Loss: 0.000000053726515, Fidelity: 0.999999946273485, 8920, 10891.36
2024-01-14 22:09:14 Loss: 0.000000053429505, Fidelity: 0.999999946570495, 8930, 10902.63
2024-01-14 22:09:25 Loss: 0.000000052605580, Fidelity: 0.999999947394420, 8940, 10914.21
2024-01-14 22:09:37 Loss: 0.000000052578604, Fidelity: 0.999999947421396, 8950, 10925.77
2024-01-14 22:09:48 Loss: 0.000000052204065, Fidelity: 0.999999947795935, 8960, 10936.95
2024-01-14 22:09:59 Loss: 0.000000051462875, Fidelity: 0.999999948537125, 8970, 10947.83
2024-01-14 22:10:10 Loss: 0.000000051433787, Fidelity: 0.999999948566213, 8980, 10959.07
2024-01-14 22:10:22 Loss: 0.000000050523611, Fidelity: 0.999999949476389, 8990, 10971.17
2024-01-14 22:10:33 Loss: 0.000000050097764, Fidelity: 0.999999949902236, 9000, 10982.09
2024-01-14 22:10:44 Loss: 0.000000050069073, Fidelity: 0.999999949930927, 9010, 10993.05
2024-01-14 22:10:55 Loss: 0.000000049314897, Fidelity: 0.999999950685103, 9020, 11004.29
2024-01-14 22:11:07 Loss: 0.000000048903240, Fidelity: 0.999999951096760, 9030, 11015.97
2024-01-14 22:11:18 Loss: 0.000000048879637, Fidelity: 0.999999951120363, 9040, 11027.13
2024-01-14 22:11:29 Loss: 0.000000048788175, Fidelity: 0.999999951211825, 9050, 11038.05
2024-01-14 22:11:41 Loss: 0.000000048318217, Fidelity: 0.999999951681783, 9060, 11049.49
2024-01-14 22:11:52 Loss: 0.000000047826763, Fidelity: 0.999999952173237, 9070, 11060.65
2024-01-14 22:12:03 Loss: 0.000000047797800, Fidelity: 0.999999952202200, 9080, 11072.14
2024-01-14 22:12:14 Loss: 0.000000047302777, Fidelity: 0.999999952697223, 9090, 11083.07
2024-01-14 22:12:26 Loss: 0.000000046563898, Fidelity: 0.999999953436102, 9100, 11094.70
2024-01-14 22:12:37 Loss: 0.000000046542401, Fidelity: 0.999999953457599, 9110, 11106.21
2024-01-14 22:12:48 Loss: 0.000000045981207, Fidelity: 0.999999954018793, 9120, 11117.33
2024-01-14 22:13:00 Loss: 0.000000045407144, Fidelity: 0.999999954592856, 9130, 11128.47
2024-01-14 22:13:11 Loss: 0.000000045375543, Fidelity: 0.999999954624457, 9140, 11139.70
2024-01-14 22:13:22 Loss: 0.000000045238752, Fidelity: 0.999999954761248, 9150, 11150.93
2024-01-14 22:13:33 Loss: 0.000000044450720, Fidelity: 0.999999955549280, 9160, 11162.18
2024-01-14 22:13:44 Loss: 0.000000044414363, Fidelity: 0.999999955585637, 9170, 11173.29
2024-01-14 22:13:56 Loss: 0.000000044333646, Fidelity: 0.999999955666354, 9180, 11184.66
2024-01-14 22:14:07 Loss: 0.000000043472010, Fidelity: 0.999999956527990, 9190, 11195.61
2024-01-14 22:14:18 Loss: 0.000000043404714, Fidelity: 0.999999956595286, 9200, 11207.06
2024-01-14 22:14:29 Loss: 0.000000043311447, Fidelity: 0.999999956688553, 9210, 11218.17
2024-01-14 22:14:40 Loss: 0.000000042635640, Fidelity: 0.999999957364360, 9220, 11229.18
2024-01-14 22:14:51 Loss: 0.000000042615380, Fidelity: 0.999999957384620, 9230, 11240.22
2024-01-14 22:15:03 Loss: 0.000000042435949, Fidelity: 0.999999957564051, 9240, 11252.22
2024-01-14 22:15:14 Loss: 0.000000041768478, Fidelity: 0.999999958231522, 9250, 11263.34
2024-01-14 22:15:26 Loss: 0.000000041739377, Fidelity: 0.999999958260623, 9260, 11274.68
2024-01-14 22:15:37 Loss: 0.000000041667625, Fidelity: 0.999999958332375, 9270, 11286.04
2024-01-14 22:15:49 Loss: 0.000000040902105, Fidelity: 0.999999959097895, 9280, 11297.68
2024-01-14 22:16:00 Loss: 0.000000040790646, Fidelity: 0.999999959209354, 9290, 11308.91
2024-01-14 22:16:12 Loss: 0.000000040751838, Fidelity: 0.999999959248162, 9300, 11320.47
2024-01-14 22:16:23 Loss: 0.000000039966402, Fidelity: 0.999999960033598, 9310, 11331.72
2024-01-14 22:16:34 Loss: 0.000000039851489, Fidelity: 0.999999960148511, 9320, 11342.63
2024-01-14 22:16:45 Loss: 0.000000039779978, Fidelity: 0.999999960220022, 9330, 11354.03
2024-01-14 22:16:57 Loss: 0.000000039099782, Fidelity: 0.999999960900218, 9340, 11365.86
2024-01-14 22:17:08 Loss: 0.000000039077669, Fidelity: 0.999999960922331, 9350, 11376.86
2024-01-14 22:17:19 Loss: 0.000000038868778, Fidelity: 0.999999961131222, 9360, 11387.79
2024-01-14 22:17:30 Loss: 0.000000038512047, Fidelity: 0.999999961487953, 9370, 11399.07
2024-01-14 22:17:42 Loss: 0.000000038335863, Fidelity: 0.999999961664137, 9380, 11410.69
2024-01-14 22:17:53 Loss: 0.000000038320337, Fidelity: 0.999999961679663, 9390, 11422.28
2024-01-14 22:18:05 Loss: 0.000000037894547, Fidelity: 0.999999962105453, 9400, 11433.62
2024-01-14 22:18:16 Loss: 0.000000037442659, Fidelity: 0.999999962557341, 9410, 11445.13
2024-01-14 22:18:27 Loss: 0.000000037429484, Fidelity: 0.999999962570516, 9420, 11456.25
2024-01-14 22:18:38 Loss: 0.000000037091532, Fidelity: 0.999999962908468, 9430, 11467.25
2024-01-14 22:18:49 Loss: 0.000000036697330, Fidelity: 0.999999963302670, 9440, 11478.36
2024-01-14 22:19:01 Loss: 0.000000036681854, Fidelity: 0.999999963318146, 9450, 11489.72
2024-01-14 22:19:12 Loss: 0.000000036071901, Fidelity: 0.999999963928099, 9460, 11501.06
2024-01-14 22:19:24 Loss: 0.000000035952154, Fidelity: 0.999999964047846, 9470, 11512.59
2024-01-14 22:19:35 Loss: 0.000000035866950, Fidelity: 0.999999964133050, 9480, 11524.30
2024-01-14 22:19:47 Loss: 0.000000035309828, Fidelity: 0.999999964690172, 9490, 11536.44
2024-01-14 22:19:58 Loss: 0.000000035229161, Fidelity: 0.999999964770839, 9500, 11547.41
2024-01-14 22:20:10 Loss: 0.000000035209215, Fidelity: 0.999999964790785, 9510, 11558.77
2024-01-14 22:20:21 Loss: 0.000000034922606, Fidelity: 0.999999965077394, 9520, 11569.86
2024-01-14 22:20:33 Loss: 0.000000034455249, Fidelity: 0.999999965544751, 9530, 11581.59
2024-01-14 22:20:44 Loss: 0.000000034437528, Fidelity: 0.999999965562472, 9540, 11592.68
2024-01-14 22:20:55 Loss: 0.000000033887017, Fidelity: 0.999999966112983, 9550, 11603.56
2024-01-14 22:21:06 Loss: 0.000000033725106, Fidelity: 0.999999966274894, 9560, 11614.73
2024-01-14 22:21:17 Loss: 0.000000033694843, Fidelity: 0.999999966305157, 9570, 11626.18
2024-01-14 22:21:29 Loss: 0.000000033085049, Fidelity: 0.999999966914951, 9580, 11637.63
2024-01-14 22:21:39 Loss: 0.000000032894494, Fidelity: 0.999999967105506, 9590, 11648.43
2024-01-14 22:21:51 Loss: 0.000000032871337, Fidelity: 0.999999967128663, 9600, 11659.75
2024-01-14 22:22:02 Loss: 0.000000032678260, Fidelity: 0.999999967321740, 9610, 11671.07
2024-01-14 22:22:13 Loss: 0.000000032120870, Fidelity: 0.999999967879130, 9620, 11682.20
2024-01-14 22:22:25 Loss: 0.000000032102653, Fidelity: 0.999999967897347, 9630, 11693.49
2024-01-14 22:22:35 Loss: 0.000000031836133, Fidelity: 0.999999968163867, 9640, 11704.43
2024-01-14 22:22:47 Loss: 0.000000031374869, Fidelity: 0.999999968625131, 9650, 11715.71
2024-01-14 22:22:58 Loss: 0.000000031361299, Fidelity: 0.999999968638701, 9660, 11726.72
2024-01-14 22:23:09 Loss: 0.000000030953529, Fidelity: 0.999999969046471, 9670, 11738.03
2024-01-14 22:23:20 Loss: 0.000000030757921, Fidelity: 0.999999969242079, 9680, 11749.06
2024-01-14 22:23:31 Loss: 0.000000030743197, Fidelity: 0.999999969256803, 9690, 11760.37
2024-01-14 22:23:43 Loss: 0.000000030521353, Fidelity: 0.999999969478647, 9700, 11771.89
2024-01-14 22:23:54 Loss: 0.000000029957413, Fidelity: 0.999999970042587, 9710, 11782.87
2024-01-14 22:24:05 Loss: 0.000000029941603, Fidelity: 0.999999970058397, 9720, 11794.07
2024-01-14 22:24:16 Loss: 0.000000029584194, Fidelity: 0.999999970415806, 9730, 11805.38
2024-01-14 22:24:27 Loss: 0.000000029292738, Fidelity: 0.999999970707262, 9740, 11816.38
2024-01-14 22:24:39 Loss: 0.000000029279144, Fidelity: 0.999999970720856, 9750, 11827.98
2024-01-14 22:24:51 Loss: 0.000000028743801, Fidelity: 0.999999971256199, 9760, 11839.57
2024-01-14 22:25:02 Loss: 0.000000028614515, Fidelity: 0.999999971385485, 9770, 11850.74
2024-01-14 22:25:13 Loss: 0.000000028604471, Fidelity: 0.999999971395529, 9780, 11862.02
2024-01-14 22:25:24 Loss: 0.000000028310720, Fidelity: 0.999999971689280, 9790, 11873.19
2024-01-14 22:25:36 Loss: 0.000000027807224, Fidelity: 0.999999972192776, 9800, 11884.80
2024-01-14 22:25:47 Loss: 0.000000027797281, Fidelity: 0.999999972202719, 9810, 11896.19
2024-01-14 22:25:59 Loss: 0.000000027585798, Fidelity: 0.999999972414202, 9820, 11907.56
2024-01-14 22:26:10 Loss: 0.000000027187782, Fidelity: 0.999999972812218, 9830, 11918.71
2024-01-14 22:26:21 Loss: 0.000000027177222, Fidelity: 0.999999972822778, 9840, 11929.86
2024-01-14 22:26:32 Loss: 0.000000027001556, Fidelity: 0.999999972998444, 9850, 11941.00
2024-01-14 22:26:44 Loss: 0.000000026460380, Fidelity: 0.999999973539620, 9860, 11952.64
2024-01-14 22:26:55 Loss: 0.000000026430083, Fidelity: 0.999999973569917, 9870, 11963.90
2024-01-14 22:27:07 Loss: 0.000000026412016, Fidelity: 0.999999973587984, 9880, 11975.64
2024-01-14 22:27:18 Loss: 0.000000025877030, Fidelity: 0.999999974122970, 9890, 11987.32
2024-01-14 22:27:30 Loss: 0.000000025754917, Fidelity: 0.999999974245083, 9900, 11998.45
2024-01-14 22:27:41 Loss: 0.000000025730437, Fidelity: 0.999999974269563, 9910, 12009.80
2024-01-14 22:27:52 Loss: 0.000000025253115, Fidelity: 0.999999974746885, 9920, 12020.86
2024-01-14 22:28:03 Loss: 0.000000025163062, Fidelity: 0.999999974836938, 9930, 12032.36
2024-01-14 22:28:15 Loss: 0.000000025150161, Fidelity: 0.999999974849839, 9940, 12043.85
2024-01-14 22:28:26 Loss: 0.000000024646345, Fidelity: 0.999999975353655, 9950, 12054.97
2024-01-14 22:28:37 Loss: 0.000000024481345, Fidelity: 0.999999975518655, 9960, 12066.30
2024-01-14 22:28:49 Loss: 0.000000024473630, Fidelity: 0.999999975526370, 9970, 12077.79
2024-01-14 22:29:00 Loss: 0.000000024239121, Fidelity: 0.999999975760879, 9980, 12089.28
2024-01-14 22:29:12 Loss: 0.000000023923843, Fidelity: 0.999999976076157, 9990, 12100.66
2024-01-14 22:29:23 Loss: 0.000000023906661, Fidelity: 0.999999976093339, 10000, 12111.87
2024-01-14 22:29:35 Loss: 0.000000023852092, Fidelity: 0.999999976147908, 10010, 12123.85
2024-01-14 22:29:47 Loss: 0.000000023233739, Fidelity: 0.999999976766261, 10020, 12135.96
2024-01-14 22:29:58 Loss: 0.000000023187847, Fidelity: 0.999999976812153, 10030, 12146.73
2024-01-14 22:30:09 Loss: 0.000000023135648, Fidelity: 0.999999976864352, 10040, 12157.66
2024-01-14 22:30:20 Loss: 0.000000022576546, Fidelity: 0.999999977423454, 10050, 12168.53
2024-01-14 22:30:31 Loss: 0.000000022549956, Fidelity: 0.999999977450044, 10060, 12179.60
2024-01-14 22:30:42 Loss: 0.000000022506166, Fidelity: 0.999999977493834, 10070, 12190.73
2024-01-14 22:30:54 Loss: 0.000000022039046, Fidelity: 0.999999977960954, 10080, 12202.60
2024-01-14 22:31:05 Loss: 0.000000021937106, Fidelity: 0.999999978062894, 10090, 12213.62
2024-01-14 22:31:16 Loss: 0.000000021918857, Fidelity: 0.999999978081143, 10100, 12225.35
2024-01-14 22:31:28 Loss: 0.000000021826477, Fidelity: 0.999999978173523, 10110, 12236.72
2024-01-14 22:31:39 Loss: 0.000000021386882, Fidelity: 0.999999978613118, 10120, 12247.57
2024-01-14 22:31:50 Loss: 0.000000021372411, Fidelity: 0.999999978627589, 10130, 12258.53
2024-01-14 22:32:00 Loss: 0.000000021160505, Fidelity: 0.999999978839495, 10140, 12269.41
2024-01-14 22:32:11 Loss: 0.000000020720374, Fidelity: 0.999999979279626, 10150, 12280.38
2024-01-14 22:32:22 Loss: 0.000000020710400, Fidelity: 0.999999979289600, 10160, 12291.40
2024-01-14 22:32:33 Loss: 0.000000020573796, Fidelity: 0.999999979426204, 10170, 12302.41
2024-01-14 22:32:45 Loss: 0.000000020239410, Fidelity: 0.999999979760590, 10180, 12314.17
2024-01-14 22:32:56 Loss: 0.000000020197873, Fidelity: 0.999999979802127, 10190, 12324.97
2024-01-14 22:33:07 Loss: 0.000000020187391, Fidelity: 0.999999979812609, 10200, 12335.89
2024-01-14 22:33:18 Loss: 0.000000020125335, Fidelity: 0.999999979874665, 10210, 12346.84
2024-01-14 22:33:29 Loss: 0.000000019680509, Fidelity: 0.999999980319491, 10220, 12357.84
2024-01-14 22:33:40 Loss: 0.000000019652016, Fidelity: 0.999999980347984, 10230, 12369.33
2024-01-14 22:33:52 Loss: 0.000000019590749, Fidelity: 0.999999980409251, 10240, 12380.79
2024-01-14 22:34:03 Loss: 0.000000019184274, Fidelity: 0.999999980815726, 10250, 12392.30
2024-01-14 22:34:15 Loss: 0.000000019171386, Fidelity: 0.999999980828614, 10260, 12403.83
2024-01-14 22:34:26 Loss: 0.000000019120641, Fidelity: 0.999999980879359, 10270, 12414.66
2024-01-14 22:34:37 Loss: 0.000000018774031, Fidelity: 0.999999981225969, 10280, 12425.65
2024-01-14 22:34:48 Loss: 0.000000018760655, Fidelity: 0.999999981239345, 10290, 12437.21
2024-01-14 22:34:59 Loss: 0.000000018648259, Fidelity: 0.999999981351741, 10300, 12448.06
2024-01-14 22:35:10 Loss: 0.000000018300985, Fidelity: 0.999999981699015, 10310, 12458.84
2024-01-14 22:35:21 Loss: 0.000000018290446, Fidelity: 0.999999981709554, 10320, 12469.93
2024-01-14 22:35:32 Loss: 0.000000018278505, Fidelity: 0.999999981721495, 10330, 12481.39
2024-01-14 22:35:43 Loss: 0.000000017943667, Fidelity: 0.999999982056333, 10340, 12492.40
2024-01-14 22:35:55 Loss: 0.000000017888711, Fidelity: 0.999999982111289, 10350, 12503.49
2024-01-14 22:36:07 Loss: 0.000000017871586, Fidelity: 0.999999982128414, 10360, 12515.54
2024-01-14 22:36:18 Loss: 0.000000017481182, Fidelity: 0.999999982518818, 10370, 12526.92
2024-01-14 22:36:30 Loss: 0.000000017437302, Fidelity: 0.999999982562698, 10380, 12538.48
2024-01-14 22:36:41 Loss: 0.000000017427914, Fidelity: 0.999999982572086, 10390, 12549.57
2024-01-14 22:36:52 Loss: 0.000000017156545, Fidelity: 0.999999982843455, 10400, 12560.58
2024-01-14 22:37:03 Loss: 0.000000017117535, Fidelity: 0.999999982882465, 10410, 12572.20
2024-01-14 22:37:14 Loss: 0.000000017086705, Fidelity: 0.999999982913295, 10420, 12583.37
2024-01-14 22:37:26 Loss: 0.000000016754032, Fidelity: 0.999999983245968, 10430, 12594.63
2024-01-14 22:37:38 Loss: 0.000000016738823, Fidelity: 0.999999983261177, 10440, 12606.72
2024-01-14 22:37:50 Loss: 0.000000016712772, Fidelity: 0.999999983287228, 10450, 12618.74
2024-01-14 22:38:01 Loss: 0.000000016297473, Fidelity: 0.999999983702527, 10460, 12630.28
2024-01-14 22:38:12 Loss: 0.000000016262572, Fidelity: 0.999999983737428, 10470, 12641.39
2024-01-14 22:38:24 Loss: 0.000000016230815, Fidelity: 0.999999983769185, 10480, 12652.65
2024-01-14 22:38:35 Loss: 0.000000015953043, Fidelity: 0.999999984046957, 10490, 12663.96
2024-01-14 22:38:46 Loss: 0.000000015848732, Fidelity: 0.999999984151268, 10500, 12675.19
2024-01-14 22:38:57 Loss: 0.000000015816804, Fidelity: 0.999999984183196, 10510, 12686.35
2024-01-14 22:39:09 Loss: 0.000000015798517, Fidelity: 0.999999984201483, 10520, 12697.69
2024-01-14 22:39:20 Loss: 0.000000015418753, Fidelity: 0.999999984581247, 10530, 12708.96
2024-01-14 22:39:31 Loss: 0.000000015376621, Fidelity: 0.999999984623379, 10540, 12720.30
2024-01-14 22:39:42 Loss: 0.000000015337853, Fidelity: 0.999999984662147, 10550, 12731.36
2024-01-14 22:39:54 Loss: 0.000000014941030, Fidelity: 0.999999985058970, 10560, 12742.53
2024-01-14 22:40:05 Loss: 0.000000014930612, Fidelity: 0.999999985069388, 10570, 12753.87
2024-01-14 22:40:16 Loss: 0.000000014870692, Fidelity: 0.999999985129308, 10580, 12765.25
2024-01-14 22:40:27 Loss: 0.000000014499940, Fidelity: 0.999999985500060, 10590, 12776.42
2024-01-14 22:40:38 Loss: 0.000000014492256, Fidelity: 0.999999985507744, 10600, 12787.41
2024-01-14 22:40:50 Loss: 0.000000014475466, Fidelity: 0.999999985524534, 10610, 12798.48
2024-01-14 22:41:01 Loss: 0.000000014282267, Fidelity: 0.999999985717733, 10620, 12809.56
2024-01-14 22:41:12 Loss: 0.000000014058975, Fidelity: 0.999999985941025, 10630, 12820.58
2024-01-14 22:41:23 Loss: 0.000000014053243, Fidelity: 0.999999985946757, 10640, 12831.68
2024-01-14 22:41:34 Loss: 0.000000013945384, Fidelity: 0.999999986054616, 10650, 12842.70
2024-01-14 22:41:46 Loss: 0.000000013622250, Fidelity: 0.999999986377750, 10660, 12854.51
2024-01-14 22:41:57 Loss: 0.000000013616520, Fidelity: 0.999999986383480, 10670, 12865.47
2024-01-14 22:42:08 Loss: 0.000000013516886, Fidelity: 0.999999986483114, 10680, 12876.48
2024-01-14 22:42:18 Loss: 0.000000013228041, Fidelity: 0.999999986771959, 10690, 12887.37
2024-01-14 22:42:30 Loss: 0.000000013222887, Fidelity: 0.999999986777113, 10700, 12898.98
2024-01-14 22:42:41 Loss: 0.000000013180549, Fidelity: 0.999999986819451, 10710, 12910.00
2024-01-14 22:42:52 Loss: 0.000000012786236, Fidelity: 0.999999987213764, 10720, 12921.06
2024-01-14 22:43:03 Loss: 0.000000012769125, Fidelity: 0.999999987230875, 10730, 12932.21
2024-01-14 22:43:14 Loss: 0.000000012756204, Fidelity: 0.999999987243796, 10740, 12943.22
2024-01-14 22:43:25 Loss: 0.000000012536948, Fidelity: 0.999999987463052, 10750, 12954.23
2024-01-14 22:43:37 Loss: 0.000000012393390, Fidelity: 0.999999987606610, 10760, 12965.60
2024-01-14 22:43:48 Loss: 0.000000012389985, Fidelity: 0.999999987610015, 10770, 12976.55
2024-01-14 22:43:59 Loss: 0.000000012367779, Fidelity: 0.999999987632221, 10780, 12987.75
2024-01-14 22:44:10 Loss: 0.000000012211742, Fidelity: 0.999999987788258, 10790, 12999.14
2024-01-14 22:44:22 Loss: 0.000000012028921, Fidelity: 0.999999987971079, 10800, 13010.74
2024-01-14 22:44:33 Loss: 0.000000012014996, Fidelity: 0.999999987985004, 10810, 13021.76
2024-01-14 22:44:44 Loss: 0.000000011988790, Fidelity: 0.999999988011210, 10820, 13032.88
2024-01-14 22:44:55 Loss: 0.000000011687119, Fidelity: 0.999999988312881, 10830, 13043.99
2024-01-14 22:45:07 Loss: 0.000000011667760, Fidelity: 0.999999988332240, 10840, 13055.74
2024-01-14 22:45:19 Loss: 0.000000011650689, Fidelity: 0.999999988349311, 10850, 13067.46
2024-01-14 22:45:30 Loss: 0.000000011358114, Fidelity: 0.999999988641886, 10860, 13078.63
2024-01-14 22:45:41 Loss: 0.000000011343608, Fidelity: 0.999999988656392, 10870, 13089.70
2024-01-14 22:45:52 Loss: 0.000000011302885, Fidelity: 0.999999988697115, 10880, 13100.95
2024-01-14 22:46:03 Loss: 0.000000011038562, Fidelity: 0.999999988961438, 10890, 13112.38
2024-01-14 22:46:15 Loss: 0.000000011029111, Fidelity: 0.999999988970889, 10900, 13124.14
2024-01-14 22:46:26 Loss: 0.000000011018527, Fidelity: 0.999999988981473, 10910, 13135.15
2024-01-14 22:46:37 Loss: 0.000000010691489, Fidelity: 0.999999989308511, 10920, 13146.05
2024-01-14 22:46:47 Loss: 0.000000010644320, Fidelity: 0.999999989355680, 10930, 13156.03
2024-01-14 22:46:58 Loss: 0.000000010639610, Fidelity: 0.999999989360390, 10940, 13167.09
2024-01-14 22:47:09 Loss: 0.000000010494916, Fidelity: 0.999999989505084, 10950, 13178.13
2024-01-14 22:47:20 Loss: 0.000000010331757, Fidelity: 0.999999989668243, 10960, 13188.94
2024-01-14 22:47:31 Loss: 0.000000010328882, Fidelity: 0.999999989671118, 10970, 13200.11
2024-01-14 22:47:42 Loss: 0.000000010262173, Fidelity: 0.999999989737827, 10980, 13211.43
2024-01-14 22:47:54 Loss: 0.000000010100300, Fidelity: 0.999999989899700, 10990, 13222.78
2024-01-14 22:48:05 Loss: 0.000000010096869, Fidelity: 0.999999989903131, 11000, 13233.84
2024-01-14 22:48:16 Loss: 0.000000010076659, Fidelity: 0.999999989923341, 11010, 13245.19
2024-01-14 22:48:21 `callback` raised `StopIteration`.
2024-01-14 22:48:21 Number of layers: 7
2024-01-14 22:48:21 Optimal: 0.00000000998742444303, 9.987424443025361e-09
2024-01-14 22:48:22 state & psi_res norm L2:  0.27391849471152268647
2024-01-14 22:48:22 state & psi_res fidelity: 0.99999999001258021991
2024-01-14 22:48:22 rdm2 & rho_res norm L2:  0.00000122300306775847
2024-01-14 22:48:22 rdm2 & rho_res fidelity: 0.99999999999101696346
2024-01-14 22:48:22 Runtime: 13251.2704s, 220.8545m, 3.6809h, Iter: 11014
