2024-01-14 12:16:00 RDM2 Rank: 9
2024-01-14 12:16:01 Number of qubits: 12
2024-01-14 12:16:01 Number of params: 3060
2024-01-14 12:16:01 Number of gates: 16620
2024-01-14 12:16:01 Hamiltonian Dimension: (4096, 4096)
2024-01-14 12:16:01 rdm2 & rho norm L2:  0.00000000000000011352
2024-01-14 12:16:01 rdm2 & rho fidelity: 1.00000000048231996175
2024-01-14 12:16:01 Simulator: mqvector, Method: BFGS
2024-01-14 12:16:06 Loss: 0.764734509857950, Fidelity: 0.235265490142050, 10, 4.62
2024-01-14 12:16:14 Loss: 0.357781856425895, Fidelity: 0.642218143574105, 20, 12.60
2024-01-14 12:16:22 Loss: 0.212790612118130, Fidelity: 0.787209387881870, 30, 20.93
2024-01-14 12:16:30 Loss: 0.146055211447126, Fidelity: 0.853944788552874, 40, 29.50
2024-01-14 12:16:39 Loss: 0.108090815460647, Fidelity: 0.891909184539353, 50, 38.47
2024-01-14 12:16:48 Loss: 0.082532192851766, Fidelity: 0.917467807148234, 60, 47.35
2024-01-14 12:16:56 Loss: 0.063269452275886, Fidelity: 0.936730547724114, 70, 54.92
2024-01-14 12:17:04 Loss: 0.049602165421138, Fidelity: 0.950397834578862, 80, 62.89
2024-01-14 12:17:12 Loss: 0.040628633149978, Fidelity: 0.959371366850022, 90, 71.34
2024-01-14 12:17:20 Loss: 0.034628599505458, Fidelity: 0.965371400494542, 100, 79.20
2024-01-14 12:17:29 Loss: 0.029740119268231, Fidelity: 0.970259880731769, 110, 88.05
2024-01-14 12:17:38 Loss: 0.025419159867119, Fidelity: 0.974580840132881, 120, 96.55
2024-01-14 12:17:46 Loss: 0.022365312590197, Fidelity: 0.977634687409803, 130, 104.54
2024-01-14 12:17:54 Loss: 0.019700608774561, Fidelity: 0.980299391225439, 140, 112.83
2024-01-14 12:18:02 Loss: 0.017244224252685, Fidelity: 0.982755775747315, 150, 121.07
2024-01-14 12:18:11 Loss: 0.015165764915728, Fidelity: 0.984834235084272, 160, 129.55
2024-01-14 12:18:19 Loss: 0.013295829214200, Fidelity: 0.986704170785800, 170, 137.73
2024-01-14 12:18:28 Loss: 0.011692529309876, Fidelity: 0.988307470690124, 180, 146.94
2024-01-14 12:18:37 Loss: 0.010514332160915, Fidelity: 0.989485667839085, 190, 155.63
2024-01-14 12:18:44 Loss: 0.009401756113508, Fidelity: 0.990598243886492, 200, 163.14
2024-01-14 12:18:52 Loss: 0.008374827040905, Fidelity: 0.991625172959095, 210, 170.98
2024-01-14 12:19:01 Loss: 0.007603055943585, Fidelity: 0.992396944056415, 220, 179.91
2024-01-14 12:19:09 Loss: 0.006928837304049, Fidelity: 0.993071162695951, 230, 188.37
2024-01-14 12:19:17 Loss: 0.006320188811224, Fidelity: 0.993679811188776, 240, 196.24
2024-01-14 12:19:25 Loss: 0.005814172718055, Fidelity: 0.994185827281945, 250, 204.23
2024-01-14 12:19:33 Loss: 0.005394031453583, Fidelity: 0.994605968546417, 260, 212.17
2024-01-14 12:19:41 Loss: 0.004978643455174, Fidelity: 0.995021356544826, 270, 219.53
2024-01-14 12:19:49 Loss: 0.004555609629230, Fidelity: 0.995444390370770, 280, 228.20
2024-01-14 12:19:58 Loss: 0.004228059439794, Fidelity: 0.995771940560206, 290, 236.89
2024-01-14 12:20:06 Loss: 0.003907490692924, Fidelity: 0.996092509307076, 300, 245.37
2024-01-14 12:20:14 Loss: 0.003603249468507, Fidelity: 0.996396750531493, 310, 253.06
2024-01-14 12:20:23 Loss: 0.003285297364888, Fidelity: 0.996714702635112, 320, 262.21
2024-01-14 12:20:31 Loss: 0.003010841084804, Fidelity: 0.996989158915196, 330, 270.52
2024-01-14 12:20:40 Loss: 0.002806541862366, Fidelity: 0.997193458137634, 340, 279.27
2024-01-14 12:20:49 Loss: 0.002622739282080, Fidelity: 0.997377260717920, 350, 288.22
2024-01-14 12:20:58 Loss: 0.002461095870076, Fidelity: 0.997538904129924, 360, 297.13
2024-01-14 12:21:06 Loss: 0.002314834431262, Fidelity: 0.997685165568738, 370, 305.03
2024-01-14 12:21:15 Loss: 0.002176980228655, Fidelity: 0.997823019771345, 380, 314.25
2024-01-14 12:21:23 Loss: 0.002042034485068, Fidelity: 0.997957965514932, 390, 322.44
2024-01-14 12:21:32 Loss: 0.001912397645483, Fidelity: 0.998087602354517, 400, 331.19
2024-01-14 12:21:40 Loss: 0.001785924858135, Fidelity: 0.998214075141865, 410, 338.65
2024-01-14 12:21:48 Loss: 0.001664961195301, Fidelity: 0.998335038804699, 420, 347.42
2024-01-14 12:21:57 Loss: 0.001540227267486, Fidelity: 0.998459772732514, 430, 355.74
2024-01-14 12:22:05 Loss: 0.001424040549795, Fidelity: 0.998575959450205, 440, 363.55
2024-01-14 12:22:12 Loss: 0.001330679513863, Fidelity: 0.998669320486137, 450, 371.25
2024-01-14 12:22:21 Loss: 0.001245816238165, Fidelity: 0.998754183761835, 460, 379.59
2024-01-14 12:22:29 Loss: 0.001165649892017, Fidelity: 0.998834350107983, 470, 388.03
2024-01-14 12:22:38 Loss: 0.001080723378249, Fidelity: 0.998919276621751, 480, 396.76
2024-01-14 12:22:46 Loss: 0.001006542288309, Fidelity: 0.998993457711691, 490, 405.31
2024-01-14 12:22:55 Loss: 0.000944165755904, Fidelity: 0.999055834244096, 500, 414.32
2024-01-14 12:23:05 Loss: 0.000886587711143, Fidelity: 0.999113412288857, 510, 423.60
2024-01-14 12:23:14 Loss: 0.000832942971736, Fidelity: 0.999167057028264, 520, 432.64
2024-01-14 12:23:21 Loss: 0.000785710899301, Fidelity: 0.999214289100699, 530, 440.38
2024-01-14 12:23:29 Loss: 0.000745253288081, Fidelity: 0.999254746711919, 540, 447.84
2024-01-14 12:23:37 Loss: 0.000712134270665, Fidelity: 0.999287865729335, 550, 455.61
2024-01-14 12:23:44 Loss: 0.000680116754824, Fidelity: 0.999319883245176, 560, 463.19
2024-01-14 12:23:52 Loss: 0.000649136964275, Fidelity: 0.999350863035725, 570, 471.04
2024-01-14 12:24:00 Loss: 0.000620630934677, Fidelity: 0.999379369065323, 580, 478.90
2024-01-14 12:24:09 Loss: 0.000591785284550, Fidelity: 0.999408214715450, 590, 487.91
2024-01-14 12:24:17 Loss: 0.000565931549741, Fidelity: 0.999434068450259, 600, 496.35
2024-01-14 12:24:26 Loss: 0.000539868312584, Fidelity: 0.999460131687416, 610, 504.72
2024-01-14 12:24:34 Loss: 0.000517578591722, Fidelity: 0.999482421408278, 620, 513.35
2024-01-14 12:24:42 Loss: 0.000497293549788, Fidelity: 0.999502706450212, 630, 521.49
2024-01-14 12:24:51 Loss: 0.000478021460985, Fidelity: 0.999521978539015, 640, 529.53
2024-01-14 12:25:00 Loss: 0.000459940506672, Fidelity: 0.999540059493328, 650, 539.27
2024-01-14 12:25:09 Loss: 0.000442887929570, Fidelity: 0.999557112070430, 660, 547.60
2024-01-14 12:25:17 Loss: 0.000424256211163, Fidelity: 0.999575743788837, 670, 556.04
2024-01-14 12:25:25 Loss: 0.000407456176052, Fidelity: 0.999592543823948, 680, 564.24
2024-01-14 12:25:33 Loss: 0.000391090509236, Fidelity: 0.999608909490764, 690, 572.17
2024-01-14 12:25:42 Loss: 0.000374537949736, Fidelity: 0.999625462050264, 700, 580.89
2024-01-14 12:25:52 Loss: 0.000358081443598, Fidelity: 0.999641918556402, 710, 590.60
2024-01-14 12:26:01 Loss: 0.000343651190997, Fidelity: 0.999656348809003, 720, 600.36
2024-01-14 12:26:10 Loss: 0.000328788369997, Fidelity: 0.999671211630003, 730, 609.17
2024-01-14 12:26:19 Loss: 0.000313479147514, Fidelity: 0.999686520852486, 740, 618.18
2024-01-14 12:26:27 Loss: 0.000299763864155, Fidelity: 0.999700236135845, 750, 626.21
2024-01-14 12:26:36 Loss: 0.000287122319144, Fidelity: 0.999712877680856, 760, 634.99
2024-01-14 12:26:44 Loss: 0.000275448393060, Fidelity: 0.999724551606940, 770, 643.50
2024-01-14 12:26:52 Loss: 0.000264929949866, Fidelity: 0.999735070050134, 780, 651.33
2024-01-14 12:27:00 Loss: 0.000254570824524, Fidelity: 0.999745429175476, 790, 659.18
2024-01-14 12:27:08 Loss: 0.000245877665411, Fidelity: 0.999754122334589, 800, 667.44
2024-01-14 12:27:17 Loss: 0.000237560971844, Fidelity: 0.999762439028156, 810, 675.76
2024-01-14 12:27:25 Loss: 0.000229204226151, Fidelity: 0.999770795773849, 820, 684.43
2024-01-14 12:27:33 Loss: 0.000221206904009, Fidelity: 0.999778793095991, 830, 692.23
2024-01-14 12:27:42 Loss: 0.000213424703727, Fidelity: 0.999786575296273, 840, 701.13
2024-01-14 12:27:51 Loss: 0.000206184296348, Fidelity: 0.999793815703652, 850, 709.57
2024-01-14 12:27:59 Loss: 0.000198621473796, Fidelity: 0.999801378526204, 860, 717.85
2024-01-14 12:28:07 Loss: 0.000191396883444, Fidelity: 0.999808603116556, 870, 725.88
2024-01-14 12:28:16 Loss: 0.000185097978450, Fidelity: 0.999814902021550, 880, 735.20
2024-01-14 12:28:26 Loss: 0.000179091423182, Fidelity: 0.999820908576818, 890, 744.77
2024-01-14 12:28:35 Loss: 0.000173325425871, Fidelity: 0.999826674574129, 900, 753.91
2024-01-14 12:28:43 Loss: 0.000168021402908, Fidelity: 0.999831978597092, 910, 761.73
2024-01-14 12:28:51 Loss: 0.000163608997721, Fidelity: 0.999836391002279, 920, 769.91
2024-01-14 12:29:00 Loss: 0.000159199240782, Fidelity: 0.999840800759218, 930, 778.58
2024-01-14 12:29:08 Loss: 0.000154538954151, Fidelity: 0.999845461045849, 940, 787.28
2024-01-14 12:29:16 Loss: 0.000149883124931, Fidelity: 0.999850116875069, 950, 794.86
2024-01-14 12:29:25 Loss: 0.000144560156935, Fidelity: 0.999855439843065, 960, 804.17
2024-01-14 12:29:34 Loss: 0.000139729921294, Fidelity: 0.999860270078706, 970, 813.40
2024-01-14 12:29:43 Loss: 0.000135109904975, Fidelity: 0.999864890095025, 980, 822.38
2024-01-14 12:29:52 Loss: 0.000130507879748, Fidelity: 0.999869492120252, 990, 830.84
2024-01-14 12:30:00 Loss: 0.000126113525501, Fidelity: 0.999873886474499, 1000, 839.07
2024-01-14 12:30:08 Loss: 0.000121815489846, Fidelity: 0.999878184510154, 1010, 847.49
2024-01-14 12:30:17 Loss: 0.000118006679005, Fidelity: 0.999881993320995, 1020, 856.46
2024-01-14 12:30:26 Loss: 0.000114345459139, Fidelity: 0.999885654540861, 1030, 865.20
2024-01-14 12:30:34 Loss: 0.000110495907549, Fidelity: 0.999889504092451, 1040, 873.39
2024-01-14 12:30:42 Loss: 0.000106871532531, Fidelity: 0.999893128467469, 1050, 881.45
2024-01-14 12:30:50 Loss: 0.000103622897011, Fidelity: 0.999896377102989, 1060, 888.90
2024-01-14 12:30:58 Loss: 0.000100797147336, Fidelity: 0.999899202852664, 1070, 896.58
2024-01-14 12:31:05 Loss: 0.000098277631862, Fidelity: 0.999901722368138, 1080, 904.21
2024-01-14 12:31:14 Loss: 0.000095747607574, Fidelity: 0.999904252392426, 1090, 912.55
2024-01-14 12:31:23 Loss: 0.000093513295604, Fidelity: 0.999906486704396, 1100, 921.78
2024-01-14 12:31:31 Loss: 0.000091309848298, Fidelity: 0.999908690151702, 1110, 929.85
2024-01-14 12:31:39 Loss: 0.000089257303357, Fidelity: 0.999910742696643, 1120, 938.31
2024-01-14 12:31:48 Loss: 0.000087310512967, Fidelity: 0.999912689487033, 1130, 946.63
2024-01-14 12:31:56 Loss: 0.000085246849455, Fidelity: 0.999914753150545, 1140, 955.41
2024-01-14 12:32:05 Loss: 0.000083251306964, Fidelity: 0.999916748693036, 1150, 964.39
2024-01-14 12:32:14 Loss: 0.000081359579661, Fidelity: 0.999918640420339, 1160, 973.12
2024-01-14 12:32:23 Loss: 0.000079478923322, Fidelity: 0.999920521076678, 1170, 982.32
2024-01-14 12:32:32 Loss: 0.000077576411815, Fidelity: 0.999922423588185, 1180, 991.36
2024-01-14 12:32:40 Loss: 0.000076066408487, Fidelity: 0.999923933591513, 1190, 999.01
2024-01-14 12:32:48 Loss: 0.000074472741117, Fidelity: 0.999925527258883, 1200, 1007.20
2024-01-14 12:32:56 Loss: 0.000073003721984, Fidelity: 0.999926996278016, 1210, 1014.78
2024-01-14 12:33:04 Loss: 0.000071522358676, Fidelity: 0.999928477641324, 1220, 1023.46
2024-01-14 12:33:13 Loss: 0.000070061427509, Fidelity: 0.999929938572491, 1230, 1032.33
2024-01-14 12:33:22 Loss: 0.000068321564355, Fidelity: 0.999931678435645, 1240, 1040.55
2024-01-14 12:33:30 Loss: 0.000066863946453, Fidelity: 0.999933136053547, 1250, 1048.92
2024-01-14 12:33:39 Loss: 0.000065391492515, Fidelity: 0.999934608507485, 1260, 1058.35
2024-01-14 12:33:48 Loss: 0.000064046067440, Fidelity: 0.999935953932560, 1270, 1066.81
2024-01-14 12:33:56 Loss: 0.000062765529511, Fidelity: 0.999937234470489, 1280, 1075.06
2024-01-14 12:34:04 Loss: 0.000061348970689, Fidelity: 0.999938651029311, 1290, 1083.27
2024-01-14 12:34:12 Loss: 0.000060046060869, Fidelity: 0.999939953939131, 1300, 1091.32
2024-01-14 12:34:21 Loss: 0.000058691587768, Fidelity: 0.999941308412232, 1310, 1099.73
2024-01-14 12:34:29 Loss: 0.000057470941465, Fidelity: 0.999942529058535, 1320, 1108.04
2024-01-14 12:34:37 Loss: 0.000056262736525, Fidelity: 0.999943737263475, 1330, 1116.39
2024-01-14 12:34:45 Loss: 0.000055138959283, Fidelity: 0.999944861040717, 1340, 1124.30
2024-01-14 12:34:54 Loss: 0.000054013439351, Fidelity: 0.999945986560649, 1350, 1132.86
2024-01-14 12:35:02 Loss: 0.000052956452472, Fidelity: 0.999947043547528, 1360, 1141.40
2024-01-14 12:35:11 Loss: 0.000051871596034, Fidelity: 0.999948128403966, 1370, 1150.06
2024-01-14 12:35:19 Loss: 0.000050740252490, Fidelity: 0.999949259747510, 1380, 1158.46
2024-01-14 12:35:27 Loss: 0.000049645707141, Fidelity: 0.999950354292859, 1390, 1166.33
2024-01-14 12:35:35 Loss: 0.000048597270470, Fidelity: 0.999951402729530, 1400, 1174.23
2024-01-14 12:35:44 Loss: 0.000047649195352, Fidelity: 0.999952350804648, 1410, 1183.50
2024-01-14 12:35:53 Loss: 0.000046711467188, Fidelity: 0.999953288532812, 1420, 1191.75
2024-01-14 12:36:01 Loss: 0.000045828215498, Fidelity: 0.999954171784502, 1430, 1200.47
2024-01-14 12:36:10 Loss: 0.000044936555904, Fidelity: 0.999955063444096, 1440, 1209.10
2024-01-14 12:36:19 Loss: 0.000044073392961, Fidelity: 0.999955926607039, 1450, 1217.71
2024-01-14 12:36:26 Loss: 0.000043200037767, Fidelity: 0.999956799962233, 1460, 1225.41
2024-01-14 12:36:35 Loss: 0.000042366214088, Fidelity: 0.999957633785912, 1470, 1234.10
2024-01-14 12:36:43 Loss: 0.000041487902846, Fidelity: 0.999958512097154, 1480, 1241.98
2024-01-14 12:36:51 Loss: 0.000040645666208, Fidelity: 0.999959354333792, 1490, 1250.26
2024-01-14 12:37:00 Loss: 0.000039826032726, Fidelity: 0.999960173967274, 1500, 1259.05
2024-01-14 12:37:09 Loss: 0.000039064434485, Fidelity: 0.999960935565515, 1510, 1267.96
2024-01-14 12:37:18 Loss: 0.000038163218911, Fidelity: 0.999961836781089, 1520, 1277.14
2024-01-14 12:37:26 Loss: 0.000037339103640, Fidelity: 0.999962660896360, 1530, 1285.33
2024-01-14 12:37:35 Loss: 0.000036525215135, Fidelity: 0.999963474784865, 1540, 1293.65
2024-01-14 12:37:43 Loss: 0.000035752936451, Fidelity: 0.999964247063549, 1550, 1301.64
2024-01-14 12:37:51 Loss: 0.000034923197508, Fidelity: 0.999965076802492, 1560, 1310.42
2024-01-14 12:37:59 Loss: 0.000034096108597, Fidelity: 0.999965903891403, 1570, 1318.40
2024-01-14 12:38:08 Loss: 0.000033288847845, Fidelity: 0.999966711152155, 1580, 1326.55
2024-01-14 12:38:16 Loss: 0.000032506155505, Fidelity: 0.999967493844495, 1590, 1335.37
2024-01-14 12:38:25 Loss: 0.000031747454945, Fidelity: 0.999968252545055, 1600, 1344.30
2024-01-14 12:38:33 Loss: 0.000030982230395, Fidelity: 0.999969017769605, 1610, 1352.40
2024-01-14 12:38:41 Loss: 0.000030179498858, Fidelity: 0.999969820501142, 1620, 1359.97
2024-01-14 12:38:49 Loss: 0.000029320868522, Fidelity: 0.999970679131478, 1630, 1367.79
2024-01-14 12:38:56 Loss: 0.000028564617899, Fidelity: 0.999971435382101, 1640, 1375.36
2024-01-14 12:39:04 Loss: 0.000027811080235, Fidelity: 0.999972188919765, 1650, 1383.23
2024-01-14 12:39:13 Loss: 0.000027096853102, Fidelity: 0.999972903146898, 1660, 1391.87
2024-01-14 12:39:22 Loss: 0.000026465692757, Fidelity: 0.999973534307243, 1670, 1401.14
2024-01-14 12:39:30 Loss: 0.000025752098952, Fidelity: 0.999974247901048, 1680, 1409.28
2024-01-14 12:39:39 Loss: 0.000025061331326, Fidelity: 0.999974938668674, 1690, 1418.08
2024-01-14 12:39:48 Loss: 0.000024437075978, Fidelity: 0.999975562924022, 1700, 1426.66
2024-01-14 12:39:56 Loss: 0.000023805935205, Fidelity: 0.999976194064795, 1710, 1434.82
2024-01-14 12:40:05 Loss: 0.000023180648205, Fidelity: 0.999976819351795, 1720, 1443.96
2024-01-14 12:40:14 Loss: 0.000022616906752, Fidelity: 0.999977383093248, 1730, 1452.93
2024-01-14 12:40:22 Loss: 0.000022087522534, Fidelity: 0.999977912477466, 1740, 1461.13
2024-01-14 12:40:31 Loss: 0.000021484889735, Fidelity: 0.999978515110265, 1750, 1470.06
2024-01-14 12:40:39 Loss: 0.000020912340620, Fidelity: 0.999979087659380, 1760, 1477.98
2024-01-14 12:40:48 Loss: 0.000020405497528, Fidelity: 0.999979594502472, 1770, 1486.75
2024-01-14 12:40:56 Loss: 0.000019907865092, Fidelity: 0.999980092134908, 1780, 1495.19
2024-01-14 12:41:05 Loss: 0.000019418756032, Fidelity: 0.999980581243968, 1790, 1504.10
2024-01-14 12:41:14 Loss: 0.000018939997503, Fidelity: 0.999981060002497, 1800, 1513.16
2024-01-14 12:41:22 Loss: 0.000018560645641, Fidelity: 0.999981439354359, 1810, 1521.12
2024-01-14 12:41:31 Loss: 0.000018213324000, Fidelity: 0.999981786676000, 1820, 1530.10
2024-01-14 12:41:40 Loss: 0.000017850461605, Fidelity: 0.999982149538395, 1830, 1539.20
2024-01-14 12:41:48 Loss: 0.000017464206228, Fidelity: 0.999982535793772, 1840, 1547.22
2024-01-14 12:41:57 Loss: 0.000017043835426, Fidelity: 0.999982956164574, 1850, 1555.92
2024-01-14 12:42:04 Loss: 0.000016633066242, Fidelity: 0.999983366933758, 1860, 1563.38
2024-01-14 12:42:13 Loss: 0.000016258742744, Fidelity: 0.999983741257256, 1870, 1571.84
2024-01-14 12:42:21 Loss: 0.000015853384459, Fidelity: 0.999984146615541, 1880, 1579.90
2024-01-14 12:42:29 Loss: 0.000015405377535, Fidelity: 0.999984594622465, 1890, 1588.36
2024-01-14 12:42:38 Loss: 0.000015036389634, Fidelity: 0.999984963610366, 1900, 1597.18
2024-01-14 12:42:47 Loss: 0.000014639172542, Fidelity: 0.999985360827458, 1910, 1605.62
2024-01-14 12:42:55 Loss: 0.000014280998769, Fidelity: 0.999985719001231, 1920, 1613.70
2024-01-14 12:43:04 Loss: 0.000013957411059, Fidelity: 0.999986042588941, 1930, 1622.70
2024-01-14 12:43:12 Loss: 0.000013627371462, Fidelity: 0.999986372628538, 1940, 1631.37
2024-01-14 12:43:21 Loss: 0.000013275947820, Fidelity: 0.999986724052180, 1950, 1640.05
2024-01-14 12:43:29 Loss: 0.000012963261612, Fidelity: 0.999987036738388, 1960, 1648.17
2024-01-14 12:43:38 Loss: 0.000012625845537, Fidelity: 0.999987374154463, 1970, 1657.35
2024-01-14 12:43:47 Loss: 0.000012258537470, Fidelity: 0.999987741462530, 1980, 1666.10
2024-01-14 12:43:55 Loss: 0.000011920566372, Fidelity: 0.999988079433628, 1990, 1674.01
2024-01-14 12:44:03 Loss: 0.000011573345783, Fidelity: 0.999988426654217, 2000, 1682.16
2024-01-14 12:44:12 Loss: 0.000011268920367, Fidelity: 0.999988731079633, 2010, 1690.92
2024-01-14 12:44:20 Loss: 0.000010978403161, Fidelity: 0.999989021596839, 2020, 1698.56
2024-01-14 12:44:28 Loss: 0.000010692738943, Fidelity: 0.999989307261057, 2030, 1706.88
2024-01-14 12:44:37 Loss: 0.000010428124437, Fidelity: 0.999989571875563, 2040, 1715.99
2024-01-14 12:44:46 Loss: 0.000010196448649, Fidelity: 0.999989803551351, 2050, 1725.12
2024-01-14 12:44:54 Loss: 0.000009935404943, Fidelity: 0.999990064595057, 2060, 1732.97
2024-01-14 12:45:03 Loss: 0.000009686293869, Fidelity: 0.999990313706131, 2070, 1741.66
2024-01-14 12:45:11 Loss: 0.000009424325090, Fidelity: 0.999990575674910, 2080, 1750.20
2024-01-14 12:45:19 Loss: 0.000009174665199, Fidelity: 0.999990825334801, 2090, 1758.29
2024-01-14 12:45:28 Loss: 0.000008940167996, Fidelity: 0.999991059832004, 2100, 1767.07
2024-01-14 12:45:37 Loss: 0.000008694133051, Fidelity: 0.999991305866949, 2110, 1776.08
2024-01-14 12:45:46 Loss: 0.000008464405750, Fidelity: 0.999991535594250, 2120, 1784.93
2024-01-14 12:45:54 Loss: 0.000008227970693, Fidelity: 0.999991772029307, 2130, 1793.07
2024-01-14 12:46:02 Loss: 0.000007993191600, Fidelity: 0.999992006808400, 2140, 1800.53
2024-01-14 12:46:10 Loss: 0.000007773579171, Fidelity: 0.999992226420829, 2150, 1808.88
2024-01-14 12:46:19 Loss: 0.000007527866723, Fidelity: 0.999992472133277, 2160, 1817.70
2024-01-14 12:46:27 Loss: 0.000007319488216, Fidelity: 0.999992680511784, 2170, 1826.29
2024-01-14 12:46:36 Loss: 0.000007130674877, Fidelity: 0.999992869325123, 2180, 1835.15
2024-01-14 12:46:44 Loss: 0.000006959159462, Fidelity: 0.999993040840538, 2190, 1843.32
2024-01-14 12:46:53 Loss: 0.000006801247955, Fidelity: 0.999993198752045, 2200, 1852.43
2024-01-14 12:47:02 Loss: 0.000006635956737, Fidelity: 0.999993364043263, 2210, 1861.39
2024-01-14 12:47:11 Loss: 0.000006473388284, Fidelity: 0.999993526611716, 2220, 1870.45
2024-01-14 12:47:20 Loss: 0.000006328551043, Fidelity: 0.999993671448957, 2230, 1878.75
2024-01-14 12:47:29 Loss: 0.000006193844956, Fidelity: 0.999993806155044, 2240, 1887.58
2024-01-14 12:47:37 Loss: 0.000006063153097, Fidelity: 0.999993936846903, 2250, 1895.60
2024-01-14 12:47:45 Loss: 0.000005947567108, Fidelity: 0.999994052432892, 2260, 1904.51
2024-01-14 12:47:54 Loss: 0.000005837908853, Fidelity: 0.999994162091147, 2270, 1912.59
2024-01-14 12:48:01 Loss: 0.000005720101653, Fidelity: 0.999994279898347, 2280, 1920.01
2024-01-14 12:48:09 Loss: 0.000005590897475, Fidelity: 0.999994409102525, 2290, 1927.75
2024-01-14 12:48:17 Loss: 0.000005467738653, Fidelity: 0.999994532261347, 2300, 1936.43
2024-01-14 12:48:27 Loss: 0.000005341967761, Fidelity: 0.999994658032239, 2310, 1946.05
2024-01-14 12:48:36 Loss: 0.000005216543795, Fidelity: 0.999994783456205, 2320, 1955.20
2024-01-14 12:48:45 Loss: 0.000005094748380, Fidelity: 0.999994905251620, 2330, 1964.21
2024-01-14 12:48:54 Loss: 0.000004984704918, Fidelity: 0.999995015295082, 2340, 1972.95
2024-01-14 12:49:03 Loss: 0.000004883229677, Fidelity: 0.999995116770323, 2350, 1981.92
2024-01-14 12:49:11 Loss: 0.000004775703814, Fidelity: 0.999995224296186, 2360, 1990.37
2024-01-14 12:49:19 Loss: 0.000004670416573, Fidelity: 0.999995329583427, 2370, 1998.34
2024-01-14 12:49:27 Loss: 0.000004561571743, Fidelity: 0.999995438428257, 2380, 2006.46
2024-01-14 12:49:36 Loss: 0.000004448277840, Fidelity: 0.999995551722160, 2390, 2014.82
2024-01-14 12:49:44 Loss: 0.000004338981753, Fidelity: 0.999995661018247, 2400, 2022.57
2024-01-14 12:49:52 Loss: 0.000004226545726, Fidelity: 0.999995773454274, 2410, 2031.01
2024-01-14 12:50:00 Loss: 0.000004115715423, Fidelity: 0.999995884284577, 2420, 2039.37
2024-01-14 12:50:09 Loss: 0.000004023597289, Fidelity: 0.999995976402711, 2430, 2048.06
2024-01-14 12:50:17 Loss: 0.000003944321289, Fidelity: 0.999996055678711, 2440, 2056.45
2024-01-14 12:50:25 Loss: 0.000003865495945, Fidelity: 0.999996134504055, 2450, 2064.22
2024-01-14 12:50:34 Loss: 0.000003784893098, Fidelity: 0.999996215106902, 2460, 2073.07
2024-01-14 12:50:43 Loss: 0.000003710450277, Fidelity: 0.999996289549723, 2470, 2081.86
2024-01-14 12:50:52 Loss: 0.000003641808819, Fidelity: 0.999996358191181, 2480, 2090.58
2024-01-14 12:51:01 Loss: 0.000003579941368, Fidelity: 0.999996420058632, 2490, 2099.55
2024-01-14 12:51:09 Loss: 0.000003515407365, Fidelity: 0.999996484592635, 2500, 2108.13
2024-01-14 12:51:18 Loss: 0.000003450206672, Fidelity: 0.999996549793328, 2510, 2117.15
2024-01-14 12:51:27 Loss: 0.000003380589058, Fidelity: 0.999996619410942, 2520, 2125.92
2024-01-14 12:51:35 Loss: 0.000003320870714, Fidelity: 0.999996679129286, 2530, 2134.04
2024-01-14 12:51:44 Loss: 0.000003259246752, Fidelity: 0.999996740753248, 2540, 2143.06
2024-01-14 12:51:52 Loss: 0.000003189976224, Fidelity: 0.999996810023776, 2550, 2150.73
2024-01-14 12:52:00 Loss: 0.000003122684976, Fidelity: 0.999996877315024, 2560, 2159.02
2024-01-14 12:52:09 Loss: 0.000003052789508, Fidelity: 0.999996947210492, 2570, 2167.55
2024-01-14 12:52:17 Loss: 0.000002992079931, Fidelity: 0.999997007920069, 2580, 2176.34
2024-01-14 12:52:26 Loss: 0.000002936323903, Fidelity: 0.999997063676097, 2590, 2185.38
2024-01-14 12:52:35 Loss: 0.000002883119620, Fidelity: 0.999997116880380, 2600, 2193.81
2024-01-14 12:52:43 Loss: 0.000002830871304, Fidelity: 0.999997169128696, 2610, 2202.31
2024-01-14 12:52:51 Loss: 0.000002776809696, Fidelity: 0.999997223190304, 2620, 2210.43
2024-01-14 12:53:00 Loss: 0.000002725863451, Fidelity: 0.999997274136549, 2630, 2219.23
2024-01-14 12:53:09 Loss: 0.000002676060009, Fidelity: 0.999997323939991, 2640, 2228.26
2024-01-14 12:53:18 Loss: 0.000002631502355, Fidelity: 0.999997368497645, 2650, 2237.26
2024-01-14 12:53:26 Loss: 0.000002587820462, Fidelity: 0.999997412179538, 2660, 2245.45
2024-01-14 12:53:35 Loss: 0.000002549608913, Fidelity: 0.999997450391087, 2670, 2254.01
2024-01-14 12:53:43 Loss: 0.000002514396762, Fidelity: 0.999997485603238, 2680, 2262.07
2024-01-14 12:53:52 Loss: 0.000002474465035, Fidelity: 0.999997525534965, 2690, 2270.76
2024-01-14 12:54:01 Loss: 0.000002429671323, Fidelity: 0.999997570328677, 2700, 2279.68
2024-01-14 12:54:09 Loss: 0.000002386101737, Fidelity: 0.999997613898263, 2710, 2287.96
2024-01-14 12:54:18 Loss: 0.000002347566138, Fidelity: 0.999997652433862, 2720, 2296.63
2024-01-14 12:54:25 Loss: 0.000002307248871, Fidelity: 0.999997692751129, 2730, 2304.38
2024-01-14 12:54:34 Loss: 0.000002269207480, Fidelity: 0.999997730792520, 2740, 2312.98
2024-01-14 12:54:42 Loss: 0.000002230352785, Fidelity: 0.999997769647215, 2750, 2320.90
2024-01-14 12:54:50 Loss: 0.000002191697913, Fidelity: 0.999997808302087, 2760, 2329.43
2024-01-14 12:55:00 Loss: 0.000002146658484, Fidelity: 0.999997853341516, 2770, 2338.74
2024-01-14 12:55:09 Loss: 0.000002101095065, Fidelity: 0.999997898904935, 2780, 2347.67
2024-01-14 12:55:18 Loss: 0.000002060082627, Fidelity: 0.999997939917373, 2790, 2356.67
2024-01-14 12:55:25 Loss: 0.000002020912229, Fidelity: 0.999997979087771, 2800, 2364.33
2024-01-14 12:55:33 Loss: 0.000001982157318, Fidelity: 0.999998017842682, 2810, 2372.42
2024-01-14 12:55:42 Loss: 0.000001945597556, Fidelity: 0.999998054402444, 2820, 2380.70
2024-01-14 12:55:49 Loss: 0.000001910622896, Fidelity: 0.999998089377104, 2830, 2388.52
2024-01-14 12:55:57 Loss: 0.000001870550523, Fidelity: 0.999998129449477, 2840, 2396.06
2024-01-14 12:56:05 Loss: 0.000001833343320, Fidelity: 0.999998166656680, 2850, 2404.26
2024-01-14 12:56:13 Loss: 0.000001789647473, Fidelity: 0.999998210352527, 2860, 2411.90
2024-01-14 12:56:20 Loss: 0.000001752252045, Fidelity: 0.999998247747955, 2870, 2419.48
2024-01-14 12:56:29 Loss: 0.000001714755626, Fidelity: 0.999998285244374, 2880, 2428.36
2024-01-14 12:56:37 Loss: 0.000001678873263, Fidelity: 0.999998321126737, 2890, 2436.41
2024-01-14 12:56:45 Loss: 0.000001632532632, Fidelity: 0.999998367467368, 2900, 2443.86
2024-01-14 12:56:55 Loss: 0.000001597133554, Fidelity: 0.999998402866446, 2910, 2453.69
2024-01-14 12:57:04 Loss: 0.000001560117767, Fidelity: 0.999998439882233, 2920, 2462.59
2024-01-14 12:57:13 Loss: 0.000001530316813, Fidelity: 0.999998469683187, 2930, 2472.23
2024-01-14 12:57:22 Loss: 0.000001496259712, Fidelity: 0.999998503740288, 2940, 2481.04
2024-01-14 12:57:30 Loss: 0.000001467106184, Fidelity: 0.999998532893816, 2950, 2489.31
2024-01-14 12:57:39 Loss: 0.000001431518934, Fidelity: 0.999998568481066, 2960, 2497.82
2024-01-14 12:57:47 Loss: 0.000001402984131, Fidelity: 0.999998597015869, 2970, 2506.03
2024-01-14 12:57:56 Loss: 0.000001375129740, Fidelity: 0.999998624870260, 2980, 2515.24
2024-01-14 12:58:05 Loss: 0.000001345142873, Fidelity: 0.999998654857127, 2990, 2523.75
2024-01-14 12:58:13 Loss: 0.000001322705568, Fidelity: 0.999998677294432, 3000, 2532.10
2024-01-14 12:58:22 Loss: 0.000001295120691, Fidelity: 0.999998704879309, 3010, 2540.99
2024-01-14 12:58:30 Loss: 0.000001271284782, Fidelity: 0.999998728715218, 3020, 2549.37
2024-01-14 12:58:39 Loss: 0.000001247527299, Fidelity: 0.999998752472701, 3030, 2558.41
2024-01-14 12:58:48 Loss: 0.000001221590120, Fidelity: 0.999998778409880, 3040, 2567.46
2024-01-14 12:58:57 Loss: 0.000001192319086, Fidelity: 0.999998807680914, 3050, 2575.63
2024-01-14 12:59:05 Loss: 0.000001170036146, Fidelity: 0.999998829963854, 3060, 2583.59
2024-01-14 12:59:14 Loss: 0.000001141962279, Fidelity: 0.999998858037721, 3070, 2593.04
2024-01-14 12:59:23 Loss: 0.000001118748386, Fidelity: 0.999998881251614, 3080, 2602.43
2024-01-14 12:59:32 Loss: 0.000001096373597, Fidelity: 0.999998903626403, 3090, 2611.14
2024-01-14 12:59:41 Loss: 0.000001071500760, Fidelity: 0.999998928499240, 3100, 2620.41
2024-01-14 12:59:50 Loss: 0.000001051856567, Fidelity: 0.999998948143433, 3110, 2629.39
2024-01-14 12:59:59 Loss: 0.000001026839056, Fidelity: 0.999998973160944, 3120, 2637.85
2024-01-14 13:00:07 Loss: 0.000001008567413, Fidelity: 0.999998991432587, 3130, 2646.15
2024-01-14 13:00:15 Loss: 0.000000983244366, Fidelity: 0.999999016755634, 3140, 2653.78
2024-01-14 13:00:23 Loss: 0.000000960595656, Fidelity: 0.999999039404344, 3150, 2662.02
2024-01-14 13:00:32 Loss: 0.000000935954069, Fidelity: 0.999999064045931, 3160, 2670.65
2024-01-14 13:00:40 Loss: 0.000000908604197, Fidelity: 0.999999091395803, 3170, 2678.64
2024-01-14 13:00:48 Loss: 0.000000886817821, Fidelity: 0.999999113182179, 3180, 2686.54
2024-01-14 13:00:56 Loss: 0.000000865143060, Fidelity: 0.999999134856940, 3190, 2695.39
2024-01-14 13:01:06 Loss: 0.000000842818477, Fidelity: 0.999999157181523, 3200, 2704.76
2024-01-14 13:01:14 Loss: 0.000000825294103, Fidelity: 0.999999174705897, 3210, 2713.44
2024-01-14 13:01:23 Loss: 0.000000803665487, Fidelity: 0.999999196334513, 3220, 2722.48
2024-01-14 13:01:32 Loss: 0.000000785792628, Fidelity: 0.999999214207372, 3230, 2731.05
2024-01-14 13:01:40 Loss: 0.000000767946613, Fidelity: 0.999999232053387, 3240, 2739.31
2024-01-14 13:01:49 Loss: 0.000000748132807, Fidelity: 0.999999251867193, 3250, 2748.11
2024-01-14 13:01:58 Loss: 0.000000732157662, Fidelity: 0.999999267842338, 3260, 2756.75
2024-01-14 13:02:07 Loss: 0.000000714318116, Fidelity: 0.999999285681884, 3270, 2765.56
2024-01-14 13:02:15 Loss: 0.000000694818256, Fidelity: 0.999999305181744, 3280, 2774.02
2024-01-14 13:02:23 Loss: 0.000000680336724, Fidelity: 0.999999319663276, 3290, 2782.23
2024-01-14 13:02:32 Loss: 0.000000663866633, Fidelity: 0.999999336133367, 3300, 2790.87
2024-01-14 13:02:40 Loss: 0.000000650308164, Fidelity: 0.999999349691836, 3310, 2799.13
2024-01-14 13:02:49 Loss: 0.000000637583767, Fidelity: 0.999999362416233, 3320, 2807.73
2024-01-14 13:02:57 Loss: 0.000000621252744, Fidelity: 0.999999378747256, 3330, 2816.50
2024-01-14 13:03:07 Loss: 0.000000608198490, Fidelity: 0.999999391801510, 3340, 2826.25
2024-01-14 13:03:16 Loss: 0.000000595910455, Fidelity: 0.999999404089545, 3350, 2834.89
2024-01-14 13:03:24 Loss: 0.000000580258538, Fidelity: 0.999999419741462, 3360, 2843.05
2024-01-14 13:03:33 Loss: 0.000000567078857, Fidelity: 0.999999432921143, 3370, 2851.83
2024-01-14 13:03:42 Loss: 0.000000553040249, Fidelity: 0.999999446959751, 3380, 2860.72
2024-01-14 13:03:50 Loss: 0.000000537318034, Fidelity: 0.999999462681966, 3390, 2869.44
2024-01-14 13:03:59 Loss: 0.000000522739611, Fidelity: 0.999999477260389, 3400, 2878.28
2024-01-14 13:04:08 Loss: 0.000000510914321, Fidelity: 0.999999489085679, 3410, 2887.15
2024-01-14 13:04:17 Loss: 0.000000498071275, Fidelity: 0.999999501928725, 3420, 2895.99
2024-01-14 13:04:25 Loss: 0.000000484110484, Fidelity: 0.999999515889516, 3430, 2904.12
2024-01-14 13:04:34 Loss: 0.000000472778451, Fidelity: 0.999999527221549, 3440, 2912.76
2024-01-14 13:04:43 Loss: 0.000000458889682, Fidelity: 0.999999541110318, 3450, 2922.06
2024-01-14 13:04:52 Loss: 0.000000446112279, Fidelity: 0.999999553887721, 3460, 2930.84
2024-01-14 13:05:00 Loss: 0.000000435147908, Fidelity: 0.999999564852092, 3470, 2939.12
2024-01-14 13:05:09 Loss: 0.000000425278144, Fidelity: 0.999999574721856, 3480, 2947.53
2024-01-14 13:05:17 Loss: 0.000000413437770, Fidelity: 0.999999586562230, 3490, 2956.27
2024-01-14 13:05:26 Loss: 0.000000404478851, Fidelity: 0.999999595521149, 3500, 2965.10
2024-01-14 13:05:34 Loss: 0.000000395368649, Fidelity: 0.999999604631351, 3510, 2973.17
2024-01-14 13:05:42 Loss: 0.000000384623211, Fidelity: 0.999999615376789, 3520, 2981.27
2024-01-14 13:05:51 Loss: 0.000000373800171, Fidelity: 0.999999626199829, 3530, 2990.44
2024-01-14 13:06:00 Loss: 0.000000365560206, Fidelity: 0.999999634439794, 3540, 2998.67
2024-01-14 13:06:08 Loss: 0.000000357352950, Fidelity: 0.999999642647050, 3550, 3007.42
2024-01-14 13:06:16 Loss: 0.000000348308875, Fidelity: 0.999999651691125, 3560, 3015.34
2024-01-14 13:06:25 Loss: 0.000000338792764, Fidelity: 0.999999661207236, 3570, 3024.27
2024-01-14 13:06:33 Loss: 0.000000331018419, Fidelity: 0.999999668981581, 3580, 3032.39
2024-01-14 13:06:42 Loss: 0.000000323204317, Fidelity: 0.999999676795683, 3590, 3041.27
2024-01-14 13:06:51 Loss: 0.000000313726152, Fidelity: 0.999999686273848, 3600, 3050.20
2024-01-14 13:07:00 Loss: 0.000000307531936, Fidelity: 0.999999692468064, 3610, 3059.15
2024-01-14 13:07:09 Loss: 0.000000301193471, Fidelity: 0.999999698806529, 3620, 3067.88
2024-01-14 13:07:17 Loss: 0.000000293973494, Fidelity: 0.999999706026506, 3630, 3076.25
2024-01-14 13:07:26 Loss: 0.000000285169430, Fidelity: 0.999999714830570, 3640, 3084.71
2024-01-14 13:07:34 Loss: 0.000000277913584, Fidelity: 0.999999722086416, 3650, 3092.64
2024-01-14 13:07:42 Loss: 0.000000272404055, Fidelity: 0.999999727595945, 3660, 3101.09
2024-01-14 13:07:50 Loss: 0.000000266319038, Fidelity: 0.999999733680962, 3670, 3109.42
2024-01-14 13:07:59 Loss: 0.000000258825610, Fidelity: 0.999999741174390, 3680, 3118.43
2024-01-14 13:08:08 Loss: 0.000000253545881, Fidelity: 0.999999746454119, 3690, 3127.33
2024-01-14 13:08:16 Loss: 0.000000248846466, Fidelity: 0.999999751153534, 3700, 3134.75
2024-01-14 13:08:24 Loss: 0.000000243492080, Fidelity: 0.999999756507920, 3710, 3143.14
2024-01-14 13:08:33 Loss: 0.000000238674799, Fidelity: 0.999999761325201, 3720, 3152.40
2024-01-14 13:08:42 Loss: 0.000000234662632, Fidelity: 0.999999765337368, 3730, 3160.98
2024-01-14 13:08:50 Loss: 0.000000230308634, Fidelity: 0.999999769691366, 3740, 3169.28
2024-01-14 13:08:58 Loss: 0.000000224611885, Fidelity: 0.999999775388115, 3750, 3177.19
2024-01-14 13:09:07 Loss: 0.000000218443781, Fidelity: 0.999999781556219, 3760, 3185.58
2024-01-14 13:09:15 Loss: 0.000000213591167, Fidelity: 0.999999786408833, 3770, 3193.58
2024-01-14 13:09:23 Loss: 0.000000209656159, Fidelity: 0.999999790343841, 3780, 3202.22
2024-01-14 13:09:31 Loss: 0.000000205083263, Fidelity: 0.999999794916737, 3790, 3210.31
2024-01-14 13:09:41 Loss: 0.000000199477484, Fidelity: 0.999999800522516, 3800, 3219.95
2024-01-14 13:09:49 Loss: 0.000000194139791, Fidelity: 0.999999805860209, 3810, 3228.35
2024-01-14 13:09:58 Loss: 0.000000190040620, Fidelity: 0.999999809959380, 3820, 3236.77
2024-01-14 13:10:06 Loss: 0.000000185389048, Fidelity: 0.999999814610952, 3830, 3245.31
2024-01-14 13:10:15 Loss: 0.000000180602318, Fidelity: 0.999999819397682, 3840, 3253.65
2024-01-14 13:10:23 Loss: 0.000000176089969, Fidelity: 0.999999823910031, 3850, 3262.28
2024-01-14 13:10:32 Loss: 0.000000171281762, Fidelity: 0.999999828718238, 3860, 3270.57
2024-01-14 13:10:40 Loss: 0.000000166788296, Fidelity: 0.999999833211704, 3870, 3279.34
2024-01-14 13:10:49 Loss: 0.000000162086206, Fidelity: 0.999999837913794, 3880, 3287.87
2024-01-14 13:10:57 Loss: 0.000000157706478, Fidelity: 0.999999842293522, 3890, 3296.42
2024-01-14 13:11:05 Loss: 0.000000153035270, Fidelity: 0.999999846964730, 3900, 3304.21
2024-01-14 13:11:14 Loss: 0.000000148215059, Fidelity: 0.999999851784941, 3910, 3312.76
2024-01-14 13:11:23 Loss: 0.000000143919868, Fidelity: 0.999999856080132, 3920, 3321.77
2024-01-14 13:11:32 Loss: 0.000000140007824, Fidelity: 0.999999859992176, 3930, 3330.88
2024-01-14 13:11:41 Loss: 0.000000136741833, Fidelity: 0.999999863258167, 3940, 3339.66
2024-01-14 13:11:49 Loss: 0.000000133512591, Fidelity: 0.999999866487409, 3950, 3348.05
2024-01-14 13:11:57 Loss: 0.000000129929136, Fidelity: 0.999999870070864, 3960, 3355.66
2024-01-14 13:12:05 Loss: 0.000000125523325, Fidelity: 0.999999874476675, 3970, 3364.52
2024-01-14 13:12:13 Loss: 0.000000122119315, Fidelity: 0.999999877880685, 3980, 3372.48
2024-01-14 13:12:22 Loss: 0.000000118848501, Fidelity: 0.999999881151499, 3990, 3381.06
2024-01-14 13:12:30 Loss: 0.000000115930259, Fidelity: 0.999999884069741, 4000, 3388.58
2024-01-14 13:12:39 Loss: 0.000000113135500, Fidelity: 0.999999886864500, 4010, 3397.67
2024-01-14 13:12:47 Loss: 0.000000110070738, Fidelity: 0.999999889929262, 4020, 3406.06
2024-01-14 13:12:55 Loss: 0.000000106709450, Fidelity: 0.999999893290550, 4030, 3414.17
2024-01-14 13:13:03 Loss: 0.000000103404143, Fidelity: 0.999999896595857, 4040, 3422.21
2024-01-14 13:13:12 Loss: 0.000000100626330, Fidelity: 0.999999899373670, 4050, 3430.63
2024-01-14 13:13:20 Loss: 0.000000098083704, Fidelity: 0.999999901916296, 4060, 3438.78
2024-01-14 13:13:28 Loss: 0.000000095630714, Fidelity: 0.999999904369286, 4070, 3447.49
2024-01-14 13:13:37 Loss: 0.000000092683323, Fidelity: 0.999999907316677, 4080, 3455.63
2024-01-14 13:13:46 Loss: 0.000000089847880, Fidelity: 0.999999910152120, 4090, 3464.64
2024-01-14 13:13:54 Loss: 0.000000086974268, Fidelity: 0.999999913025732, 4100, 3472.95
2024-01-14 13:14:03 Loss: 0.000000084931954, Fidelity: 0.999999915068046, 4110, 3481.52
2024-01-14 13:14:11 Loss: 0.000000082840689, Fidelity: 0.999999917159311, 4120, 3490.51
2024-01-14 13:14:20 Loss: 0.000000080692708, Fidelity: 0.999999919307292, 4130, 3499.25
2024-01-14 13:14:30 Loss: 0.000000078517624, Fidelity: 0.999999921482376, 4140, 3508.64
2024-01-14 13:14:38 Loss: 0.000000076298857, Fidelity: 0.999999923701143, 4150, 3516.83
2024-01-14 13:14:47 Loss: 0.000000074152101, Fidelity: 0.999999925847899, 4160, 3525.93
2024-01-14 13:14:55 Loss: 0.000000071853679, Fidelity: 0.999999928146321, 4170, 3533.80
2024-01-14 13:15:03 Loss: 0.000000069959097, Fidelity: 0.999999930040903, 4180, 3541.81
2024-01-14 13:15:10 Loss: 0.000000068259060, Fidelity: 0.999999931740940, 4190, 3549.34
2024-01-14 13:15:19 Loss: 0.000000066616718, Fidelity: 0.999999933383282, 4200, 3558.06
2024-01-14 13:15:27 Loss: 0.000000064924253, Fidelity: 0.999999935075747, 4210, 3566.00
2024-01-14 13:15:34 Loss: 0.000000062942088, Fidelity: 0.999999937057912, 4220, 3573.41
2024-01-14 13:15:43 Loss: 0.000000061253191, Fidelity: 0.999999938746809, 4230, 3582.00
2024-01-14 13:15:51 Loss: 0.000000059417863, Fidelity: 0.999999940582137, 4240, 3590.19
2024-01-14 13:16:00 Loss: 0.000000057174468, Fidelity: 0.999999942825532, 4250, 3598.73
2024-01-14 13:16:08 Loss: 0.000000055336660, Fidelity: 0.999999944663340, 4260, 3606.69
2024-01-14 13:16:16 Loss: 0.000000053617267, Fidelity: 0.999999946382733, 4270, 3615.51
2024-01-14 13:16:25 Loss: 0.000000051979623, Fidelity: 0.999999948020377, 4280, 3624.07
2024-01-14 13:16:33 Loss: 0.000000050648165, Fidelity: 0.999999949351835, 4290, 3632.17
2024-01-14 13:16:41 Loss: 0.000000049312154, Fidelity: 0.999999950687846, 4300, 3639.89
2024-01-14 13:16:49 Loss: 0.000000048182030, Fidelity: 0.999999951817970, 4310, 3648.52
2024-01-14 13:16:58 Loss: 0.000000046834464, Fidelity: 0.999999953165536, 4320, 3656.78
2024-01-14 13:17:06 Loss: 0.000000045559328, Fidelity: 0.999999954440672, 4330, 3665.45
2024-01-14 13:17:15 Loss: 0.000000044142790, Fidelity: 0.999999955857210, 4340, 3673.79
2024-01-14 13:17:23 Loss: 0.000000042643391, Fidelity: 0.999999957356609, 4350, 3682.14
2024-01-14 13:17:32 Loss: 0.000000041487024, Fidelity: 0.999999958512976, 4360, 3691.00
2024-01-14 13:17:41 Loss: 0.000000040195004, Fidelity: 0.999999959804996, 4370, 3699.85
2024-01-14 13:17:49 Loss: 0.000000039049468, Fidelity: 0.999999960950532, 4380, 3708.09
2024-01-14 13:17:58 Loss: 0.000000037936948, Fidelity: 0.999999962063052, 4390, 3716.60
2024-01-14 13:18:05 Loss: 0.000000036799314, Fidelity: 0.999999963200686, 4400, 3724.24
2024-01-14 13:18:15 Loss: 0.000000035794500, Fidelity: 0.999999964205500, 4410, 3733.54
2024-01-14 13:18:23 Loss: 0.000000034609427, Fidelity: 0.999999965390573, 4420, 3741.92
2024-01-14 13:18:31 Loss: 0.000000033473659, Fidelity: 0.999999966526341, 4430, 3750.42
2024-01-14 13:18:40 Loss: 0.000000032431787, Fidelity: 0.999999967568213, 4440, 3758.64
2024-01-14 13:18:47 Loss: 0.000000031511118, Fidelity: 0.999999968488882, 4450, 3766.38
2024-01-14 13:18:56 Loss: 0.000000030476022, Fidelity: 0.999999969523978, 4460, 3774.71
2024-01-14 13:19:04 Loss: 0.000000029500432, Fidelity: 0.999999970499568, 4470, 3783.30
2024-01-14 13:19:12 Loss: 0.000000028620047, Fidelity: 0.999999971379953, 4480, 3791.52
2024-01-14 13:19:21 Loss: 0.000000027746722, Fidelity: 0.999999972253278, 4490, 3799.85
2024-01-14 13:19:30 Loss: 0.000000026705251, Fidelity: 0.999999973294749, 4500, 3809.13
2024-01-14 13:19:40 Loss: 0.000000025744013, Fidelity: 0.999999974255987, 4510, 3818.78
2024-01-14 13:19:48 Loss: 0.000000024728405, Fidelity: 0.999999975271595, 4520, 3827.38
2024-01-14 13:19:57 Loss: 0.000000023757717, Fidelity: 0.999999976242283, 4530, 3836.10
2024-01-14 13:20:05 Loss: 0.000000022954945, Fidelity: 0.999999977045055, 4540, 3843.83
2024-01-14 13:20:14 Loss: 0.000000022259468, Fidelity: 0.999999977740532, 4550, 3852.92
2024-01-14 13:20:23 Loss: 0.000000021496564, Fidelity: 0.999999978503436, 4560, 3861.71
2024-01-14 13:20:31 Loss: 0.000000020819193, Fidelity: 0.999999979180807, 4570, 3869.89
2024-01-14 13:20:40 Loss: 0.000000020170412, Fidelity: 0.999999979829588, 4580, 3878.98
2024-01-14 13:20:49 Loss: 0.000000019537669, Fidelity: 0.999999980462331, 4590, 3887.88
2024-01-14 13:20:57 Loss: 0.000000018943789, Fidelity: 0.999999981056211, 4600, 3896.46
2024-01-14 13:21:06 Loss: 0.000000018210463, Fidelity: 0.999999981789537, 4610, 3904.76
2024-01-14 13:21:15 Loss: 0.000000017577292, Fidelity: 0.999999982422708, 4620, 3913.66
2024-01-14 13:21:23 Loss: 0.000000016923999, Fidelity: 0.999999983076001, 4630, 3921.68
2024-01-14 13:21:32 Loss: 0.000000016275595, Fidelity: 0.999999983724405, 4640, 3931.03
2024-01-14 13:21:40 Loss: 0.000000015748560, Fidelity: 0.999999984251440, 4650, 3939.25
2024-01-14 13:21:49 Loss: 0.000000015273609, Fidelity: 0.999999984726391, 4660, 3947.96
2024-01-14 13:21:57 Loss: 0.000000014832791, Fidelity: 0.999999985167209, 4670, 3955.78
2024-01-14 13:22:05 Loss: 0.000000014391490, Fidelity: 0.999999985608510, 4680, 3963.67
2024-01-14 13:22:12 Loss: 0.000000013927107, Fidelity: 0.999999986072893, 4690, 3971.14
2024-01-14 13:22:21 Loss: 0.000000013439120, Fidelity: 0.999999986560880, 4700, 3979.60
2024-01-14 13:22:29 Loss: 0.000000012927974, Fidelity: 0.999999987072026, 4710, 3987.67
2024-01-14 13:22:37 Loss: 0.000000012480245, Fidelity: 0.999999987519755, 4720, 3995.95
2024-01-14 13:22:45 Loss: 0.000000012094551, Fidelity: 0.999999987905449, 4730, 4003.80
2024-01-14 13:22:53 Loss: 0.000000011678044, Fidelity: 0.999999988321956, 4740, 4012.49
2024-01-14 13:23:02 Loss: 0.000000011334929, Fidelity: 0.999999988665071, 4750, 4020.57
2024-01-14 13:23:10 Loss: 0.000000011012321, Fidelity: 0.999999988987679, 4760, 4028.74
2024-01-14 13:23:18 Loss: 0.000000010746772, Fidelity: 0.999999989253228, 4770, 4037.40
2024-01-14 13:23:27 Loss: 0.000000010393579, Fidelity: 0.999999989606421, 4780, 4046.09
2024-01-14 13:23:36 Loss: 0.000000010087708, Fidelity: 0.999999989912292, 4790, 4054.71
2024-01-14 13:23:38 `callback` raised `StopIteration`.
2024-01-14 13:23:38 Number of layers: 6
2024-01-14 13:23:38 Optimal: 0.00000000992480597706, 9.92480597705736e-09
2024-01-14 13:23:39 state & psi_res norm L2:  1.84964672040269073605
2024-01-14 13:23:39 state & psi_res fidelity: 0.99999999007519702054
2024-01-14 13:23:39 rdm2 & rho_res norm L2:  0.00000615873902404692
2024-01-14 13:23:39 rdm2 & rho_res fidelity: 0.99999999945409800972
2024-01-14 13:23:39 Runtime: 4057.6690s, 67.6278m, 1.1271h, Iter: 4792
