2024-01-14 12:15:52 RDM2 Rank: 9
2024-01-14 12:15:52 Number of qubits: 12
2024-01-14 12:15:52 Number of params: 3060
2024-01-14 12:15:52 Number of gates: 16620
2024-01-14 12:15:52 Hamiltonian Dimension: (4096, 4096)
2024-01-14 12:15:52 rdm2 & rho norm L2:  0.00000000000000012508
2024-01-14 12:15:52 rdm2 & rho fidelity: 1.00000000030355895575
2024-01-14 12:15:52 Simulator: mqvector, Method: BFGS
2024-01-14 12:15:55 Loss: 0.903395949398532, Fidelity: 0.096604050601468, 10, 2.93
2024-01-14 12:16:01 Loss: 0.502546154392041, Fidelity: 0.497453845607959, 20, 8.62
2024-01-14 12:16:08 Loss: 0.289054205725334, Fidelity: 0.710945794274666, 30, 15.55
2024-01-14 12:16:16 Loss: 0.178385918660359, Fidelity: 0.821614081339641, 40, 23.80
2024-01-14 12:16:25 Loss: 0.120466853979094, Fidelity: 0.879533146020906, 50, 32.16
2024-01-14 12:16:32 Loss: 0.088971961258809, Fidelity: 0.911028038741191, 60, 39.91
2024-01-14 12:16:41 Loss: 0.068788579887774, Fidelity: 0.931211420112226, 70, 48.85
2024-01-14 12:16:49 Loss: 0.054929894140525, Fidelity: 0.945070105859475, 80, 56.90
2024-01-14 12:16:58 Loss: 0.045396947024449, Fidelity: 0.954603052975551, 90, 65.14
2024-01-14 12:17:05 Loss: 0.038136256361631, Fidelity: 0.961863743638369, 100, 73.11
2024-01-14 12:17:14 Loss: 0.031644059127081, Fidelity: 0.968355940872919, 110, 81.86
2024-01-14 12:17:22 Loss: 0.026580470280519, Fidelity: 0.973419529719481, 120, 89.72
2024-01-14 12:17:31 Loss: 0.022415943394416, Fidelity: 0.977584056605584, 130, 98.45
2024-01-14 12:17:39 Loss: 0.019326665897924, Fidelity: 0.980673334102076, 140, 106.30
2024-01-14 12:17:47 Loss: 0.016832287248697, Fidelity: 0.983167712751303, 150, 114.32
2024-01-14 12:17:55 Loss: 0.014679308683458, Fidelity: 0.985320691316542, 160, 122.46
2024-01-14 12:18:03 Loss: 0.012821788279768, Fidelity: 0.987178211720232, 170, 131.13
2024-01-14 12:18:11 Loss: 0.011309947737847, Fidelity: 0.988690052262153, 180, 139.09
2024-01-14 12:18:21 Loss: 0.010098863031957, Fidelity: 0.989901136968043, 190, 148.28
2024-01-14 12:18:29 Loss: 0.009119313040944, Fidelity: 0.990880686959056, 200, 156.43
2024-01-14 12:18:38 Loss: 0.008268796636141, Fidelity: 0.991731203363859, 210, 165.16
2024-01-14 12:18:46 Loss: 0.007522844673933, Fidelity: 0.992477155326067, 220, 173.17
2024-01-14 12:18:53 Loss: 0.006845118972003, Fidelity: 0.993154881027997, 230, 180.75
2024-01-14 12:19:02 Loss: 0.006218413514742, Fidelity: 0.993781586485258, 240, 189.38
2024-01-14 12:19:11 Loss: 0.005681780295653, Fidelity: 0.994318219704347, 250, 198.14
2024-01-14 12:19:19 Loss: 0.005227873547257, Fidelity: 0.994772126452743, 260, 206.39
2024-01-14 12:19:26 Loss: 0.004819556112561, Fidelity: 0.995180443887439, 270, 214.09
2024-01-14 12:19:34 Loss: 0.004443584338584, Fidelity: 0.995556415661416, 280, 221.73
2024-01-14 12:19:42 Loss: 0.004078622526511, Fidelity: 0.995921377473489, 290, 229.83
2024-01-14 12:19:51 Loss: 0.003768081968801, Fidelity: 0.996231918031199, 300, 238.64
2024-01-14 12:20:00 Loss: 0.003506065469871, Fidelity: 0.996493934530129, 310, 247.54
2024-01-14 12:20:09 Loss: 0.003288725999811, Fidelity: 0.996711274000189, 320, 256.26
2024-01-14 12:20:17 Loss: 0.003081095724334, Fidelity: 0.996918904275666, 330, 264.35
2024-01-14 12:20:25 Loss: 0.002888618013583, Fidelity: 0.997111381986417, 340, 272.66
2024-01-14 12:20:34 Loss: 0.002705764584591, Fidelity: 0.997294235415409, 350, 281.71
2024-01-14 12:20:43 Loss: 0.002521609315627, Fidelity: 0.997478390684373, 360, 290.47
2024-01-14 12:20:51 Loss: 0.002372801004719, Fidelity: 0.997627198995281, 370, 298.68
2024-01-14 12:21:00 Loss: 0.002238481379625, Fidelity: 0.997761518620375, 380, 307.61
2024-01-14 12:21:08 Loss: 0.002118239678645, Fidelity: 0.997881760321355, 390, 315.83
2024-01-14 12:21:17 Loss: 0.002015649372838, Fidelity: 0.997984350627162, 400, 324.54
2024-01-14 12:21:25 Loss: 0.001911696741129, Fidelity: 0.998088303258871, 410, 332.35
2024-01-14 12:21:33 Loss: 0.001820079366136, Fidelity: 0.998179920633864, 420, 340.71
2024-01-14 12:21:41 Loss: 0.001733761244330, Fidelity: 0.998266238755670, 430, 348.70
2024-01-14 12:21:49 Loss: 0.001655475286613, Fidelity: 0.998344524713387, 440, 356.95
2024-01-14 12:21:57 Loss: 0.001581050517711, Fidelity: 0.998418949482289, 450, 365.10
2024-01-14 12:22:05 Loss: 0.001511619332334, Fidelity: 0.998488380667666, 460, 372.53
2024-01-14 12:22:13 Loss: 0.001446089618812, Fidelity: 0.998553910381188, 470, 380.34
2024-01-14 12:22:22 Loss: 0.001381934842934, Fidelity: 0.998618065157066, 480, 389.14
2024-01-14 12:22:30 Loss: 0.001318994000397, Fidelity: 0.998681005999603, 490, 398.12
2024-01-14 12:22:39 Loss: 0.001262819546025, Fidelity: 0.998737180453975, 500, 406.99
2024-01-14 12:22:47 Loss: 0.001213917651346, Fidelity: 0.998786082348654, 510, 414.90
2024-01-14 12:22:56 Loss: 0.001166546703875, Fidelity: 0.998833453296125, 520, 423.90
2024-01-14 12:23:05 Loss: 0.001118116071306, Fidelity: 0.998881883928694, 530, 432.41
2024-01-14 12:23:14 Loss: 0.001072783436559, Fidelity: 0.998927216563441, 540, 441.21
2024-01-14 12:23:21 Loss: 0.001027520562496, Fidelity: 0.998972479437504, 550, 448.83
2024-01-14 12:23:29 Loss: 0.000984217288373, Fidelity: 0.999015782711627, 560, 456.39
2024-01-14 12:23:36 Loss: 0.000940409130561, Fidelity: 0.999059590869439, 570, 464.13
2024-01-14 12:23:44 Loss: 0.000898481188210, Fidelity: 0.999101518811790, 580, 471.45
2024-01-14 12:23:51 Loss: 0.000854905994384, Fidelity: 0.999145094005616, 590, 479.07
2024-01-14 12:24:00 Loss: 0.000814041347973, Fidelity: 0.999185958652027, 600, 487.50
2024-01-14 12:24:09 Loss: 0.000772469613317, Fidelity: 0.999227530386683, 610, 496.44
2024-01-14 12:24:17 Loss: 0.000728195630763, Fidelity: 0.999271804369237, 620, 504.33
2024-01-14 12:24:25 Loss: 0.000691816536577, Fidelity: 0.999308183463423, 630, 512.74
2024-01-14 12:24:34 Loss: 0.000656714165271, Fidelity: 0.999343285834729, 640, 521.65
2024-01-14 12:24:42 Loss: 0.000623319294644, Fidelity: 0.999376680705356, 650, 529.61
2024-01-14 12:24:50 Loss: 0.000593566728522, Fidelity: 0.999406433271478, 660, 537.95
2024-01-14 12:25:00 Loss: 0.000567342702203, Fidelity: 0.999432657297797, 670, 547.92
2024-01-14 12:25:09 Loss: 0.000541334820322, Fidelity: 0.999458665179678, 680, 557.03
2024-01-14 12:25:17 Loss: 0.000517852286479, Fidelity: 0.999482147713521, 690, 564.80
2024-01-14 12:25:26 Loss: 0.000494893785608, Fidelity: 0.999505106214392, 700, 573.59
2024-01-14 12:25:34 Loss: 0.000475508651788, Fidelity: 0.999524491348212, 710, 581.55
2024-01-14 12:25:42 Loss: 0.000457350553202, Fidelity: 0.999542649446798, 720, 589.56
2024-01-14 12:25:51 Loss: 0.000440927762806, Fidelity: 0.999559072237194, 730, 598.35
2024-01-14 12:26:00 Loss: 0.000424930314254, Fidelity: 0.999575069685746, 740, 607.63
2024-01-14 12:26:09 Loss: 0.000408877285892, Fidelity: 0.999591122714108, 750, 616.19
2024-01-14 12:26:17 Loss: 0.000393957500487, Fidelity: 0.999606042499513, 760, 624.68
2024-01-14 12:26:25 Loss: 0.000380628377438, Fidelity: 0.999619371622562, 770, 632.99
2024-01-14 12:26:34 Loss: 0.000367657802689, Fidelity: 0.999632342197311, 780, 641.92
2024-01-14 12:26:42 Loss: 0.000356450751759, Fidelity: 0.999643549248241, 790, 650.12
2024-01-14 12:26:51 Loss: 0.000344992175428, Fidelity: 0.999655007824572, 800, 658.19
2024-01-14 12:26:58 Loss: 0.000334171159811, Fidelity: 0.999665828840189, 810, 665.81
2024-01-14 12:27:06 Loss: 0.000323677228636, Fidelity: 0.999676322771364, 820, 673.59
2024-01-14 12:27:14 Loss: 0.000312956945965, Fidelity: 0.999687043054035, 830, 681.76
2024-01-14 12:27:22 Loss: 0.000302882135368, Fidelity: 0.999697117864632, 840, 689.84
2024-01-14 12:27:30 Loss: 0.000292438276878, Fidelity: 0.999707561723122, 850, 698.09
2024-01-14 12:27:39 Loss: 0.000281995820620, Fidelity: 0.999718004179380, 860, 706.20
2024-01-14 12:27:48 Loss: 0.000272222902727, Fidelity: 0.999727777097273, 870, 715.23
2024-01-14 12:27:56 Loss: 0.000262948593134, Fidelity: 0.999737051406866, 880, 724.04
2024-01-14 12:28:04 Loss: 0.000254106548622, Fidelity: 0.999745893451378, 890, 731.97
2024-01-14 12:28:12 Loss: 0.000245850073515, Fidelity: 0.999754149926485, 900, 739.74
2024-01-14 12:28:21 Loss: 0.000237856235293, Fidelity: 0.999762143764707, 910, 749.12
2024-01-14 12:28:31 Loss: 0.000231187997548, Fidelity: 0.999768812002452, 920, 758.38
2024-01-14 12:28:39 Loss: 0.000224478201916, Fidelity: 0.999775521798084, 930, 767.00
2024-01-14 12:28:47 Loss: 0.000218046565091, Fidelity: 0.999781953434909, 940, 774.60
2024-01-14 12:28:55 Loss: 0.000211773730231, Fidelity: 0.999788226269769, 950, 783.02
2024-01-14 12:29:03 Loss: 0.000205679331751, Fidelity: 0.999794320668249, 960, 790.72
2024-01-14 12:29:12 Loss: 0.000200627301066, Fidelity: 0.999799372698934, 970, 799.22
2024-01-14 12:29:20 Loss: 0.000195320462264, Fidelity: 0.999804679537736, 980, 807.50
2024-01-14 12:29:28 Loss: 0.000190339302829, Fidelity: 0.999809660697171, 990, 816.02
2024-01-14 12:29:37 Loss: 0.000185394743237, Fidelity: 0.999814605256763, 1000, 824.67
2024-01-14 12:29:45 Loss: 0.000180747061683, Fidelity: 0.999819252938317, 1010, 833.08
2024-01-14 12:29:54 Loss: 0.000175779018629, Fidelity: 0.999824220981371, 1020, 841.44
2024-01-14 12:30:02 Loss: 0.000171308788772, Fidelity: 0.999828691211228, 1030, 850.13
2024-01-14 12:30:10 Loss: 0.000167163737671, Fidelity: 0.999832836262329, 1040, 858.03
2024-01-14 12:30:19 Loss: 0.000163425323548, Fidelity: 0.999836574676452, 1050, 866.19
2024-01-14 12:30:27 Loss: 0.000160355138635, Fidelity: 0.999839644861365, 1060, 874.80
2024-01-14 12:30:36 Loss: 0.000157252852168, Fidelity: 0.999842747147832, 1070, 883.31
2024-01-14 12:30:43 Loss: 0.000154411335056, Fidelity: 0.999845588664944, 1080, 890.98
2024-01-14 12:30:51 Loss: 0.000151293439808, Fidelity: 0.999848706560192, 1090, 898.74
2024-01-14 12:30:59 Loss: 0.000148175573617, Fidelity: 0.999851824426383, 1100, 906.65
2024-01-14 12:31:07 Loss: 0.000145549926870, Fidelity: 0.999854450073130, 1110, 914.25
2024-01-14 12:31:16 Loss: 0.000142620164400, Fidelity: 0.999857379835600, 1120, 923.18
2024-01-14 12:31:24 Loss: 0.000139920795115, Fidelity: 0.999860079204885, 1130, 931.31
2024-01-14 12:31:32 Loss: 0.000137443500549, Fidelity: 0.999862556499451, 1140, 939.98
2024-01-14 12:31:40 Loss: 0.000134869240126, Fidelity: 0.999865130759874, 1150, 948.01
2024-01-14 12:31:49 Loss: 0.000132228346756, Fidelity: 0.999867771653244, 1160, 957.03
2024-01-14 12:31:57 Loss: 0.000129876320251, Fidelity: 0.999870123679749, 1170, 965.12
2024-01-14 12:32:06 Loss: 0.000127306537561, Fidelity: 0.999872693462439, 1180, 973.82
2024-01-14 12:32:15 Loss: 0.000124836445320, Fidelity: 0.999875163554680, 1190, 982.32
2024-01-14 12:32:23 Loss: 0.000122362974616, Fidelity: 0.999877637025384, 1200, 990.93
2024-01-14 12:32:32 Loss: 0.000119837186833, Fidelity: 0.999880162813167, 1210, 999.27
2024-01-14 12:32:40 Loss: 0.000117466868356, Fidelity: 0.999882533131644, 1220, 1007.56
2024-01-14 12:32:48 Loss: 0.000115032320971, Fidelity: 0.999884967679029, 1230, 1015.14
2024-01-14 12:32:56 Loss: 0.000112815701732, Fidelity: 0.999887184298268, 1240, 1023.26
2024-01-14 12:33:04 Loss: 0.000110694344199, Fidelity: 0.999889305655801, 1250, 1032.06
2024-01-14 12:33:13 Loss: 0.000108623856596, Fidelity: 0.999891376143404, 1260, 1041.06
2024-01-14 12:33:23 Loss: 0.000106360444884, Fidelity: 0.999893639555116, 1270, 1050.15
2024-01-14 12:33:32 Loss: 0.000104047706064, Fidelity: 0.999895952293936, 1280, 1059.35
2024-01-14 12:33:40 Loss: 0.000101851375545, Fidelity: 0.999898148624455, 1290, 1067.98
2024-01-14 12:33:50 Loss: 0.000099715802166, Fidelity: 0.999900284197834, 1300, 1077.25
2024-01-14 12:33:57 Loss: 0.000097747465547, Fidelity: 0.999902252534453, 1310, 1084.68
2024-01-14 12:34:05 Loss: 0.000095905534453, Fidelity: 0.999904094465547, 1320, 1092.95
2024-01-14 12:34:13 Loss: 0.000094007809429, Fidelity: 0.999905992190571, 1330, 1100.94
2024-01-14 12:34:22 Loss: 0.000091971491451, Fidelity: 0.999908028508549, 1340, 1109.68
2024-01-14 12:34:30 Loss: 0.000090021903184, Fidelity: 0.999909978096816, 1350, 1117.63
2024-01-14 12:34:39 Loss: 0.000088162763738, Fidelity: 0.999911837236262, 1360, 1126.34
2024-01-14 12:34:46 Loss: 0.000086219401450, Fidelity: 0.999913780598550, 1370, 1133.94
2024-01-14 12:34:55 Loss: 0.000084482362373, Fidelity: 0.999915517637627, 1380, 1142.37
2024-01-14 12:35:04 Loss: 0.000082898035256, Fidelity: 0.999917101964744, 1390, 1151.38
2024-01-14 12:35:13 Loss: 0.000081328121757, Fidelity: 0.999918671878243, 1400, 1160.39
2024-01-14 12:35:22 Loss: 0.000079577733497, Fidelity: 0.999920422266503, 1410, 1169.17
2024-01-14 12:35:29 Loss: 0.000077961831267, Fidelity: 0.999922038168733, 1420, 1176.87
2024-01-14 12:35:38 Loss: 0.000076256515260, Fidelity: 0.999923743484740, 1430, 1185.56
2024-01-14 12:35:47 Loss: 0.000074789694752, Fidelity: 0.999925210305248, 1440, 1194.88
2024-01-14 12:35:56 Loss: 0.000073300583466, Fidelity: 0.999926699416534, 1450, 1203.75
2024-01-14 12:36:04 Loss: 0.000071968999441, Fidelity: 0.999928031000559, 1460, 1211.83
2024-01-14 12:36:13 Loss: 0.000070509262025, Fidelity: 0.999929490737975, 1470, 1220.32
2024-01-14 12:36:20 Loss: 0.000069168533139, Fidelity: 0.999930831466861, 1480, 1228.08
2024-01-14 12:36:29 Loss: 0.000067768095405, Fidelity: 0.999932231904595, 1490, 1236.59
2024-01-14 12:36:37 Loss: 0.000066365819737, Fidelity: 0.999933634180263, 1500, 1245.09
2024-01-14 12:36:45 Loss: 0.000065048952931, Fidelity: 0.999934951047069, 1510, 1252.44
2024-01-14 12:36:53 Loss: 0.000063678803466, Fidelity: 0.999936321196534, 1520, 1260.76
2024-01-14 12:37:02 Loss: 0.000062307203649, Fidelity: 0.999937692796351, 1530, 1269.84
2024-01-14 12:37:11 Loss: 0.000060932043697, Fidelity: 0.999939067956303, 1540, 1278.40
2024-01-14 12:37:19 Loss: 0.000059689891495, Fidelity: 0.999940310108505, 1550, 1286.75
2024-01-14 12:37:28 Loss: 0.000058418276621, Fidelity: 0.999941581723379, 1560, 1295.45
2024-01-14 12:37:36 Loss: 0.000057216690127, Fidelity: 0.999942783309873, 1570, 1303.23
2024-01-14 12:37:44 Loss: 0.000056090194302, Fidelity: 0.999943909805698, 1580, 1311.97
2024-01-14 12:37:52 Loss: 0.000054981650724, Fidelity: 0.999945018349276, 1590, 1320.05
2024-01-14 12:38:00 Loss: 0.000053963220168, Fidelity: 0.999946036779832, 1600, 1327.93
2024-01-14 12:38:09 Loss: 0.000053020745735, Fidelity: 0.999946979254265, 1610, 1336.81
2024-01-14 12:38:18 Loss: 0.000052011687442, Fidelity: 0.999947988312558, 1620, 1345.90
2024-01-14 12:38:26 Loss: 0.000050963852049, Fidelity: 0.999949036147951, 1630, 1353.81
2024-01-14 12:38:34 Loss: 0.000049917584251, Fidelity: 0.999950082415749, 1640, 1362.05
2024-01-14 12:38:42 Loss: 0.000048882659837, Fidelity: 0.999951117340163, 1650, 1370.12
2024-01-14 12:38:50 Loss: 0.000047952024718, Fidelity: 0.999952047975282, 1660, 1377.81
2024-01-14 12:38:58 Loss: 0.000047001155902, Fidelity: 0.999952998844098, 1670, 1385.53
2024-01-14 12:39:05 Loss: 0.000045960274974, Fidelity: 0.999954039725026, 1680, 1392.89
2024-01-14 12:39:14 Loss: 0.000045060279424, Fidelity: 0.999954939720576, 1690, 1401.76
2024-01-14 12:39:24 Loss: 0.000044229935868, Fidelity: 0.999955770064132, 1700, 1411.52
2024-01-14 12:39:33 Loss: 0.000043494684478, Fidelity: 0.999956505315522, 1710, 1420.41
2024-01-14 12:39:41 Loss: 0.000042812208322, Fidelity: 0.999957187791678, 1720, 1428.74
2024-01-14 12:39:49 Loss: 0.000042041771200, Fidelity: 0.999957958228800, 1730, 1437.06
2024-01-14 12:39:58 Loss: 0.000041173064122, Fidelity: 0.999958826935878, 1740, 1446.03
2024-01-14 12:40:07 Loss: 0.000040328085591, Fidelity: 0.999959671914409, 1750, 1454.66
2024-01-14 12:40:16 Loss: 0.000039607373200, Fidelity: 0.999960392626800, 1760, 1463.15
2024-01-14 12:40:24 Loss: 0.000038902911322, Fidelity: 0.999961097088678, 1770, 1471.61
2024-01-14 12:40:32 Loss: 0.000038239462178, Fidelity: 0.999961760537822, 1780, 1479.67
2024-01-14 12:40:40 Loss: 0.000037564290827, Fidelity: 0.999962435709173, 1790, 1487.65
2024-01-14 12:40:49 Loss: 0.000036941797650, Fidelity: 0.999963058202350, 1800, 1496.45
2024-01-14 12:40:58 Loss: 0.000036385641337, Fidelity: 0.999963614358663, 1810, 1505.50
2024-01-14 12:41:07 Loss: 0.000035835595802, Fidelity: 0.999964164404198, 1820, 1514.34
2024-01-14 12:41:15 Loss: 0.000035257947297, Fidelity: 0.999964742052703, 1830, 1522.73
2024-01-14 12:41:24 Loss: 0.000034709137896, Fidelity: 0.999965290862104, 1840, 1531.35
2024-01-14 12:41:32 Loss: 0.000034186154760, Fidelity: 0.999965813845240, 1850, 1539.62
2024-01-14 12:41:41 Loss: 0.000033674454807, Fidelity: 0.999966325545193, 1860, 1548.84
2024-01-14 12:41:50 Loss: 0.000033139968915, Fidelity: 0.999966860031085, 1870, 1557.20
2024-01-14 12:41:58 Loss: 0.000032602120837, Fidelity: 0.999967397879163, 1880, 1565.45
2024-01-14 12:42:06 Loss: 0.000032044734842, Fidelity: 0.999967955265158, 1890, 1573.54
2024-01-14 12:42:14 Loss: 0.000031519404879, Fidelity: 0.999968480595121, 1900, 1581.44
2024-01-14 12:42:23 Loss: 0.000031044181259, Fidelity: 0.999968955818741, 1910, 1590.22
2024-01-14 12:42:31 Loss: 0.000030565917233, Fidelity: 0.999969434082767, 1920, 1599.08
2024-01-14 12:42:40 Loss: 0.000030118967403, Fidelity: 0.999969881032597, 1930, 1608.12
2024-01-14 12:42:48 Loss: 0.000029602424840, Fidelity: 0.999970397575160, 1940, 1616.04
2024-01-14 12:42:57 Loss: 0.000029096141871, Fidelity: 0.999970903858129, 1950, 1624.91
2024-01-14 12:43:06 Loss: 0.000028619242709, Fidelity: 0.999971380757291, 1960, 1633.31
2024-01-14 12:43:14 Loss: 0.000028215215788, Fidelity: 0.999971784784212, 1970, 1641.71
2024-01-14 12:43:23 Loss: 0.000027837820138, Fidelity: 0.999972162179862, 1980, 1650.66
2024-01-14 12:43:31 Loss: 0.000027404477797, Fidelity: 0.999972595522203, 1990, 1659.02
2024-01-14 12:43:40 Loss: 0.000026965810576, Fidelity: 0.999973034189424, 2000, 1667.65
2024-01-14 12:43:48 Loss: 0.000026577123515, Fidelity: 0.999973422876485, 2010, 1675.98
2024-01-14 12:43:56 Loss: 0.000026187619721, Fidelity: 0.999973812380279, 2020, 1683.65
2024-01-14 12:44:04 Loss: 0.000025764192145, Fidelity: 0.999974235807855, 2030, 1691.97
2024-01-14 12:44:13 Loss: 0.000025375298954, Fidelity: 0.999974624701046, 2040, 1700.55
2024-01-14 12:44:21 Loss: 0.000024994154995, Fidelity: 0.999975005845005, 2050, 1708.54
2024-01-14 12:44:29 Loss: 0.000024607575032, Fidelity: 0.999975392424968, 2060, 1716.38
2024-01-14 12:44:38 Loss: 0.000024246891774, Fidelity: 0.999975753108226, 2070, 1725.57
2024-01-14 12:44:46 Loss: 0.000023921496801, Fidelity: 0.999976078503199, 2080, 1733.77
2024-01-14 12:44:55 Loss: 0.000023576212152, Fidelity: 0.999976423787848, 2090, 1742.33
2024-01-14 12:45:03 Loss: 0.000023231842305, Fidelity: 0.999976768157695, 2100, 1751.11
2024-01-14 12:45:12 Loss: 0.000022890610391, Fidelity: 0.999977109389609, 2110, 1759.19
2024-01-14 12:45:20 Loss: 0.000022576753852, Fidelity: 0.999977423246148, 2120, 1767.51
2024-01-14 12:45:29 Loss: 0.000022229001204, Fidelity: 0.999977770998796, 2130, 1776.52
2024-01-14 12:45:37 Loss: 0.000021808219002, Fidelity: 0.999978191780998, 2140, 1784.90
2024-01-14 12:45:46 Loss: 0.000021410847641, Fidelity: 0.999978589152359, 2150, 1793.61
2024-01-14 12:45:54 Loss: 0.000021038741605, Fidelity: 0.999978961258395, 2160, 1801.83
2024-01-14 12:46:02 Loss: 0.000020612494027, Fidelity: 0.999979387505973, 2170, 1809.76
2024-01-14 12:46:10 Loss: 0.000020223525063, Fidelity: 0.999979776474937, 2180, 1817.50
2024-01-14 12:46:19 Loss: 0.000019859154186, Fidelity: 0.999980140845814, 2190, 1826.27
2024-01-14 12:46:26 Loss: 0.000019521958704, Fidelity: 0.999980478041296, 2200, 1834.05
2024-01-14 12:46:35 Loss: 0.000019178478127, Fidelity: 0.999980821521873, 2210, 1843.02
2024-01-14 12:46:44 Loss: 0.000018852792911, Fidelity: 0.999981147207089, 2220, 1851.92
2024-01-14 12:46:53 Loss: 0.000018551974728, Fidelity: 0.999981448025272, 2230, 1860.57
2024-01-14 12:47:01 Loss: 0.000018273744846, Fidelity: 0.999981726255154, 2240, 1869.03
2024-01-14 12:47:10 Loss: 0.000017999491438, Fidelity: 0.999982000508562, 2250, 1877.72
2024-01-14 12:47:19 Loss: 0.000017730520571, Fidelity: 0.999982269479429, 2260, 1886.15
2024-01-14 12:47:27 Loss: 0.000017477648108, Fidelity: 0.999982522351892, 2270, 1894.94
2024-01-14 12:47:35 Loss: 0.000017222121696, Fidelity: 0.999982777878304, 2280, 1903.07
2024-01-14 12:47:45 Loss: 0.000016986873077, Fidelity: 0.999983013126923, 2290, 1912.31
2024-01-14 12:47:53 Loss: 0.000016737933216, Fidelity: 0.999983262066784, 2300, 1920.51
2024-01-14 12:48:01 Loss: 0.000016495822250, Fidelity: 0.999983504177750, 2310, 1928.47
2024-01-14 12:48:08 Loss: 0.000016231458317, Fidelity: 0.999983768541683, 2320, 1936.04
2024-01-14 12:48:16 Loss: 0.000015955527378, Fidelity: 0.999984044472622, 2330, 1944.12
2024-01-14 12:48:26 Loss: 0.000015710020480, Fidelity: 0.999984289979520, 2340, 1953.62
2024-01-14 12:48:35 Loss: 0.000015475095876, Fidelity: 0.999984524904124, 2350, 1962.90
2024-01-14 12:48:44 Loss: 0.000015220013056, Fidelity: 0.999984779986944, 2360, 1971.36
2024-01-14 12:48:52 Loss: 0.000014945803493, Fidelity: 0.999985054196507, 2370, 1979.93
2024-01-14 12:49:01 Loss: 0.000014711891750, Fidelity: 0.999985288108250, 2380, 1988.17
2024-01-14 12:49:09 Loss: 0.000014473211094, Fidelity: 0.999985526788906, 2390, 1996.59
2024-01-14 12:49:17 Loss: 0.000014217872239, Fidelity: 0.999985782127761, 2400, 2004.71
2024-01-14 12:49:26 Loss: 0.000013978877826, Fidelity: 0.999986021122174, 2410, 2013.27
2024-01-14 12:49:33 Loss: 0.000013752996740, Fidelity: 0.999986247003260, 2420, 2020.96
2024-01-14 12:49:42 Loss: 0.000013560890267, Fidelity: 0.999986439109733, 2430, 2029.45
2024-01-14 12:49:50 Loss: 0.000013384019820, Fidelity: 0.999986615980180, 2440, 2037.47
2024-01-14 12:49:59 Loss: 0.000013220292652, Fidelity: 0.999986779707348, 2450, 2046.16
2024-01-14 12:50:07 Loss: 0.000013045866829, Fidelity: 0.999986954133171, 2460, 2054.26
2024-01-14 12:50:16 Loss: 0.000012847759435, Fidelity: 0.999987152240565, 2470, 2063.45
2024-01-14 12:50:24 Loss: 0.000012653177452, Fidelity: 0.999987346822548, 2480, 2071.84
2024-01-14 12:50:33 Loss: 0.000012463194999, Fidelity: 0.999987536805001, 2490, 2080.86
2024-01-14 12:50:41 Loss: 0.000012270637407, Fidelity: 0.999987729362593, 2500, 2089.10
2024-01-14 12:50:50 Loss: 0.000012105378539, Fidelity: 0.999987894621461, 2510, 2097.57
2024-01-14 12:50:58 Loss: 0.000011918451897, Fidelity: 0.999988081548103, 2520, 2105.79
2024-01-14 12:51:07 Loss: 0.000011726006568, Fidelity: 0.999988273993432, 2530, 2114.30
2024-01-14 12:51:15 Loss: 0.000011536239844, Fidelity: 0.999988463760156, 2540, 2122.96
2024-01-14 12:51:24 Loss: 0.000011370221255, Fidelity: 0.999988629778745, 2550, 2131.23
2024-01-14 12:51:32 Loss: 0.000011207218339, Fidelity: 0.999988792781661, 2560, 2139.87
2024-01-14 12:51:41 Loss: 0.000011044720003, Fidelity: 0.999988955279997, 2570, 2148.30
2024-01-14 12:51:49 Loss: 0.000010864649750, Fidelity: 0.999989135350250, 2580, 2156.73
2024-01-14 12:51:57 Loss: 0.000010675704038, Fidelity: 0.999989324295962, 2590, 2164.87
2024-01-14 12:52:05 Loss: 0.000010489357655, Fidelity: 0.999989510642345, 2600, 2172.68
2024-01-14 12:52:13 Loss: 0.000010321497528, Fidelity: 0.999989678502472, 2610, 2181.11
2024-01-14 12:52:22 Loss: 0.000010159258846, Fidelity: 0.999989840741154, 2620, 2189.47
2024-01-14 12:52:30 Loss: 0.000010014242686, Fidelity: 0.999989985757314, 2630, 2198.02
2024-01-14 12:52:38 Loss: 0.000009852789067, Fidelity: 0.999990147210933, 2640, 2205.86
2024-01-14 12:52:47 Loss: 0.000009699408030, Fidelity: 0.999990300591970, 2650, 2214.66
2024-01-14 12:52:56 Loss: 0.000009556268685, Fidelity: 0.999990443731315, 2660, 2223.30
2024-01-14 12:53:04 Loss: 0.000009407399686, Fidelity: 0.999990592600314, 2670, 2231.46
2024-01-14 12:53:13 Loss: 0.000009268017827, Fidelity: 0.999990731982173, 2680, 2240.15
2024-01-14 12:53:21 Loss: 0.000009131173126, Fidelity: 0.999990868826874, 2690, 2248.48
2024-01-14 12:53:29 Loss: 0.000008990769944, Fidelity: 0.999991009230056, 2700, 2256.47
2024-01-14 12:53:37 Loss: 0.000008864115271, Fidelity: 0.999991135884729, 2710, 2264.40
2024-01-14 12:53:45 Loss: 0.000008764863807, Fidelity: 0.999991235136193, 2720, 2272.77
2024-01-14 12:53:53 Loss: 0.000008649505266, Fidelity: 0.999991350494734, 2730, 2281.11
2024-01-14 12:54:03 Loss: 0.000008528900185, Fidelity: 0.999991471099815, 2740, 2290.17
2024-01-14 12:54:11 Loss: 0.000008410979602, Fidelity: 0.999991589020398, 2750, 2298.55
2024-01-14 12:54:19 Loss: 0.000008293751050, Fidelity: 0.999991706248950, 2760, 2307.07
2024-01-14 12:54:28 Loss: 0.000008185824227, Fidelity: 0.999991814175773, 2770, 2315.36
2024-01-14 12:54:36 Loss: 0.000008090835156, Fidelity: 0.999991909164844, 2780, 2323.36
2024-01-14 12:54:44 Loss: 0.000007983443356, Fidelity: 0.999992016556644, 2790, 2331.60
2024-01-14 12:54:52 Loss: 0.000007880094128, Fidelity: 0.999992119905872, 2800, 2339.83
2024-01-14 12:55:01 Loss: 0.000007779762343, Fidelity: 0.999992220237657, 2810, 2348.74
2024-01-14 12:55:10 Loss: 0.000007676542224, Fidelity: 0.999992323457776, 2820, 2357.15
2024-01-14 12:55:19 Loss: 0.000007573600332, Fidelity: 0.999992426399668, 2830, 2366.27
2024-01-14 12:55:27 Loss: 0.000007459326735, Fidelity: 0.999992540673265, 2840, 2374.22
2024-01-14 12:55:34 Loss: 0.000007347794929, Fidelity: 0.999992652205071, 2850, 2381.84
2024-01-14 12:55:42 Loss: 0.000007246242142, Fidelity: 0.999992753757858, 2860, 2389.96
2024-01-14 12:55:50 Loss: 0.000007144368475, Fidelity: 0.999992855631525, 2870, 2397.41
2024-01-14 12:55:58 Loss: 0.000007048470867, Fidelity: 0.999992951529133, 2880, 2405.15
2024-01-14 12:56:06 Loss: 0.000006950757603, Fidelity: 0.999993049242397, 2890, 2413.69
2024-01-14 12:56:14 Loss: 0.000006861135080, Fidelity: 0.999993138864920, 2900, 2421.31
2024-01-14 12:56:21 Loss: 0.000006774665156, Fidelity: 0.999993225334844, 2910, 2428.92
2024-01-14 12:56:30 Loss: 0.000006697581296, Fidelity: 0.999993302418704, 2920, 2437.65
2024-01-14 12:56:38 Loss: 0.000006621103006, Fidelity: 0.999993378896994, 2930, 2445.17
2024-01-14 12:56:46 Loss: 0.000006541523756, Fidelity: 0.999993458476244, 2940, 2453.36
2024-01-14 12:56:56 Loss: 0.000006473516760, Fidelity: 0.999993526483240, 2950, 2463.18
2024-01-14 12:57:04 Loss: 0.000006405645438, Fidelity: 0.999993594354562, 2960, 2472.04
2024-01-14 12:57:14 Loss: 0.000006336114091, Fidelity: 0.999993663885909, 2970, 2481.53
2024-01-14 12:57:22 Loss: 0.000006265223701, Fidelity: 0.999993734776299, 2980, 2489.61
2024-01-14 12:57:30 Loss: 0.000006191460014, Fidelity: 0.999993808539986, 2990, 2497.44
2024-01-14 12:57:38 Loss: 0.000006111455319, Fidelity: 0.999993888544681, 3000, 2505.96
2024-01-14 12:57:46 Loss: 0.000006034396761, Fidelity: 0.999993965603239, 3010, 2513.97
2024-01-14 12:57:55 Loss: 0.000005962802108, Fidelity: 0.999994037197892, 3020, 2522.91
2024-01-14 12:58:05 Loss: 0.000005889978096, Fidelity: 0.999994110021904, 3030, 2532.17
2024-01-14 12:58:13 Loss: 0.000005819994398, Fidelity: 0.999994180005602, 3040, 2540.41
2024-01-14 12:58:21 Loss: 0.000005750694187, Fidelity: 0.999994249305813, 3050, 2548.77
2024-01-14 12:58:30 Loss: 0.000005675469510, Fidelity: 0.999994324530490, 3060, 2557.63
2024-01-14 12:58:39 Loss: 0.000005607437632, Fidelity: 0.999994392562368, 3070, 2567.03
2024-01-14 12:58:48 Loss: 0.000005537064457, Fidelity: 0.999994462935543, 3080, 2575.77
2024-01-14 12:58:56 Loss: 0.000005467629032, Fidelity: 0.999994532370968, 3090, 2583.46
2024-01-14 12:59:04 Loss: 0.000005389057694, Fidelity: 0.999994610942306, 3100, 2591.38
2024-01-14 12:59:12 Loss: 0.000005316511165, Fidelity: 0.999994683488835, 3110, 2600.02
2024-01-14 12:59:21 Loss: 0.000005240208864, Fidelity: 0.999994759791136, 3120, 2609.01
2024-01-14 12:59:29 Loss: 0.000005146660499, Fidelity: 0.999994853339501, 3130, 2617.09
2024-01-14 12:59:38 Loss: 0.000005058503701, Fidelity: 0.999994941496299, 3140, 2626.12
2024-01-14 12:59:47 Loss: 0.000004979080079, Fidelity: 0.999995020919921, 3150, 2634.40
2024-01-14 12:59:55 Loss: 0.000004896644605, Fidelity: 0.999995103355395, 3160, 2642.90
2024-01-14 13:00:03 Loss: 0.000004806027425, Fidelity: 0.999995193972575, 3170, 2650.81
2024-01-14 13:00:11 Loss: 0.000004710283633, Fidelity: 0.999995289716367, 3180, 2659.09
2024-01-14 13:00:19 Loss: 0.000004623976926, Fidelity: 0.999995376023074, 3190, 2666.59
2024-01-14 13:00:27 Loss: 0.000004557409661, Fidelity: 0.999995442590339, 3200, 2675.10
2024-01-14 13:00:35 Loss: 0.000004485244120, Fidelity: 0.999995514755880, 3210, 2683.05
2024-01-14 13:00:43 Loss: 0.000004402468531, Fidelity: 0.999995597531469, 3220, 2690.82
2024-01-14 13:00:52 Loss: 0.000004321964923, Fidelity: 0.999995678035077, 3230, 2699.48
2024-01-14 13:01:00 Loss: 0.000004256005192, Fidelity: 0.999995743994808, 3240, 2707.98
2024-01-14 13:01:09 Loss: 0.000004181394226, Fidelity: 0.999995818605774, 3250, 2716.70
2024-01-14 13:01:17 Loss: 0.000004105957097, Fidelity: 0.999995894042903, 3260, 2724.74
2024-01-14 13:01:26 Loss: 0.000004031146032, Fidelity: 0.999995968853968, 3270, 2733.68
2024-01-14 13:01:34 Loss: 0.000003967316343, Fidelity: 0.999996032683657, 3280, 2741.55
2024-01-14 13:01:42 Loss: 0.000003902515948, Fidelity: 0.999996097484052, 3290, 2750.09
2024-01-14 13:01:51 Loss: 0.000003844265230, Fidelity: 0.999996155734770, 3300, 2758.66
2024-01-14 13:01:59 Loss: 0.000003780084902, Fidelity: 0.999996219915098, 3310, 2767.04
2024-01-14 13:02:08 Loss: 0.000003723795050, Fidelity: 0.999996276204950, 3320, 2775.31
2024-01-14 13:02:16 Loss: 0.000003674333050, Fidelity: 0.999996325666950, 3330, 2783.81
2024-01-14 13:02:24 Loss: 0.000003625507866, Fidelity: 0.999996374492134, 3340, 2792.05
2024-01-14 13:02:33 Loss: 0.000003571611502, Fidelity: 0.999996428388498, 3350, 2800.72
2024-01-14 13:02:41 Loss: 0.000003520536649, Fidelity: 0.999996479463351, 3360, 2808.90
2024-01-14 13:02:50 Loss: 0.000003467303797, Fidelity: 0.999996532696203, 3370, 2817.41
2024-01-14 13:02:59 Loss: 0.000003419529886, Fidelity: 0.999996580470114, 3380, 2826.60
2024-01-14 13:03:08 Loss: 0.000003370047343, Fidelity: 0.999996629952657, 3390, 2835.85
2024-01-14 13:03:17 Loss: 0.000003317711193, Fidelity: 0.999996682288807, 3400, 2844.42
2024-01-14 13:03:25 Loss: 0.000003272234878, Fidelity: 0.999996727765122, 3410, 2852.85
2024-01-14 13:03:34 Loss: 0.000003229637804, Fidelity: 0.999996770362196, 3420, 2861.83
2024-01-14 13:03:43 Loss: 0.000003183737425, Fidelity: 0.999996816262575, 3430, 2870.24
2024-01-14 13:03:51 Loss: 0.000003135816902, Fidelity: 0.999996864183098, 3440, 2878.82
2024-01-14 13:03:59 Loss: 0.000003086102653, Fidelity: 0.999996913897347, 3450, 2886.89
2024-01-14 13:04:08 Loss: 0.000003033711352, Fidelity: 0.999996966288648, 3460, 2895.68
2024-01-14 13:04:16 Loss: 0.000002990800127, Fidelity: 0.999997009199873, 3470, 2903.90
2024-01-14 13:04:25 Loss: 0.000002946013348, Fidelity: 0.999997053986652, 3480, 2912.71
2024-01-14 13:04:34 Loss: 0.000002904327614, Fidelity: 0.999997095672386, 3490, 2921.31
2024-01-14 13:04:42 Loss: 0.000002860612800, Fidelity: 0.999997139387200, 3500, 2929.81
2024-01-14 13:04:51 Loss: 0.000002805383839, Fidelity: 0.999997194616161, 3510, 2938.75
2024-01-14 13:05:00 Loss: 0.000002764099256, Fidelity: 0.999997235900744, 3520, 2947.73
2024-01-14 13:05:09 Loss: 0.000002716501908, Fidelity: 0.999997283498092, 3530, 2957.07
2024-01-14 13:05:18 Loss: 0.000002669054590, Fidelity: 0.999997330945410, 3540, 2965.67
2024-01-14 13:05:26 Loss: 0.000002626935531, Fidelity: 0.999997373064469, 3550, 2973.88
2024-01-14 13:05:35 Loss: 0.000002585265734, Fidelity: 0.999997414734266, 3560, 2982.30
2024-01-14 13:05:42 Loss: 0.000002534137108, Fidelity: 0.999997465862892, 3570, 2990.00
2024-01-14 13:05:51 Loss: 0.000002486281625, Fidelity: 0.999997513718375, 3580, 2998.44
2024-01-14 13:06:00 Loss: 0.000002442128564, Fidelity: 0.999997557871436, 3590, 3007.17
2024-01-14 13:06:08 Loss: 0.000002397804187, Fidelity: 0.999997602195813, 3600, 3015.21
2024-01-14 13:06:16 Loss: 0.000002349467598, Fidelity: 0.999997650532402, 3610, 3023.19
2024-01-14 13:06:24 Loss: 0.000002300940897, Fidelity: 0.999997699059103, 3620, 3032.05
2024-01-14 13:06:33 Loss: 0.000002255356483, Fidelity: 0.999997744643517, 3630, 3040.91
2024-01-14 13:06:42 Loss: 0.000002212413993, Fidelity: 0.999997787586007, 3640, 3049.88
2024-01-14 13:06:51 Loss: 0.000002167642057, Fidelity: 0.999997832357943, 3650, 3058.21
2024-01-14 13:06:59 Loss: 0.000002124712363, Fidelity: 0.999997875287637, 3660, 3066.91
2024-01-14 13:07:07 Loss: 0.000002093663223, Fidelity: 0.999997906336777, 3670, 3075.03
2024-01-14 13:07:16 Loss: 0.000002060549433, Fidelity: 0.999997939450567, 3680, 3083.79
2024-01-14 13:07:24 Loss: 0.000002029971030, Fidelity: 0.999997970028970, 3690, 3091.87
2024-01-14 13:07:32 Loss: 0.000001998950254, Fidelity: 0.999998001049746, 3700, 3099.67
2024-01-14 13:07:40 Loss: 0.000001967807469, Fidelity: 0.999998032192531, 3710, 3107.89
2024-01-14 13:07:49 Loss: 0.000001936496538, Fidelity: 0.999998063503462, 3720, 3117.04
2024-01-14 13:07:58 Loss: 0.000001907102210, Fidelity: 0.999998092897790, 3730, 3126.02
2024-01-14 13:08:07 Loss: 0.000001879380556, Fidelity: 0.999998120619444, 3740, 3134.30
2024-01-14 13:08:15 Loss: 0.000001848656175, Fidelity: 0.999998151343825, 3750, 3142.34
2024-01-14 13:08:22 Loss: 0.000001819738640, Fidelity: 0.999998180261360, 3760, 3150.10
2024-01-14 13:08:31 Loss: 0.000001795679140, Fidelity: 0.999998204320860, 3770, 3159.03
2024-01-14 13:08:40 Loss: 0.000001768764998, Fidelity: 0.999998231235002, 3780, 3167.42
2024-01-14 13:08:48 Loss: 0.000001742300932, Fidelity: 0.999998257699068, 3790, 3175.46
2024-01-14 13:08:56 Loss: 0.000001714574096, Fidelity: 0.999998285425904, 3800, 3183.31
2024-01-14 13:09:03 Loss: 0.000001682574467, Fidelity: 0.999998317425533, 3810, 3190.79
2024-01-14 13:09:12 Loss: 0.000001648804989, Fidelity: 0.999998351195011, 3820, 3199.40
2024-01-14 13:09:20 Loss: 0.000001615888041, Fidelity: 0.999998384111959, 3830, 3207.50
2024-01-14 13:09:29 Loss: 0.000001583215315, Fidelity: 0.999998416784685, 3840, 3216.28
2024-01-14 13:09:37 Loss: 0.000001551108763, Fidelity: 0.999998448891237, 3850, 3224.57
2024-01-14 13:09:45 Loss: 0.000001517885750, Fidelity: 0.999998482114250, 3860, 3233.00
2024-01-14 13:09:54 Loss: 0.000001489082943, Fidelity: 0.999998510917057, 3870, 3241.74
2024-01-14 13:10:02 Loss: 0.000001461636201, Fidelity: 0.999998538363799, 3880, 3249.68
2024-01-14 13:10:11 Loss: 0.000001433364429, Fidelity: 0.999998566635571, 3890, 3258.40
2024-01-14 13:10:19 Loss: 0.000001407216451, Fidelity: 0.999998592783549, 3900, 3266.59
2024-01-14 13:10:28 Loss: 0.000001377390491, Fidelity: 0.999998622609509, 3910, 3275.60
2024-01-14 13:10:37 Loss: 0.000001350461072, Fidelity: 0.999998649538928, 3920, 3284.63
2024-01-14 13:10:46 Loss: 0.000001319686800, Fidelity: 0.999998680313200, 3930, 3293.71
2024-01-14 13:10:55 Loss: 0.000001290010225, Fidelity: 0.999998709989775, 3940, 3302.33
2024-01-14 13:11:03 Loss: 0.000001261201479, Fidelity: 0.999998738798521, 3950, 3311.11
2024-01-14 13:11:11 Loss: 0.000001233843956, Fidelity: 0.999998766156044, 3960, 3318.66
2024-01-14 13:11:20 Loss: 0.000001210033391, Fidelity: 0.999998789966609, 3970, 3327.56
2024-01-14 13:11:28 Loss: 0.000001185745698, Fidelity: 0.999998814254302, 3980, 3335.74
2024-01-14 13:11:37 Loss: 0.000001163290195, Fidelity: 0.999998836709805, 3990, 3344.70
2024-01-14 13:11:45 Loss: 0.000001140406296, Fidelity: 0.999998859593704, 4000, 3352.56
2024-01-14 13:11:53 Loss: 0.000001116052468, Fidelity: 0.999998883947532, 4010, 3360.88
2024-01-14 13:12:02 Loss: 0.000001096160645, Fidelity: 0.999998903839355, 4020, 3369.82
2024-01-14 13:12:10 Loss: 0.000001076728780, Fidelity: 0.999998923271220, 4030, 3377.87
2024-01-14 13:12:18 Loss: 0.000001057906738, Fidelity: 0.999998942093262, 4040, 3385.29
2024-01-14 13:12:26 Loss: 0.000001038243131, Fidelity: 0.999998961756869, 4050, 3393.84
2024-01-14 13:12:34 Loss: 0.000001019519216, Fidelity: 0.999998980480784, 4060, 3401.68
2024-01-14 13:12:43 Loss: 0.000001001844113, Fidelity: 0.999998998155887, 4070, 3410.65
2024-01-14 13:12:51 Loss: 0.000000984443577, Fidelity: 0.999999015556423, 4080, 3418.34
2024-01-14 13:12:59 Loss: 0.000000966027185, Fidelity: 0.999999033972815, 4090, 3426.32
2024-01-14 13:13:07 Loss: 0.000000948942113, Fidelity: 0.999999051057887, 4100, 3434.24
2024-01-14 13:13:15 Loss: 0.000000928671736, Fidelity: 0.999999071328264, 4110, 3442.85
2024-01-14 13:13:24 Loss: 0.000000904880584, Fidelity: 0.999999095119416, 4120, 3451.64
2024-01-14 13:13:33 Loss: 0.000000884218394, Fidelity: 0.999999115781606, 4130, 3460.72
2024-01-14 13:13:42 Loss: 0.000000870007166, Fidelity: 0.999999129992834, 4140, 3469.72
2024-01-14 13:13:50 Loss: 0.000000851302123, Fidelity: 0.999999148697877, 4150, 3477.80
2024-01-14 13:13:59 Loss: 0.000000832134871, Fidelity: 0.999999167865129, 4160, 3486.49
2024-01-14 13:14:08 Loss: 0.000000815034128, Fidelity: 0.999999184965872, 4170, 3495.69
2024-01-14 13:14:16 Loss: 0.000000800829341, Fidelity: 0.999999199170659, 4180, 3503.64
2024-01-14 13:14:24 Loss: 0.000000786358767, Fidelity: 0.999999213641233, 4190, 3512.09
2024-01-14 13:14:34 Loss: 0.000000771460523, Fidelity: 0.999999228539477, 4200, 3521.74
2024-01-14 13:14:43 Loss: 0.000000759215125, Fidelity: 0.999999240784875, 4210, 3530.62
2024-01-14 13:14:52 Loss: 0.000000746451478, Fidelity: 0.999999253548522, 4220, 3539.83
2024-01-14 13:15:00 Loss: 0.000000732731759, Fidelity: 0.999999267268241, 4230, 3547.45
2024-01-14 13:15:08 Loss: 0.000000721568453, Fidelity: 0.999999278431547, 4240, 3555.29
2024-01-14 13:15:16 Loss: 0.000000708207136, Fidelity: 0.999999291792864, 4250, 3564.03
2024-01-14 13:15:24 Loss: 0.000000695830051, Fidelity: 0.999999304169949, 4260, 3571.74
2024-01-14 13:15:32 Loss: 0.000000682732896, Fidelity: 0.999999317267104, 4270, 3579.40
2024-01-14 13:15:40 Loss: 0.000000668612849, Fidelity: 0.999999331387151, 4280, 3587.79
2024-01-14 13:15:49 Loss: 0.000000653549465, Fidelity: 0.999999346450535, 4290, 3596.99
2024-01-14 13:15:58 Loss: 0.000000640506207, Fidelity: 0.999999359493793, 4300, 3605.66
2024-01-14 13:16:06 Loss: 0.000000627917607, Fidelity: 0.999999372082393, 4310, 3613.50
2024-01-14 13:16:14 Loss: 0.000000616805955, Fidelity: 0.999999383194045, 4320, 3621.44
2024-01-14 13:16:23 Loss: 0.000000606322106, Fidelity: 0.999999393677894, 4330, 3630.21
2024-01-14 13:16:30 Loss: 0.000000595599798, Fidelity: 0.999999404400202, 4340, 3637.99
2024-01-14 13:16:38 Loss: 0.000000584344168, Fidelity: 0.999999415655832, 4350, 3645.78
2024-01-14 13:16:47 Loss: 0.000000571855839, Fidelity: 0.999999428144161, 4360, 3654.67
2024-01-14 13:16:56 Loss: 0.000000558904367, Fidelity: 0.999999441095633, 4370, 3663.39
2024-01-14 13:17:05 Loss: 0.000000546022650, Fidelity: 0.999999453977350, 4380, 3672.35
2024-01-14 13:17:13 Loss: 0.000000534387563, Fidelity: 0.999999465612437, 4390, 3681.08
2024-01-14 13:17:22 Loss: 0.000000524021459, Fidelity: 0.999999475978541, 4400, 3689.91
2024-01-14 13:17:31 Loss: 0.000000513689150, Fidelity: 0.999999486310850, 4410, 3698.64
2024-01-14 13:17:39 Loss: 0.000000501660377, Fidelity: 0.999999498339623, 4420, 3706.73
2024-01-14 13:17:48 Loss: 0.000000490975394, Fidelity: 0.999999509024606, 4430, 3715.70
2024-01-14 13:17:56 Loss: 0.000000479661612, Fidelity: 0.999999520338388, 4440, 3723.55
2024-01-14 13:18:04 Loss: 0.000000469824959, Fidelity: 0.999999530175041, 4450, 3731.88
2024-01-14 13:18:13 Loss: 0.000000458531124, Fidelity: 0.999999541468876, 4460, 3740.97
2024-01-14 13:18:22 Loss: 0.000000448465252, Fidelity: 0.999999551534748, 4470, 3749.21
2024-01-14 13:18:30 Loss: 0.000000439156820, Fidelity: 0.999999560843180, 4480, 3758.13
2024-01-14 13:18:39 Loss: 0.000000431197939, Fidelity: 0.999999568802061, 4490, 3766.23
2024-01-14 13:18:46 Loss: 0.000000423798521, Fidelity: 0.999999576201479, 4500, 3773.57
2024-01-14 13:18:55 Loss: 0.000000415043158, Fidelity: 0.999999584956842, 4510, 3782.41
2024-01-14 13:19:03 Loss: 0.000000406518273, Fidelity: 0.999999593481727, 4520, 3790.52
2024-01-14 13:19:11 Loss: 0.000000397233613, Fidelity: 0.999999602766387, 4530, 3798.88
2024-01-14 13:19:20 Loss: 0.000000387094789, Fidelity: 0.999999612905211, 4540, 3807.33
2024-01-14 13:19:28 Loss: 0.000000378060857, Fidelity: 0.999999621939143, 4550, 3815.92
2024-01-14 13:19:38 Loss: 0.000000369147388, Fidelity: 0.999999630852612, 4560, 3825.32
2024-01-14 13:19:47 Loss: 0.000000361443418, Fidelity: 0.999999638556582, 4570, 3834.22
2024-01-14 13:19:54 Loss: 0.000000353506181, Fidelity: 0.999999646493819, 4580, 3841.99
2024-01-14 13:20:03 Loss: 0.000000346569832, Fidelity: 0.999999653430168, 4590, 3850.57
2024-01-14 13:20:11 Loss: 0.000000340693879, Fidelity: 0.999999659306121, 4600, 3858.90
2024-01-14 13:20:20 Loss: 0.000000335410233, Fidelity: 0.999999664589767, 4610, 3867.78
2024-01-14 13:20:29 Loss: 0.000000329812726, Fidelity: 0.999999670187274, 4620, 3876.70
2024-01-14 13:20:37 Loss: 0.000000323138720, Fidelity: 0.999999676861280, 4630, 3885.00
2024-01-14 13:20:46 Loss: 0.000000315408972, Fidelity: 0.999999684591028, 4640, 3893.59
2024-01-14 13:20:55 Loss: 0.000000308325629, Fidelity: 0.999999691674371, 4650, 3902.33
2024-01-14 13:21:03 Loss: 0.000000302721899, Fidelity: 0.999999697278101, 4660, 3910.77
2024-01-14 13:21:12 Loss: 0.000000296238645, Fidelity: 0.999999703761355, 4670, 3919.43
2024-01-14 13:21:20 Loss: 0.000000290241587, Fidelity: 0.999999709758413, 4680, 3927.67
2024-01-14 13:21:29 Loss: 0.000000285504345, Fidelity: 0.999999714495655, 4690, 3936.85
2024-01-14 13:21:38 Loss: 0.000000280062588, Fidelity: 0.999999719937412, 4700, 3945.88
2024-01-14 13:21:47 Loss: 0.000000274496385, Fidelity: 0.999999725503615, 4710, 3954.89
2024-01-14 13:21:55 Loss: 0.000000269415697, Fidelity: 0.999999730584303, 4720, 3962.64
2024-01-14 13:22:02 Loss: 0.000000263431130, Fidelity: 0.999999736568870, 4730, 3970.02
2024-01-14 13:22:10 Loss: 0.000000257827079, Fidelity: 0.999999742172921, 4740, 3977.99
2024-01-14 13:22:19 Loss: 0.000000252019523, Fidelity: 0.999999747980477, 4750, 3986.69
2024-01-14 13:22:27 Loss: 0.000000246712953, Fidelity: 0.999999753287047, 4760, 3994.83
2024-01-14 13:22:36 Loss: 0.000000241586980, Fidelity: 0.999999758413020, 4770, 4003.54
2024-01-14 13:22:44 Loss: 0.000000236289210, Fidelity: 0.999999763710790, 4780, 4011.44
2024-01-14 13:22:52 Loss: 0.000000231719458, Fidelity: 0.999999768280542, 4790, 4019.67
2024-01-14 13:23:01 Loss: 0.000000227621273, Fidelity: 0.999999772378727, 4800, 4028.17
2024-01-14 13:23:08 Loss: 0.000000222654197, Fidelity: 0.999999777345803, 4810, 4036.07
2024-01-14 13:23:17 Loss: 0.000000217540450, Fidelity: 0.999999782459550, 4820, 4044.24
2024-01-14 13:23:25 Loss: 0.000000212802336, Fidelity: 0.999999787197664, 4830, 4052.31
2024-01-14 13:23:33 Loss: 0.000000207548564, Fidelity: 0.999999792451436, 4840, 4060.81
2024-01-14 13:23:41 Loss: 0.000000202771939, Fidelity: 0.999999797228061, 4850, 4068.48
2024-01-14 13:23:48 Loss: 0.000000197363363, Fidelity: 0.999999802636637, 4860, 4075.42
2024-01-14 13:23:55 Loss: 0.000000192707319, Fidelity: 0.999999807292681, 4870, 4082.32
2024-01-14 13:24:02 Loss: 0.000000187156959, Fidelity: 0.999999812843041, 4880, 4089.28
2024-01-14 13:24:09 Loss: 0.000000182975366, Fidelity: 0.999999817024634, 4890, 4096.64
2024-01-14 13:24:16 Loss: 0.000000178946423, Fidelity: 0.999999821053577, 4900, 4103.72
2024-01-14 13:24:23 Loss: 0.000000174926166, Fidelity: 0.999999825073834, 4910, 4110.73
2024-01-14 13:24:30 Loss: 0.000000171550775, Fidelity: 0.999999828449225, 4920, 4117.69
2024-01-14 13:24:37 Loss: 0.000000168036503, Fidelity: 0.999999831963497, 4930, 4124.62
2024-01-14 13:24:44 Loss: 0.000000163977965, Fidelity: 0.999999836022035, 4940, 4131.54
2024-01-14 13:24:51 Loss: 0.000000159555881, Fidelity: 0.999999840444119, 4950, 4138.46
2024-01-14 13:24:58 Loss: 0.000000156069327, Fidelity: 0.999999843930673, 4960, 4145.30
2024-01-14 13:25:05 Loss: 0.000000152812000, Fidelity: 0.999999847188000, 4970, 4152.22
2024-01-14 13:25:12 Loss: 0.000000149339697, Fidelity: 0.999999850660303, 4980, 4159.15
2024-01-14 13:25:19 Loss: 0.000000145358812, Fidelity: 0.999999854641188, 4990, 4166.15
2024-01-14 13:25:25 Loss: 0.000000141948999, Fidelity: 0.999999858051001, 5000, 4173.08
2024-01-14 13:25:32 Loss: 0.000000138132766, Fidelity: 0.999999861867234, 5010, 4179.98
2024-01-14 13:25:39 Loss: 0.000000135284219, Fidelity: 0.999999864715781, 5020, 4186.89
2024-01-14 13:25:46 Loss: 0.000000132445943, Fidelity: 0.999999867554057, 5030, 4193.86
2024-01-14 13:25:53 Loss: 0.000000129865191, Fidelity: 0.999999870134809, 5040, 4200.76
2024-01-14 13:26:00 Loss: 0.000000127008898, Fidelity: 0.999999872991102, 5050, 4207.74
2024-01-14 13:26:07 Loss: 0.000000124196167, Fidelity: 0.999999875803833, 5060, 4214.63
2024-01-14 13:26:14 Loss: 0.000000121745011, Fidelity: 0.999999878254989, 5070, 4221.57
2024-01-14 13:26:21 Loss: 0.000000119260956, Fidelity: 0.999999880739044, 5080, 4228.53
2024-01-14 13:26:28 Loss: 0.000000116527836, Fidelity: 0.999999883472164, 5090, 4235.45
2024-01-14 13:26:35 Loss: 0.000000113279670, Fidelity: 0.999999886720330, 5100, 4242.39
2024-01-14 13:26:42 Loss: 0.000000110330896, Fidelity: 0.999999889669104, 5110, 4249.33
2024-01-14 13:26:49 Loss: 0.000000107389876, Fidelity: 0.999999892610124, 5120, 4256.30
2024-01-14 13:26:56 Loss: 0.000000104861521, Fidelity: 0.999999895138479, 5130, 4263.26
2024-01-14 13:27:03 Loss: 0.000000102677962, Fidelity: 0.999999897322038, 5140, 4270.24
2024-01-14 13:27:10 Loss: 0.000000100542673, Fidelity: 0.999999899457327, 5150, 4277.15
2024-01-14 13:27:16 Loss: 0.000000098447652, Fidelity: 0.999999901552348, 5160, 4284.11
2024-01-14 13:27:23 Loss: 0.000000096075879, Fidelity: 0.999999903924121, 5170, 4291.00
2024-01-14 13:27:30 Loss: 0.000000093748919, Fidelity: 0.999999906251081, 5180, 4297.93
2024-01-14 13:27:37 Loss: 0.000000091954413, Fidelity: 0.999999908045587, 5190, 4304.84
2024-01-14 13:27:44 Loss: 0.000000089913824, Fidelity: 0.999999910086176, 5200, 4311.76
2024-01-14 13:27:51 Loss: 0.000000087992914, Fidelity: 0.999999912007086, 5210, 4318.67
2024-01-14 13:27:58 Loss: 0.000000086172761, Fidelity: 0.999999913827239, 5220, 4325.79
2024-01-14 13:28:05 Loss: 0.000000084356970, Fidelity: 0.999999915643030, 5230, 4332.81
2024-01-14 13:28:12 Loss: 0.000000082585278, Fidelity: 0.999999917414722, 5240, 4339.75
2024-01-14 13:28:19 Loss: 0.000000081192656, Fidelity: 0.999999918807344, 5250, 4346.66
2024-01-14 13:28:26 Loss: 0.000000079575566, Fidelity: 0.999999920424434, 5260, 4353.63
2024-01-14 13:28:33 Loss: 0.000000078016921, Fidelity: 0.999999921983079, 5270, 4360.60
2024-01-14 13:28:40 Loss: 0.000000076442830, Fidelity: 0.999999923557170, 5280, 4367.49
2024-01-14 13:28:47 Loss: 0.000000074567201, Fidelity: 0.999999925432799, 5290, 4374.49
2024-01-14 13:28:54 Loss: 0.000000072789884, Fidelity: 0.999999927210116, 5300, 4381.42
2024-01-14 13:29:01 Loss: 0.000000070978067, Fidelity: 0.999999929021933, 5310, 4388.35
2024-01-14 13:29:08 Loss: 0.000000069378681, Fidelity: 0.999999930621319, 5320, 4395.30
2024-01-14 13:29:15 Loss: 0.000000067728856, Fidelity: 0.999999932271144, 5330, 4402.28
2024-01-14 13:29:22 Loss: 0.000000066465573, Fidelity: 0.999999933534427, 5340, 4409.38
2024-01-14 13:29:29 Loss: 0.000000064958919, Fidelity: 0.999999935041081, 5350, 4416.69
2024-01-14 13:29:36 Loss: 0.000000063436488, Fidelity: 0.999999936563512, 5360, 4423.93
2024-01-14 13:29:43 Loss: 0.000000061831416, Fidelity: 0.999999938168584, 5370, 4430.95
2024-01-14 13:29:50 Loss: 0.000000060405047, Fidelity: 0.999999939594953, 5380, 4437.90
2024-01-14 13:29:57 Loss: 0.000000058876985, Fidelity: 0.999999941123015, 5390, 4445.04
2024-01-14 13:30:05 Loss: 0.000000057347938, Fidelity: 0.999999942652062, 5400, 4452.62
2024-01-14 13:30:12 Loss: 0.000000056141446, Fidelity: 0.999999943858554, 5410, 4460.11
2024-01-14 13:30:20 Loss: 0.000000055099402, Fidelity: 0.999999944900598, 5420, 4467.53
2024-01-14 13:30:27 Loss: 0.000000053993737, Fidelity: 0.999999946006263, 5430, 4475.13
2024-01-14 13:30:35 Loss: 0.000000052581123, Fidelity: 0.999999947418877, 5440, 4482.70
2024-01-14 13:30:43 Loss: 0.000000051103331, Fidelity: 0.999999948896669, 5450, 4490.32
2024-01-14 13:30:50 Loss: 0.000000049409193, Fidelity: 0.999999950590807, 5460, 4497.74
2024-01-14 13:30:57 Loss: 0.000000047619621, Fidelity: 0.999999952380379, 5470, 4504.78
2024-01-14 13:31:04 Loss: 0.000000046428323, Fidelity: 0.999999953571677, 5480, 4511.69
2024-01-14 13:31:11 Loss: 0.000000045298879, Fidelity: 0.999999954701121, 5490, 4518.66
2024-01-14 13:31:18 Loss: 0.000000044435241, Fidelity: 0.999999955564759, 5500, 4525.58
2024-01-14 13:31:25 Loss: 0.000000043334361, Fidelity: 0.999999956665639, 5510, 4532.52
2024-01-14 13:31:32 Loss: 0.000000042196483, Fidelity: 0.999999957803517, 5520, 4539.47
2024-01-14 13:31:39 Loss: 0.000000041059470, Fidelity: 0.999999958940530, 5530, 4546.38
2024-01-14 13:31:46 Loss: 0.000000039956516, Fidelity: 0.999999960043484, 5540, 4553.31
2024-01-14 13:31:52 Loss: 0.000000038815557, Fidelity: 0.999999961184443, 5550, 4560.09
2024-01-14 13:31:58 Loss: 0.000000037920868, Fidelity: 0.999999962079132, 5560, 4565.77
2024-01-14 13:32:04 Loss: 0.000000037274723, Fidelity: 0.999999962725277, 5570, 4571.43
2024-01-14 13:32:09 Loss: 0.000000036516907, Fidelity: 0.999999963483093, 5580, 4577.09
2024-01-14 13:32:15 Loss: 0.000000035676668, Fidelity: 0.999999964323332, 5590, 4582.75
2024-01-14 13:32:21 Loss: 0.000000034669528, Fidelity: 0.999999965330472, 5600, 4588.39
2024-01-14 13:32:26 Loss: 0.000000033799848, Fidelity: 0.999999966200152, 5610, 4594.03
2024-01-14 13:32:32 Loss: 0.000000032837407, Fidelity: 0.999999967162593, 5620, 4599.67
2024-01-14 13:32:38 Loss: 0.000000032179311, Fidelity: 0.999999967820689, 5630, 4605.32
2024-01-14 13:32:43 Loss: 0.000000031664727, Fidelity: 0.999999968335273, 5640, 4610.99
2024-01-14 13:32:49 Loss: 0.000000030981916, Fidelity: 0.999999969018084, 5650, 4616.63
2024-01-14 13:32:55 Loss: 0.000000030353877, Fidelity: 0.999999969646123, 5660, 4622.28
2024-01-14 13:33:00 Loss: 0.000000029653742, Fidelity: 0.999999970346258, 5670, 4627.94
2024-01-14 13:33:06 Loss: 0.000000028958929, Fidelity: 0.999999971041071, 5680, 4633.59
2024-01-14 13:33:12 Loss: 0.000000028222589, Fidelity: 0.999999971777411, 5690, 4639.23
2024-01-14 13:33:17 Loss: 0.000000027752717, Fidelity: 0.999999972247283, 5700, 4644.88
2024-01-14 13:33:23 Loss: 0.000000027316156, Fidelity: 0.999999972683844, 5710, 4650.52
2024-01-14 13:33:29 Loss: 0.000000026795369, Fidelity: 0.999999973204631, 5720, 4656.18
2024-01-14 13:33:34 Loss: 0.000000026193312, Fidelity: 0.999999973806688, 5730, 4661.82
2024-01-14 13:33:40 Loss: 0.000000025662631, Fidelity: 0.999999974337369, 5740, 4667.46
2024-01-14 13:33:45 Loss: 0.000000025043544, Fidelity: 0.999999974956456, 5750, 4673.11
2024-01-14 13:33:51 Loss: 0.000000024554848, Fidelity: 0.999999975445152, 5760, 4678.75
2024-01-14 13:33:57 Loss: 0.000000024154923, Fidelity: 0.999999975845077, 5770, 4684.40
2024-01-14 13:34:02 Loss: 0.000000023707922, Fidelity: 0.999999976292078, 5780, 4690.05
2024-01-14 13:34:08 Loss: 0.000000023163225, Fidelity: 0.999999976836775, 5790, 4695.68
2024-01-14 13:34:14 Loss: 0.000000022523491, Fidelity: 0.999999977476509, 5800, 4701.33
2024-01-14 13:34:19 Loss: 0.000000021832811, Fidelity: 0.999999978167189, 5810, 4706.98
2024-01-14 13:34:25 Loss: 0.000000021430812, Fidelity: 0.999999978569188, 5820, 4712.62
2024-01-14 13:34:31 Loss: 0.000000021090882, Fidelity: 0.999999978909118, 5830, 4718.27
2024-01-14 13:34:36 Loss: 0.000000020743631, Fidelity: 0.999999979256369, 5840, 4723.92
2024-01-14 13:34:42 Loss: 0.000000020300302, Fidelity: 0.999999979699698, 5850, 4729.56
2024-01-14 13:34:48 Loss: 0.000000019895231, Fidelity: 0.999999980104769, 5860, 4735.21
2024-01-14 13:34:53 Loss: 0.000000019388261, Fidelity: 0.999999980611739, 5870, 4740.85
2024-01-14 13:34:59 Loss: 0.000000019104046, Fidelity: 0.999999980895954, 5880, 4746.49
2024-01-14 13:35:05 Loss: 0.000000018900253, Fidelity: 0.999999981099747, 5890, 4752.16
2024-01-14 13:35:10 Loss: 0.000000018557960, Fidelity: 0.999999981442040, 5900, 4757.81
2024-01-14 13:35:16 Loss: 0.000000018178704, Fidelity: 0.999999981821296, 5910, 4763.47
2024-01-14 13:35:22 Loss: 0.000000017812045, Fidelity: 0.999999982187955, 5920, 4769.16
2024-01-14 13:35:27 Loss: 0.000000017442113, Fidelity: 0.999999982557887, 5930, 4774.81
2024-01-14 13:35:33 Loss: 0.000000017217484, Fidelity: 0.999999982782516, 5940, 4780.46
2024-01-14 13:35:38 Loss: 0.000000016972490, Fidelity: 0.999999983027510, 5950, 4786.12
2024-01-14 13:35:44 Loss: 0.000000016634117, Fidelity: 0.999999983365883, 5960, 4791.77
2024-01-14 13:35:50 Loss: 0.000000016240644, Fidelity: 0.999999983759356, 5970, 4797.42
2024-01-14 13:35:55 Loss: 0.000000015806615, Fidelity: 0.999999984193385, 5980, 4803.08
2024-01-14 13:36:01 Loss: 0.000000015498863, Fidelity: 0.999999984501137, 5990, 4808.74
2024-01-14 13:36:07 Loss: 0.000000015273565, Fidelity: 0.999999984726435, 6000, 4814.39
2024-01-14 13:36:12 Loss: 0.000000014927848, Fidelity: 0.999999985072152, 6010, 4820.03
2024-01-14 13:36:18 Loss: 0.000000014566419, Fidelity: 0.999999985433581, 6020, 4825.69
2024-01-14 13:36:24 Loss: 0.000000014249137, Fidelity: 0.999999985750863, 6030, 4831.35
2024-01-14 13:36:29 Loss: 0.000000014007819, Fidelity: 0.999999985992181, 6040, 4837.02
2024-01-14 13:36:35 Loss: 0.000000013808526, Fidelity: 0.999999986191474, 6050, 4842.68
2024-01-14 13:36:41 Loss: 0.000000013537549, Fidelity: 0.999999986462451, 6060, 4848.33
2024-01-14 13:36:46 Loss: 0.000000013170184, Fidelity: 0.999999986829816, 6070, 4853.98
2024-01-14 13:36:52 Loss: 0.000000012835222, Fidelity: 0.999999987164778, 6080, 4859.66
2024-01-14 13:36:58 Loss: 0.000000012581682, Fidelity: 0.999999987418318, 6090, 4865.30
2024-01-14 13:37:03 Loss: 0.000000012382460, Fidelity: 0.999999987617540, 6100, 4870.95
2024-01-14 13:37:09 Loss: 0.000000012086730, Fidelity: 0.999999987913270, 6110, 4876.63
2024-01-14 13:37:15 Loss: 0.000000011774268, Fidelity: 0.999999988225732, 6120, 4882.27
2024-01-14 13:37:20 Loss: 0.000000011457807, Fidelity: 0.999999988542193, 6130, 4887.93
2024-01-14 13:37:26 Loss: 0.000000011221441, Fidelity: 0.999999988778559, 6140, 4893.58
2024-01-14 13:37:32 Loss: 0.000000010947995, Fidelity: 0.999999989052005, 6150, 4899.23
2024-01-14 13:37:37 Loss: 0.000000010627547, Fidelity: 0.999999989372453, 6160, 4904.89
2024-01-14 13:37:43 Loss: 0.000000010320549, Fidelity: 0.999999989679451, 6170, 4910.54
2024-01-14 13:37:49 Loss: 0.000000010011669, Fidelity: 0.999999989988331, 6180, 4916.20
2024-01-14 13:37:51 `callback` raised `StopIteration`.
2024-01-14 13:37:51 Number of layers: 6
2024-01-14 13:37:51 Optimal: 0.00000000999800719992, 9.99800719991839e-09
2024-01-14 13:37:52 state & psi_res norm L2:  0.98493125994872710027
2024-01-14 13:37:52 state & psi_res fidelity: 0.99999999000199046861
2024-01-14 13:37:52 rdm2 & rho_res norm L2:  0.00000395871231342334
2024-01-14 13:37:52 rdm2 & rho_res fidelity: 0.99999999919932358594
2024-01-14 13:37:52 Runtime: 4919.3292s, 81.9888m, 1.3665h, Iter: 6184
