2024-01-14 19:08:06 RDM2 Rank: 9
2024-01-14 19:08:07 Number of qubits: 12
2024-01-14 19:08:07 Number of params: 4080
2024-01-14 19:08:07 Number of gates: 22160
2024-01-14 19:08:07 Hamiltonian Dimension: (4096, 4096)
2024-01-14 19:08:08 rdm2 & rho norm L2:  0.00000000000000024494
2024-01-14 19:08:08 rdm2 & rho fidelity: 0.99999999999999222844
2024-01-14 19:08:08 Simulator: mqvector, Method: BFGS
2024-01-14 19:08:15 Loss: 0.877970462565882, Fidelity: 0.122029537434118, 10, 7.14
2024-01-14 19:08:27 Loss: 0.491990312296760, Fidelity: 0.508009687703240, 20, 19.26
2024-01-14 19:08:43 Loss: 0.282067111025272, Fidelity: 0.717932888974728, 30, 35.12
2024-01-14 19:08:59 Loss: 0.168184450479077, Fidelity: 0.831815549520923, 40, 51.27
2024-01-14 19:09:15 Loss: 0.102772000991436, Fidelity: 0.897227999008564, 50, 67.97
2024-01-14 19:09:32 Loss: 0.065894933593303, Fidelity: 0.934105066406697, 60, 84.56
2024-01-14 19:09:47 Loss: 0.044645675091954, Fidelity: 0.955354324908046, 70, 99.89
2024-01-14 19:10:02 Loss: 0.031567879081928, Fidelity: 0.968432120918072, 80, 114.84
2024-01-14 19:10:18 Loss: 0.022942844217528, Fidelity: 0.977057155782472, 90, 130.22
2024-01-14 19:10:34 Loss: 0.016432665212641, Fidelity: 0.983567334787359, 100, 146.62
2024-01-14 19:10:50 Loss: 0.011495192340974, Fidelity: 0.988504807659026, 110, 162.04
2024-01-14 19:11:05 Loss: 0.008442331539812, Fidelity: 0.991557668460188, 120, 177.34
2024-01-14 19:11:20 Loss: 0.006537165213991, Fidelity: 0.993462834786009, 130, 192.97
2024-01-14 19:11:37 Loss: 0.004914298694808, Fidelity: 0.995085701305192, 140, 209.49
2024-01-14 19:11:54 Loss: 0.003848027166819, Fidelity: 0.996151972833181, 150, 226.01
2024-01-14 19:12:11 Loss: 0.003058050431280, Fidelity: 0.996941949568720, 160, 243.08
2024-01-14 19:12:28 Loss: 0.002402466218767, Fidelity: 0.997597533781233, 170, 260.12
2024-01-14 19:12:44 Loss: 0.002002417458227, Fidelity: 0.997997582541773, 180, 276.87
2024-01-14 19:13:02 Loss: 0.001685129055381, Fidelity: 0.998314870944619, 190, 294.45
2024-01-14 19:13:19 Loss: 0.001465605434429, Fidelity: 0.998534394565571, 200, 311.56
2024-01-14 19:13:36 Loss: 0.001301092315861, Fidelity: 0.998698907684139, 210, 328.57
2024-01-14 19:13:53 Loss: 0.001152175135991, Fidelity: 0.998847824864009, 220, 345.38
2024-01-14 19:14:08 Loss: 0.001024255391031, Fidelity: 0.998975744608969, 230, 360.69
2024-01-14 19:14:24 Loss: 0.000915243549898, Fidelity: 0.999084756450102, 240, 376.42
2024-01-14 19:14:41 Loss: 0.000819027394221, Fidelity: 0.999180972605779, 250, 393.30
2024-01-14 19:14:57 Loss: 0.000739438145287, Fidelity: 0.999260561854713, 260, 409.77
2024-01-14 19:15:14 Loss: 0.000668365102132, Fidelity: 0.999331634897868, 270, 426.36
2024-01-14 19:15:31 Loss: 0.000612963540029, Fidelity: 0.999387036459971, 280, 443.49
2024-01-14 19:15:47 Loss: 0.000564591452663, Fidelity: 0.999435408547337, 290, 459.95
2024-01-14 19:16:04 Loss: 0.000519471374475, Fidelity: 0.999480528625525, 300, 476.68
2024-01-14 19:16:21 Loss: 0.000475487256506, Fidelity: 0.999524512743494, 310, 493.66
2024-01-14 19:16:38 Loss: 0.000430716965313, Fidelity: 0.999569283034687, 320, 510.67
2024-01-14 19:16:55 Loss: 0.000393883409511, Fidelity: 0.999606116590489, 330, 527.85
2024-01-14 19:17:12 Loss: 0.000360718987891, Fidelity: 0.999639281012109, 340, 544.65
2024-01-14 19:17:29 Loss: 0.000332061560488, Fidelity: 0.999667938439512, 350, 561.59
2024-01-14 19:17:45 Loss: 0.000309643298758, Fidelity: 0.999690356701242, 360, 577.72
2024-01-14 19:18:02 Loss: 0.000286890497652, Fidelity: 0.999713109502348, 370, 594.06
2024-01-14 19:18:18 Loss: 0.000266361943751, Fidelity: 0.999733638056249, 380, 610.44
2024-01-14 19:18:34 Loss: 0.000248159688000, Fidelity: 0.999751840312000, 390, 626.98
2024-01-14 19:18:51 Loss: 0.000229761989540, Fidelity: 0.999770238010460, 400, 643.46
2024-01-14 19:19:08 Loss: 0.000213255067247, Fidelity: 0.999786744932753, 410, 660.39
2024-01-14 19:19:25 Loss: 0.000198475537493, Fidelity: 0.999801524462507, 420, 677.15
2024-01-14 19:19:42 Loss: 0.000186362091448, Fidelity: 0.999813637908552, 430, 694.04
2024-01-14 19:19:58 Loss: 0.000174248686149, Fidelity: 0.999825751313851, 440, 710.66
2024-01-14 19:20:15 Loss: 0.000163672481020, Fidelity: 0.999836327518980, 450, 727.68
2024-01-14 19:20:32 Loss: 0.000154491341074, Fidelity: 0.999845508658926, 460, 744.47
2024-01-14 19:20:48 Loss: 0.000144985998109, Fidelity: 0.999855014001891, 470, 760.90
2024-01-14 19:21:05 Loss: 0.000135567811687, Fidelity: 0.999864432188313, 480, 777.89
2024-01-14 19:21:22 Loss: 0.000126848215808, Fidelity: 0.999873151784192, 490, 794.74
2024-01-14 19:21:39 Loss: 0.000118827108501, Fidelity: 0.999881172891499, 500, 811.09
2024-01-14 19:21:55 Loss: 0.000111491421371, Fidelity: 0.999888508578629, 510, 827.09
2024-01-14 19:22:12 Loss: 0.000104965676821, Fidelity: 0.999895034323179, 520, 844.21
2024-01-14 19:22:29 Loss: 0.000098542502585, Fidelity: 0.999901457497415, 530, 861.58
2024-01-14 19:22:46 Loss: 0.000092906513068, Fidelity: 0.999907093486932, 540, 878.07
2024-01-14 19:23:02 Loss: 0.000087289669876, Fidelity: 0.999912710330124, 550, 894.90
2024-01-14 19:23:19 Loss: 0.000082336263908, Fidelity: 0.999917663736092, 560, 911.89
2024-01-14 19:23:36 Loss: 0.000077627121138, Fidelity: 0.999922372878862, 570, 928.74
2024-01-14 19:23:53 Loss: 0.000073254942290, Fidelity: 0.999926745057710, 580, 945.83
2024-01-14 19:24:10 Loss: 0.000068997629787, Fidelity: 0.999931002370213, 590, 962.81
2024-01-14 19:24:27 Loss: 0.000065493221328, Fidelity: 0.999934506778672, 600, 979.68
2024-01-14 19:24:44 Loss: 0.000062424399865, Fidelity: 0.999937575600135, 610, 996.33
2024-01-14 19:25:01 Loss: 0.000059347343427, Fidelity: 0.999940652656573, 620, 1013.45
2024-01-14 19:25:17 Loss: 0.000056348770726, Fidelity: 0.999943651229274, 630, 1029.94
2024-01-14 19:25:34 Loss: 0.000053501828985, Fidelity: 0.999946498171015, 640, 1046.84
2024-01-14 19:25:51 Loss: 0.000051118715807, Fidelity: 0.999948881284193, 650, 1063.75
2024-01-14 19:26:09 Loss: 0.000048521952064, Fidelity: 0.999951478047936, 660, 1081.03
2024-01-14 19:26:25 Loss: 0.000046274081539, Fidelity: 0.999953725918461, 670, 1097.98
2024-01-14 19:26:43 Loss: 0.000044109028630, Fidelity: 0.999955890971370, 680, 1115.17
2024-01-14 19:27:00 Loss: 0.000042060487273, Fidelity: 0.999957939512727, 690, 1132.56
2024-01-14 19:27:16 Loss: 0.000040288592680, Fidelity: 0.999959711407320, 700, 1148.96
2024-01-14 19:27:33 Loss: 0.000038612692019, Fidelity: 0.999961387307981, 710, 1165.69
2024-01-14 19:27:49 Loss: 0.000037088039933, Fidelity: 0.999962911960067, 720, 1181.62
2024-01-14 19:28:05 Loss: 0.000035214143528, Fidelity: 0.999964785856472, 730, 1197.47
2024-01-14 19:28:20 Loss: 0.000033514607430, Fidelity: 0.999966485392570, 740, 1212.20
2024-01-14 19:28:36 Loss: 0.000032024502008, Fidelity: 0.999967975497992, 750, 1228.46
2024-01-14 19:28:53 Loss: 0.000030579569823, Fidelity: 0.999969420430177, 760, 1245.49
2024-01-14 19:29:10 Loss: 0.000029382634811, Fidelity: 0.999970617365189, 770, 1262.37
2024-01-14 19:29:27 Loss: 0.000028217131574, Fidelity: 0.999971782868426, 780, 1279.34
2024-01-14 19:29:43 Loss: 0.000027033511316, Fidelity: 0.999972966488684, 790, 1295.87
2024-01-14 19:29:59 Loss: 0.000025945112430, Fidelity: 0.999974054887570, 800, 1311.25
2024-01-14 19:30:15 Loss: 0.000024797791800, Fidelity: 0.999975202208200, 810, 1327.17
2024-01-14 19:30:31 Loss: 0.000023784083851, Fidelity: 0.999976215916149, 820, 1343.79
2024-01-14 19:30:48 Loss: 0.000022838388348, Fidelity: 0.999977161611652, 830, 1360.76
2024-01-14 19:31:05 Loss: 0.000022023596558, Fidelity: 0.999977976403442, 840, 1377.41
2024-01-14 19:31:21 Loss: 0.000021185668359, Fidelity: 0.999978814331641, 850, 1393.96
2024-01-14 19:31:39 Loss: 0.000020333783551, Fidelity: 0.999979666216449, 860, 1411.07
2024-01-14 19:31:54 Loss: 0.000019542910680, Fidelity: 0.999980457089320, 870, 1426.80
2024-01-14 19:32:10 Loss: 0.000018810464938, Fidelity: 0.999981189535062, 880, 1442.11
2024-01-14 19:32:26 Loss: 0.000018119673300, Fidelity: 0.999981880326700, 890, 1458.43
2024-01-14 19:32:43 Loss: 0.000017374319543, Fidelity: 0.999982625680457, 900, 1475.27
2024-01-14 19:32:59 Loss: 0.000016738064321, Fidelity: 0.999983261935679, 910, 1491.53
2024-01-14 19:33:15 Loss: 0.000016086894420, Fidelity: 0.999983913105580, 920, 1507.85
2024-01-14 19:33:33 Loss: 0.000015520933395, Fidelity: 0.999984479066605, 930, 1525.23
2024-01-14 19:33:50 Loss: 0.000014998022041, Fidelity: 0.999985001977959, 940, 1542.77
2024-01-14 19:34:07 Loss: 0.000014513878554, Fidelity: 0.999985486121446, 950, 1559.86
2024-01-14 19:34:24 Loss: 0.000014079535306, Fidelity: 0.999985920464694, 960, 1576.75
2024-01-14 19:34:41 Loss: 0.000013613477357, Fidelity: 0.999986386522643, 970, 1593.92
2024-01-14 19:34:58 Loss: 0.000013149262755, Fidelity: 0.999986850737245, 980, 1610.66
2024-01-14 19:35:15 Loss: 0.000012727907549, Fidelity: 0.999987272092451, 990, 1627.56
2024-01-14 19:35:32 Loss: 0.000012276200172, Fidelity: 0.999987723799828, 1000, 1644.37
2024-01-14 19:35:49 Loss: 0.000011868188970, Fidelity: 0.999988131811030, 1010, 1661.45
2024-01-14 19:36:06 Loss: 0.000011529563981, Fidelity: 0.999988470436019, 1020, 1678.45
2024-01-14 19:36:22 Loss: 0.000011142771599, Fidelity: 0.999988857228401, 1030, 1694.89
2024-01-14 19:36:39 Loss: 0.000010785520550, Fidelity: 0.999989214479450, 1040, 1711.90
2024-01-14 19:36:55 Loss: 0.000010402742546, Fidelity: 0.999989597257454, 1050, 1727.86
2024-01-14 19:37:12 Loss: 0.000010089992346, Fidelity: 0.999989910007654, 1060, 1744.37
2024-01-14 19:37:29 Loss: 0.000009758490224, Fidelity: 0.999990241509776, 1070, 1761.49
2024-01-14 19:37:46 Loss: 0.000009432904075, Fidelity: 0.999990567095925, 1080, 1778.49
2024-01-14 19:38:03 Loss: 0.000009156470943, Fidelity: 0.999990843529057, 1090, 1795.18
2024-01-14 19:38:19 Loss: 0.000008844616349, Fidelity: 0.999991155383651, 1100, 1811.86
2024-01-14 19:38:36 Loss: 0.000008539108965, Fidelity: 0.999991460891035, 1110, 1828.61
2024-01-14 19:38:53 Loss: 0.000008266253834, Fidelity: 0.999991733746166, 1120, 1845.78
2024-01-14 19:39:10 Loss: 0.000008004049365, Fidelity: 0.999991995950635, 1130, 1862.46
2024-01-14 19:39:26 Loss: 0.000007768149064, Fidelity: 0.999992231850936, 1140, 1878.66
2024-01-14 19:39:42 Loss: 0.000007537460414, Fidelity: 0.999992462539586, 1150, 1894.65
2024-01-14 19:39:58 Loss: 0.000007293583388, Fidelity: 0.999992706416612, 1160, 1910.70
2024-01-14 19:40:15 Loss: 0.000007036767421, Fidelity: 0.999992963232579, 1170, 1927.96
2024-01-14 19:40:32 Loss: 0.000006811438243, Fidelity: 0.999993188561757, 1180, 1944.82
2024-01-14 19:40:49 Loss: 0.000006593726352, Fidelity: 0.999993406273648, 1190, 1961.96
2024-01-14 19:41:06 Loss: 0.000006388171196, Fidelity: 0.999993611828804, 1200, 1978.66
2024-01-14 19:41:23 Loss: 0.000006169820718, Fidelity: 0.999993830179282, 1210, 1995.00
2024-01-14 19:41:38 Loss: 0.000005958419586, Fidelity: 0.999994041580414, 1220, 2010.72
2024-01-14 19:41:55 Loss: 0.000005736002930, Fidelity: 0.999994263997070, 1230, 2027.13
2024-01-14 19:42:10 Loss: 0.000005543386861, Fidelity: 0.999994456613139, 1240, 2042.97
2024-01-14 19:42:27 Loss: 0.000005364649472, Fidelity: 0.999994635350528, 1250, 2059.62
2024-01-14 19:42:44 Loss: 0.000005198995043, Fidelity: 0.999994801004957, 1260, 2076.24
2024-01-14 19:43:01 Loss: 0.000005049747556, Fidelity: 0.999994950252444, 1270, 2093.43
2024-01-14 19:43:18 Loss: 0.000004912579523, Fidelity: 0.999995087420477, 1280, 2110.51
2024-01-14 19:43:35 Loss: 0.000004748201485, Fidelity: 0.999995251798515, 1290, 2127.46
2024-01-14 19:43:52 Loss: 0.000004566613243, Fidelity: 0.999995433386757, 1300, 2144.09
2024-01-14 19:44:08 Loss: 0.000004383984572, Fidelity: 0.999995616015428, 1310, 2160.90
2024-01-14 19:44:25 Loss: 0.000004229318611, Fidelity: 0.999995770681389, 1320, 2177.69
2024-01-14 19:44:42 Loss: 0.000004076982134, Fidelity: 0.999995923017866, 1330, 2194.26
2024-01-14 19:44:59 Loss: 0.000003921036436, Fidelity: 0.999996078963564, 1340, 2211.03
2024-01-14 19:45:16 Loss: 0.000003759240830, Fidelity: 0.999996240759170, 1350, 2228.03
2024-01-14 19:45:33 Loss: 0.000003636586850, Fidelity: 0.999996363413150, 1360, 2245.23
2024-01-14 19:45:50 Loss: 0.000003509813136, Fidelity: 0.999996490186864, 1370, 2262.20
2024-01-14 19:46:07 Loss: 0.000003396422787, Fidelity: 0.999996603577213, 1380, 2279.12
2024-01-14 19:46:23 Loss: 0.000003283637189, Fidelity: 0.999996716362811, 1390, 2295.69
2024-01-14 19:46:41 Loss: 0.000003180249511, Fidelity: 0.999996819750489, 1400, 2313.03
2024-01-14 19:46:58 Loss: 0.000003064380166, Fidelity: 0.999996935619834, 1410, 2330.12
2024-01-14 19:47:14 Loss: 0.000002933084564, Fidelity: 0.999997066915436, 1420, 2346.77
2024-01-14 19:47:31 Loss: 0.000002830765789, Fidelity: 0.999997169234211, 1430, 2363.23
2024-01-14 19:47:48 Loss: 0.000002727192078, Fidelity: 0.999997272807922, 1440, 2380.41
2024-01-14 19:48:05 Loss: 0.000002642251707, Fidelity: 0.999997357748293, 1450, 2397.02
2024-01-14 19:48:22 Loss: 0.000002572349508, Fidelity: 0.999997427650492, 1460, 2414.30
2024-01-14 19:48:39 Loss: 0.000002506450699, Fidelity: 0.999997493549301, 1470, 2431.63
2024-01-14 19:48:56 Loss: 0.000002436274081, Fidelity: 0.999997563725919, 1480, 2448.34
2024-01-14 19:49:12 Loss: 0.000002365554785, Fidelity: 0.999997634445215, 1490, 2464.87
2024-01-14 19:49:29 Loss: 0.000002300111906, Fidelity: 0.999997699888094, 1500, 2481.79
2024-01-14 19:49:46 Loss: 0.000002238845669, Fidelity: 0.999997761154331, 1510, 2498.84
2024-01-14 19:50:03 Loss: 0.000002176879676, Fidelity: 0.999997823120324, 1520, 2515.81
2024-01-14 19:50:20 Loss: 0.000002112408215, Fidelity: 0.999997887591785, 1530, 2532.40
2024-01-14 19:50:37 Loss: 0.000002053380795, Fidelity: 0.999997946619205, 1540, 2549.40
2024-01-14 19:50:54 Loss: 0.000001991727419, Fidelity: 0.999998008272581, 1550, 2566.48
2024-01-14 19:51:11 Loss: 0.000001935948603, Fidelity: 0.999998064051397, 1560, 2583.27
2024-01-14 19:51:28 Loss: 0.000001878949317, Fidelity: 0.999998121050683, 1570, 2600.54
2024-01-14 19:51:45 Loss: 0.000001828979850, Fidelity: 0.999998171020150, 1580, 2617.66
2024-01-14 19:52:02 Loss: 0.000001775771216, Fidelity: 0.999998224228784, 1590, 2634.49
2024-01-14 19:52:19 Loss: 0.000001718735123, Fidelity: 0.999998281264877, 1600, 2651.75
2024-01-14 19:52:36 Loss: 0.000001671598131, Fidelity: 0.999998328401869, 1610, 2668.44
2024-01-14 19:52:53 Loss: 0.000001613463756, Fidelity: 0.999998386536244, 1620, 2685.22
2024-01-14 19:53:10 Loss: 0.000001561049180, Fidelity: 0.999998438950820, 1630, 2702.53
2024-01-14 19:53:27 Loss: 0.000001516956068, Fidelity: 0.999998483043932, 1640, 2719.59
2024-01-14 19:53:44 Loss: 0.000001470273656, Fidelity: 0.999998529726344, 1650, 2736.59
2024-01-14 19:54:01 Loss: 0.000001423581358, Fidelity: 0.999998576418642, 1660, 2753.70
2024-01-14 19:54:18 Loss: 0.000001381806277, Fidelity: 0.999998618193723, 1670, 2770.82
2024-01-14 19:54:35 Loss: 0.000001337161087, Fidelity: 0.999998662838913, 1680, 2787.75
2024-01-14 19:54:52 Loss: 0.000001296060886, Fidelity: 0.999998703939114, 1690, 2804.72
2024-01-14 19:55:09 Loss: 0.000001255158962, Fidelity: 0.999998744841038, 1700, 2821.72
2024-01-14 19:55:26 Loss: 0.000001214926349, Fidelity: 0.999998785073651, 1710, 2838.70
2024-01-14 19:55:44 Loss: 0.000001175408302, Fidelity: 0.999998824591698, 1720, 2856.09
2024-01-14 19:56:01 Loss: 0.000001134539730, Fidelity: 0.999998865460270, 1730, 2873.36
2024-01-14 19:56:17 Loss: 0.000001099599536, Fidelity: 0.999998900400464, 1740, 2889.89
2024-01-14 19:56:34 Loss: 0.000001065781483, Fidelity: 0.999998934218517, 1750, 2906.88
2024-01-14 19:56:51 Loss: 0.000001033917029, Fidelity: 0.999998966082971, 1760, 2923.88
2024-01-14 19:57:08 Loss: 0.000001001379680, Fidelity: 0.999998998620320, 1770, 2940.81
2024-01-14 19:57:25 Loss: 0.000000968369588, Fidelity: 0.999999031630412, 1780, 2957.76
2024-01-14 19:57:42 Loss: 0.000000938109324, Fidelity: 0.999999061890676, 1790, 2974.66
2024-01-14 19:57:59 Loss: 0.000000912087408, Fidelity: 0.999999087912592, 1800, 2991.57
2024-01-14 19:58:15 Loss: 0.000000886277267, Fidelity: 0.999999113722733, 1810, 3007.83
2024-01-14 19:58:32 Loss: 0.000000862929542, Fidelity: 0.999999137070458, 1820, 3024.69
2024-01-14 19:58:49 Loss: 0.000000843113546, Fidelity: 0.999999156886454, 1830, 3041.88
2024-01-14 19:59:06 Loss: 0.000000821378929, Fidelity: 0.999999178621071, 1840, 3058.96
2024-01-14 19:59:24 Loss: 0.000000799931633, Fidelity: 0.999999200068367, 1850, 3076.11
2024-01-14 19:59:41 Loss: 0.000000777650396, Fidelity: 0.999999222349604, 1860, 3093.35
2024-01-14 19:59:57 Loss: 0.000000753349247, Fidelity: 0.999999246650753, 1870, 3109.79
2024-01-14 20:00:14 Loss: 0.000000733859484, Fidelity: 0.999999266140516, 1880, 3126.51
2024-01-14 20:00:31 Loss: 0.000000718465502, Fidelity: 0.999999281534498, 1890, 3143.68
2024-01-14 20:00:48 Loss: 0.000000701163123, Fidelity: 0.999999298836877, 1900, 3160.82
2024-01-14 20:01:06 Loss: 0.000000682608208, Fidelity: 0.999999317391792, 1910, 3178.14
2024-01-14 20:01:22 Loss: 0.000000662353420, Fidelity: 0.999999337646580, 1920, 3194.71
2024-01-14 20:01:39 Loss: 0.000000643824802, Fidelity: 0.999999356175198, 1930, 3211.50
2024-01-14 20:01:56 Loss: 0.000000623687136, Fidelity: 0.999999376312864, 1940, 3228.48
2024-01-14 20:02:12 Loss: 0.000000602522342, Fidelity: 0.999999397477658, 1950, 3244.51
2024-01-14 20:02:28 Loss: 0.000000582481504, Fidelity: 0.999999417518496, 1960, 3260.98
2024-01-14 20:02:46 Loss: 0.000000565035228, Fidelity: 0.999999434964772, 1970, 3278.34
2024-01-14 20:03:03 Loss: 0.000000548130890, Fidelity: 0.999999451869110, 1980, 3295.02
2024-01-14 20:03:20 Loss: 0.000000530334452, Fidelity: 0.999999469665548, 1990, 3312.15
2024-01-14 20:03:36 Loss: 0.000000512227416, Fidelity: 0.999999487772584, 2000, 3328.79
2024-01-14 20:03:52 Loss: 0.000000496325994, Fidelity: 0.999999503674006, 2010, 3344.97
2024-01-14 20:04:10 Loss: 0.000000479010658, Fidelity: 0.999999520989342, 2020, 3362.03
2024-01-14 20:04:27 Loss: 0.000000462715401, Fidelity: 0.999999537284599, 2030, 3379.14
2024-01-14 20:04:43 Loss: 0.000000450326944, Fidelity: 0.999999549673056, 2040, 3395.74
2024-01-14 20:05:01 Loss: 0.000000437366425, Fidelity: 0.999999562633575, 2050, 3413.01
2024-01-14 20:05:18 Loss: 0.000000425184709, Fidelity: 0.999999574815291, 2060, 3430.05
2024-01-14 20:05:35 Loss: 0.000000413221947, Fidelity: 0.999999586778053, 2070, 3447.22
2024-01-14 20:05:52 Loss: 0.000000400029873, Fidelity: 0.999999599970127, 2080, 3464.16
2024-01-14 20:06:08 Loss: 0.000000388522013, Fidelity: 0.999999611477987, 2090, 3480.95
2024-01-14 20:06:25 Loss: 0.000000375985114, Fidelity: 0.999999624014886, 2100, 3497.04
2024-01-14 20:06:41 Loss: 0.000000364289430, Fidelity: 0.999999635710570, 2110, 3513.41
2024-01-14 20:06:58 Loss: 0.000000353453970, Fidelity: 0.999999646546030, 2120, 3530.26
2024-01-14 20:07:15 Loss: 0.000000344433351, Fidelity: 0.999999655566649, 2130, 3547.44
2024-01-14 20:07:32 Loss: 0.000000334095829, Fidelity: 0.999999665904171, 2140, 3564.69
2024-01-14 20:07:49 Loss: 0.000000325411238, Fidelity: 0.999999674588762, 2150, 3581.21
2024-01-14 20:08:06 Loss: 0.000000316198321, Fidelity: 0.999999683801679, 2160, 3598.46
2024-01-14 20:08:23 Loss: 0.000000306827940, Fidelity: 0.999999693172060, 2170, 3615.77
2024-01-14 20:08:40 Loss: 0.000000299391307, Fidelity: 0.999999700608693, 2180, 3632.30
2024-01-14 20:08:56 Loss: 0.000000288806171, Fidelity: 0.999999711193829, 2190, 3648.03
2024-01-14 20:09:11 Loss: 0.000000279961627, Fidelity: 0.999999720038373, 2200, 3663.92
2024-01-14 20:09:28 Loss: 0.000000272301623, Fidelity: 0.999999727698377, 2210, 3680.67
2024-01-14 20:09:45 Loss: 0.000000261391387, Fidelity: 0.999999738608613, 2220, 3697.68
2024-01-14 20:10:02 Loss: 0.000000253805267, Fidelity: 0.999999746194733, 2230, 3714.65
2024-01-14 20:10:20 Loss: 0.000000246045055, Fidelity: 0.999999753954945, 2240, 3732.06
2024-01-14 20:10:36 Loss: 0.000000236598794, Fidelity: 0.999999763401206, 2250, 3748.74
2024-01-14 20:10:53 Loss: 0.000000229162457, Fidelity: 0.999999770837543, 2260, 3765.81
2024-01-14 20:11:10 Loss: 0.000000220979287, Fidelity: 0.999999779020713, 2270, 3782.67
2024-01-14 20:11:27 Loss: 0.000000214445013, Fidelity: 0.999999785554987, 2280, 3799.87
2024-01-14 20:11:45 Loss: 0.000000207673737, Fidelity: 0.999999792326263, 2290, 3817.10
2024-01-14 20:12:01 Loss: 0.000000199991148, Fidelity: 0.999999800008852, 2300, 3833.15
2024-01-14 20:12:16 Loss: 0.000000194349537, Fidelity: 0.999999805650463, 2310, 3848.34
2024-01-14 20:12:32 Loss: 0.000000186529684, Fidelity: 0.999999813470316, 2320, 3864.26
2024-01-14 20:12:49 Loss: 0.000000179754314, Fidelity: 0.999999820245686, 2330, 3881.07
2024-01-14 20:13:06 Loss: 0.000000174629906, Fidelity: 0.999999825370094, 2340, 3898.07
2024-01-14 20:13:22 Loss: 0.000000167653960, Fidelity: 0.999999832346040, 2350, 3914.72
2024-01-14 20:13:39 Loss: 0.000000161677207, Fidelity: 0.999999838322793, 2360, 3931.85
2024-01-14 20:13:56 Loss: 0.000000156854600, Fidelity: 0.999999843145400, 2370, 3948.60
2024-01-14 20:14:13 Loss: 0.000000150262590, Fidelity: 0.999999849737410, 2380, 3965.23
2024-01-14 20:14:30 Loss: 0.000000146021537, Fidelity: 0.999999853978463, 2390, 3982.16
2024-01-14 20:14:46 Loss: 0.000000141204751, Fidelity: 0.999999858795249, 2400, 3998.93
2024-01-14 20:15:04 Loss: 0.000000134661086, Fidelity: 0.999999865338914, 2410, 4016.10
2024-01-14 20:15:21 Loss: 0.000000128640504, Fidelity: 0.999999871359496, 2420, 4033.16
2024-01-14 20:15:38 Loss: 0.000000124609548, Fidelity: 0.999999875390452, 2430, 4050.08
2024-01-14 20:15:55 Loss: 0.000000120274119, Fidelity: 0.999999879725881, 2440, 4067.54
2024-01-14 20:16:12 Loss: 0.000000115775904, Fidelity: 0.999999884224096, 2450, 4084.70
2024-01-14 20:16:29 Loss: 0.000000111925190, Fidelity: 0.999999888074810, 2460, 4101.68
2024-01-14 20:16:46 Loss: 0.000000108558772, Fidelity: 0.999999891441228, 2470, 4118.78
2024-01-14 20:17:03 Loss: 0.000000105516481, Fidelity: 0.999999894483519, 2480, 4135.47
2024-01-14 20:17:20 Loss: 0.000000101409033, Fidelity: 0.999999898590967, 2490, 4152.45
2024-01-14 20:17:37 Loss: 0.000000098272156, Fidelity: 0.999999901727844, 2500, 4169.59
2024-01-14 20:17:54 Loss: 0.000000095060429, Fidelity: 0.999999904939571, 2510, 4186.40
2024-01-14 20:18:10 Loss: 0.000000091799694, Fidelity: 0.999999908200306, 2520, 4202.57
2024-01-14 20:18:27 Loss: 0.000000088448197, Fidelity: 0.999999911551803, 2530, 4219.28
2024-01-14 20:18:44 Loss: 0.000000085711795, Fidelity: 0.999999914288205, 2540, 4236.05
2024-01-14 20:19:00 Loss: 0.000000083329893, Fidelity: 0.999999916670107, 2550, 4252.91
2024-01-14 20:19:18 Loss: 0.000000080494786, Fidelity: 0.999999919505214, 2560, 4270.07
2024-01-14 20:19:34 Loss: 0.000000077389806, Fidelity: 0.999999922610194, 2570, 4286.78
2024-01-14 20:19:51 Loss: 0.000000075028700, Fidelity: 0.999999924971300, 2580, 4303.41
2024-01-14 20:20:07 Loss: 0.000000072817839, Fidelity: 0.999999927182161, 2590, 4319.39
2024-01-14 20:20:23 Loss: 0.000000070302521, Fidelity: 0.999999929697479, 2600, 4335.62
2024-01-14 20:20:40 Loss: 0.000000068161759, Fidelity: 0.999999931838241, 2610, 4352.11
2024-01-14 20:20:57 Loss: 0.000000065252493, Fidelity: 0.999999934747507, 2620, 4369.36
2024-01-14 20:21:14 Loss: 0.000000063212716, Fidelity: 0.999999936787284, 2630, 4386.22
2024-01-14 20:21:31 Loss: 0.000000061362679, Fidelity: 0.999999938637321, 2640, 4403.56
2024-01-14 20:21:47 Loss: 0.000000059586728, Fidelity: 0.999999940413272, 2650, 4419.44
2024-01-14 20:22:03 Loss: 0.000000057589716, Fidelity: 0.999999942410284, 2660, 4435.91
2024-01-14 20:22:20 Loss: 0.000000055663547, Fidelity: 0.999999944336453, 2670, 4452.97
2024-01-14 20:22:37 Loss: 0.000000053652073, Fidelity: 0.999999946347927, 2680, 4469.04
2024-01-14 20:22:53 Loss: 0.000000051431567, Fidelity: 0.999999948568433, 2690, 4485.77
2024-01-14 20:23:10 Loss: 0.000000049508078, Fidelity: 0.999999950491922, 2700, 4502.25
2024-01-14 20:23:26 Loss: 0.000000047580021, Fidelity: 0.999999952419979, 2710, 4518.70
2024-01-14 20:23:42 Loss: 0.000000045904343, Fidelity: 0.999999954095657, 2720, 4534.89
2024-01-14 20:24:00 Loss: 0.000000044218635, Fidelity: 0.999999955781365, 2730, 4552.51
2024-01-14 20:24:17 Loss: 0.000000042578702, Fidelity: 0.999999957421298, 2740, 4569.79
2024-01-14 20:24:34 Loss: 0.000000040968885, Fidelity: 0.999999959031115, 2750, 4586.89
2024-01-14 20:24:51 Loss: 0.000000039254145, Fidelity: 0.999999960745855, 2760, 4603.90
2024-01-14 20:25:08 Loss: 0.000000037691275, Fidelity: 0.999999962308725, 2770, 4620.74
2024-01-14 20:25:24 Loss: 0.000000036215540, Fidelity: 0.999999963784460, 2780, 4636.93
2024-01-14 20:25:40 Loss: 0.000000035014135, Fidelity: 0.999999964985865, 2790, 4652.77
2024-01-14 20:25:57 Loss: 0.000000033829641, Fidelity: 0.999999966170359, 2800, 4669.24
2024-01-14 20:26:14 Loss: 0.000000032798721, Fidelity: 0.999999967201279, 2810, 4686.25
2024-01-14 20:26:31 Loss: 0.000000031841128, Fidelity: 0.999999968158872, 2820, 4703.55
2024-01-14 20:26:48 Loss: 0.000000030892116, Fidelity: 0.999999969107884, 2830, 4720.22
2024-01-14 20:27:05 Loss: 0.000000029755833, Fidelity: 0.999999970244167, 2840, 4737.41
2024-01-14 20:27:22 Loss: 0.000000028658998, Fidelity: 0.999999971341002, 2850, 4754.26
2024-01-14 20:27:39 Loss: 0.000000027627909, Fidelity: 0.999999972372091, 2860, 4771.13
2024-01-14 20:27:56 Loss: 0.000000026803793, Fidelity: 0.999999973196207, 2870, 4788.32
2024-01-14 20:28:13 Loss: 0.000000025882211, Fidelity: 0.999999974117789, 2880, 4805.10
2024-01-14 20:28:29 Loss: 0.000000024923167, Fidelity: 0.999999975076833, 2890, 4821.80
2024-01-14 20:28:46 Loss: 0.000000024193920, Fidelity: 0.999999975806080, 2900, 4838.65
2024-01-14 20:29:03 Loss: 0.000000023306875, Fidelity: 0.999999976693125, 2910, 4855.56
2024-01-14 20:29:20 Loss: 0.000000022652824, Fidelity: 0.999999977347176, 2920, 4872.89
2024-01-14 20:29:38 Loss: 0.000000021795847, Fidelity: 0.999999978204153, 2930, 4890.60
2024-01-14 20:29:55 Loss: 0.000000021089807, Fidelity: 0.999999978910193, 2940, 4907.93
2024-01-14 20:30:13 Loss: 0.000000020333115, Fidelity: 0.999999979666885, 2950, 4925.20
2024-01-14 20:30:30 Loss: 0.000000019570147, Fidelity: 0.999999980429853, 2960, 4942.66
2024-01-14 20:30:47 Loss: 0.000000018839570, Fidelity: 0.999999981160430, 2970, 4959.80
2024-01-14 20:31:05 Loss: 0.000000018088990, Fidelity: 0.999999981911010, 2980, 4977.06
2024-01-14 20:31:22 Loss: 0.000000017435876, Fidelity: 0.999999982564124, 2990, 4994.28
2024-01-14 20:31:39 Loss: 0.000000016770059, Fidelity: 0.999999983229941, 3000, 5011.11
2024-01-14 20:31:54 Loss: 0.000000016076397, Fidelity: 0.999999983923603, 3010, 5026.95
2024-01-14 20:32:10 Loss: 0.000000015478603, Fidelity: 0.999999984521397, 3020, 5042.14
2024-01-14 20:32:25 Loss: 0.000000014855650, Fidelity: 0.999999985144350, 3030, 5057.98
2024-01-14 20:32:41 Loss: 0.000000014172488, Fidelity: 0.999999985827512, 3040, 5073.66
2024-01-14 20:32:57 Loss: 0.000000013560024, Fidelity: 0.999999986439976, 3050, 5089.52
2024-01-14 20:33:14 Loss: 0.000000012998913, Fidelity: 0.999999987001087, 3060, 5106.67
2024-01-14 20:33:31 Loss: 0.000000012400622, Fidelity: 0.999999987599378, 3070, 5123.46
2024-01-14 20:33:47 Loss: 0.000000011934894, Fidelity: 0.999999988065106, 3080, 5139.80
2024-01-14 20:34:03 Loss: 0.000000011374816, Fidelity: 0.999999988625184, 3090, 5155.39
2024-01-14 20:34:19 Loss: 0.000000010891284, Fidelity: 0.999999989108716, 3100, 5171.29
2024-01-14 20:34:35 Loss: 0.000000010450821, Fidelity: 0.999999989549179, 3110, 5187.25
2024-01-14 20:34:52 Loss: 0.000000009969162, Fidelity: 0.999999990030838, 3120, 5204.06
2024-01-14 20:34:52 `callback` raised `StopIteration`.
2024-01-14 20:34:52 Number of layers: 8
2024-01-14 20:34:52 Optimal: 0.00000000996916194040, 9.969161940404092e-09
2024-01-14 20:34:54 state & psi_res norm L2:  0.99545616428704575274
2024-01-14 20:34:54 state & psi_res fidelity: 0.99999999003084449889
2024-01-14 20:34:54 rdm2 & rho_res norm L2:  0.00000098288924850576
2024-01-14 20:34:54 rdm2 & rho_res fidelity: 0.99999999997818633801
2024-01-14 20:34:54 Runtime: 5206.0873s, 86.7681m, 1.4461h, Iter: 3120
