2024-01-16 19:45:18 RDM2 Rank: 6
2024-01-16 19:45:19 Number of qubits: 8
2024-01-16 19:45:19 Number of params: 306
2024-01-16 19:45:19 Number of gates: 1662
2024-01-16 19:45:19 Hamiltonian Dimension: (256, 256)
2024-01-16 19:45:19 rdm2 & rho norm L2:  0.00000000000000019837
2024-01-16 19:45:19 rdm2 & rho fidelity: 1.00000001186544773546
2024-01-16 19:45:19 Simulator: mqvector, Method: BFGS
2024-01-16 19:45:19 Loss: 0.547073900083451, Fidelity: 0.452926099916549, 10, 0.14
2024-01-16 19:45:19 Loss: 0.048795062777365, Fidelity: 0.951204937222635, 20, 0.27
2024-01-16 19:45:19 Loss: 0.002855917993200, Fidelity: 0.997144082006800, 30, 0.39
2024-01-16 19:45:19 Loss: 0.000932274043310, Fidelity: 0.999067725956690, 40, 0.52
2024-01-16 19:45:19 Loss: 0.000153746462464, Fidelity: 0.999846253537536, 50, 0.65
2024-01-16 19:45:19 Loss: 0.000048722720934, Fidelity: 0.999951277279066, 60, 0.78
2024-01-16 19:45:19 Loss: 0.000022631499739, Fidelity: 0.999977368500261, 70, 0.91
2024-01-16 19:45:20 Loss: 0.000017121883478, Fidelity: 0.999982878116522, 80, 1.04
2024-01-16 19:45:20 Loss: 0.000013470010158, Fidelity: 0.999986529989842, 90, 1.17
2024-01-16 19:45:20 Loss: 0.000012501892219, Fidelity: 0.999987498107781, 100, 1.31
2024-01-16 19:45:20 Loss: 0.000007999928354, Fidelity: 0.999992000071646, 110, 1.44
2024-01-16 19:45:20 Loss: 0.000004449808869, Fidelity: 0.999995550191131, 120, 1.59
2024-01-16 19:45:20 Loss: 0.000000931240869, Fidelity: 0.999999068759131, 130, 1.72
2024-01-16 19:45:20 Loss: 0.000000411386084, Fidelity: 0.999999588613916, 140, 1.86
2024-01-16 19:45:21 Loss: 0.000000098949938, Fidelity: 0.999999901050062, 150, 2.00
2024-01-16 19:45:21 Loss: 0.000000029015953, Fidelity: 0.999999970984047, 160, 2.13
2024-01-16 19:45:21 Loss: 0.000000016638221, Fidelity: 0.999999983361779, 170, 2.26
2024-01-16 19:45:21 Loss: 0.000000013917972, Fidelity: 0.999999986082028, 180, 2.39
2024-01-16 19:45:21 Loss: 0.000000013717886, Fidelity: 0.999999986282114, 190, 2.52
2024-01-16 19:45:21 Loss: 0.000000013410150, Fidelity: 0.999999986589850, 200, 2.66
2024-01-16 19:45:21 Loss: 0.000000013318035, Fidelity: 0.999999986681965, 210, 2.80
2024-01-16 19:45:21 `callback` raised `StopIteration`.
2024-01-16 19:45:21 Number of layers: 1
2024-01-16 19:45:21 Optimal: 0.00000000929010190998, 9.29010190997559e-09
2024-01-16 19:45:22 state & psi_res norm L2:  1.99988467154542437498
2024-01-16 19:45:22 state & psi_res fidelity: 0.99999999070989775696
2024-01-16 19:45:22 rdm2 & rho_res norm L2:  0.00004514966334527665
2024-01-16 19:45:22 rdm2 & rho_res fidelity: 1.00000000045307491092
2024-01-16 19:45:22 Runtime: 2.9967s, 0.0499m, 0.0008h, Iter: 217
